ARM GAS  C:\Users\ADMINI~1\AppData\Local\Temp\ccoAQAJa.s 			page 1


   1              		.cpu cortex-m7
   2              		.arch armv7e-m
   3              		.fpu fpv5-d16
   4              		.eabi_attribute 28, 1
   5              		.eabi_attribute 20, 1
   6              		.eabi_attribute 21, 1
   7              		.eabi_attribute 23, 3
   8              		.eabi_attribute 24, 1
   9              		.eabi_attribute 25, 1
  10              		.eabi_attribute 26, 1
  11              		.eabi_attribute 30, 1
  12              		.eabi_attribute 34, 1
  13              		.eabi_attribute 18, 4
  14              		.file	"BMI088Middleware.c"
  15              		.text
  16              	.Ltext0:
  17              		.cfi_sections	.debug_frame
  18              		.file 1 "modules/imu/BMI088Middleware.c"
  19              		.section	.text.BMI088_ACCEL_NS_L,"ax",%progbits
  20              		.align	1
  21              		.global	BMI088_ACCEL_NS_L
  22              		.syntax unified
  23              		.thumb
  24              		.thumb_func
  26              	BMI088_ACCEL_NS_L:
  27              	.LFB350:
   1:modules/imu/BMI088Middleware.c **** #include "BMI088Middleware.h"
   2:modules/imu/BMI088Middleware.c **** #include "main.h"
   3:modules/imu/BMI088Middleware.c **** 
   4:modules/imu/BMI088Middleware.c **** SPI_HandleTypeDef *BMI088_SPI;
   5:modules/imu/BMI088Middleware.c **** 
   6:modules/imu/BMI088Middleware.c **** void BMI088_ACCEL_NS_L(void)
   7:modules/imu/BMI088Middleware.c **** {
  28              		.loc 1 7 1 view -0
  29              		.cfi_startproc
  30              		@ args = 0, pretend = 0, frame = 0
  31              		@ frame_needed = 0, uses_anonymous_args = 0
  32 0000 08B5     		push	{r3, lr}
  33              	.LCFI0:
  34              		.cfi_def_cfa_offset 8
  35              		.cfi_offset 3, -8
  36              		.cfi_offset 14, -4
   8:modules/imu/BMI088Middleware.c ****     HAL_GPIO_WritePin(CS1_ACCEL_GPIO_Port, CS1_ACCEL_Pin, GPIO_PIN_RESET);
  37              		.loc 1 8 5 view .LVU1
  38 0002 0022     		movs	r2, #0
  39 0004 1021     		movs	r1, #16
  40 0006 0248     		ldr	r0, .L3
  41 0008 FFF7FEFF 		bl	HAL_GPIO_WritePin
  42              	.LVL0:
   9:modules/imu/BMI088Middleware.c **** }
  43              		.loc 1 9 1 is_stmt 0 view .LVU2
  44 000c 08BD     		pop	{r3, pc}
  45              	.L4:
  46 000e 00BF     		.align	2
  47              	.L3:
  48 0010 00080258 		.word	1476528128
  49              		.cfi_endproc
ARM GAS  C:\Users\ADMINI~1\AppData\Local\Temp\ccoAQAJa.s 			page 2


  50              	.LFE350:
  52              		.section	.text.BMI088_ACCEL_NS_H,"ax",%progbits
  53              		.align	1
  54              		.global	BMI088_ACCEL_NS_H
  55              		.syntax unified
  56              		.thumb
  57              		.thumb_func
  59              	BMI088_ACCEL_NS_H:
  60              	.LFB351:
  10:modules/imu/BMI088Middleware.c **** void BMI088_ACCEL_NS_H(void)
  11:modules/imu/BMI088Middleware.c **** {
  61              		.loc 1 11 1 is_stmt 1 view -0
  62              		.cfi_startproc
  63              		@ args = 0, pretend = 0, frame = 0
  64              		@ frame_needed = 0, uses_anonymous_args = 0
  65 0000 08B5     		push	{r3, lr}
  66              	.LCFI1:
  67              		.cfi_def_cfa_offset 8
  68              		.cfi_offset 3, -8
  69              		.cfi_offset 14, -4
  12:modules/imu/BMI088Middleware.c ****     HAL_GPIO_WritePin(CS1_ACCEL_GPIO_Port, CS1_ACCEL_Pin, GPIO_PIN_SET);
  70              		.loc 1 12 5 view .LVU4
  71 0002 0122     		movs	r2, #1
  72 0004 1021     		movs	r1, #16
  73 0006 0248     		ldr	r0, .L7
  74 0008 FFF7FEFF 		bl	HAL_GPIO_WritePin
  75              	.LVL1:
  13:modules/imu/BMI088Middleware.c **** }
  76              		.loc 1 13 1 is_stmt 0 view .LVU5
  77 000c 08BD     		pop	{r3, pc}
  78              	.L8:
  79 000e 00BF     		.align	2
  80              	.L7:
  81 0010 00080258 		.word	1476528128
  82              		.cfi_endproc
  83              	.LFE351:
  85              		.section	.text.BMI088_GYRO_NS_L,"ax",%progbits
  86              		.align	1
  87              		.global	BMI088_GYRO_NS_L
  88              		.syntax unified
  89              		.thumb
  90              		.thumb_func
  92              	BMI088_GYRO_NS_L:
  93              	.LFB352:
  14:modules/imu/BMI088Middleware.c **** 
  15:modules/imu/BMI088Middleware.c **** void BMI088_GYRO_NS_L(void)
  16:modules/imu/BMI088Middleware.c **** {
  94              		.loc 1 16 1 is_stmt 1 view -0
  95              		.cfi_startproc
  96              		@ args = 0, pretend = 0, frame = 0
  97              		@ frame_needed = 0, uses_anonymous_args = 0
  98 0000 08B5     		push	{r3, lr}
  99              	.LCFI2:
 100              		.cfi_def_cfa_offset 8
 101              		.cfi_offset 3, -8
 102              		.cfi_offset 14, -4
  17:modules/imu/BMI088Middleware.c ****     HAL_GPIO_WritePin(CS1_GYRO_GPIO_Port, CS1_GYRO_Pin, GPIO_PIN_RESET);
ARM GAS  C:\Users\ADMINI~1\AppData\Local\Temp\ccoAQAJa.s 			page 3


 103              		.loc 1 17 5 view .LVU7
 104 0002 0022     		movs	r2, #0
 105 0004 2021     		movs	r1, #32
 106 0006 0248     		ldr	r0, .L11
 107 0008 FFF7FEFF 		bl	HAL_GPIO_WritePin
 108              	.LVL2:
  18:modules/imu/BMI088Middleware.c **** }
 109              		.loc 1 18 1 is_stmt 0 view .LVU8
 110 000c 08BD     		pop	{r3, pc}
 111              	.L12:
 112 000e 00BF     		.align	2
 113              	.L11:
 114 0010 00080258 		.word	1476528128
 115              		.cfi_endproc
 116              	.LFE352:
 118              		.section	.text.BMI088_GYRO_NS_H,"ax",%progbits
 119              		.align	1
 120              		.global	BMI088_GYRO_NS_H
 121              		.syntax unified
 122              		.thumb
 123              		.thumb_func
 125              	BMI088_GYRO_NS_H:
 126              	.LFB353:
  19:modules/imu/BMI088Middleware.c **** void BMI088_GYRO_NS_H(void)
  20:modules/imu/BMI088Middleware.c **** {
 127              		.loc 1 20 1 is_stmt 1 view -0
 128              		.cfi_startproc
 129              		@ args = 0, pretend = 0, frame = 0
 130              		@ frame_needed = 0, uses_anonymous_args = 0
 131 0000 08B5     		push	{r3, lr}
 132              	.LCFI3:
 133              		.cfi_def_cfa_offset 8
 134              		.cfi_offset 3, -8
 135              		.cfi_offset 14, -4
  21:modules/imu/BMI088Middleware.c ****     HAL_GPIO_WritePin(CS1_GYRO_GPIO_Port, CS1_GYRO_Pin, GPIO_PIN_SET);
 136              		.loc 1 21 5 view .LVU10
 137 0002 0122     		movs	r2, #1
 138 0004 2021     		movs	r1, #32
 139 0006 0248     		ldr	r0, .L15
 140 0008 FFF7FEFF 		bl	HAL_GPIO_WritePin
 141              	.LVL3:
  22:modules/imu/BMI088Middleware.c **** }
 142              		.loc 1 22 1 is_stmt 0 view .LVU11
 143 000c 08BD     		pop	{r3, pc}
 144              	.L16:
 145 000e 00BF     		.align	2
 146              	.L15:
 147 0010 00080258 		.word	1476528128
 148              		.cfi_endproc
 149              	.LFE353:
 151              		.section	.text.BMI088_read_write_byte,"ax",%progbits
 152              		.align	1
 153              		.global	BMI088_read_write_byte
 154              		.syntax unified
 155              		.thumb
 156              		.thumb_func
 158              	BMI088_read_write_byte:
ARM GAS  C:\Users\ADMINI~1\AppData\Local\Temp\ccoAQAJa.s 			page 4


 159              	.LVL4:
 160              	.LFB354:
  23:modules/imu/BMI088Middleware.c **** 
  24:modules/imu/BMI088Middleware.c **** uint8_t BMI088_read_write_byte(uint8_t txdata)
  25:modules/imu/BMI088Middleware.c **** {
 161              		.loc 1 25 1 is_stmt 1 view -0
 162              		.cfi_startproc
 163              		@ args = 0, pretend = 0, frame = 16
 164              		@ frame_needed = 0, uses_anonymous_args = 0
 165              		.loc 1 25 1 is_stmt 0 view .LVU13
 166 0000 00B5     		push	{lr}
 167              	.LCFI4:
 168              		.cfi_def_cfa_offset 4
 169              		.cfi_offset 14, -4
 170 0002 87B0     		sub	sp, sp, #28
 171              	.LCFI5:
 172              		.cfi_def_cfa_offset 32
 173 0004 8DF80F00 		strb	r0, [sp, #15]
  26:modules/imu/BMI088Middleware.c ****     uint8_t rx_data;
 174              		.loc 1 26 5 is_stmt 1 view .LVU14
  27:modules/imu/BMI088Middleware.c ****     HAL_SPI_TransmitReceive(BMI088_SPI, &txdata, &rx_data, 1, 1000);
 175              		.loc 1 27 5 view .LVU15
 176 0008 4FF47A73 		mov	r3, #1000
 177 000c 0093     		str	r3, [sp]
 178 000e 0123     		movs	r3, #1
 179 0010 0DF11702 		add	r2, sp, #23
 180 0014 0DF10F01 		add	r1, sp, #15
 181 0018 0348     		ldr	r0, .L19
 182              	.LVL5:
 183              		.loc 1 27 5 is_stmt 0 view .LVU16
 184 001a 0068     		ldr	r0, [r0]
 185 001c FFF7FEFF 		bl	HAL_SPI_TransmitReceive
 186              	.LVL6:
  28:modules/imu/BMI088Middleware.c ****     return rx_data;
 187              		.loc 1 28 5 is_stmt 1 view .LVU17
  29:modules/imu/BMI088Middleware.c **** }
 188              		.loc 1 29 1 is_stmt 0 view .LVU18
 189 0020 9DF81700 		ldrb	r0, [sp, #23]	@ zero_extendqisi2
 190 0024 07B0     		add	sp, sp, #28
 191              	.LCFI6:
 192              		.cfi_def_cfa_offset 4
 193              		@ sp needed
 194 0026 00BD     		pop	{pc}
 195              	.L20:
 196              		.align	2
 197              	.L19:
 198 0028 00000000 		.word	BMI088_SPI
 199              		.cfi_endproc
 200              	.LFE354:
 202              		.global	BMI088_SPI
 203              		.section	.bss.BMI088_SPI,"aw",%nobits
 204              		.align	2
 207              	BMI088_SPI:
 208 0000 00000000 		.space	4
 209              		.text
 210              	.Letext0:
 211              		.file 2 "D:/14.3 rel1/arm-none-eabi/include/machine/_default_types.h"
ARM GAS  C:\Users\ADMINI~1\AppData\Local\Temp\ccoAQAJa.s 			page 5


 212              		.file 3 "D:/14.3 rel1/arm-none-eabi/include/sys/_stdint.h"
 213              		.file 4 "Drivers/CMSIS/Device/ST/STM32H7xx/Include/stm32h723xx.h"
 214              		.file 5 "Drivers/STM32H7xx_HAL_Driver/Inc/stm32h7xx_hal_def.h"
 215              		.file 6 "Drivers/STM32H7xx_HAL_Driver/Inc/stm32h7xx_hal_gpio.h"
 216              		.file 7 "Drivers/STM32H7xx_HAL_Driver/Inc/stm32h7xx_hal_dma.h"
 217              		.file 8 "Drivers/STM32H7xx_HAL_Driver/Inc/stm32h7xx_hal_spi.h"
 218              		.file 9 "modules/imu/BMI088Middleware.h"
ARM GAS  C:\Users\ADMINI~1\AppData\Local\Temp\ccoAQAJa.s 			page 6


DEFINED SYMBOLS
                            *ABS*:00000000 BMI088Middleware.c
C:\Users\ADMINI~1\AppData\Local\Temp\ccoAQAJa.s:20     .text.BMI088_ACCEL_NS_L:00000000 $t
C:\Users\ADMINI~1\AppData\Local\Temp\ccoAQAJa.s:26     .text.BMI088_ACCEL_NS_L:00000000 BMI088_ACCEL_NS_L
C:\Users\ADMINI~1\AppData\Local\Temp\ccoAQAJa.s:48     .text.BMI088_ACCEL_NS_L:00000010 $d
C:\Users\ADMINI~1\AppData\Local\Temp\ccoAQAJa.s:53     .text.BMI088_ACCEL_NS_H:00000000 $t
C:\Users\ADMINI~1\AppData\Local\Temp\ccoAQAJa.s:59     .text.BMI088_ACCEL_NS_H:00000000 BMI088_ACCEL_NS_H
C:\Users\ADMINI~1\AppData\Local\Temp\ccoAQAJa.s:81     .text.BMI088_ACCEL_NS_H:00000010 $d
C:\Users\ADMINI~1\AppData\Local\Temp\ccoAQAJa.s:86     .text.BMI088_GYRO_NS_L:00000000 $t
C:\Users\ADMINI~1\AppData\Local\Temp\ccoAQAJa.s:92     .text.BMI088_GYRO_NS_L:00000000 BMI088_GYRO_NS_L
C:\Users\ADMINI~1\AppData\Local\Temp\ccoAQAJa.s:114    .text.BMI088_GYRO_NS_L:00000010 $d
C:\Users\ADMINI~1\AppData\Local\Temp\ccoAQAJa.s:119    .text.BMI088_GYRO_NS_H:00000000 $t
C:\Users\ADMINI~1\AppData\Local\Temp\ccoAQAJa.s:125    .text.BMI088_GYRO_NS_H:00000000 BMI088_GYRO_NS_H
C:\Users\ADMINI~1\AppData\Local\Temp\ccoAQAJa.s:147    .text.BMI088_GYRO_NS_H:00000010 $d
C:\Users\ADMINI~1\AppData\Local\Temp\ccoAQAJa.s:152    .text.BMI088_read_write_byte:00000000 $t
C:\Users\ADMINI~1\AppData\Local\Temp\ccoAQAJa.s:158    .text.BMI088_read_write_byte:00000000 BMI088_read_write_byte
C:\Users\ADMINI~1\AppData\Local\Temp\ccoAQAJa.s:198    .text.BMI088_read_write_byte:00000028 $d
C:\Users\ADMINI~1\AppData\Local\Temp\ccoAQAJa.s:207    .bss.BMI088_SPI:00000000 BMI088_SPI
C:\Users\ADMINI~1\AppData\Local\Temp\ccoAQAJa.s:204    .bss.BMI088_SPI:00000000 $d

UNDEFINED SYMBOLS
HAL_GPIO_WritePin
HAL_SPI_TransmitReceive
