ARM GAS  C:\Users\ADMINI~1\AppData\Local\Temp\ccHh945r.s 			page 1


   1              		.cpu cortex-m7
   2              		.arch armv7e-m
   3              		.fpu fpv5-d16
   4              		.eabi_attribute 28, 1
   5              		.eabi_attribute 20, 1
   6              		.eabi_attribute 21, 1
   7              		.eabi_attribute 23, 3
   8              		.eabi_attribute 24, 1
   9              		.eabi_attribute 25, 1
  10              		.eabi_attribute 26, 1
  11              		.eabi_attribute 30, 1
  12              		.eabi_attribute 34, 1
  13              		.eabi_attribute 18, 4
  14              		.file	"bsp_usb.c"
  15              		.text
  16              	.Ltext0:
  17              		.cfi_sections	.debug_frame
  18              		.file 1 "bsp/usb/bsp_usb.c"
  19              		.section	.rodata.USBInit.str1.4,"aMS",%progbits,1
  20              		.align	2
  21              	.LC0:
  22 0000 493A00   		.ascii	"I:\000"
  23 0003 00       		.align	2
  24              	.LC1:
  25 0004 1B5B313B 		.ascii	"\033[1;32m\000"
  25      33326D00 
  26              		.align	2
  27              	.LC2:
  28 000c 20202573 		.ascii	"  %s%sUSB init success\015\012%s\000"
  28      25735553 
  28      4220696E 
  28      69742073 
  28      75636365 
  29 0027 00       		.align	2
  30              	.LC3:
  31 0028 1B5B306D 		.ascii	"\033[0m\000"
  31      00
  32              		.section	.text.USBInit,"ax",%progbits
  33              		.align	1
  34              		.global	USBInit
  35              		.syntax unified
  36              		.thumb
  37              		.thumb_func
  39              	USBInit:
  40              	.LFB354:
   1:bsp/usb/bsp_usb.c **** /**
   2:bsp/usb/bsp_usb.c ****  * @file bsp_usb.c
   3:bsp/usb/bsp_usb.c ****  * @author your name (you@domain.com)
   4:bsp/usb/bsp_usb.c ****  * @brief usb是单例bsp,因此不保存实例
   5:bsp/usb/bsp_usb.c ****  * @version 0.1
   6:bsp/usb/bsp_usb.c ****  * @date 2023-02-09
   7:bsp/usb/bsp_usb.c ****  *
   8:bsp/usb/bsp_usb.c ****  * @copyright Copyright (c) 2023
   9:bsp/usb/bsp_usb.c ****  *
  10:bsp/usb/bsp_usb.c ****  */
  11:bsp/usb/bsp_usb.c **** 
  12:bsp/usb/bsp_usb.c **** #include "bsp_usb.h"
ARM GAS  C:\Users\ADMINI~1\AppData\Local\Temp\ccHh945r.s 			page 2


  13:bsp/usb/bsp_usb.c **** #include "bsp_log.h"
  14:bsp/usb/bsp_usb.c **** #include "bsp_dwt.h"
  15:bsp/usb/bsp_usb.c **** 
  16:bsp/usb/bsp_usb.c **** static uint8_t *bsp_usb_rx_buffer; // 接收到的数据会被放在这里,buffer size为2048
  17:bsp/usb/bsp_usb.c **** // 注意usb单个数据包(Full speed模式下)最大为64byte,超出可能会出现丢包情况
  18:bsp/usb/bsp_usb.c **** 
  19:bsp/usb/bsp_usb.c **** uint8_t *USBInit(USB_Init_Config_s usb_conf)
  20:bsp/usb/bsp_usb.c **** {
  41              		.loc 1 20 1 view -0
  42              		.cfi_startproc
  43              		@ args = 0, pretend = 0, frame = 8
  44              		@ frame_needed = 0, uses_anonymous_args = 0
  45 0000 10B5     		push	{r4, lr}
  46              	.LCFI0:
  47              		.cfi_def_cfa_offset 8
  48              		.cfi_offset 4, -8
  49              		.cfi_offset 14, -4
  50 0002 84B0     		sub	sp, sp, #16
  51              	.LCFI1:
  52              		.cfi_def_cfa_offset 24
  53 0004 04AB     		add	r3, sp, #16
  54 0006 03E90300 		stmdb	r3, {r0, r1}
  21:bsp/usb/bsp_usb.c ****     // usb的软件复位(模拟拔插)在usbd_conf.c中的HAL_PCD_MspInit()中
  22:bsp/usb/bsp_usb.c ****     bsp_usb_rx_buffer = CDCInitRxbufferNcallback(usb_conf.tx_cbk, usb_conf.rx_cbk); // 获取接收
  55              		.loc 1 22 5 view .LVU1
  56              		.loc 1 22 25 is_stmt 0 view .LVU2
  57 000a FFF7FEFF 		bl	CDCInitRxbufferNcallback
  58              	.LVL0:
  59              		.loc 1 22 23 discriminator 1 view .LVU3
  60 000e 064C     		ldr	r4, .L3
  61 0010 2060     		str	r0, [r4]
  23:bsp/usb/bsp_usb.c ****     // usb的接收回调函数会在这里被设置,并将数据保存在bsp_usb_rx_buffer中
  24:bsp/usb/bsp_usb.c ****     LOGINFO("USB init success");
  62              		.loc 1 24 5 is_stmt 1 view .LVU4
  63 0012 064B     		ldr	r3, .L3+4
  64 0014 0093     		str	r3, [sp]
  65 0016 064B     		ldr	r3, .L3+8
  66 0018 064A     		ldr	r2, .L3+12
  67 001a 0749     		ldr	r1, .L3+16
  68 001c 0020     		movs	r0, #0
  69 001e FFF7FEFF 		bl	SEGGER_RTT_printf
  70              	.LVL1:
  25:bsp/usb/bsp_usb.c ****     return bsp_usb_rx_buffer;
  71              		.loc 1 25 5 view .LVU5
  26:bsp/usb/bsp_usb.c **** }
  72              		.loc 1 26 1 is_stmt 0 view .LVU6
  73 0022 2068     		ldr	r0, [r4]
  74 0024 04B0     		add	sp, sp, #16
  75              	.LCFI2:
  76              		.cfi_def_cfa_offset 8
  77              		@ sp needed
  78 0026 10BD     		pop	{r4, pc}
  79              	.L4:
  80              		.align	2
  81              	.L3:
  82 0028 00000000 		.word	bsp_usb_rx_buffer
  83 002c 28000000 		.word	.LC3
ARM GAS  C:\Users\ADMINI~1\AppData\Local\Temp\ccHh945r.s 			page 3


  84 0030 00000000 		.word	.LC0
  85 0034 04000000 		.word	.LC1
  86 0038 0C000000 		.word	.LC2
  87              		.cfi_endproc
  88              	.LFE354:
  90              		.section	.text.USBTransmit,"ax",%progbits
  91              		.align	1
  92              		.global	USBTransmit
  93              		.syntax unified
  94              		.thumb
  95              		.thumb_func
  97              	USBTransmit:
  98              	.LVL2:
  99              	.LFB355:
  27:bsp/usb/bsp_usb.c **** 
  28:bsp/usb/bsp_usb.c **** void USBTransmit(uint8_t *buffer, uint16_t len)
  29:bsp/usb/bsp_usb.c **** {
 100              		.loc 1 29 1 is_stmt 1 view -0
 101              		.cfi_startproc
 102              		@ args = 0, pretend = 0, frame = 0
 103              		@ frame_needed = 0, uses_anonymous_args = 0
 104              		.loc 1 29 1 is_stmt 0 view .LVU8
 105 0000 08B5     		push	{r3, lr}
 106              	.LCFI3:
 107              		.cfi_def_cfa_offset 8
 108              		.cfi_offset 3, -8
 109              		.cfi_offset 14, -4
  30:bsp/usb/bsp_usb.c ****     CDC_Transmit_HS(buffer, len); // 发送
 110              		.loc 1 30 5 is_stmt 1 view .LVU9
 111 0002 FFF7FEFF 		bl	CDC_Transmit_HS
 112              	.LVL3:
  31:bsp/usb/bsp_usb.c **** }
 113              		.loc 1 31 1 is_stmt 0 view .LVU10
 114 0006 08BD     		pop	{r3, pc}
 115              		.cfi_endproc
 116              	.LFE355:
 118              		.section	.bss.bsp_usb_rx_buffer,"aw",%nobits
 119              		.align	2
 122              	bsp_usb_rx_buffer:
 123 0000 00000000 		.space	4
 124              		.text
 125              	.Letext0:
 126              		.file 2 "D:/14.3 rel1/arm-none-eabi/include/machine/_default_types.h"
 127              		.file 3 "D:/14.3 rel1/arm-none-eabi/include/sys/_stdint.h"
 128              		.file 4 "USB_DEVICE/App/usbd_cdc_if.h"
 129              		.file 5 "bsp/usb/bsp_usb.h"
 130              		.file 6 "Middlewares/Third_Party/SEGGER/RTT/SEGGER_RTT.h"
ARM GAS  C:\Users\ADMINI~1\AppData\Local\Temp\ccHh945r.s 			page 4


DEFINED SYMBOLS
                            *ABS*:00000000 bsp_usb.c
C:\Users\ADMINI~1\AppData\Local\Temp\ccHh945r.s:20     .rodata.USBInit.str1.4:00000000 $d
C:\Users\ADMINI~1\AppData\Local\Temp\ccHh945r.s:33     .text.USBInit:00000000 $t
C:\Users\ADMINI~1\AppData\Local\Temp\ccHh945r.s:39     .text.USBInit:00000000 USBInit
C:\Users\ADMINI~1\AppData\Local\Temp\ccHh945r.s:82     .text.USBInit:00000028 $d
C:\Users\ADMINI~1\AppData\Local\Temp\ccHh945r.s:122    .bss.bsp_usb_rx_buffer:00000000 bsp_usb_rx_buffer
C:\Users\ADMINI~1\AppData\Local\Temp\ccHh945r.s:91     .text.USBTransmit:00000000 $t
C:\Users\ADMINI~1\AppData\Local\Temp\ccHh945r.s:97     .text.USBTransmit:00000000 USBTransmit
C:\Users\ADMINI~1\AppData\Local\Temp\ccHh945r.s:119    .bss.bsp_usb_rx_buffer:00000000 $d

UNDEFINED SYMBOLS
CDCInitRxbufferNcallback
SEGGER_RTT_printf
CDC_Transmit_HS
