ARM GAS  C:\Users\ADMINI~1\AppData\Local\Temp\ccy90aRW.s 			page 1


   1              		.cpu cortex-m7
   2              		.arch armv7e-m
   3              		.fpu fpv5-d16
   4              		.eabi_attribute 28, 1
   5              		.eabi_attribute 20, 1
   6              		.eabi_attribute 21, 1
   7              		.eabi_attribute 23, 3
   8              		.eabi_attribute 24, 1
   9              		.eabi_attribute 25, 1
  10              		.eabi_attribute 26, 1
  11              		.eabi_attribute 30, 1
  12              		.eabi_attribute 34, 1
  13              		.eabi_attribute 18, 4
  14              		.file	"bsp_spi.c"
  15              		.text
  16              	.Ltext0:
  17              		.cfi_sections	.debug_frame
  18              		.file 1 "bsp/spi/bsp_spi.c"
  19              		.section	.text.SPIRegister,"ax",%progbits
  20              		.align	1
  21              		.global	SPIRegister
  22              		.syntax unified
  23              		.thumb
  24              		.thumb_func
  26              	SPIRegister:
  27              	.LVL0:
  28              	.LFB350:
   1:bsp/spi/bsp_spi.c **** #include "bsp_spi.h"
   2:bsp/spi/bsp_spi.c **** #include "memory.h"
   3:bsp/spi/bsp_spi.c **** #include "stdlib.h"
   4:bsp/spi/bsp_spi.c **** 
   5:bsp/spi/bsp_spi.c **** /* ТЅђТюЅуџёspi instanceС┐ЮтГўС║јТГц,ућеС║јcallbackТЌХтѕцТќГСИГТќГТЮЦТ║љ*/
   6:bsp/spi/bsp_spi.c **** static SPIInstance *spi_instance[SPI_DEVICE_CNT] = {NULL};
   7:bsp/spi/bsp_spi.c **** static uint8_t idx = 0;                         // жЁЇтљѕСИГТќГС╗ЦтЈітѕЮтДІтїќ
   8:bsp/spi/bsp_spi.c **** uint8_t SPIDeviceOnGoing[SPI_DEVICE_CNT] = {1}; // ућеС║јтѕцТќГтйЊтЅЇspiТў»тљдТГБтюеС╝аУЙЊ,жў▓ТГбтц
   9:bsp/spi/bsp_spi.c **** 
  10:bsp/spi/bsp_spi.c **** SPIInstance *SPIRegister(SPI_Init_Config_s *conf)
  11:bsp/spi/bsp_spi.c **** {
  29              		.loc 1 11 1 view -0
  30              		.cfi_startproc
  31              		@ args = 0, pretend = 0, frame = 0
  32              		@ frame_needed = 0, uses_anonymous_args = 0
  33              		.loc 1 11 1 is_stmt 0 view .LVU1
  34 0000 70B5     		push	{r4, r5, r6, lr}
  35              	.LCFI0:
  36              		.cfi_def_cfa_offset 16
  37              		.cfi_offset 4, -16
  38              		.cfi_offset 5, -12
  39              		.cfi_offset 6, -8
  40              		.cfi_offset 14, -4
  12:bsp/spi/bsp_spi.c ****     if (idx >= MX_SPI_BUS_SLAVE_CNT) // УХЁУ┐ЄТюђтцДт«ъСЙІТЋ░
  41              		.loc 1 12 5 is_stmt 1 view .LVU2
  42              		.loc 1 12 13 is_stmt 0 view .LVU3
  43 0002 174B     		ldr	r3, .L10
  44 0004 1E78     		ldrb	r6, [r3]	@ zero_extendqisi2
  45              		.loc 1 12 8 view .LVU4
  46 0006 032E     		cmp	r6, #3
ARM GAS  C:\Users\ADMINI~1\AppData\Local\Temp\ccy90aRW.s 			page 2


  47 0008 00D9     		bls	.L2
  48              	.L3:
  13:bsp/spi/bsp_spi.c ****         while (1)
  49              		.loc 1 13 9 is_stmt 1 view .LVU5
  50              		.loc 1 13 15 view .LVU6
  51 000a FEE7     		b	.L3
  52              	.L2:
  53 000c 0446     		mov	r4, r0
  14:bsp/spi/bsp_spi.c ****             ;
  15:bsp/spi/bsp_spi.c ****     SPIInstance *instance = (SPIInstance *)malloc(sizeof(SPIInstance));
  54              		.loc 1 15 5 view .LVU7
  55              		.loc 1 15 44 is_stmt 0 view .LVU8
  56 000e 2020     		movs	r0, #32
  57              	.LVL1:
  58              		.loc 1 15 44 view .LVU9
  59 0010 FFF7FEFF 		bl	malloc
  60              	.LVL2:
  61 0014 0546     		mov	r5, r0
  62              	.LVL3:
  16:bsp/spi/bsp_spi.c ****     memset(instance, 0, sizeof(SPIInstance));
  63              		.loc 1 16 5 is_stmt 1 view .LVU10
  64 0016 2022     		movs	r2, #32
  65 0018 0021     		movs	r1, #0
  66 001a FFF7FEFF 		bl	memset
  67              	.LVL4:
  17:bsp/spi/bsp_spi.c **** 
  18:bsp/spi/bsp_spi.c ****     instance->spi_handle = conf->spi_handle;
  68              		.loc 1 18 5 view .LVU11
  69              		.loc 1 18 32 is_stmt 0 view .LVU12
  70 001e 2368     		ldr	r3, [r4]
  71              		.loc 1 18 26 view .LVU13
  72 0020 2B60     		str	r3, [r5]
  19:bsp/spi/bsp_spi.c ****     instance->GPIOx = conf->GPIOx;
  73              		.loc 1 19 5 is_stmt 1 view .LVU14
  74              		.loc 1 19 27 is_stmt 0 view .LVU15
  75 0022 6268     		ldr	r2, [r4, #4]
  76              		.loc 1 19 21 view .LVU16
  77 0024 6A60     		str	r2, [r5, #4]
  20:bsp/spi/bsp_spi.c ****     instance->cs_pin = conf->cs_pin;
  78              		.loc 1 20 5 is_stmt 1 view .LVU17
  79              		.loc 1 20 28 is_stmt 0 view .LVU18
  80 0026 2289     		ldrh	r2, [r4, #8]
  81              		.loc 1 20 22 view .LVU19
  82 0028 2A81     		strh	r2, [r5, #8]	@ movhi
  21:bsp/spi/bsp_spi.c ****     instance->spi_work_mode = conf->spi_work_mode;
  83              		.loc 1 21 5 is_stmt 1 view .LVU20
  84              		.loc 1 21 35 is_stmt 0 view .LVU21
  85 002a A27A     		ldrb	r2, [r4, #10]	@ zero_extendqisi2
  86              		.loc 1 21 29 view .LVU22
  87 002c AA72     		strb	r2, [r5, #10]
  22:bsp/spi/bsp_spi.c ****     instance->callback = conf->callback;
  88              		.loc 1 22 5 is_stmt 1 view .LVU23
  89              		.loc 1 22 30 is_stmt 0 view .LVU24
  90 002e E268     		ldr	r2, [r4, #12]
  91              		.loc 1 22 24 view .LVU25
  92 0030 AA61     		str	r2, [r5, #24]
  23:bsp/spi/bsp_spi.c ****     instance->id = conf->id;
ARM GAS  C:\Users\ADMINI~1\AppData\Local\Temp\ccy90aRW.s 			page 3


  93              		.loc 1 23 5 is_stmt 1 view .LVU26
  94              		.loc 1 23 24 is_stmt 0 view .LVU27
  95 0032 2269     		ldr	r2, [r4, #16]
  96              		.loc 1 23 18 view .LVU28
  97 0034 EA61     		str	r2, [r5, #28]
  24:bsp/spi/bsp_spi.c ****     if (instance->spi_handle->Instance == SPI1)
  98              		.loc 1 24 5 is_stmt 1 view .LVU29
  99              		.loc 1 24 29 is_stmt 0 view .LVU30
 100 0036 1B68     		ldr	r3, [r3]
 101              		.loc 1 24 8 view .LVU31
 102 0038 0A4A     		ldr	r2, .L10+4
 103 003a 9342     		cmp	r3, r2
 104 003c 03D0     		beq	.L8
  25:bsp/spi/bsp_spi.c ****     {
  26:bsp/spi/bsp_spi.c ****         instance->cs_pin_state = &SPIDeviceOnGoing[0];
  27:bsp/spi/bsp_spi.c ****     }
  28:bsp/spi/bsp_spi.c ****     else if (instance->spi_handle->Instance == SPI2)
 105              		.loc 1 28 10 is_stmt 1 view .LVU32
 106              		.loc 1 28 13 is_stmt 0 view .LVU33
 107 003e 0A4A     		ldr	r2, .L10+8
 108 0040 9342     		cmp	r3, r2
 109 0042 0AD0     		beq	.L9
 110              	.L6:
  29:bsp/spi/bsp_spi.c ****     {
  30:bsp/spi/bsp_spi.c ****         instance->cs_pin_state = &SPIDeviceOnGoing[1];
  31:bsp/spi/bsp_spi.c ****     }
  32:bsp/spi/bsp_spi.c ****     else
  33:bsp/spi/bsp_spi.c ****     {
  34:bsp/spi/bsp_spi.c ****         while (1)
 111              		.loc 1 34 9 is_stmt 1 view .LVU34
 112              		.loc 1 34 15 view .LVU35
 113 0044 FEE7     		b	.L6
 114              	.L8:
  26:bsp/spi/bsp_spi.c ****     }
 115              		.loc 1 26 9 view .LVU36
  26:bsp/spi/bsp_spi.c ****     }
 116              		.loc 1 26 32 is_stmt 0 view .LVU37
 117 0046 094B     		ldr	r3, .L10+12
 118 0048 6B61     		str	r3, [r5, #20]
 119              	.L5:
  35:bsp/spi/bsp_spi.c ****             ;
  36:bsp/spi/bsp_spi.c ****     }
  37:bsp/spi/bsp_spi.c ****     spi_instance[idx++] = instance;
 120              		.loc 1 37 5 is_stmt 1 view .LVU38
 121              		.loc 1 37 21 is_stmt 0 view .LVU39
 122 004a 721C     		adds	r2, r6, #1
 123 004c 044B     		ldr	r3, .L10
 124 004e 1A70     		strb	r2, [r3]
 125              		.loc 1 37 25 view .LVU40
 126 0050 074B     		ldr	r3, .L10+16
 127 0052 43F82650 		str	r5, [r3, r6, lsl #2]
  38:bsp/spi/bsp_spi.c ****     return instance;
 128              		.loc 1 38 5 is_stmt 1 view .LVU41
  39:bsp/spi/bsp_spi.c **** }
 129              		.loc 1 39 1 is_stmt 0 view .LVU42
 130 0056 2846     		mov	r0, r5
 131 0058 70BD     		pop	{r4, r5, r6, pc}
ARM GAS  C:\Users\ADMINI~1\AppData\Local\Temp\ccy90aRW.s 			page 4


 132              	.LVL5:
 133              	.L9:
  30:bsp/spi/bsp_spi.c ****     }
 134              		.loc 1 30 9 is_stmt 1 view .LVU43
  30:bsp/spi/bsp_spi.c ****     }
 135              		.loc 1 30 32 is_stmt 0 view .LVU44
 136 005a 064B     		ldr	r3, .L10+20
 137 005c 6B61     		str	r3, [r5, #20]
 138 005e F4E7     		b	.L5
 139              	.L11:
 140              		.align	2
 141              	.L10:
 142 0060 00000000 		.word	idx
 143 0064 00300140 		.word	1073819648
 144 0068 00380040 		.word	1073756160
 145 006c 00000000 		.word	SPIDeviceOnGoing
 146 0070 00000000 		.word	spi_instance
 147 0074 01000000 		.word	SPIDeviceOnGoing+1
 148              		.cfi_endproc
 149              	.LFE350:
 151              		.section	.text.SPITransmit,"ax",%progbits
 152              		.align	1
 153              		.global	SPITransmit
 154              		.syntax unified
 155              		.thumb
 156              		.thumb_func
 158              	SPITransmit:
 159              	.LVL6:
 160              	.LFB351:
  40:bsp/spi/bsp_spi.c **** 
  41:bsp/spi/bsp_spi.c **** void SPITransmit(SPIInstance *spi_ins, uint8_t *ptr_data, uint8_t len)
  42:bsp/spi/bsp_spi.c **** {
 161              		.loc 1 42 1 is_stmt 1 view -0
 162              		.cfi_startproc
 163              		@ args = 0, pretend = 0, frame = 0
 164              		@ frame_needed = 0, uses_anonymous_args = 0
 165              		.loc 1 42 1 is_stmt 0 view .LVU46
 166 0000 70B5     		push	{r4, r5, r6, lr}
 167              	.LCFI1:
 168              		.cfi_def_cfa_offset 16
 169              		.cfi_offset 4, -16
 170              		.cfi_offset 5, -12
 171              		.cfi_offset 6, -8
 172              		.cfi_offset 14, -4
 173 0002 0446     		mov	r4, r0
 174 0004 0D46     		mov	r5, r1
 175 0006 1646     		mov	r6, r2
  43:bsp/spi/bsp_spi.c ****     // ТІЅСйјуЅЄжђЅ,т╝ђтДІС╝аУЙЊ(жђЅСИГС╗јТю║)
  44:bsp/spi/bsp_spi.c ****     HAL_GPIO_WritePin(spi_ins->GPIOx, spi_ins->cs_pin, GPIO_PIN_RESET);
 176              		.loc 1 44 5 is_stmt 1 view .LVU47
 177 0008 0022     		movs	r2, #0
 178              	.LVL7:
 179              		.loc 1 44 5 is_stmt 0 view .LVU48
 180 000a 0189     		ldrh	r1, [r0, #8]
 181              	.LVL8:
 182              		.loc 1 44 5 view .LVU49
 183 000c 4068     		ldr	r0, [r0, #4]
ARM GAS  C:\Users\ADMINI~1\AppData\Local\Temp\ccy90aRW.s 			page 5


 184              	.LVL9:
 185              		.loc 1 44 5 view .LVU50
 186 000e FFF7FEFF 		bl	HAL_GPIO_WritePin
 187              	.LVL10:
  45:bsp/spi/bsp_spi.c ****     switch (spi_ins->spi_work_mode)
 188              		.loc 1 45 5 is_stmt 1 view .LVU51
 189              		.loc 1 45 20 is_stmt 0 view .LVU52
 190 0012 A37A     		ldrb	r3, [r4, #10]	@ zero_extendqisi2
 191              		.loc 1 45 5 view .LVU53
 192 0014 012B     		cmp	r3, #1
 193 0016 09D0     		beq	.L13
 194 0018 022B     		cmp	r3, #2
 195 001a 01D0     		beq	.L14
 196 001c 63B1     		cbz	r3, .L15
 197              	.L16:
  46:bsp/spi/bsp_spi.c ****     {
  47:bsp/spi/bsp_spi.c ****     case SPI_DMA_MODE:
  48:bsp/spi/bsp_spi.c ****         HAL_SPI_Transmit_DMA(spi_ins->spi_handle, ptr_data, len);
  49:bsp/spi/bsp_spi.c ****         break;
  50:bsp/spi/bsp_spi.c ****     case SPI_IT_MODE:
  51:bsp/spi/bsp_spi.c ****         HAL_SPI_Transmit_IT(spi_ins->spi_handle, ptr_data, len);
  52:bsp/spi/bsp_spi.c ****         break;
  53:bsp/spi/bsp_spi.c ****     case SPI_BLOCK_MODE:
  54:bsp/spi/bsp_spi.c ****         HAL_SPI_Transmit(spi_ins->spi_handle, ptr_data, len, 1000); // ж╗ўУ«ц50msУХЁТЌХ
  55:bsp/spi/bsp_spi.c ****         // жў╗тАъТеАт╝ЈСИЇС╝џУ░ЃућетЏъУ░ЃтЄйТЋ░,С╝аУЙЊт«їТѕљтљјуЏ┤ТјЦТІЅжФўуЅЄжђЅу╗ЊТЮЪ
  56:bsp/spi/bsp_spi.c ****         HAL_GPIO_WritePin(spi_ins->GPIOx, spi_ins->cs_pin, GPIO_PIN_SET);
  57:bsp/spi/bsp_spi.c ****         break;
  58:bsp/spi/bsp_spi.c ****     default:
  59:bsp/spi/bsp_spi.c ****         while (1)
 198              		.loc 1 59 9 is_stmt 1 view .LVU54
 199              		.loc 1 59 15 view .LVU55
 200 001e FEE7     		b	.L16
 201              	.L14:
  48:bsp/spi/bsp_spi.c ****         break;
 202              		.loc 1 48 9 view .LVU56
 203 0020 3246     		mov	r2, r6
 204 0022 2946     		mov	r1, r5
 205 0024 2068     		ldr	r0, [r4]
 206 0026 FFF7FEFF 		bl	HAL_SPI_Transmit_DMA
 207              	.LVL11:
  49:bsp/spi/bsp_spi.c ****     case SPI_IT_MODE:
 208              		.loc 1 49 9 view .LVU57
 209              	.L12:
  60:bsp/spi/bsp_spi.c ****             ; // error mode! У»иТЪЦуюІТў»тљдТГБуА«У«Йуй«ТеАт╝Ј№╝їТѕќтЄ║уј░ТїЄжњѕУХіуЋїт»╝УЄ┤ТеАт╝ЈУ
  61:bsp/spi/bsp_spi.c ****         break;
  62:bsp/spi/bsp_spi.c ****     }
  63:bsp/spi/bsp_spi.c **** }
 210              		.loc 1 63 1 is_stmt 0 view .LVU58
 211 002a 70BD     		pop	{r4, r5, r6, pc}
 212              	.LVL12:
 213              	.L13:
  51:bsp/spi/bsp_spi.c ****         break;
 214              		.loc 1 51 9 is_stmt 1 view .LVU59
 215 002c 3246     		mov	r2, r6
 216 002e 2946     		mov	r1, r5
 217 0030 2068     		ldr	r0, [r4]
 218 0032 FFF7FEFF 		bl	HAL_SPI_Transmit_IT
ARM GAS  C:\Users\ADMINI~1\AppData\Local\Temp\ccy90aRW.s 			page 6


 219              	.LVL13:
  52:bsp/spi/bsp_spi.c ****     case SPI_BLOCK_MODE:
 220              		.loc 1 52 9 view .LVU60
 221 0036 F8E7     		b	.L12
 222              	.L15:
  54:bsp/spi/bsp_spi.c ****         // жў╗тАъТеАт╝ЈСИЇС╝џУ░ЃућетЏъУ░ЃтЄйТЋ░,С╝аУЙЊт«їТѕљтљјуЏ┤ТјЦТІЅжФўуЅЄжђЅу╗ЊТЮЪ
 223              		.loc 1 54 9 view .LVU61
 224 0038 4FF47A73 		mov	r3, #1000
 225 003c 3246     		mov	r2, r6
 226 003e 2946     		mov	r1, r5
 227 0040 2068     		ldr	r0, [r4]
 228 0042 FFF7FEFF 		bl	HAL_SPI_Transmit
 229              	.LVL14:
  56:bsp/spi/bsp_spi.c ****         break;
 230              		.loc 1 56 9 view .LVU62
 231 0046 0122     		movs	r2, #1
 232 0048 2189     		ldrh	r1, [r4, #8]
 233 004a 6068     		ldr	r0, [r4, #4]
 234 004c FFF7FEFF 		bl	HAL_GPIO_WritePin
 235              	.LVL15:
  57:bsp/spi/bsp_spi.c ****     default:
 236              		.loc 1 57 9 view .LVU63
 237 0050 EBE7     		b	.L12
 238              		.cfi_endproc
 239              	.LFE351:
 241              		.section	.text.SPIRecv,"ax",%progbits
 242              		.align	1
 243              		.global	SPIRecv
 244              		.syntax unified
 245              		.thumb
 246              		.thumb_func
 248              	SPIRecv:
 249              	.LVL16:
 250              	.LFB352:
  64:bsp/spi/bsp_spi.c **** 
  65:bsp/spi/bsp_spi.c **** void SPIRecv(SPIInstance *spi_ins, uint8_t *ptr_data, uint8_t len)
  66:bsp/spi/bsp_spi.c **** {
 251              		.loc 1 66 1 view -0
 252              		.cfi_startproc
 253              		@ args = 0, pretend = 0, frame = 0
 254              		@ frame_needed = 0, uses_anonymous_args = 0
 255              		.loc 1 66 1 is_stmt 0 view .LVU65
 256 0000 70B5     		push	{r4, r5, r6, lr}
 257              	.LCFI2:
 258              		.cfi_def_cfa_offset 16
 259              		.cfi_offset 4, -16
 260              		.cfi_offset 5, -12
 261              		.cfi_offset 6, -8
 262              		.cfi_offset 14, -4
 263 0002 0446     		mov	r4, r0
 264 0004 0D46     		mov	r5, r1
 265 0006 1646     		mov	r6, r2
  67:bsp/spi/bsp_spi.c ****     // ућеС║јуеЇтљјтЏъУ░ЃСй┐уће
  68:bsp/spi/bsp_spi.c ****     spi_ins->rx_size = len;
 266              		.loc 1 68 5 is_stmt 1 view .LVU66
 267              		.loc 1 68 22 is_stmt 0 view .LVU67
 268 0008 C272     		strb	r2, [r0, #11]
ARM GAS  C:\Users\ADMINI~1\AppData\Local\Temp\ccy90aRW.s 			page 7


  69:bsp/spi/bsp_spi.c ****     spi_ins->rx_buffer = ptr_data;
 269              		.loc 1 69 5 is_stmt 1 view .LVU68
 270              		.loc 1 69 24 is_stmt 0 view .LVU69
 271 000a C160     		str	r1, [r0, #12]
  70:bsp/spi/bsp_spi.c ****     // ТІЅСйјуЅЄжђЅ,т╝ђтДІС╝аУЙЊ
  71:bsp/spi/bsp_spi.c ****     HAL_GPIO_WritePin(spi_ins->GPIOx, spi_ins->cs_pin, GPIO_PIN_RESET);
 272              		.loc 1 71 5 is_stmt 1 view .LVU70
 273 000c 0022     		movs	r2, #0
 274              	.LVL17:
 275              		.loc 1 71 5 is_stmt 0 view .LVU71
 276 000e 0189     		ldrh	r1, [r0, #8]
 277              	.LVL18:
 278              		.loc 1 71 5 view .LVU72
 279 0010 4068     		ldr	r0, [r0, #4]
 280              	.LVL19:
 281              		.loc 1 71 5 view .LVU73
 282 0012 FFF7FEFF 		bl	HAL_GPIO_WritePin
 283              	.LVL20:
  72:bsp/spi/bsp_spi.c ****     switch (spi_ins->spi_work_mode)
 284              		.loc 1 72 5 is_stmt 1 view .LVU74
 285              		.loc 1 72 20 is_stmt 0 view .LVU75
 286 0016 A37A     		ldrb	r3, [r4, #10]	@ zero_extendqisi2
 287              		.loc 1 72 5 view .LVU76
 288 0018 012B     		cmp	r3, #1
 289 001a 09D0     		beq	.L20
 290 001c 022B     		cmp	r3, #2
 291 001e 01D0     		beq	.L21
 292 0020 63B1     		cbz	r3, .L22
 293              	.L23:
  73:bsp/spi/bsp_spi.c ****     {
  74:bsp/spi/bsp_spi.c ****     case SPI_DMA_MODE:
  75:bsp/spi/bsp_spi.c ****         HAL_SPI_Receive_DMA(spi_ins->spi_handle, ptr_data, len);
  76:bsp/spi/bsp_spi.c ****         break;
  77:bsp/spi/bsp_spi.c ****     case SPI_IT_MODE:
  78:bsp/spi/bsp_spi.c ****         HAL_SPI_Receive_IT(spi_ins->spi_handle, ptr_data, len);
  79:bsp/spi/bsp_spi.c ****         break;
  80:bsp/spi/bsp_spi.c ****     case SPI_BLOCK_MODE:
  81:bsp/spi/bsp_spi.c ****         HAL_SPI_Receive(spi_ins->spi_handle, ptr_data, len, 1000);
  82:bsp/spi/bsp_spi.c ****         // жў╗тАъТеАт╝ЈСИЇС╝џУ░ЃућетЏъУ░ЃтЄйТЋ░,С╝аУЙЊт«їТѕљтљјуЏ┤ТјЦТІЅжФўуЅЄжђЅу╗ЊТЮЪ
  83:bsp/spi/bsp_spi.c ****         HAL_GPIO_WritePin(spi_ins->GPIOx, spi_ins->cs_pin, GPIO_PIN_SET);
  84:bsp/spi/bsp_spi.c ****         break;
  85:bsp/spi/bsp_spi.c ****     default:
  86:bsp/spi/bsp_spi.c ****         while (1)
 294              		.loc 1 86 9 is_stmt 1 view .LVU77
 295              		.loc 1 86 15 view .LVU78
 296 0022 FEE7     		b	.L23
 297              	.L21:
  75:bsp/spi/bsp_spi.c ****         break;
 298              		.loc 1 75 9 view .LVU79
 299 0024 3246     		mov	r2, r6
 300 0026 2946     		mov	r1, r5
 301 0028 2068     		ldr	r0, [r4]
 302 002a FFF7FEFF 		bl	HAL_SPI_Receive_DMA
 303              	.LVL21:
  76:bsp/spi/bsp_spi.c ****     case SPI_IT_MODE:
 304              		.loc 1 76 9 view .LVU80
 305              	.L19:
ARM GAS  C:\Users\ADMINI~1\AppData\Local\Temp\ccy90aRW.s 			page 8


  87:bsp/spi/bsp_spi.c ****             ; // error mode! У»иТЪЦуюІТў»тљдТГБуА«У«Йуй«ТеАт╝Ј№╝їТѕќтЄ║уј░ТїЄжњѕУХіуЋїт»╝УЄ┤ТеАт╝ЈУ
  88:bsp/spi/bsp_spi.c ****         break;
  89:bsp/spi/bsp_spi.c ****     }
  90:bsp/spi/bsp_spi.c **** }
 306              		.loc 1 90 1 is_stmt 0 view .LVU81
 307 002e 70BD     		pop	{r4, r5, r6, pc}
 308              	.LVL22:
 309              	.L20:
  78:bsp/spi/bsp_spi.c ****         break;
 310              		.loc 1 78 9 is_stmt 1 view .LVU82
 311 0030 3246     		mov	r2, r6
 312 0032 2946     		mov	r1, r5
 313 0034 2068     		ldr	r0, [r4]
 314 0036 FFF7FEFF 		bl	HAL_SPI_Receive_IT
 315              	.LVL23:
  79:bsp/spi/bsp_spi.c ****     case SPI_BLOCK_MODE:
 316              		.loc 1 79 9 view .LVU83
 317 003a F8E7     		b	.L19
 318              	.L22:
  81:bsp/spi/bsp_spi.c ****         // жў╗тАъТеАт╝ЈСИЇС╝џУ░ЃућетЏъУ░ЃтЄйТЋ░,С╝аУЙЊт«їТѕљтљјуЏ┤ТјЦТІЅжФўуЅЄжђЅу╗ЊТЮЪ
 319              		.loc 1 81 9 view .LVU84
 320 003c 4FF47A73 		mov	r3, #1000
 321 0040 3246     		mov	r2, r6
 322 0042 2946     		mov	r1, r5
 323 0044 2068     		ldr	r0, [r4]
 324 0046 FFF7FEFF 		bl	HAL_SPI_Receive
 325              	.LVL24:
  83:bsp/spi/bsp_spi.c ****         break;
 326              		.loc 1 83 9 view .LVU85
 327 004a 0122     		movs	r2, #1
 328 004c 2189     		ldrh	r1, [r4, #8]
 329 004e 6068     		ldr	r0, [r4, #4]
 330 0050 FFF7FEFF 		bl	HAL_GPIO_WritePin
 331              	.LVL25:
  84:bsp/spi/bsp_spi.c ****     default:
 332              		.loc 1 84 9 view .LVU86
 333 0054 EBE7     		b	.L19
 334              		.cfi_endproc
 335              	.LFE352:
 337              		.section	.text.SPITransRecv,"ax",%progbits
 338              		.align	1
 339              		.global	SPITransRecv
 340              		.syntax unified
 341              		.thumb
 342              		.thumb_func
 344              	SPITransRecv:
 345              	.LVL26:
 346              	.LFB353:
  91:bsp/spi/bsp_spi.c **** 
  92:bsp/spi/bsp_spi.c **** void SPITransRecv(SPIInstance *spi_ins, uint8_t *ptr_data_rx, uint8_t *ptr_data_tx, uint8_t len)
  93:bsp/spi/bsp_spi.c **** {
 347              		.loc 1 93 1 view -0
 348              		.cfi_startproc
 349              		@ args = 0, pretend = 0, frame = 0
 350              		@ frame_needed = 0, uses_anonymous_args = 0
 351              		.loc 1 93 1 is_stmt 0 view .LVU88
 352 0000 F0B5     		push	{r4, r5, r6, r7, lr}
ARM GAS  C:\Users\ADMINI~1\AppData\Local\Temp\ccy90aRW.s 			page 9


 353              	.LCFI3:
 354              		.cfi_def_cfa_offset 20
 355              		.cfi_offset 4, -20
 356              		.cfi_offset 5, -16
 357              		.cfi_offset 6, -12
 358              		.cfi_offset 7, -8
 359              		.cfi_offset 14, -4
 360 0002 83B0     		sub	sp, sp, #12
 361              	.LCFI4:
 362              		.cfi_def_cfa_offset 32
 363 0004 0446     		mov	r4, r0
 364 0006 0D46     		mov	r5, r1
 365 0008 1746     		mov	r7, r2
 366 000a 1E46     		mov	r6, r3
  94:bsp/spi/bsp_spi.c **** 
  95:bsp/spi/bsp_spi.c ****     // ућеС║јуеЇтљјтЏъУ░ЃСй┐уће,У»иС┐ЮУ»Ђptr_data_rxтюетЏъУ░ЃтЄйТЋ░УбФУ░ЃућеС╣ІтЅЇС╗ЇуёХтюеСйюућетЪ
  96:bsp/spi/bsp_spi.c ****     spi_ins->rx_size = len;
 367              		.loc 1 96 5 is_stmt 1 view .LVU89
 368              		.loc 1 96 22 is_stmt 0 view .LVU90
 369 000c C372     		strb	r3, [r0, #11]
  97:bsp/spi/bsp_spi.c ****     spi_ins->rx_buffer = ptr_data_rx;
 370              		.loc 1 97 5 is_stmt 1 view .LVU91
 371              		.loc 1 97 24 is_stmt 0 view .LVU92
 372 000e C160     		str	r1, [r0, #12]
  98:bsp/spi/bsp_spi.c ****     // уГЅтЙЁСИіСИђТгАС╝аУЙЊт«їТѕљ
  99:bsp/spi/bsp_spi.c ****     if (spi_ins->spi_handle->Instance == SPI1)
 373              		.loc 1 99 5 is_stmt 1 view .LVU93
 374              		.loc 1 99 16 is_stmt 0 view .LVU94
 375 0010 0368     		ldr	r3, [r0]
 376              	.LVL27:
 377              		.loc 1 99 28 view .LVU95
 378 0012 1B68     		ldr	r3, [r3]
 379              		.loc 1 99 8 view .LVU96
 380 0014 234A     		ldr	r2, .L37
 381              	.LVL28:
 382              		.loc 1 99 8 view .LVU97
 383 0016 9342     		cmp	r3, r2
 384 0018 15D0     		beq	.L28
 100:bsp/spi/bsp_spi.c ****     {
 101:bsp/spi/bsp_spi.c ****         while (!SPIDeviceOnGoing[0])
 102:bsp/spi/bsp_spi.c ****         {
 103:bsp/spi/bsp_spi.c ****         };
 104:bsp/spi/bsp_spi.c ****     }
 105:bsp/spi/bsp_spi.c ****     else if (spi_ins->spi_handle->Instance == SPI2)
 385              		.loc 1 105 10 is_stmt 1 view .LVU98
 386              		.loc 1 105 13 is_stmt 0 view .LVU99
 387 001a 234A     		ldr	r2, .L37+4
 388 001c 9342     		cmp	r3, r2
 389 001e 17D0     		beq	.L30
 390              	.LVL29:
 391              	.L29:
 106:bsp/spi/bsp_spi.c ****     {
 107:bsp/spi/bsp_spi.c ****         while (!SPIDeviceOnGoing[1])
 108:bsp/spi/bsp_spi.c ****         {
 109:bsp/spi/bsp_spi.c ****         };
 392              		.loc 1 109 10 is_stmt 1 view .LVU100
 110:bsp/spi/bsp_spi.c ****     }
ARM GAS  C:\Users\ADMINI~1\AppData\Local\Temp\ccy90aRW.s 			page 10


 111:bsp/spi/bsp_spi.c ****     // ТІЅСйјуЅЄжђЅ,т╝ђтДІС╝аУЙЊ
 112:bsp/spi/bsp_spi.c ****     HAL_GPIO_WritePin(spi_ins->GPIOx, spi_ins->cs_pin, GPIO_PIN_RESET);
 393              		.loc 1 112 5 view .LVU101
 394 0020 0022     		movs	r2, #0
 395 0022 2189     		ldrh	r1, [r4, #8]
 396              	.LVL30:
 397              		.loc 1 112 5 is_stmt 0 view .LVU102
 398 0024 6068     		ldr	r0, [r4, #4]
 399 0026 FFF7FEFF 		bl	HAL_GPIO_WritePin
 400              	.LVL31:
 113:bsp/spi/bsp_spi.c ****     *spi_ins->cs_pin_state =
 401              		.loc 1 113 5 is_stmt 1 view .LVU103
 114:bsp/spi/bsp_spi.c ****         spi_ins->CS_State =
 115:bsp/spi/bsp_spi.c ****             HAL_GPIO_ReadPin(spi_ins->GPIOx, spi_ins->cs_pin);
 402              		.loc 1 115 13 is_stmt 0 view .LVU104
 403 002a 2189     		ldrh	r1, [r4, #8]
 404 002c 6068     		ldr	r0, [r4, #4]
 405 002e FFF7FEFF 		bl	HAL_GPIO_ReadPin
 406              	.LVL32:
 114:bsp/spi/bsp_spi.c ****         spi_ins->CS_State =
 407              		.loc 1 114 27 view .LVU105
 408 0032 2074     		strb	r0, [r4, #16]
 113:bsp/spi/bsp_spi.c ****     *spi_ins->cs_pin_state =
 409              		.loc 1 113 13 view .LVU106
 410 0034 6369     		ldr	r3, [r4, #20]
 113:bsp/spi/bsp_spi.c ****     *spi_ins->cs_pin_state =
 411              		.loc 1 113 28 view .LVU107
 412 0036 1870     		strb	r0, [r3]
 116:bsp/spi/bsp_spi.c ****     switch (spi_ins->spi_work_mode)
 413              		.loc 1 116 5 is_stmt 1 view .LVU108
 414              		.loc 1 116 20 is_stmt 0 view .LVU109
 415 0038 A37A     		ldrb	r3, [r4, #10]	@ zero_extendqisi2
 416              		.loc 1 116 5 view .LVU110
 417 003a 012B     		cmp	r3, #1
 418 003c 15D0     		beq	.L31
 419 003e 022B     		cmp	r3, #2
 420 0040 0BD0     		beq	.L32
 421 0042 CBB1     		cbz	r3, .L33
 422              	.L34:
 117:bsp/spi/bsp_spi.c ****     {
 118:bsp/spi/bsp_spi.c ****     case SPI_DMA_MODE:
 119:bsp/spi/bsp_spi.c ****         HAL_SPI_TransmitReceive_DMA(spi_ins->spi_handle, ptr_data_tx, ptr_data_rx, len);
 120:bsp/spi/bsp_spi.c ****         break;
 121:bsp/spi/bsp_spi.c ****     case SPI_IT_MODE:
 122:bsp/spi/bsp_spi.c ****         HAL_SPI_TransmitReceive_IT(spi_ins->spi_handle, ptr_data_tx, ptr_data_rx, len);
 123:bsp/spi/bsp_spi.c ****         break;
 124:bsp/spi/bsp_spi.c ****     case SPI_BLOCK_MODE:
 125:bsp/spi/bsp_spi.c ****         HAL_SPI_TransmitReceive(spi_ins->spi_handle, ptr_data_tx, ptr_data_rx, len, 1000); // ж╗ўУ«
 126:bsp/spi/bsp_spi.c ****         // жў╗тАъТеАт╝ЈСИЇС╝џУ░ЃућетЏъУ░ЃтЄйТЋ░,С╝аУЙЊт«їТѕљтљјуЏ┤ТјЦТІЅжФўуЅЄжђЅу╗ЊТЮЪ
 127:bsp/spi/bsp_spi.c ****         HAL_GPIO_WritePin(spi_ins->GPIOx, spi_ins->cs_pin, GPIO_PIN_SET);
 128:bsp/spi/bsp_spi.c ****         *spi_ins->cs_pin_state =
 129:bsp/spi/bsp_spi.c ****             spi_ins->CS_State =
 130:bsp/spi/bsp_spi.c ****                 HAL_GPIO_ReadPin(spi_ins->GPIOx, spi_ins->cs_pin);
 131:bsp/spi/bsp_spi.c ****         break;
 132:bsp/spi/bsp_spi.c ****     default:
 133:bsp/spi/bsp_spi.c ****         while (1)
 423              		.loc 1 133 9 is_stmt 1 view .LVU111
ARM GAS  C:\Users\ADMINI~1\AppData\Local\Temp\ccy90aRW.s 			page 11


 424              		.loc 1 133 15 view .LVU112
 425 0044 FEE7     		b	.L34
 426              	.LVL33:
 427              	.L28:
 103:bsp/spi/bsp_spi.c ****     }
 428              		.loc 1 103 9 view .LVU113
 101:bsp/spi/bsp_spi.c ****         {
 429              		.loc 1 101 16 discriminator 1 view .LVU114
 101:bsp/spi/bsp_spi.c ****         {
 430              		.loc 1 101 33 is_stmt 0 discriminator 1 view .LVU115
 431 0046 1948     		ldr	r0, .L37+8
 432 0048 0078     		ldrb	r0, [r0]	@ zero_extendqisi2
 101:bsp/spi/bsp_spi.c ****         {
 433              		.loc 1 101 16 discriminator 1 view .LVU116
 434 004a 0028     		cmp	r0, #0
 435 004c FBD0     		beq	.L28
 436 004e E7E7     		b	.L29
 437              	.LVL34:
 438              	.L30:
 109:bsp/spi/bsp_spi.c ****     }
 439              		.loc 1 109 9 is_stmt 1 view .LVU117
 107:bsp/spi/bsp_spi.c ****         {
 440              		.loc 1 107 16 discriminator 1 view .LVU118
 107:bsp/spi/bsp_spi.c ****         {
 441              		.loc 1 107 33 is_stmt 0 discriminator 1 view .LVU119
 442 0050 164B     		ldr	r3, .L37+8
 443 0052 5B78     		ldrb	r3, [r3, #1]	@ zero_extendqisi2
 107:bsp/spi/bsp_spi.c ****         {
 444              		.loc 1 107 16 discriminator 1 view .LVU120
 445 0054 002B     		cmp	r3, #0
 446 0056 FBD0     		beq	.L30
 447 0058 E2E7     		b	.L29
 448              	.LVL35:
 449              	.L32:
 119:bsp/spi/bsp_spi.c ****         break;
 450              		.loc 1 119 9 is_stmt 1 view .LVU121
 451 005a 3346     		mov	r3, r6
 452 005c 2A46     		mov	r2, r5
 453 005e 3946     		mov	r1, r7
 454 0060 2068     		ldr	r0, [r4]
 455 0062 FFF7FEFF 		bl	HAL_SPI_TransmitReceive_DMA
 456              	.LVL36:
 120:bsp/spi/bsp_spi.c ****     case SPI_IT_MODE:
 457              		.loc 1 120 9 view .LVU122
 458              	.L26:
 134:bsp/spi/bsp_spi.c ****             ; // error mode! У»иТЪЦуюІТў»тљдТГБуА«У«Йуй«ТеАт╝Ј№╝їТѕќтЄ║уј░ТїЄжњѕУХіуЋїт»╝УЄ┤ТеАт╝ЈУ
 135:bsp/spi/bsp_spi.c ****         break;
 136:bsp/spi/bsp_spi.c ****     }
 137:bsp/spi/bsp_spi.c **** }
 459              		.loc 1 137 1 is_stmt 0 view .LVU123
 460 0066 03B0     		add	sp, sp, #12
 461              	.LCFI5:
 462              		.cfi_remember_state
 463              		.cfi_def_cfa_offset 20
 464              		@ sp needed
 465 0068 F0BD     		pop	{r4, r5, r6, r7, pc}
 466              	.LVL37:
ARM GAS  C:\Users\ADMINI~1\AppData\Local\Temp\ccy90aRW.s 			page 12


 467              	.L31:
 468              	.LCFI6:
 469              		.cfi_restore_state
 122:bsp/spi/bsp_spi.c ****         break;
 470              		.loc 1 122 9 is_stmt 1 view .LVU124
 471 006a 3346     		mov	r3, r6
 472 006c 2A46     		mov	r2, r5
 473 006e 3946     		mov	r1, r7
 474 0070 2068     		ldr	r0, [r4]
 475 0072 FFF7FEFF 		bl	HAL_SPI_TransmitReceive_IT
 476              	.LVL38:
 123:bsp/spi/bsp_spi.c ****     case SPI_BLOCK_MODE:
 477              		.loc 1 123 9 view .LVU125
 478 0076 F6E7     		b	.L26
 479              	.L33:
 125:bsp/spi/bsp_spi.c ****         // жў╗тАъТеАт╝ЈСИЇС╝џУ░ЃућетЏъУ░ЃтЄйТЋ░,С╝аУЙЊт«їТѕљтљјуЏ┤ТјЦТІЅжФўуЅЄжђЅу╗ЊТЮЪ
 480              		.loc 1 125 9 view .LVU126
 481 0078 4FF47A73 		mov	r3, #1000
 482 007c 0093     		str	r3, [sp]
 483 007e 3346     		mov	r3, r6
 484 0080 2A46     		mov	r2, r5
 485 0082 3946     		mov	r1, r7
 486 0084 2068     		ldr	r0, [r4]
 487 0086 FFF7FEFF 		bl	HAL_SPI_TransmitReceive
 488              	.LVL39:
 127:bsp/spi/bsp_spi.c ****         *spi_ins->cs_pin_state =
 489              		.loc 1 127 9 view .LVU127
 490 008a 0122     		movs	r2, #1
 491 008c 2189     		ldrh	r1, [r4, #8]
 492 008e 6068     		ldr	r0, [r4, #4]
 493 0090 FFF7FEFF 		bl	HAL_GPIO_WritePin
 494              	.LVL40:
 128:bsp/spi/bsp_spi.c ****             spi_ins->CS_State =
 495              		.loc 1 128 9 view .LVU128
 130:bsp/spi/bsp_spi.c ****         break;
 496              		.loc 1 130 17 is_stmt 0 view .LVU129
 497 0094 2189     		ldrh	r1, [r4, #8]
 498 0096 6068     		ldr	r0, [r4, #4]
 499 0098 FFF7FEFF 		bl	HAL_GPIO_ReadPin
 500              	.LVL41:
 129:bsp/spi/bsp_spi.c ****                 HAL_GPIO_ReadPin(spi_ins->GPIOx, spi_ins->cs_pin);
 501              		.loc 1 129 31 view .LVU130
 502 009c 2074     		strb	r0, [r4, #16]
 128:bsp/spi/bsp_spi.c ****             spi_ins->CS_State =
 503              		.loc 1 128 17 view .LVU131
 504 009e 6369     		ldr	r3, [r4, #20]
 128:bsp/spi/bsp_spi.c ****             spi_ins->CS_State =
 505              		.loc 1 128 32 view .LVU132
 506 00a0 1870     		strb	r0, [r3]
 131:bsp/spi/bsp_spi.c ****     default:
 507              		.loc 1 131 9 is_stmt 1 view .LVU133
 508 00a2 E0E7     		b	.L26
 509              	.L38:
 510              		.align	2
 511              	.L37:
 512 00a4 00300140 		.word	1073819648
 513 00a8 00380040 		.word	1073756160
ARM GAS  C:\Users\ADMINI~1\AppData\Local\Temp\ccy90aRW.s 			page 13


 514 00ac 00000000 		.word	SPIDeviceOnGoing
 515              		.cfi_endproc
 516              	.LFE353:
 518              		.section	.text.SPISetMode,"ax",%progbits
 519              		.align	1
 520              		.global	SPISetMode
 521              		.syntax unified
 522              		.thumb
 523              		.thumb_func
 525              	SPISetMode:
 526              	.LVL42:
 527              	.LFB354:
 138:bsp/spi/bsp_spi.c **** 
 139:bsp/spi/bsp_spi.c **** void SPISetMode(SPIInstance *spi_ins, SPI_TXRX_MODE_e spi_mode)
 140:bsp/spi/bsp_spi.c **** {
 528              		.loc 1 140 1 view -0
 529              		.cfi_startproc
 530              		@ args = 0, pretend = 0, frame = 0
 531              		@ frame_needed = 0, uses_anonymous_args = 0
 532              		@ link register save eliminated.
 141:bsp/spi/bsp_spi.c ****     if (spi_mode != SPI_DMA_MODE && spi_mode != SPI_IT_MODE && spi_mode != SPI_BLOCK_MODE)
 533              		.loc 1 141 5 view .LVU135
 534              		.loc 1 141 8 is_stmt 0 view .LVU136
 535 0000 0229     		cmp	r1, #2
 536 0002 00D9     		bls	.L40
 537              	.L41:
 142:bsp/spi/bsp_spi.c ****         while (1)
 538              		.loc 1 142 9 is_stmt 1 view .LVU137
 539              		.loc 1 142 15 view .LVU138
 540 0004 FEE7     		b	.L41
 541              	.L40:
 143:bsp/spi/bsp_spi.c ****             ; // error mode! У»иТЪЦуюІТў»тљдТГБуА«У«Йуй«ТеАт╝Ј№╝їТѕќтЄ║уј░ТїЄжњѕУХіуЋїт»╝УЄ┤ТеАт╝ЈУ
 144:bsp/spi/bsp_spi.c **** 
 145:bsp/spi/bsp_spi.c ****     if (spi_ins->spi_work_mode != spi_mode)
 542              		.loc 1 145 5 view .LVU139
 543              		.loc 1 145 16 is_stmt 0 view .LVU140
 544 0006 837A     		ldrb	r3, [r0, #10]	@ zero_extendqisi2
 545              		.loc 1 145 8 view .LVU141
 546 0008 8B42     		cmp	r3, r1
 547 000a 00D0     		beq	.L39
 146:bsp/spi/bsp_spi.c ****     {
 147:bsp/spi/bsp_spi.c ****         spi_ins->spi_work_mode = spi_mode;
 548              		.loc 1 147 9 is_stmt 1 view .LVU142
 549              		.loc 1 147 32 is_stmt 0 view .LVU143
 550 000c 8172     		strb	r1, [r0, #10]
 551              	.L39:
 148:bsp/spi/bsp_spi.c ****     }
 149:bsp/spi/bsp_spi.c **** }
 552              		.loc 1 149 1 view .LVU144
 553 000e 7047     		bx	lr
 554              		.cfi_endproc
 555              	.LFE354:
 557              		.section	.text.HAL_SPI_RxCpltCallback,"ax",%progbits
 558              		.align	1
 559              		.global	HAL_SPI_RxCpltCallback
 560              		.syntax unified
 561              		.thumb
ARM GAS  C:\Users\ADMINI~1\AppData\Local\Temp\ccy90aRW.s 			page 14


 562              		.thumb_func
 564              	HAL_SPI_RxCpltCallback:
 565              	.LVL43:
 566              	.LFB355:
 150:bsp/spi/bsp_spi.c **** 
 151:bsp/spi/bsp_spi.c **** /**
 152:bsp/spi/bsp_spi.c ****  * @brief тйЊSPIТјЦТћХт«їТѕљ,т░єС╝џУ░ЃућеТГцтЏъУ░ЃтЄйТЋ░,тЈ»С╗ЦУ┐ЏУАїтЇЈУ««УДБТъљТѕќтЁХС╗ќт┐ЁжА╗уџё
 153:bsp/spi/bsp_spi.c ****  *
 154:bsp/spi/bsp_spi.c ****  * @param hspi spi handle
 155:bsp/spi/bsp_spi.c ****  */
 156:bsp/spi/bsp_spi.c **** void HAL_SPI_RxCpltCallback(SPI_HandleTypeDef *hspi)
 157:bsp/spi/bsp_spi.c **** {
 567              		.loc 1 157 1 is_stmt 1 view -0
 568              		.cfi_startproc
 569              		@ args = 0, pretend = 0, frame = 0
 570              		@ frame_needed = 0, uses_anonymous_args = 0
 571              		.loc 1 157 1 is_stmt 0 view .LVU146
 572 0000 70B5     		push	{r4, r5, r6, lr}
 573              	.LCFI7:
 574              		.cfi_def_cfa_offset 16
 575              		.cfi_offset 4, -16
 576              		.cfi_offset 5, -12
 577              		.cfi_offset 6, -8
 578              		.cfi_offset 14, -4
 579 0002 0546     		mov	r5, r0
 158:bsp/spi/bsp_spi.c ****     for (size_t i = 0; i < idx; i++)
 580              		.loc 1 158 5 is_stmt 1 view .LVU147
 581              	.LBB2:
 582              		.loc 1 158 10 view .LVU148
 583              	.LVL44:
 584              		.loc 1 158 17 is_stmt 0 view .LVU149
 585 0004 0024     		movs	r4, #0
 586              		.loc 1 158 5 view .LVU150
 587 0006 00E0     		b	.L44
 588              	.LVL45:
 589              	.L45:
 590              		.loc 1 158 34 is_stmt 1 discriminator 2 view .LVU151
 591 0008 0134     		adds	r4, r4, #1
 592              	.LVL46:
 593              	.L44:
 594              		.loc 1 158 26 discriminator 1 view .LVU152
 595 000a 144B     		ldr	r3, .L50
 596 000c 1B78     		ldrb	r3, [r3]	@ zero_extendqisi2
 597 000e A342     		cmp	r3, r4
 598 0010 22D9     		bls	.L43
 159:bsp/spi/bsp_spi.c ****     {
 160:bsp/spi/bsp_spi.c ****         // тдѓТъюТў»тйЊтЅЇspiуАгС╗ХтЈЉтЄ║уџёcomplete,СИћcs_pinСИ║Сйјућхт╣│(У»┤ТўјТГБтюеС╝аУЙЊ),тѕЎт
 161:bsp/spi/bsp_spi.c ****         if (spi_instance[i]->spi_handle == hspi && // ТўЙуёХтљїСИђТЌХжЌ┤СИђТЮАТђ╗у║┐тЈфУЃйТюЅСИђСИф
 599              		.loc 1 161 9 view .LVU153
 600              		.loc 1 161 25 is_stmt 0 view .LVU154
 601 0012 134B     		ldr	r3, .L50+4
 602 0014 53F82430 		ldr	r3, [r3, r4, lsl #2]
 603              		.loc 1 161 28 view .LVU155
 604 0018 1A68     		ldr	r2, [r3]
 605              		.loc 1 161 12 view .LVU156
 606 001a AA42     		cmp	r2, r5
 607 001c F4D1     		bne	.L45
ARM GAS  C:\Users\ADMINI~1\AppData\Local\Temp\ccy90aRW.s 			page 15


 162:bsp/spi/bsp_spi.c ****             HAL_GPIO_ReadPin(spi_instance[i]->GPIOx, spi_instance[i]->cs_pin) == GPIO_PIN_RESET)
 608              		.loc 1 162 13 view .LVU157
 609 001e 1989     		ldrh	r1, [r3, #8]
 610 0020 5868     		ldr	r0, [r3, #4]
 611 0022 FFF7FEFF 		bl	HAL_GPIO_ReadPin
 612              	.LVL47:
 161:bsp/spi/bsp_spi.c ****             HAL_GPIO_ReadPin(spi_instance[i]->GPIOx, spi_instance[i]->cs_pin) == GPIO_PIN_RESET)
 613              		.loc 1 161 49 discriminator 1 view .LVU158
 614 0026 0028     		cmp	r0, #0
 615 0028 EED1     		bne	.L45
 163:bsp/spi/bsp_spi.c ****         {
 164:bsp/spi/bsp_spi.c ****             // тЁѕТІЅжФўуЅЄжђЅ,у╗ЊТЮЪС╝аУЙЊ,тюетѕцТќГТў»тљдТюЅтЏъУ░ЃтЄйТЋ░,тдѓТъюТюЅтѕЎУ░ЃућетЏъУ░Ѓ
 165:bsp/spi/bsp_spi.c ****             HAL_GPIO_WritePin(spi_instance[i]->GPIOx, spi_instance[i]->cs_pin, GPIO_PIN_SET);
 616              		.loc 1 165 13 is_stmt 1 view .LVU159
 617              		.loc 1 165 43 is_stmt 0 view .LVU160
 618 002a 0D4D     		ldr	r5, .L50+4
 619              	.LVL48:
 620              		.loc 1 165 43 view .LVU161
 621 002c 55F82430 		ldr	r3, [r5, r4, lsl #2]
 622              		.loc 1 165 13 view .LVU162
 623 0030 0122     		movs	r2, #1
 624 0032 1989     		ldrh	r1, [r3, #8]
 625 0034 5868     		ldr	r0, [r3, #4]
 626 0036 FFF7FEFF 		bl	HAL_GPIO_WritePin
 627              	.LVL49:
 166:bsp/spi/bsp_spi.c ****             *spi_instance[i]->cs_pin_state =
 628              		.loc 1 166 13 is_stmt 1 view .LVU163
 167:bsp/spi/bsp_spi.c ****                 spi_instance[i]->CS_State =
 168:bsp/spi/bsp_spi.c ****                     HAL_GPIO_ReadPin(spi_instance[i]->GPIOx, spi_instance[i]->cs_pin);
 629              		.loc 1 168 50 is_stmt 0 view .LVU164
 630 003a 55F82460 		ldr	r6, [r5, r4, lsl #2]
 631              		.loc 1 168 21 view .LVU165
 632 003e 3189     		ldrh	r1, [r6, #8]
 633 0040 7068     		ldr	r0, [r6, #4]
 634 0042 FFF7FEFF 		bl	HAL_GPIO_ReadPin
 635              	.LVL50:
 636 0046 0346     		mov	r3, r0
 167:bsp/spi/bsp_spi.c ****                 spi_instance[i]->CS_State =
 637              		.loc 1 167 43 view .LVU166
 638 0048 3074     		strb	r0, [r6, #16]
 166:bsp/spi/bsp_spi.c ****             *spi_instance[i]->cs_pin_state =
 639              		.loc 1 166 26 view .LVU167
 640 004a 55F82400 		ldr	r0, [r5, r4, lsl #2]
 166:bsp/spi/bsp_spi.c ****             *spi_instance[i]->cs_pin_state =
 641              		.loc 1 166 29 view .LVU168
 642 004e 4269     		ldr	r2, [r0, #20]
 166:bsp/spi/bsp_spi.c ****             *spi_instance[i]->cs_pin_state =
 643              		.loc 1 166 44 view .LVU169
 644 0050 1370     		strb	r3, [r2]
 169:bsp/spi/bsp_spi.c ****             // @todo тљју╗ГТи╗тіаholdonТеАт╝Ј,ућ▒ућеТѕиУЄфУАїтє│т«џСйЋТЌХжЄіТћЙуЅЄжђЅ,тЁЂУ«ИУ┐ЏУАїУ
 170:bsp/spi/bsp_spi.c ****             if (spi_instance[i]->callback != NULL) // тЏъУ░ЃтЄйТЋ░СИЇСИ║уЕ║, тѕЎУ░ЃућетЏъУ░ЃтЄйТЋ░
 645              		.loc 1 170 13 is_stmt 1 view .LVU170
 646              		.loc 1 170 32 is_stmt 0 view .LVU171
 647 0052 8369     		ldr	r3, [r0, #24]
 648              		.loc 1 170 16 view .LVU172
 649 0054 03B1     		cbz	r3, .L43
 171:bsp/spi/bsp_spi.c ****                 spi_instance[i]->callback(spi_instance[i]);
ARM GAS  C:\Users\ADMINI~1\AppData\Local\Temp\ccy90aRW.s 			page 16


 650              		.loc 1 171 17 is_stmt 1 view .LVU173
 651 0056 9847     		blx	r3
 652              	.LVL51:
 172:bsp/spi/bsp_spi.c ****             return;
 653              		.loc 1 172 13 view .LVU174
 654              	.L43:
 655              		.loc 1 172 13 is_stmt 0 view .LVU175
 656              	.LBE2:
 173:bsp/spi/bsp_spi.c ****         }
 174:bsp/spi/bsp_spi.c ****     }
 175:bsp/spi/bsp_spi.c **** }
 657              		.loc 1 175 1 view .LVU176
 658 0058 70BD     		pop	{r4, r5, r6, pc}
 659              	.LVL52:
 660              	.L51:
 661              		.loc 1 175 1 view .LVU177
 662 005a 00BF     		.align	2
 663              	.L50:
 664 005c 00000000 		.word	idx
 665 0060 00000000 		.word	spi_instance
 666              		.cfi_endproc
 667              	.LFE355:
 669              		.section	.text.HAL_SPI_TxRxCpltCallback,"ax",%progbits
 670              		.align	1
 671              		.global	HAL_SPI_TxRxCpltCallback
 672              		.syntax unified
 673              		.thumb
 674              		.thumb_func
 676              	HAL_SPI_TxRxCpltCallback:
 677              	.LVL53:
 678              	.LFB356:
 176:bsp/spi/bsp_spi.c **** 
 177:bsp/spi/bsp_spi.c **** /**
 178:bsp/spi/bsp_spi.c ****  * @brief тњїRxCpltCallbackтЁ▒ућеУДБТъљтЇ│тЈ»,У┐ЎжЄїтЈфТў»тйбт╝ЈСИіт░ЂУБЁСИђСИІ,СИЇућежЄЇтцЇтєЎ
 179:bsp/spi/bsp_spi.c ****  *        У┐ЎТў»т»╣HALт║Њуџё__weakтЄйТЋ░уџёжЄЇтєЎ,С╝аУЙЊСй┐ућеITТѕќDMAТеАт╝Ј,тюеС╝аУЙЊт«їТѕљТЌХС╝џУ
 180:bsp/spi/bsp_spi.c ****  * @param hspi spi handle
 181:bsp/spi/bsp_spi.c ****  */
 182:bsp/spi/bsp_spi.c **** void HAL_SPI_TxRxCpltCallback(SPI_HandleTypeDef *hspi)
 183:bsp/spi/bsp_spi.c **** {
 679              		.loc 1 183 1 is_stmt 1 view -0
 680              		.cfi_startproc
 681              		@ args = 0, pretend = 0, frame = 0
 682              		@ frame_needed = 0, uses_anonymous_args = 0
 683              		.loc 1 183 1 is_stmt 0 view .LVU179
 684 0000 08B5     		push	{r3, lr}
 685              	.LCFI8:
 686              		.cfi_def_cfa_offset 8
 687              		.cfi_offset 3, -8
 688              		.cfi_offset 14, -4
 184:bsp/spi/bsp_spi.c ****     HAL_SPI_RxCpltCallback(hspi); // уЏ┤ТјЦУ░ЃућеТјЦТћХт«їТѕљуџётЏъУ░ЃтЄйТЋ░
 689              		.loc 1 184 5 is_stmt 1 view .LVU180
 690 0002 FFF7FEFF 		bl	HAL_SPI_RxCpltCallback
 691              	.LVL54:
 185:bsp/spi/bsp_spi.c **** }
 692              		.loc 1 185 1 is_stmt 0 view .LVU181
 693 0006 08BD     		pop	{r3, pc}
 694              		.cfi_endproc
ARM GAS  C:\Users\ADMINI~1\AppData\Local\Temp\ccy90aRW.s 			page 17


 695              	.LFE356:
 697              		.global	SPIDeviceOnGoing
 698              		.section	.data.SPIDeviceOnGoing,"aw"
 699              		.align	2
 702              	SPIDeviceOnGoing:
 703 0000 0100     		.ascii	"\001\000"
 704              		.section	.bss.idx,"aw",%nobits
 707              	idx:
 708 0000 00       		.space	1
 709              		.section	.bss.spi_instance,"aw",%nobits
 710              		.align	2
 713              	spi_instance:
 714 0000 00000000 		.space	8
 714      00000000 
 715              		.text
 716              	.Letext0:
 717              		.file 2 "D:/14.3 rel1/arm-none-eabi/include/machine/_default_types.h"
 718              		.file 3 "D:/14.3 rel1/arm-none-eabi/include/sys/_stdint.h"
 719              		.file 4 "Drivers/CMSIS/Device/ST/STM32H7xx/Include/stm32h723xx.h"
 720              		.file 5 "D:/14.3 rel1/lib/gcc/arm-none-eabi/15.2.1/include/stddef.h"
 721              		.file 6 "Drivers/STM32H7xx_HAL_Driver/Inc/stm32h7xx_hal_def.h"
 722              		.file 7 "Drivers/STM32H7xx_HAL_Driver/Inc/stm32h7xx_hal_gpio.h"
 723              		.file 8 "Drivers/STM32H7xx_HAL_Driver/Inc/stm32h7xx_hal_dma.h"
 724              		.file 9 "Drivers/STM32H7xx_HAL_Driver/Inc/stm32h7xx_hal_spi.h"
 725              		.file 10 "bsp/spi/bsp_spi.h"
 726              		.file 11 "D:/14.3 rel1/arm-none-eabi/include/string.h"
 727              		.file 12 "D:/14.3 rel1/arm-none-eabi/include/stdlib.h"
 728              		.file 13 "<built-in>"
ARM GAS  C:\Users\ADMINI~1\AppData\Local\Temp\ccy90aRW.s 			page 18


DEFINED SYMBOLS
                            *ABS*:00000000 bsp_spi.c
C:\Users\ADMINI~1\AppData\Local\Temp\ccy90aRW.s:20     .text.SPIRegister:00000000 $t
C:\Users\ADMINI~1\AppData\Local\Temp\ccy90aRW.s:26     .text.SPIRegister:00000000 SPIRegister
C:\Users\ADMINI~1\AppData\Local\Temp\ccy90aRW.s:142    .text.SPIRegister:00000060 $d
C:\Users\ADMINI~1\AppData\Local\Temp\ccy90aRW.s:707    .bss.idx:00000000 idx
C:\Users\ADMINI~1\AppData\Local\Temp\ccy90aRW.s:702    .data.SPIDeviceOnGoing:00000000 SPIDeviceOnGoing
C:\Users\ADMINI~1\AppData\Local\Temp\ccy90aRW.s:713    .bss.spi_instance:00000000 spi_instance
C:\Users\ADMINI~1\AppData\Local\Temp\ccy90aRW.s:152    .text.SPITransmit:00000000 $t
C:\Users\ADMINI~1\AppData\Local\Temp\ccy90aRW.s:158    .text.SPITransmit:00000000 SPITransmit
C:\Users\ADMINI~1\AppData\Local\Temp\ccy90aRW.s:242    .text.SPIRecv:00000000 $t
C:\Users\ADMINI~1\AppData\Local\Temp\ccy90aRW.s:248    .text.SPIRecv:00000000 SPIRecv
C:\Users\ADMINI~1\AppData\Local\Temp\ccy90aRW.s:338    .text.SPITransRecv:00000000 $t
C:\Users\ADMINI~1\AppData\Local\Temp\ccy90aRW.s:344    .text.SPITransRecv:00000000 SPITransRecv
C:\Users\ADMINI~1\AppData\Local\Temp\ccy90aRW.s:512    .text.SPITransRecv:000000a4 $d
C:\Users\ADMINI~1\AppData\Local\Temp\ccy90aRW.s:519    .text.SPISetMode:00000000 $t
C:\Users\ADMINI~1\AppData\Local\Temp\ccy90aRW.s:525    .text.SPISetMode:00000000 SPISetMode
C:\Users\ADMINI~1\AppData\Local\Temp\ccy90aRW.s:558    .text.HAL_SPI_RxCpltCallback:00000000 $t
C:\Users\ADMINI~1\AppData\Local\Temp\ccy90aRW.s:564    .text.HAL_SPI_RxCpltCallback:00000000 HAL_SPI_RxCpltCallback
C:\Users\ADMINI~1\AppData\Local\Temp\ccy90aRW.s:664    .text.HAL_SPI_RxCpltCallback:0000005c $d
C:\Users\ADMINI~1\AppData\Local\Temp\ccy90aRW.s:670    .text.HAL_SPI_TxRxCpltCallback:00000000 $t
C:\Users\ADMINI~1\AppData\Local\Temp\ccy90aRW.s:676    .text.HAL_SPI_TxRxCpltCallback:00000000 HAL_SPI_TxRxCpltCallback
C:\Users\ADMINI~1\AppData\Local\Temp\ccy90aRW.s:699    .data.SPIDeviceOnGoing:00000000 $d
C:\Users\ADMINI~1\AppData\Local\Temp\ccy90aRW.s:708    .bss.idx:00000000 $d
C:\Users\ADMINI~1\AppData\Local\Temp\ccy90aRW.s:710    .bss.spi_instance:00000000 $d

UNDEFINED SYMBOLS
malloc
memset
HAL_GPIO_WritePin
HAL_SPI_Transmit_DMA
HAL_SPI_Transmit_IT
HAL_SPI_Transmit
HAL_SPI_Receive_DMA
HAL_SPI_Receive_IT
HAL_SPI_Receive
HAL_GPIO_ReadPin
HAL_SPI_TransmitReceive_DMA
HAL_SPI_TransmitReceive_IT
HAL_SPI_TransmitReceive
