ARM GAS  C:\Users\ADMINI~1\AppData\Local\Temp\ccRgSAS8.s 			page 1


   1              		.cpu cortex-m7
   2              		.arch armv7e-m
   3              		.fpu fpv5-d16
   4              		.eabi_attribute 28, 1
   5              		.eabi_attribute 20, 1
   6              		.eabi_attribute 21, 1
   7              		.eabi_attribute 23, 3
   8              		.eabi_attribute 24, 1
   9              		.eabi_attribute 25, 1
  10              		.eabi_attribute 26, 1
  11              		.eabi_attribute 30, 1
  12              		.eabi_attribute 34, 1
  13              		.eabi_attribute 18, 4
  14              		.file	"controller.c"
  15              		.text
  16              	.Ltext0:
  17              		.cfi_sections	.debug_frame
  18              		.file 1 "modules/algorithm/controller.c"
  19              		.section	.text.f_Trapezoid_Intergral,"ax",%progbits
  20              		.align	1
  21              		.syntax unified
  22              		.thumb
  23              		.thumb_func
  25              	f_Trapezoid_Intergral:
  26              	.LVL0:
  27              	.LFB394:
   1:modules/algorithm/controller.c **** /**
   2:modules/algorithm/controller.c ****  * @file controller.c
   3:modules/algorithm/controller.c ****  * @author wanghongxi
   4:modules/algorithm/controller.c ****  * @author modified by neozng
   5:modules/algorithm/controller.c ****  * @brief  PID控制器定义
   6:modules/algorithm/controller.c ****  * @version beta
   7:modules/algorithm/controller.c ****  * @date 2022-11-01
   8:modules/algorithm/controller.c ****  *
   9:modules/algorithm/controller.c ****  * @copyrightCopyright (c) 2022 HNU YueLu EC all rights reserved
  10:modules/algorithm/controller.c ****  */
  11:modules/algorithm/controller.c **** #include "controller.h"
  12:modules/algorithm/controller.c **** #include "memory.h"
  13:modules/algorithm/controller.c **** 
  14:modules/algorithm/controller.c **** /* ----------------------------下面是pid优化环节的实现---------------------------- */
  15:modules/algorithm/controller.c **** 
  16:modules/algorithm/controller.c **** // 梯形积分
  17:modules/algorithm/controller.c **** static void f_Trapezoid_Intergral(PIDInstance *pid)
  18:modules/algorithm/controller.c **** {
  28              		.loc 1 18 1 view -0
  29              		.cfi_startproc
  30              		@ args = 0, pretend = 0, frame = 0
  31              		@ frame_needed = 0, uses_anonymous_args = 0
  32              		@ link register save eliminated.
  19:modules/algorithm/controller.c ****     // 计算梯形的面积,(上底+下底)*高/2
  20:modules/algorithm/controller.c ****     pid->ITerm = pid->Ki * ((pid->Err + pid->Last_Err) / 2) * pid->dt;
  33              		.loc 1 20 5 view .LVU1
  34              		.loc 1 20 21 is_stmt 0 view .LVU2
  35 0000 D0ED017A 		vldr.32	s15, [r0, #4]
  36              		.loc 1 20 33 view .LVU3
  37 0004 90ED0D7A 		vldr.32	s14, [r0, #52]
  38              		.loc 1 20 44 view .LVU4
ARM GAS  C:\Users\ADMINI~1\AppData\Local\Temp\ccRgSAS8.s 			page 2


  39 0008 D0ED0E6A 		vldr.32	s13, [r0, #56]
  40              		.loc 1 20 39 view .LVU5
  41 000c 37EE267A 		vadd.f32	s14, s14, s13
  42              		.loc 1 20 56 view .LVU6
  43 0010 F6EE006A 		vmov.f32	s13, #5.0e-1
  44 0014 27EE267A 		vmul.f32	s14, s14, s13
  45              		.loc 1 20 26 view .LVU7
  46 0018 67EE877A 		vmul.f32	s15, s15, s14
  47              		.loc 1 20 66 view .LVU8
  48 001c 90ED197A 		vldr.32	s14, [r0, #100]
  49              		.loc 1 20 61 view .LVU9
  50 0020 67EE877A 		vmul.f32	s15, s15, s14
  51              		.loc 1 20 16 view .LVU10
  52 0024 C0ED137A 		vstr.32	s15, [r0, #76]
  21:modules/algorithm/controller.c **** }
  53              		.loc 1 21 1 view .LVU11
  54 0028 7047     		bx	lr
  55              		.cfi_endproc
  56              	.LFE394:
  58              		.section	.text.f_Changing_Integration_Rate,"ax",%progbits
  59              		.align	1
  60              		.syntax unified
  61              		.thumb
  62              		.thumb_func
  64              	f_Changing_Integration_Rate:
  65              	.LVL1:
  66              	.LFB395:
  22:modules/algorithm/controller.c **** 
  23:modules/algorithm/controller.c **** // 变速积分(误差小时积分作用更强)
  24:modules/algorithm/controller.c **** static void f_Changing_Integration_Rate(PIDInstance *pid)
  25:modules/algorithm/controller.c **** {
  67              		.loc 1 25 1 is_stmt 1 view -0
  68              		.cfi_startproc
  69              		@ args = 0, pretend = 0, frame = 0
  70              		@ frame_needed = 0, uses_anonymous_args = 0
  71              		@ link register save eliminated.
  26:modules/algorithm/controller.c ****     if (pid->Err * pid->Iout > 0)
  72              		.loc 1 26 5 view .LVU13
  73              		.loc 1 26 12 is_stmt 0 view .LVU14
  74 0000 D0ED0D7A 		vldr.32	s15, [r0, #52]
  75              		.loc 1 26 23 view .LVU15
  76 0004 90ED117A 		vldr.32	s14, [r0, #68]
  77              		.loc 1 26 18 view .LVU16
  78 0008 27EE877A 		vmul.f32	s14, s15, s14
  79              		.loc 1 26 8 view .LVU17
  80 000c B5EEC07A 		vcmpe.f32	s14, #0
  81 0010 F1EE10FA 		vmrs	APSR_nzcv, FPSCR
  82 0014 26DD     		ble	.L2
  27:modules/algorithm/controller.c ****     {
  28:modules/algorithm/controller.c ****         // 积分呈累积趋势
  29:modules/algorithm/controller.c ****         if (abs(pid->Err) <= pid->CoefB)
  83              		.loc 1 29 9 is_stmt 1 view .LVU18
  84              		.loc 1 29 13 is_stmt 0 view .LVU19
  85 0016 F5EEC07A 		vcmpe.f32	s15, #0
  86 001a F1EE10FA 		vmrs	APSR_nzcv, FPSCR
  87 001e 1CDD     		ble	.L11
  88              	.L5:
ARM GAS  C:\Users\ADMINI~1\AppData\Local\Temp\ccRgSAS8.s 			page 3


  89              		.loc 1 29 33 discriminator 4 view .LVU20
  90 0020 90ED087A 		vldr.32	s14, [r0, #32]
  91              		.loc 1 29 12 discriminator 4 view .LVU21
  92 0024 B4EEE77A 		vcmpe.f32	s14, s15
  93 0028 F1EE10FA 		vmrs	APSR_nzcv, FPSCR
  94 002c 1ADA     		bge	.L2
  30:modules/algorithm/controller.c ****             return; // Full integral
  31:modules/algorithm/controller.c ****         if (abs(pid->Err) <= (pid->CoefA + pid->CoefB))
  95              		.loc 1 31 9 is_stmt 1 view .LVU22
  96              		.loc 1 31 34 is_stmt 0 discriminator 4 view .LVU23
  97 002e D0ED076A 		vldr.32	s13, [r0, #28]
  98              		.loc 1 31 42 discriminator 4 view .LVU24
  99 0032 37EE266A 		vadd.f32	s12, s14, s13
 100              		.loc 1 31 12 discriminator 4 view .LVU25
 101 0036 B4EEE76A 		vcmpe.f32	s12, s15
 102 003a F1EE10FA 		vmrs	APSR_nzcv, FPSCR
 103 003e 0FDB     		blt	.L10
  32:modules/algorithm/controller.c ****             pid->ITerm *= (pid->CoefA - abs(pid->Err) + pid->CoefB) / pid->CoefA;
 104              		.loc 1 32 13 is_stmt 1 view .LVU26
 105              		.loc 1 32 16 is_stmt 0 view .LVU27
 106 0040 90ED136A 		vldr.32	s12, [r0, #76]
 107              		.loc 1 32 39 discriminator 4 view .LVU28
 108 0044 76EEE77A 		vsub.f32	s15, s13, s15
 109              		.loc 1 32 55 discriminator 4 view .LVU29
 110 0048 37EE277A 		vadd.f32	s14, s14, s15
 111              		.loc 1 32 69 discriminator 4 view .LVU30
 112 004c C7EE267A 		vdiv.f32	s15, s14, s13
 113              		.loc 1 32 24 discriminator 4 view .LVU31
 114 0050 66EE277A 		vmul.f32	s15, s12, s15
 115 0054 C0ED137A 		vstr.32	s15, [r0, #76]
 116 0058 7047     		bx	lr
 117              	.L11:
  29:modules/algorithm/controller.c ****             return; // Full integral
 118              		.loc 1 29 13 discriminator 2 view .LVU32
 119 005a F1EE677A 		vneg.f32	s15, s15
 120 005e DFE7     		b	.L5
 121              	.L10:
  33:modules/algorithm/controller.c ****         else // 最大阈值,不使用积分
  34:modules/algorithm/controller.c ****             pid->ITerm = 0;
 122              		.loc 1 34 13 is_stmt 1 view .LVU33
 123              		.loc 1 34 24 is_stmt 0 view .LVU34
 124 0060 0023     		movs	r3, #0
 125 0062 C364     		str	r3, [r0, #76]	@ float
 126              	.L2:
  35:modules/algorithm/controller.c ****     }
  36:modules/algorithm/controller.c **** }
 127              		.loc 1 36 1 view .LVU35
 128 0064 7047     		bx	lr
 129              		.cfi_endproc
 130              	.LFE395:
 132              		.section	.text.f_Integral_Limit,"ax",%progbits
 133              		.align	1
 134              		.syntax unified
 135              		.thumb
 136              		.thumb_func
 138              	f_Integral_Limit:
 139              	.LVL2:
ARM GAS  C:\Users\ADMINI~1\AppData\Local\Temp\ccRgSAS8.s 			page 4


 140              	.LFB396:
  37:modules/algorithm/controller.c **** 
  38:modules/algorithm/controller.c **** static void f_Integral_Limit(PIDInstance *pid)
  39:modules/algorithm/controller.c **** {
 141              		.loc 1 39 1 is_stmt 1 view -0
 142              		.cfi_startproc
 143              		@ args = 0, pretend = 0, frame = 0
 144              		@ frame_needed = 0, uses_anonymous_args = 0
 145              		@ link register save eliminated.
  40:modules/algorithm/controller.c ****     static float temp_Output, temp_Iout;
 146              		.loc 1 40 5 view .LVU37
  41:modules/algorithm/controller.c ****     temp_Iout = pid->Iout + pid->ITerm;
 147              		.loc 1 41 5 view .LVU38
 148              		.loc 1 41 20 is_stmt 0 view .LVU39
 149 0000 D0ED116A 		vldr.32	s13, [r0, #68]
 150              		.loc 1 41 32 view .LVU40
 151 0004 90ED137A 		vldr.32	s14, [r0, #76]
 152              		.loc 1 41 27 view .LVU41
 153 0008 36EE877A 		vadd.f32	s14, s13, s14
 154              		.loc 1 41 15 view .LVU42
 155 000c 1F4B     		ldr	r3, .L26
 156 000e 83ED007A 		vstr.32	s14, [r3]
  42:modules/algorithm/controller.c ****     temp_Output = pid->Pout + pid->Iout + pid->Dout;
 157              		.loc 1 42 5 is_stmt 1 view .LVU43
 158              		.loc 1 42 22 is_stmt 0 view .LVU44
 159 0012 D0ED107A 		vldr.32	s15, [r0, #64]
 160              		.loc 1 42 29 view .LVU45
 161 0016 76EEA77A 		vadd.f32	s15, s13, s15
 162              		.loc 1 42 46 view .LVU46
 163 001a 90ED126A 		vldr.32	s12, [r0, #72]
 164              		.loc 1 42 41 view .LVU47
 165 001e 77EE867A 		vadd.f32	s15, s15, s12
 166              		.loc 1 42 17 view .LVU48
 167 0022 1B4B     		ldr	r3, .L26+4
 168 0024 C3ED007A 		vstr.32	s15, [r3]
  43:modules/algorithm/controller.c ****     if (abs(temp_Output) > pid->MaxOut)
 169              		.loc 1 43 5 is_stmt 1 view .LVU49
 170              		.loc 1 43 9 is_stmt 0 view .LVU50
 171 0028 F5EEC07A 		vcmpe.f32	s15, #0
 172 002c F1EE10FA 		vmrs	APSR_nzcv, FPSCR
 173 0030 28DD     		ble	.L25
 174              	.L13:
 175              		.loc 1 43 31 discriminator 4 view .LVU51
 176 0032 90ED036A 		vldr.32	s12, [r0, #12]
 177              		.loc 1 43 8 discriminator 4 view .LVU52
 178 0036 B4EEE76A 		vcmpe.f32	s12, s15
 179 003a F1EE10FA 		vmrs	APSR_nzcv, FPSCR
 180 003e 0AD5     		bpl	.L14
  44:modules/algorithm/controller.c ****     {
  45:modules/algorithm/controller.c ****         if (pid->Err * pid->Iout > 0) // 积分却还在累积
 181              		.loc 1 45 9 is_stmt 1 view .LVU53
 182              		.loc 1 45 16 is_stmt 0 view .LVU54
 183 0040 D0ED0D7A 		vldr.32	s15, [r0, #52]
 184              		.loc 1 45 22 view .LVU55
 185 0044 66EEA76A 		vmul.f32	s13, s13, s15
 186              		.loc 1 45 12 view .LVU56
 187 0048 F5EEC06A 		vcmpe.f32	s13, #0
ARM GAS  C:\Users\ADMINI~1\AppData\Local\Temp\ccRgSAS8.s 			page 5


 188 004c F1EE10FA 		vmrs	APSR_nzcv, FPSCR
 189 0050 01DD     		ble	.L14
  46:modules/algorithm/controller.c ****         {
  47:modules/algorithm/controller.c ****             pid->ITerm = 0; // 当前积分项置零
 190              		.loc 1 47 13 is_stmt 1 view .LVU57
 191              		.loc 1 47 24 is_stmt 0 view .LVU58
 192 0052 0023     		movs	r3, #0
 193 0054 C364     		str	r3, [r0, #76]	@ float
 194              	.L14:
  48:modules/algorithm/controller.c ****         }
  49:modules/algorithm/controller.c ****     }
  50:modules/algorithm/controller.c **** 
  51:modules/algorithm/controller.c ****     if (temp_Iout > pid->IntegralLimit)
 195              		.loc 1 51 5 is_stmt 1 view .LVU59
 196              		.loc 1 51 24 is_stmt 0 view .LVU60
 197 0056 D0ED067A 		vldr.32	s15, [r0, #24]
 198              		.loc 1 51 8 view .LVU61
 199 005a B4EEE77A 		vcmpe.f32	s14, s15
 200 005e F1EE10FA 		vmrs	APSR_nzcv, FPSCR
 201 0062 03DD     		ble	.L17
  52:modules/algorithm/controller.c ****     {
  53:modules/algorithm/controller.c ****         pid->ITerm = 0;
 202              		.loc 1 53 9 is_stmt 1 view .LVU62
 203              		.loc 1 53 20 is_stmt 0 view .LVU63
 204 0064 0023     		movs	r3, #0
 205 0066 C364     		str	r3, [r0, #76]	@ float
  54:modules/algorithm/controller.c ****         pid->Iout = pid->IntegralLimit;
 206              		.loc 1 54 9 is_stmt 1 view .LVU64
 207              		.loc 1 54 19 is_stmt 0 view .LVU65
 208 0068 C0ED117A 		vstr.32	s15, [r0, #68]
 209              	.L17:
  55:modules/algorithm/controller.c ****     }
  56:modules/algorithm/controller.c ****     if (temp_Iout < -pid->IntegralLimit)
 210              		.loc 1 56 5 is_stmt 1 view .LVU66
 211              		.loc 1 56 21 is_stmt 0 view .LVU67
 212 006c F1EE677A 		vneg.f32	s15, s15
 213              		.loc 1 56 8 view .LVU68
 214 0070 B4EEE77A 		vcmpe.f32	s14, s15
 215 0074 F1EE10FA 		vmrs	APSR_nzcv, FPSCR
 216 0078 03D5     		bpl	.L12
  57:modules/algorithm/controller.c ****     {
  58:modules/algorithm/controller.c ****         pid->ITerm = 0;
 217              		.loc 1 58 9 is_stmt 1 view .LVU69
 218              		.loc 1 58 20 is_stmt 0 view .LVU70
 219 007a 0023     		movs	r3, #0
 220 007c C364     		str	r3, [r0, #76]	@ float
  59:modules/algorithm/controller.c ****         pid->Iout = -pid->IntegralLimit;
 221              		.loc 1 59 9 is_stmt 1 view .LVU71
 222              		.loc 1 59 19 is_stmt 0 view .LVU72
 223 007e C0ED117A 		vstr.32	s15, [r0, #68]
 224              	.L12:
  60:modules/algorithm/controller.c ****     }
  61:modules/algorithm/controller.c **** }
 225              		.loc 1 61 1 view .LVU73
 226 0082 7047     		bx	lr
 227              	.L25:
  43:modules/algorithm/controller.c ****     {
ARM GAS  C:\Users\ADMINI~1\AppData\Local\Temp\ccRgSAS8.s 			page 6


 228              		.loc 1 43 9 discriminator 2 view .LVU74
 229 0084 F1EE677A 		vneg.f32	s15, s15
 230 0088 D3E7     		b	.L13
 231              	.L27:
 232 008a 00BF     		.align	2
 233              	.L26:
 234 008c 00000000 		.word	temp_Iout.1
 235 0090 00000000 		.word	temp_Output.0
 236              		.cfi_endproc
 237              	.LFE396:
 239              		.section	.text.f_Derivative_On_Measurement,"ax",%progbits
 240              		.align	1
 241              		.syntax unified
 242              		.thumb
 243              		.thumb_func
 245              	f_Derivative_On_Measurement:
 246              	.LVL3:
 247              	.LFB397:
  62:modules/algorithm/controller.c **** 
  63:modules/algorithm/controller.c **** // 微分先行(仅使用反馈值而不计参考输入的微分)
  64:modules/algorithm/controller.c **** static void f_Derivative_On_Measurement(PIDInstance *pid)
  65:modules/algorithm/controller.c **** {
 248              		.loc 1 65 1 is_stmt 1 view -0
 249              		.cfi_startproc
 250              		@ args = 0, pretend = 0, frame = 0
 251              		@ frame_needed = 0, uses_anonymous_args = 0
 252              		@ link register save eliminated.
  66:modules/algorithm/controller.c ****     pid->Dout = pid->Kd * (pid->Last_Measure - pid->Measure) / pid->dt;
 253              		.loc 1 66 5 view .LVU76
 254              		.loc 1 66 20 is_stmt 0 view .LVU77
 255 0000 D0ED027A 		vldr.32	s15, [r0, #8]
 256              		.loc 1 66 31 view .LVU78
 257 0004 90ED0C7A 		vldr.32	s14, [r0, #48]
 258              		.loc 1 66 51 view .LVU79
 259 0008 D0ED0B6A 		vldr.32	s13, [r0, #44]
 260              		.loc 1 66 46 view .LVU80
 261 000c 37EE667A 		vsub.f32	s14, s14, s13
 262              		.loc 1 66 25 view .LVU81
 263 0010 67EE877A 		vmul.f32	s15, s15, s14
 264              		.loc 1 66 67 view .LVU82
 265 0014 D0ED196A 		vldr.32	s13, [r0, #100]
 266              		.loc 1 66 62 view .LVU83
 267 0018 87EEA67A 		vdiv.f32	s14, s15, s13
 268              		.loc 1 66 15 view .LVU84
 269 001c 80ED127A 		vstr.32	s14, [r0, #72]
  67:modules/algorithm/controller.c **** }
 270              		.loc 1 67 1 view .LVU85
 271 0020 7047     		bx	lr
 272              		.cfi_endproc
 273              	.LFE397:
 275              		.section	.text.f_Derivative_Filter,"ax",%progbits
 276              		.align	1
 277              		.syntax unified
 278              		.thumb
 279              		.thumb_func
 281              	f_Derivative_Filter:
 282              	.LVL4:
ARM GAS  C:\Users\ADMINI~1\AppData\Local\Temp\ccRgSAS8.s 			page 7


 283              	.LFB398:
  68:modules/algorithm/controller.c **** 
  69:modules/algorithm/controller.c **** // 微分滤波(采集微分时,滤除高频噪声)
  70:modules/algorithm/controller.c **** static void f_Derivative_Filter(PIDInstance *pid)
  71:modules/algorithm/controller.c **** {
 284              		.loc 1 71 1 is_stmt 1 view -0
 285              		.cfi_startproc
 286              		@ args = 0, pretend = 0, frame = 0
 287              		@ frame_needed = 0, uses_anonymous_args = 0
 288              		@ link register save eliminated.
  72:modules/algorithm/controller.c ****     pid->Dout = pid->Dout * pid->dt / (pid->Derivative_LPF_RC + pid->dt) +
 289              		.loc 1 72 5 view .LVU87
 290              		.loc 1 72 20 is_stmt 0 view .LVU88
 291 0000 90ED126A 		vldr.32	s12, [r0, #72]
 292              		.loc 1 72 32 view .LVU89
 293 0004 D0ED197A 		vldr.32	s15, [r0, #100]
 294              		.loc 1 72 27 view .LVU90
 295 0008 26EE276A 		vmul.f32	s12, s12, s15
 296              		.loc 1 72 43 view .LVU91
 297 000c 90ED0A7A 		vldr.32	s14, [r0, #40]
 298              		.loc 1 72 63 view .LVU92
 299 0010 77EE877A 		vadd.f32	s15, s15, s14
 300              		.loc 1 72 37 view .LVU93
 301 0014 C6EE276A 		vdiv.f32	s13, s12, s15
  73:modules/algorithm/controller.c ****                 pid->Last_Dout * pid->Derivative_LPF_RC / (pid->Derivative_LPF_RC + pid->dt);
 302              		.loc 1 73 20 view .LVU94
 303 0018 90ED166A 		vldr.32	s12, [r0, #88]
 304              		.loc 1 73 32 view .LVU95
 305 001c 27EE067A 		vmul.f32	s14, s14, s12
 306              		.loc 1 73 57 view .LVU96
 307 0020 87EE276A 		vdiv.f32	s12, s14, s15
  72:modules/algorithm/controller.c ****     pid->Dout = pid->Dout * pid->dt / (pid->Derivative_LPF_RC + pid->dt) +
 308              		.loc 1 72 74 view .LVU97
 309 0024 76EE867A 		vadd.f32	s15, s13, s12
  72:modules/algorithm/controller.c ****     pid->Dout = pid->Dout * pid->dt / (pid->Derivative_LPF_RC + pid->dt) +
 310              		.loc 1 72 15 view .LVU98
 311 0028 C0ED127A 		vstr.32	s15, [r0, #72]
  74:modules/algorithm/controller.c **** }
 312              		.loc 1 74 1 view .LVU99
 313 002c 7047     		bx	lr
 314              		.cfi_endproc
 315              	.LFE398:
 317              		.section	.text.f_Output_Filter,"ax",%progbits
 318              		.align	1
 319              		.syntax unified
 320              		.thumb
 321              		.thumb_func
 323              	f_Output_Filter:
 324              	.LVL5:
 325              	.LFB399:
  75:modules/algorithm/controller.c **** 
  76:modules/algorithm/controller.c **** // 输出滤波
  77:modules/algorithm/controller.c **** static void f_Output_Filter(PIDInstance *pid)
  78:modules/algorithm/controller.c **** {
 326              		.loc 1 78 1 is_stmt 1 view -0
 327              		.cfi_startproc
 328              		@ args = 0, pretend = 0, frame = 0
ARM GAS  C:\Users\ADMINI~1\AppData\Local\Temp\ccRgSAS8.s 			page 8


 329              		@ frame_needed = 0, uses_anonymous_args = 0
 330              		@ link register save eliminated.
  79:modules/algorithm/controller.c ****     pid->Output = pid->Output * pid->dt / (pid->Output_LPF_RC + pid->dt) +
 331              		.loc 1 79 5 view .LVU101
 332              		.loc 1 79 22 is_stmt 0 view .LVU102
 333 0000 90ED146A 		vldr.32	s12, [r0, #80]
 334              		.loc 1 79 36 view .LVU103
 335 0004 D0ED197A 		vldr.32	s15, [r0, #100]
 336              		.loc 1 79 31 view .LVU104
 337 0008 26EE276A 		vmul.f32	s12, s12, s15
 338              		.loc 1 79 47 view .LVU105
 339 000c 90ED097A 		vldr.32	s14, [r0, #36]
 340              		.loc 1 79 63 view .LVU106
 341 0010 77EE877A 		vadd.f32	s15, s15, s14
 342              		.loc 1 79 41 view .LVU107
 343 0014 C6EE276A 		vdiv.f32	s13, s12, s15
  80:modules/algorithm/controller.c ****                   pid->Last_Output * pid->Output_LPF_RC / (pid->Output_LPF_RC + pid->dt);
 344              		.loc 1 80 22 view .LVU108
 345 0018 90ED156A 		vldr.32	s12, [r0, #84]
 346              		.loc 1 80 36 view .LVU109
 347 001c 27EE067A 		vmul.f32	s14, s14, s12
 348              		.loc 1 80 57 view .LVU110
 349 0020 87EE276A 		vdiv.f32	s12, s14, s15
  79:modules/algorithm/controller.c ****     pid->Output = pid->Output * pid->dt / (pid->Output_LPF_RC + pid->dt) +
 350              		.loc 1 79 74 view .LVU111
 351 0024 76EE867A 		vadd.f32	s15, s13, s12
  79:modules/algorithm/controller.c ****     pid->Output = pid->Output * pid->dt / (pid->Output_LPF_RC + pid->dt) +
 352              		.loc 1 79 17 view .LVU112
 353 0028 C0ED147A 		vstr.32	s15, [r0, #80]
  81:modules/algorithm/controller.c **** }
 354              		.loc 1 81 1 view .LVU113
 355 002c 7047     		bx	lr
 356              		.cfi_endproc
 357              	.LFE399:
 359              		.section	.text.f_Output_Limit,"ax",%progbits
 360              		.align	1
 361              		.syntax unified
 362              		.thumb
 363              		.thumb_func
 365              	f_Output_Limit:
 366              	.LVL6:
 367              	.LFB400:
  82:modules/algorithm/controller.c **** 
  83:modules/algorithm/controller.c **** // 输出限幅
  84:modules/algorithm/controller.c **** static void f_Output_Limit(PIDInstance *pid)
  85:modules/algorithm/controller.c **** {
 368              		.loc 1 85 1 is_stmt 1 view -0
 369              		.cfi_startproc
 370              		@ args = 0, pretend = 0, frame = 0
 371              		@ frame_needed = 0, uses_anonymous_args = 0
 372              		@ link register save eliminated.
  86:modules/algorithm/controller.c ****     if (pid->Output > pid->MaxOut)
 373              		.loc 1 86 5 view .LVU115
 374              		.loc 1 86 12 is_stmt 0 view .LVU116
 375 0000 90ED147A 		vldr.32	s14, [r0, #80]
 376              		.loc 1 86 26 view .LVU117
 377 0004 D0ED037A 		vldr.32	s15, [r0, #12]
ARM GAS  C:\Users\ADMINI~1\AppData\Local\Temp\ccRgSAS8.s 			page 9


 378              		.loc 1 86 8 view .LVU118
 379 0008 B4EEE77A 		vcmpe.f32	s14, s15
 380 000c F1EE10FA 		vmrs	APSR_nzcv, FPSCR
 381 0010 01DD     		ble	.L32
  87:modules/algorithm/controller.c ****     {
  88:modules/algorithm/controller.c ****         pid->Output = pid->MaxOut;
 382              		.loc 1 88 9 is_stmt 1 view .LVU119
 383              		.loc 1 88 21 is_stmt 0 view .LVU120
 384 0012 C0ED147A 		vstr.32	s15, [r0, #80]
 385              	.L32:
  89:modules/algorithm/controller.c ****     }
  90:modules/algorithm/controller.c ****     if (pid->Output < -(pid->MaxOut))
 386              		.loc 1 90 5 is_stmt 1 view .LVU121
 387              		.loc 1 90 12 is_stmt 0 view .LVU122
 388 0016 90ED147A 		vldr.32	s14, [r0, #80]
 389              		.loc 1 90 23 view .LVU123
 390 001a F1EE677A 		vneg.f32	s15, s15
 391              		.loc 1 90 8 view .LVU124
 392 001e B4EEE77A 		vcmpe.f32	s14, s15
 393 0022 F1EE10FA 		vmrs	APSR_nzcv, FPSCR
 394 0026 01D5     		bpl	.L31
  91:modules/algorithm/controller.c ****     {
  92:modules/algorithm/controller.c ****         pid->Output = -(pid->MaxOut);
 395              		.loc 1 92 9 is_stmt 1 view .LVU125
 396              		.loc 1 92 21 is_stmt 0 view .LVU126
 397 0028 C0ED147A 		vstr.32	s15, [r0, #80]
 398              	.L31:
  93:modules/algorithm/controller.c ****     }
  94:modules/algorithm/controller.c **** }
 399              		.loc 1 94 1 view .LVU127
 400 002c 7047     		bx	lr
 401              		.cfi_endproc
 402              	.LFE400:
 404              		.section	.text.f_PID_ErrorHandle,"ax",%progbits
 405              		.align	1
 406              		.syntax unified
 407              		.thumb
 408              		.thumb_func
 410              	f_PID_ErrorHandle:
 411              	.LVL7:
 412              	.LFB401:
  95:modules/algorithm/controller.c **** 
  96:modules/algorithm/controller.c **** // 电机堵转检测
  97:modules/algorithm/controller.c **** static void f_PID_ErrorHandle(PIDInstance *pid)
  98:modules/algorithm/controller.c **** {
 413              		.loc 1 98 1 is_stmt 1 view -0
 414              		.cfi_startproc
 415              		@ args = 0, pretend = 0, frame = 0
 416              		@ frame_needed = 0, uses_anonymous_args = 0
 417              		@ link register save eliminated.
  99:modules/algorithm/controller.c ****     /*Motor Blocked Handle*/
 100:modules/algorithm/controller.c ****     if (fabsf(pid->Output) < pid->MaxOut * 0.001f || fabsf(pid->Ref) < 0.0001f)
 418              		.loc 1 100 5 view .LVU129
 419              		.loc 1 100 18 is_stmt 0 view .LVU130
 420 0000 90ED147A 		vldr.32	s14, [r0, #80]
 421              		.loc 1 100 9 view .LVU131
 422 0004 B0EEC77A 		vabs.f32	s14, s14
ARM GAS  C:\Users\ADMINI~1\AppData\Local\Temp\ccRgSAS8.s 			page 10


 423              		.loc 1 100 33 view .LVU132
 424 0008 D0ED037A 		vldr.32	s15, [r0, #12]
 425              		.loc 1 100 42 view .LVU133
 426 000c DFED1D6A 		vldr.32	s13, .L45
 427 0010 67EEA67A 		vmul.f32	s15, s15, s13
 428              		.loc 1 100 8 view .LVU134
 429 0014 B4EEE77A 		vcmpe.f32	s14, s15
 430 0018 F1EE10FA 		vmrs	APSR_nzcv, FPSCR
 431 001c 2BD4     		bmi	.L38
 432              		.loc 1 100 63 discriminator 1 view .LVU135
 433 001e D0ED177A 		vldr.32	s15, [r0, #92]
 434              		.loc 1 100 54 discriminator 1 view .LVU136
 435 0022 B0EEE77A 		vabs.f32	s14, s15
 436              		.loc 1 100 51 discriminator 1 view .LVU137
 437 0026 DFED186A 		vldr.32	s13, .L45+4
 438 002a B4EEE67A 		vcmpe.f32	s14, s13
 439 002e F1EE10FA 		vmrs	APSR_nzcv, FPSCR
 440 0032 20D4     		bmi	.L38
 101:modules/algorithm/controller.c ****         return;
 102:modules/algorithm/controller.c **** 
 103:modules/algorithm/controller.c ****     if ((fabsf(pid->Ref - pid->Measure) / fabsf(pid->Ref)) > 0.95f)
 441              		.loc 1 103 5 is_stmt 1 view .LVU138
 442              		.loc 1 103 30 is_stmt 0 view .LVU139
 443 0034 D0ED0B6A 		vldr.32	s13, [r0, #44]
 444              		.loc 1 103 25 view .LVU140
 445 0038 77EEE67A 		vsub.f32	s15, s15, s13
 446              		.loc 1 103 10 view .LVU141
 447 003c F0EEE77A 		vabs.f32	s15, s15
 448              		.loc 1 103 41 view .LVU142
 449 0040 C7EE876A 		vdiv.f32	s13, s15, s14
 450              		.loc 1 103 8 view .LVU143
 451 0044 DFED117A 		vldr.32	s15, .L45+8
 452 0048 F4EEE76A 		vcmpe.f32	s13, s15
 453 004c F1EE10FA 		vmrs	APSR_nzcv, FPSCR
 454 0050 12DD     		ble	.L44
 104:modules/algorithm/controller.c ****     {
 105:modules/algorithm/controller.c ****         // Motor blocked counting
 106:modules/algorithm/controller.c ****         pid->ERRORHandler.ERRORCount++;
 455              		.loc 1 106 9 is_stmt 1 view .LVU144
 456              		.loc 1 106 26 is_stmt 0 view .LVU145
 457 0052 836E     		ldr	r3, [r0, #104]
 458 0054 C26E     		ldr	r2, [r0, #108]
 459              		.loc 1 106 37 view .LVU146
 460 0056 0133     		adds	r3, r3, #1
 461 0058 42F10002 		adc	r2, r2, #0
 462 005c 8366     		str	r3, [r0, #104]
 463 005e C266     		str	r2, [r0, #108]
 464              	.L42:
 107:modules/algorithm/controller.c ****     }
 108:modules/algorithm/controller.c ****     else
 109:modules/algorithm/controller.c ****     {
 110:modules/algorithm/controller.c ****         pid->ERRORHandler.ERRORCount = 0;
 111:modules/algorithm/controller.c ****     }
 112:modules/algorithm/controller.c **** 
 113:modules/algorithm/controller.c ****     if (pid->ERRORHandler.ERRORCount > 500)
 465              		.loc 1 113 5 is_stmt 1 view .LVU147
 466              		.loc 1 113 26 is_stmt 0 view .LVU148
ARM GAS  C:\Users\ADMINI~1\AppData\Local\Temp\ccRgSAS8.s 			page 11


 467 0060 816E     		ldr	r1, [r0, #104]
 468 0062 C36E     		ldr	r3, [r0, #108]
 469              		.loc 1 113 8 view .LVU149
 470 0064 40F2F512 		movw	r2, #501
 471 0068 9142     		cmp	r1, r2
 472 006a 73F10003 		sbcs	r3, r3, #0
 473 006e 02D3     		bcc	.L38
 114:modules/algorithm/controller.c ****     {
 115:modules/algorithm/controller.c ****         // Motor blocked over 1000times
 116:modules/algorithm/controller.c ****         pid->ERRORHandler.ERRORType = PID_MOTOR_BLOCKED_ERROR;
 474              		.loc 1 116 9 is_stmt 1 view .LVU150
 475              		.loc 1 116 37 is_stmt 0 view .LVU151
 476 0070 0123     		movs	r3, #1
 477 0072 80F87030 		strb	r3, [r0, #112]
 478              	.L38:
 117:modules/algorithm/controller.c ****     }
 118:modules/algorithm/controller.c **** }
 479              		.loc 1 118 1 view .LVU152
 480 0076 7047     		bx	lr
 481              	.L44:
 110:modules/algorithm/controller.c ****     }
 482              		.loc 1 110 9 is_stmt 1 view .LVU153
 110:modules/algorithm/controller.c ****     }
 483              		.loc 1 110 38 is_stmt 0 view .LVU154
 484 0078 0022     		movs	r2, #0
 485 007a 0023     		movs	r3, #0
 486 007c C0E91A23 		strd	r2, [r0, #104]
 487 0080 EEE7     		b	.L42
 488              	.L46:
 489 0082 00BF     		.align	2
 490              	.L45:
 491 0084 6F12833A 		.word	981668463
 492 0088 17B7D138 		.word	953267991
 493 008c 3333733F 		.word	1064514355
 494              		.cfi_endproc
 495              	.LFE401:
 497              		.section	.text.PIDInit,"ax",%progbits
 498              		.align	1
 499              		.global	PIDInit
 500              		.syntax unified
 501              		.thumb
 502              		.thumb_func
 504              	PIDInit:
 505              	.LVL8:
 506              	.LFB402:
 119:modules/algorithm/controller.c **** 
 120:modules/algorithm/controller.c **** /* ---------------------------下面是PID的外部算法接口--------------------------- */
 121:modules/algorithm/controller.c **** 
 122:modules/algorithm/controller.c **** /**
 123:modules/algorithm/controller.c ****  * @brief 初始化PID,设置参数和启用的优化环节,将其他数据置零
 124:modules/algorithm/controller.c ****  *
 125:modules/algorithm/controller.c ****  * @param pid    PID实例
 126:modules/algorithm/controller.c ****  * @param config PID初始化设置
 127:modules/algorithm/controller.c ****  */
 128:modules/algorithm/controller.c **** void PIDInit(PIDInstance *pid, PID_Init_Config_s *config)
 129:modules/algorithm/controller.c **** {
 507              		.loc 1 129 1 is_stmt 1 view -0
ARM GAS  C:\Users\ADMINI~1\AppData\Local\Temp\ccRgSAS8.s 			page 12


 508              		.cfi_startproc
 509              		@ args = 0, pretend = 0, frame = 0
 510              		@ frame_needed = 0, uses_anonymous_args = 0
 511              		.loc 1 129 1 is_stmt 0 view .LVU156
 512 0000 38B5     		push	{r3, r4, r5, lr}
 513              	.LCFI0:
 514              		.cfi_def_cfa_offset 16
 515              		.cfi_offset 3, -16
 516              		.cfi_offset 4, -12
 517              		.cfi_offset 5, -8
 518              		.cfi_offset 14, -4
 519 0002 0546     		mov	r5, r0
 520 0004 0C46     		mov	r4, r1
 130:modules/algorithm/controller.c ****     // config的数据和pid的部分数据是连续且相同的的,所以可以直接用memcpy
 131:modules/algorithm/controller.c ****     // @todo: 不建议这样做,可扩展性差,不知道的开发者可能会误以为pid和confi
 132:modules/algorithm/controller.c ****     // 后续修改为逐个赋值
 133:modules/algorithm/controller.c ****     memset(pid, 0, sizeof(PIDInstance));
 521              		.loc 1 133 5 is_stmt 1 view .LVU157
 522 0006 7822     		movs	r2, #120
 523 0008 0021     		movs	r1, #0
 524              	.LVL9:
 525              		.loc 1 133 5 is_stmt 0 view .LVU158
 526 000a FFF7FEFF 		bl	memset
 527              	.LVL10:
 134:modules/algorithm/controller.c ****     // utilize the quality of struct that its memeory is continuous
 135:modules/algorithm/controller.c ****     memcpy(pid, config, sizeof(PID_Init_Config_s));
 528              		.loc 1 135 5 is_stmt 1 view .LVU159
 529 000e 2346     		mov	r3, r4
 530 0010 2A46     		mov	r2, r5
 531 0012 04F12001 		add	r1, r4, #32
 532              	.LVL11:
 533              	.L48:
 534              		.loc 1 135 5 is_stmt 0 view .LVU160
 535 0016 1C68     		ldr	r4, [r3]	@ unaligned
 536 0018 D3F804E0 		ldr	lr, [r3, #4]	@ unaligned
 537 001c D3F808C0 		ldr	ip, [r3, #8]	@ unaligned
 538 0020 D868     		ldr	r0, [r3, #12]	@ unaligned
 539 0022 1460     		str	r4, [r2]	@ unaligned
 540 0024 C2F804E0 		str	lr, [r2, #4]	@ unaligned
 541 0028 C2F808C0 		str	ip, [r2, #8]	@ unaligned
 542 002c D060     		str	r0, [r2, #12]	@ unaligned
 543 002e 1033     		adds	r3, r3, #16
 544 0030 1032     		adds	r2, r2, #16
 545 0032 8B42     		cmp	r3, r1
 546 0034 EFD1     		bne	.L48
 547 0036 1868     		ldr	r0, [r3]	@ unaligned
 548 0038 5968     		ldr	r1, [r3, #4]	@ unaligned
 549              	.LVL12:
 550              		.loc 1 135 5 view .LVU161
 551 003a 9B68     		ldr	r3, [r3, #8]	@ unaligned
 552 003c 1060     		str	r0, [r2]	@ unaligned
 553 003e 5160     		str	r1, [r2, #4]	@ unaligned
 554 0040 9360     		str	r3, [r2, #8]	@ unaligned
 136:modules/algorithm/controller.c ****     // set rest of memory to 0
 137:modules/algorithm/controller.c ****     DWT_GetDeltaT(&pid->DWT_CNT);
 555              		.loc 1 137 5 is_stmt 1 view .LVU162
 556 0042 2846     		mov	r0, r5
ARM GAS  C:\Users\ADMINI~1\AppData\Local\Temp\ccRgSAS8.s 			page 13


 557 0044 6030     		adds	r0, r0, #96
 558 0046 FFF7FEFF 		bl	DWT_GetDeltaT
 559              	.LVL13:
 138:modules/algorithm/controller.c **** }
 560              		.loc 1 138 1 is_stmt 0 view .LVU163
 561 004a 38BD     		pop	{r3, r4, r5, pc}
 562              		.loc 1 138 1 view .LVU164
 563              		.cfi_endproc
 564              	.LFE402:
 566              		.section	.text.PIDCalculate,"ax",%progbits
 567              		.align	1
 568              		.global	PIDCalculate
 569              		.syntax unified
 570              		.thumb
 571              		.thumb_func
 573              	PIDCalculate:
 574              	.LVL14:
 575              	.LFB403:
 139:modules/algorithm/controller.c **** 
 140:modules/algorithm/controller.c **** /**
 141:modules/algorithm/controller.c ****  * @brief          PID计算
 142:modules/algorithm/controller.c ****  * @param[in]      PID结构体
 143:modules/algorithm/controller.c ****  * @param[in]      测量值
 144:modules/algorithm/controller.c ****  * @param[in]      期望值
 145:modules/algorithm/controller.c ****  * @retval         返回空
 146:modules/algorithm/controller.c ****  */
 147:modules/algorithm/controller.c **** float PIDCalculate(PIDInstance *pid, float measure, float ref)
 148:modules/algorithm/controller.c **** {
 576              		.loc 1 148 1 is_stmt 1 view -0
 577              		.cfi_startproc
 578              		@ args = 0, pretend = 0, frame = 0
 579              		@ frame_needed = 0, uses_anonymous_args = 0
 580              		.loc 1 148 1 is_stmt 0 view .LVU166
 581 0000 10B5     		push	{r4, lr}
 582              	.LCFI1:
 583              		.cfi_def_cfa_offset 8
 584              		.cfi_offset 4, -8
 585              		.cfi_offset 14, -4
 586 0002 2DED028B 		vpush.64	{d8}
 587              	.LCFI2:
 588              		.cfi_def_cfa_offset 16
 589              		.cfi_offset 80, -16
 590              		.cfi_offset 81, -12
 591 0006 0446     		mov	r4, r0
 592 0008 B0EE408A 		vmov.f32	s16, s0
 593 000c F0EE608A 		vmov.f32	s17, s1
 149:modules/algorithm/controller.c ****     // 堵转检测
 150:modules/algorithm/controller.c ****     if (pid->Improve & PID_ErrorHandle)
 594              		.loc 1 150 5 is_stmt 1 view .LVU167
 595              		.loc 1 150 9 is_stmt 0 view .LVU168
 596 0010 90F91430 		ldrsb	r3, [r0, #20]
 597              		.loc 1 150 8 view .LVU169
 598 0014 002B     		cmp	r3, #0
 599 0016 79DB     		blt	.L68
 600              	.LVL15:
 601              	.L51:
 151:modules/algorithm/controller.c ****         f_PID_ErrorHandle(pid);
ARM GAS  C:\Users\ADMINI~1\AppData\Local\Temp\ccRgSAS8.s 			page 14


 152:modules/algorithm/controller.c **** 
 153:modules/algorithm/controller.c ****     pid->dt = DWT_GetDeltaT(&pid->DWT_CNT); // 获取两次pid计算的时间间隔,用于积分和
 602              		.loc 1 153 5 is_stmt 1 view .LVU170
 603              		.loc 1 153 15 is_stmt 0 view .LVU171
 604 0018 04F16000 		add	r0, r4, #96
 605 001c FFF7FEFF 		bl	DWT_GetDeltaT
 606              	.LVL16:
 607              		.loc 1 153 13 discriminator 1 view .LVU172
 608 0020 84ED190A 		vstr.32	s0, [r4, #100]
 154:modules/algorithm/controller.c ****     if (pid->dt < 0.000001f) // 避免除零
 609              		.loc 1 154 5 is_stmt 1 view .LVU173
 610              		.loc 1 154 8 is_stmt 0 view .LVU174
 611 0024 DFED4C7A 		vldr.32	s15, .L76
 612 0028 B4EEE70A 		vcmpe.f32	s0, s15
 613 002c F1EE10FA 		vmrs	APSR_nzcv, FPSCR
 614 0030 00F18E80 		bmi	.L63
 155:modules/algorithm/controller.c ****     {
 156:modules/algorithm/controller.c ****        return 0.0f;
 157:modules/algorithm/controller.c ****     }
 158:modules/algorithm/controller.c ****     // 保存上次的测量值和误差,计算当前error
 159:modules/algorithm/controller.c ****     pid->Measure = measure;
 615              		.loc 1 159 5 is_stmt 1 view .LVU175
 616              		.loc 1 159 18 is_stmt 0 view .LVU176
 617 0034 84ED0B8A 		vstr.32	s16, [r4, #44]
 160:modules/algorithm/controller.c ****     pid->Ref = ref;
 618              		.loc 1 160 5 is_stmt 1 view .LVU177
 619              		.loc 1 160 14 is_stmt 0 view .LVU178
 620 0038 C4ED178A 		vstr.32	s17, [r4, #92]
 161:modules/algorithm/controller.c ****     pid->Err = pid->Ref - pid->Measure;
 621              		.loc 1 161 5 is_stmt 1 view .LVU179
 622              		.loc 1 161 25 is_stmt 0 view .LVU180
 623 003c 78EEC80A 		vsub.f32	s1, s17, s16
 624              		.loc 1 161 14 view .LVU181
 625 0040 C4ED0D0A 		vstr.32	s1, [r4, #52]
 162:modules/algorithm/controller.c **** 
 163:modules/algorithm/controller.c ****     // 如果在死区外,则计算PID
 164:modules/algorithm/controller.c ****     if (abs(pid->Err) > pid->DeadBand)
 626              		.loc 1 164 5 is_stmt 1 view .LVU182
 627              		.loc 1 164 9 is_stmt 0 view .LVU183
 628 0044 F5EEC00A 		vcmpe.f32	s1, #0
 629 0048 F1EE10FA 		vmrs	APSR_nzcv, FPSCR
 630 004c 61DD     		ble	.L69
 631              		.loc 1 164 9 discriminator 1 view .LVU184
 632 004e B0EE607A 		vmov.f32	s14, s1
 633              	.L53:
 634              		.loc 1 164 28 discriminator 4 view .LVU185
 635 0052 D4ED047A 		vldr.32	s15, [r4, #16]
 636              		.loc 1 164 8 discriminator 4 view .LVU186
 637 0056 F4EEC77A 		vcmpe.f32	s15, s14
 638 005a F1EE10FA 		vmrs	APSR_nzcv, FPSCR
 639 005e 73D5     		bpl	.L66
 165:modules/algorithm/controller.c ****     {
 166:modules/algorithm/controller.c ****         // 基本的pid计算,使用位置式
 167:modules/algorithm/controller.c ****         pid->Pout = pid->Kp * pid->Err;
 640              		.loc 1 167 9 is_stmt 1 view .LVU187
 641              		.loc 1 167 24 is_stmt 0 view .LVU188
 642 0060 D4ED007A 		vldr.32	s15, [r4]
ARM GAS  C:\Users\ADMINI~1\AppData\Local\Temp\ccRgSAS8.s 			page 15


 643              		.loc 1 167 29 view .LVU189
 644 0064 60EEA77A 		vmul.f32	s15, s1, s15
 645              		.loc 1 167 19 view .LVU190
 646 0068 C4ED107A 		vstr.32	s15, [r4, #64]
 168:modules/algorithm/controller.c ****         pid->ITerm = pid->Ki * pid->Err * pid->dt;
 647              		.loc 1 168 9 is_stmt 1 view .LVU191
 648              		.loc 1 168 25 is_stmt 0 view .LVU192
 649 006c D4ED017A 		vldr.32	s15, [r4, #4]
 650              		.loc 1 168 30 view .LVU193
 651 0070 60EEA77A 		vmul.f32	s15, s1, s15
 652              		.loc 1 168 41 view .LVU194
 653 0074 60EE277A 		vmul.f32	s15, s0, s15
 654              		.loc 1 168 20 view .LVU195
 655 0078 C4ED137A 		vstr.32	s15, [r4, #76]
 169:modules/algorithm/controller.c ****         pid->Dout = pid->Kd * (pid->Err - pid->Last_Err) / pid->dt;
 656              		.loc 1 169 9 is_stmt 1 view .LVU196
 657              		.loc 1 169 24 is_stmt 0 view .LVU197
 658 007c D4ED027A 		vldr.32	s15, [r4, #8]
 659              		.loc 1 169 46 view .LVU198
 660 0080 94ED0E7A 		vldr.32	s14, [r4, #56]
 661              		.loc 1 169 41 view .LVU199
 662 0084 70EEC70A 		vsub.f32	s1, s1, s14
 663              		.loc 1 169 29 view .LVU200
 664 0088 67EEA07A 		vmul.f32	s15, s15, s1
 665              		.loc 1 169 58 view .LVU201
 666 008c 87EE807A 		vdiv.f32	s14, s15, s0
 667              		.loc 1 169 19 view .LVU202
 668 0090 84ED127A 		vstr.32	s14, [r4, #72]
 170:modules/algorithm/controller.c **** 
 171:modules/algorithm/controller.c ****         // 梯形积分
 172:modules/algorithm/controller.c ****         if (pid->Improve & PID_Trapezoid_Intergral)
 669              		.loc 1 172 9 is_stmt 1 view .LVU203
 670              		.loc 1 172 16 is_stmt 0 view .LVU204
 671 0094 237D     		ldrb	r3, [r4, #20]	@ zero_extendqisi2
 672              		.loc 1 172 12 view .LVU205
 673 0096 13F0040F 		tst	r3, #4
 674 009a 3DD1     		bne	.L70
 675              	.L56:
 173:modules/algorithm/controller.c ****             f_Trapezoid_Intergral(pid);
 174:modules/algorithm/controller.c ****         // 变速积分
 175:modules/algorithm/controller.c ****         if (pid->Improve & PID_ChangingIntegrationRate)
 676              		.loc 1 175 9 is_stmt 1 view .LVU206
 677              		.loc 1 175 16 is_stmt 0 view .LVU207
 678 009c 237D     		ldrb	r3, [r4, #20]	@ zero_extendqisi2
 679              		.loc 1 175 12 view .LVU208
 680 009e 13F0200F 		tst	r3, #32
 681 00a2 3DD1     		bne	.L71
 682              	.L57:
 176:modules/algorithm/controller.c ****             f_Changing_Integration_Rate(pid);
 177:modules/algorithm/controller.c ****         // 微分先行
 178:modules/algorithm/controller.c ****         if (pid->Improve & PID_Derivative_On_Measurement)
 683              		.loc 1 178 9 is_stmt 1 view .LVU209
 684              		.loc 1 178 16 is_stmt 0 view .LVU210
 685 00a4 237D     		ldrb	r3, [r4, #20]	@ zero_extendqisi2
 686              		.loc 1 178 12 view .LVU211
 687 00a6 13F0020F 		tst	r3, #2
 688 00aa 3DD1     		bne	.L72
ARM GAS  C:\Users\ADMINI~1\AppData\Local\Temp\ccRgSAS8.s 			page 16


 689              	.L58:
 179:modules/algorithm/controller.c ****             f_Derivative_On_Measurement(pid);
 180:modules/algorithm/controller.c ****         // 微分滤波器
 181:modules/algorithm/controller.c ****         if (pid->Improve & PID_DerivativeFilter)
 690              		.loc 1 181 9 is_stmt 1 view .LVU212
 691              		.loc 1 181 16 is_stmt 0 view .LVU213
 692 00ac 237D     		ldrb	r3, [r4, #20]	@ zero_extendqisi2
 693              		.loc 1 181 12 view .LVU214
 694 00ae 13F0400F 		tst	r3, #64
 695 00b2 3DD1     		bne	.L73
 696              	.L59:
 182:modules/algorithm/controller.c ****             f_Derivative_Filter(pid);
 183:modules/algorithm/controller.c ****         // 积分限幅
 184:modules/algorithm/controller.c ****         if (pid->Improve & PID_Integral_Limit)
 697              		.loc 1 184 9 is_stmt 1 view .LVU215
 698              		.loc 1 184 16 is_stmt 0 view .LVU216
 699 00b4 237D     		ldrb	r3, [r4, #20]	@ zero_extendqisi2
 700              		.loc 1 184 12 view .LVU217
 701 00b6 13F0010F 		tst	r3, #1
 702 00ba 3DD1     		bne	.L74
 703              	.L60:
 185:modules/algorithm/controller.c ****             f_Integral_Limit(pid);
 186:modules/algorithm/controller.c **** 
 187:modules/algorithm/controller.c ****         pid->Iout += pid->ITerm;                         // 累加积分
 704              		.loc 1 187 9 is_stmt 1 view .LVU218
 705              		.loc 1 187 12 is_stmt 0 view .LVU219
 706 00bc D4ED117A 		vldr.32	s15, [r4, #68]
 707              		.loc 1 187 25 view .LVU220
 708 00c0 94ED137A 		vldr.32	s14, [r4, #76]
 709              		.loc 1 187 19 view .LVU221
 710 00c4 77EE877A 		vadd.f32	s15, s15, s14
 711 00c8 C4ED117A 		vstr.32	s15, [r4, #68]
 188:modules/algorithm/controller.c ****         pid->Output = pid->Pout + pid->Iout + pid->Dout; // 计算输出
 712              		.loc 1 188 9 is_stmt 1 view .LVU222
 713              		.loc 1 188 26 is_stmt 0 view .LVU223
 714 00cc 94ED107A 		vldr.32	s14, [r4, #64]
 715              		.loc 1 188 33 view .LVU224
 716 00d0 77EE877A 		vadd.f32	s15, s15, s14
 717              		.loc 1 188 50 view .LVU225
 718 00d4 94ED127A 		vldr.32	s14, [r4, #72]
 719              		.loc 1 188 45 view .LVU226
 720 00d8 77EE877A 		vadd.f32	s15, s15, s14
 721              		.loc 1 188 21 view .LVU227
 722 00dc C4ED147A 		vstr.32	s15, [r4, #80]
 189:modules/algorithm/controller.c **** 
 190:modules/algorithm/controller.c ****         // 输出滤波
 191:modules/algorithm/controller.c ****         if (pid->Improve & PID_OutputFilter)
 723              		.loc 1 191 9 is_stmt 1 view .LVU228
 724              		.loc 1 191 16 is_stmt 0 view .LVU229
 725 00e0 237D     		ldrb	r3, [r4, #20]	@ zero_extendqisi2
 726              		.loc 1 191 12 view .LVU230
 727 00e2 13F0100F 		tst	r3, #16
 728 00e6 2BD1     		bne	.L75
 729              	.L61:
 192:modules/algorithm/controller.c ****             f_Output_Filter(pid);
 193:modules/algorithm/controller.c **** 
 194:modules/algorithm/controller.c ****         // 输出限幅
ARM GAS  C:\Users\ADMINI~1\AppData\Local\Temp\ccRgSAS8.s 			page 17


 195:modules/algorithm/controller.c ****         f_Output_Limit(pid);
 730              		.loc 1 195 9 is_stmt 1 view .LVU231
 731 00e8 2046     		mov	r0, r4
 732 00ea FFF7FEFF 		bl	f_Output_Limit
 733              	.LVL17:
 734              	.L62:
 196:modules/algorithm/controller.c ****     }
 197:modules/algorithm/controller.c ****     else // 进入死区, 则清空积分和输出
 198:modules/algorithm/controller.c ****     {
 199:modules/algorithm/controller.c ****         pid->Output = 0;
 200:modules/algorithm/controller.c ****         pid->ITerm = 0;
 201:modules/algorithm/controller.c ****     }
 202:modules/algorithm/controller.c **** 
 203:modules/algorithm/controller.c ****     // 保存当前数据,用于下次计算
 204:modules/algorithm/controller.c ****     pid->Last_Measure = pid->Measure;
 735              		.loc 1 204 5 view .LVU232
 736              		.loc 1 204 28 is_stmt 0 view .LVU233
 737 00ee E36A     		ldr	r3, [r4, #44]	@ float
 738              		.loc 1 204 23 view .LVU234
 739 00f0 2363     		str	r3, [r4, #48]	@ float
 205:modules/algorithm/controller.c ****     pid->Last_Output = pid->Output;
 740              		.loc 1 205 5 is_stmt 1 view .LVU235
 741              		.loc 1 205 27 is_stmt 0 view .LVU236
 742 00f2 94ED140A 		vldr.32	s0, [r4, #80]
 743              		.loc 1 205 22 view .LVU237
 744 00f6 84ED150A 		vstr.32	s0, [r4, #84]
 206:modules/algorithm/controller.c ****     pid->Last_Dout = pid->Dout;
 745              		.loc 1 206 5 is_stmt 1 view .LVU238
 746              		.loc 1 206 25 is_stmt 0 view .LVU239
 747 00fa A36C     		ldr	r3, [r4, #72]	@ float
 748              		.loc 1 206 20 view .LVU240
 749 00fc A365     		str	r3, [r4, #88]	@ float
 207:modules/algorithm/controller.c ****     pid->Last_Err = pid->Err;
 750              		.loc 1 207 5 is_stmt 1 view .LVU241
 751              		.loc 1 207 24 is_stmt 0 view .LVU242
 752 00fe 636B     		ldr	r3, [r4, #52]	@ float
 753              		.loc 1 207 19 view .LVU243
 754 0100 A363     		str	r3, [r4, #56]	@ float
 208:modules/algorithm/controller.c ****     pid->Last_ITerm = pid->ITerm;
 755              		.loc 1 208 5 is_stmt 1 view .LVU244
 756              		.loc 1 208 26 is_stmt 0 view .LVU245
 757 0102 E36C     		ldr	r3, [r4, #76]	@ float
 758              		.loc 1 208 21 view .LVU246
 759 0104 E363     		str	r3, [r4, #60]	@ float
 209:modules/algorithm/controller.c **** 
 210:modules/algorithm/controller.c ****     return pid->Output;
 760              		.loc 1 210 5 is_stmt 1 view .LVU247
 761              	.L50:
 211:modules/algorithm/controller.c **** }...
 762              		.loc 1 211 1 is_stmt 0 view .LVU248
 763 0106 BDEC028B 		vldm	sp!, {d8}
 764              	.LCFI3:
 765              		.cfi_remember_state
 766              		.cfi_restore 80
 767              		.cfi_restore 81
 768              		.cfi_def_cfa_offset 8
 769              	.LVL18:
ARM GAS  C:\Users\ADMINI~1\AppData\Local\Temp\ccRgSAS8.s 			page 18


 770              		.loc 1 211 1 view .LVU249
 771 010a 10BD     		pop	{r4, pc}
 772              	.LVL19:
 773              	.L68:
 774              	.LCFI4:
 775              		.cfi_restore_state
 151:modules/algorithm/controller.c ****         f_PID_ErrorHandle(pid);
 776              		.loc 1 151 9 is_stmt 1 view .LVU250
 777 010c FFF7FEFF 		bl	f_PID_ErrorHandle
 778              	.LVL20:
 151:modules/algorithm/controller.c ****         f_PID_ErrorHandle(pid);
 779              		.loc 1 151 9 is_stmt 0 view .LVU251
 780 0110 82E7     		b	.L51
 781              	.L69:
 164:modules/algorithm/controller.c ****     if (abs(pid->Err) > pid->DeadBand)
 782              		.loc 1 164 9 discriminator 2 view .LVU252
 783 0112 B1EE607A 		vneg.f32	s14, s1
 784 0116 9CE7     		b	.L53
 785              	.L70:
 173:modules/algorithm/controller.c ****             f_Trapezoid_Intergral(pid);
 786              		.loc 1 173 13 is_stmt 1 view .LVU253
 787 0118 2046     		mov	r0, r4
 788 011a FFF7FEFF 		bl	f_Trapezoid_Intergral
 789              	.LVL21:
 790 011e BDE7     		b	.L56
 791              	.L71:
 176:modules/algorithm/controller.c ****             f_Changing_Integration_Rate(pid);
 792              		.loc 1 176 13 view .LVU254
 793 0120 2046     		mov	r0, r4
 794 0122 FFF7FEFF 		bl	f_Changing_Integration_Rate
 795              	.LVL22:
 796 0126 BDE7     		b	.L57
 797              	.L72:
 179:modules/algorithm/controller.c ****             f_Derivative_On_Measurement(pid);
 798              		.loc 1 179 13 view .LVU255
 799 0128 2046     		mov	r0, r4
 800 012a FFF7FEFF 		bl	f_Derivative_On_Measurement
 801              	.LVL23:
 802 012e BDE7     		b	.L58
 803              	.L73:
 182:modules/algorithm/controller.c ****             f_Derivative_Filter(pid);
 804              		.loc 1 182 13 view .LVU256
 805 0130 2046     		mov	r0, r4
 806 0132 FFF7FEFF 		bl	f_Derivative_Filter
 807              	.LVL24:
 808 0136 BDE7     		b	.L59
 809              	.L74:
 185:modules/algorithm/controller.c ****             f_Integral_Limit(pid);
 810              		.loc 1 185 13 view .LVU257
 811 0138 2046     		mov	r0, r4
 812 013a FFF7FEFF 		bl	f_Integral_Limit
 813              	.LVL25:
 814 013e BDE7     		b	.L60
 815              	.L75:
 192:modules/algorithm/controller.c ****             f_Output_Filter(pid);
 816              		.loc 1 192 13 view .LVU258
 817 0140 2046     		mov	r0, r4
ARM GAS  C:\Users\ADMINI~1\AppData\Local\Temp\ccRgSAS8.s 			page 19


 818 0142 FFF7FEFF 		bl	f_Output_Filter
 819              	.LVL26:
 820 0146 CFE7     		b	.L61
 821              	.L66:
 199:modules/algorithm/controller.c ****         pid->Output = 0;
 822              		.loc 1 199 9 view .LVU259
 199:modules/algorithm/controller.c ****         pid->Output = 0;
 823              		.loc 1 199 21 is_stmt 0 view .LVU260
 824 0148 0023     		movs	r3, #0
 825 014a 2365     		str	r3, [r4, #80]	@ float
 200:modules/algorithm/controller.c ****         pid->ITerm = 0;
 826              		.loc 1 200 9 is_stmt 1 view .LVU261
 200:modules/algorithm/controller.c ****         pid->ITerm = 0;
 827              		.loc 1 200 20 is_stmt 0 view .LVU262
 828 014c E364     		str	r3, [r4, #76]	@ float
 829 014e CEE7     		b	.L62
 830              	.L63:
 156:modules/algorithm/controller.c ****        return 0.0f;
 831              		.loc 1 156 15 view .LVU263
 832 0150 9FED020A 		vldr.32	s0, .L76+4
 833 0154 D7E7     		b	.L50
 834              	.L77:
 835 0156 00BF     		.align	2
 836              	.L76:
 837 0158 BD378635 		.word	897988541
 838 015c 00000000 		.word	0
 839              		.cfi_endproc
 840              	.LFE403:
 842              		.section	.bss.temp_Output.0,"aw",%nobits
 843              		.align	2
 846              	temp_Output.0:
 847 0000 00000000 		.space	4
 848              		.section	.bss.temp_Iout.1,"aw",%nobits
 849              		.align	2
 852              	temp_Iout.1:
 853 0000 00000000 		.space	4
 854              		.text
 855              	.Letext0:
 856              		.file 2 "D:/14.3 rel1/arm-none-eabi/include/machine/_default_types.h"
 857              		.file 3 "D:/14.3 rel1/arm-none-eabi/include/sys/_stdint.h"
 858              		.file 4 "modules/algorithm/controller.h"
 859              		.file 5 "bsp/dwt/bsp_dwt.h"
 860              		.file 6 "D:/14.3 rel1/arm-none-eabi/include/string.h"
 861              		.file 7 "<built-in>"
ARM GAS  C:\Users\ADMINI~1\AppData\Local\Temp\ccRgSAS8.s 			page 20


DEFINED SYMBOLS
                            *ABS*:00000000 controller.c
C:\Users\ADMINI~1\AppData\Local\Temp\ccRgSAS8.s:20     .text.f_Trapezoid_Intergral:00000000 $t
C:\Users\ADMINI~1\AppData\Local\Temp\ccRgSAS8.s:25     .text.f_Trapezoid_Intergral:00000000 f_Trapezoid_Intergral
C:\Users\ADMINI~1\AppData\Local\Temp\ccRgSAS8.s:59     .text.f_Changing_Integration_Rate:00000000 $t
C:\Users\ADMINI~1\AppData\Local\Temp\ccRgSAS8.s:64     .text.f_Changing_Integration_Rate:00000000 f_Changing_Integration_Rate
C:\Users\ADMINI~1\AppData\Local\Temp\ccRgSAS8.s:133    .text.f_Integral_Limit:00000000 $t
C:\Users\ADMINI~1\AppData\Local\Temp\ccRgSAS8.s:138    .text.f_Integral_Limit:00000000 f_Integral_Limit
C:\Users\ADMINI~1\AppData\Local\Temp\ccRgSAS8.s:234    .text.f_Integral_Limit:0000008c $d
C:\Users\ADMINI~1\AppData\Local\Temp\ccRgSAS8.s:852    .bss.temp_Iout.1:00000000 temp_Iout.1
C:\Users\ADMINI~1\AppData\Local\Temp\ccRgSAS8.s:846    .bss.temp_Output.0:00000000 temp_Output.0
C:\Users\ADMINI~1\AppData\Local\Temp\ccRgSAS8.s:240    .text.f_Derivative_On_Measurement:00000000 $t
C:\Users\ADMINI~1\AppData\Local\Temp\ccRgSAS8.s:245    .text.f_Derivative_On_Measurement:00000000 f_Derivative_On_Measurement
C:\Users\ADMINI~1\AppData\Local\Temp\ccRgSAS8.s:276    .text.f_Derivative_Filter:00000000 $t
C:\Users\ADMINI~1\AppData\Local\Temp\ccRgSAS8.s:281    .text.f_Derivative_Filter:00000000 f_Derivative_Filter
C:\Users\ADMINI~1\AppData\Local\Temp\ccRgSAS8.s:318    .text.f_Output_Filter:00000000 $t
C:\Users\ADMINI~1\AppData\Local\Temp\ccRgSAS8.s:323    .text.f_Output_Filter:00000000 f_Output_Filter
C:\Users\ADMINI~1\AppData\Local\Temp\ccRgSAS8.s:360    .text.f_Output_Limit:00000000 $t
C:\Users\ADMINI~1\AppData\Local\Temp\ccRgSAS8.s:365    .text.f_Output_Limit:00000000 f_Output_Limit
C:\Users\ADMINI~1\AppData\Local\Temp\ccRgSAS8.s:405    .text.f_PID_ErrorHandle:00000000 $t
C:\Users\ADMINI~1\AppData\Local\Temp\ccRgSAS8.s:410    .text.f_PID_ErrorHandle:00000000 f_PID_ErrorHandle
C:\Users\ADMINI~1\AppData\Local\Temp\ccRgSAS8.s:491    .text.f_PID_ErrorHandle:00000084 $d
C:\Users\ADMINI~1\AppData\Local\Temp\ccRgSAS8.s:498    .text.PIDInit:00000000 $t
C:\Users\ADMINI~1\AppData\Local\Temp\ccRgSAS8.s:504    .text.PIDInit:00000000 PIDInit
C:\Users\ADMINI~1\AppData\Local\Temp\ccRgSAS8.s:567    .text.PIDCalculate:00000000 $t
C:\Users\ADMINI~1\AppData\Local\Temp\ccRgSAS8.s:573    .text.PIDCalculate:00000000 PIDCalculate
C:\Users\ADMINI~1\AppData\Local\Temp\ccRgSAS8.s:837    .text.PIDCalculate:00000158 $d
C:\Users\ADMINI~1\AppData\Local\Temp\ccRgSAS8.s:843    .bss.temp_Output.0:00000000 $d
C:\Users\ADMINI~1\AppData\Local\Temp\ccRgSAS8.s:849    .bss.temp_Iout.1:00000000 $d

UNDEFINED SYMBOLS
memset
DWT_GetDeltaT
