ARM GAS  C:\Users\ADMINI~1\AppData\Local\Temp\ccRa7fa2.s 			page 1


   1              		.cpu cortex-m7
   2              		.arch armv7e-m
   3              		.fpu fpv5-d16
   4              		.eabi_attribute 28, 1
   5              		.eabi_attribute 20, 1
   6              		.eabi_attribute 21, 1
   7              		.eabi_attribute 23, 3
   8              		.eabi_attribute 24, 1
   9              		.eabi_attribute 25, 1
  10              		.eabi_attribute 26, 1
  11              		.eabi_attribute 30, 1
  12              		.eabi_attribute 34, 1
  13              		.eabi_attribute 18, 4
  14              		.file	"crc16.c"
  15              		.text
  16              	.Ltext0:
  17              		.cfi_sections	.debug_frame
  18              		.file 1 "modules/algorithm/crc16.c"
  19              		.section	.text.init_crc16_tab,"ax",%progbits
  20              		.align	1
  21              		.global	init_crc16_tab
  22              		.syntax unified
  23              		.thumb
  24              		.thumb_func
  26              	init_crc16_tab:
  27              	.LFB353:
   1:modules/algorithm/crc16.c **** #include "crc16.h"
   2:modules/algorithm/crc16.c **** 
   3:modules/algorithm/crc16.c **** static uint8_t crc_tab16_init = 0;
   4:modules/algorithm/crc16.c **** static uint16_t crc_tab16[256];
   5:modules/algorithm/crc16.c **** 
   6:modules/algorithm/crc16.c **** /*
   7:modules/algorithm/crc16.c ****  * uint16_t crc_16( const unsigned char *input_str, size_t num_bytes );
   8:modules/algorithm/crc16.c ****  *
   9:modules/algorithm/crc16.c ****  *函数crc_16()一次计算一个字节的16位CRC16
  10:modules/algorithm/crc16.c ****  *其开头已传递给函数的字符串。的数量
  11:modules/algorithm/crc16.c ****  *要检查的字节也是一个参数。字符串中的字节数为
  12:modules/algorithm/crc16.c ****  *受恒定大小最大值的限制。
  13:modules/algorithm/crc16.c ****  */
  14:modules/algorithm/crc16.c **** uint16_t crc_16(const uint8_t *input_str, uint16_t num_bytes)
  15:modules/algorithm/crc16.c **** {
  16:modules/algorithm/crc16.c ****     uint16_t crc;
  17:modules/algorithm/crc16.c ****     const uint8_t *ptr;
  18:modules/algorithm/crc16.c ****     uint16_t a;
  19:modules/algorithm/crc16.c ****     if (!crc_tab16_init)
  20:modules/algorithm/crc16.c ****         init_crc16_tab();
  21:modules/algorithm/crc16.c ****     crc = CRC_START_16;
  22:modules/algorithm/crc16.c ****     ptr = input_str;
  23:modules/algorithm/crc16.c ****     if (ptr != NULL)
  24:modules/algorithm/crc16.c ****         for (a = 0; a < num_bytes; a++)
  25:modules/algorithm/crc16.c ****         {
  26:modules/algorithm/crc16.c ****             crc = (crc >> 8) ^ crc_tab16[(crc ^ (uint16_t)*ptr++) & 0x00FF];
  27:modules/algorithm/crc16.c ****         }
  28:modules/algorithm/crc16.c ****     return crc;
  29:modules/algorithm/crc16.c **** }
  30:modules/algorithm/crc16.c **** 
  31:modules/algorithm/crc16.c **** /*
ARM GAS  C:\Users\ADMINI~1\AppData\Local\Temp\ccRa7fa2.s 			page 2


  32:modules/algorithm/crc16.c ****  * uint16_t crc_modbus( const unsigned char *input_str, size_t num_bytes );
  33:modules/algorithm/crc16.c ****  *
  34:modules/algorithm/crc16.c ****  *函数crc_modbus()一次计算16位modbus循环冗余校验
  35:modules/algorithm/crc16.c ****  *一个字节字符串，其开头已被传递给函数。这
  36:modules/algorithm/crc16.c ****  *要检查的字节数也是一个参数。
  37:modules/algorithm/crc16.c ****  */
  38:modules/algorithm/crc16.c **** 
  39:modules/algorithm/crc16.c **** uint16_t crc_modbus(const uint8_t *input_str, uint16_t num_bytes)
  40:modules/algorithm/crc16.c **** {
  41:modules/algorithm/crc16.c ****     uint16_t crc;
  42:modules/algorithm/crc16.c ****     const uint8_t *ptr;
  43:modules/algorithm/crc16.c ****     uint16_t a;
  44:modules/algorithm/crc16.c **** 
  45:modules/algorithm/crc16.c ****     if (!crc_tab16_init)
  46:modules/algorithm/crc16.c ****         init_crc16_tab();
  47:modules/algorithm/crc16.c **** 
  48:modules/algorithm/crc16.c ****     crc = CRC_START_MODBUS;
  49:modules/algorithm/crc16.c ****     ptr = input_str;
  50:modules/algorithm/crc16.c ****     if (ptr != NULL)
  51:modules/algorithm/crc16.c ****         for (a = 0; a < num_bytes; a++)
  52:modules/algorithm/crc16.c ****         {
  53:modules/algorithm/crc16.c **** 
  54:modules/algorithm/crc16.c ****             crc = (crc >> 8) ^ crc_tab16[(crc ^ (uint16_t)*ptr++) & 0x00FF];
  55:modules/algorithm/crc16.c ****         }
  56:modules/algorithm/crc16.c ****     return crc;
  57:modules/algorithm/crc16.c **** }
  58:modules/algorithm/crc16.c **** 
  59:modules/algorithm/crc16.c **** /*
  60:modules/algorithm/crc16.c ****  * uint16_t update_crc_16( uint16_t crc, unsigned char c );
  61:modules/algorithm/crc16.c ****  *
  62:modules/algorithm/crc16.c ****  *函数update_crc_16()根据
  63:modules/algorithm/crc16.c ****  *前一个循环冗余校验值和下一个要检查的数据字节。
  64:modules/algorithm/crc16.c ****  */
  65:modules/algorithm/crc16.c **** uint16_t update_crc_16(uint16_t crc, uint8_t c)
  66:modules/algorithm/crc16.c **** {
  67:modules/algorithm/crc16.c ****     if (!crc_tab16_init)
  68:modules/algorithm/crc16.c ****         init_crc16_tab();
  69:modules/algorithm/crc16.c ****     return (crc >> 8) ^ crc_tab16[(crc ^ (uint16_t)c) & 0x00FF];
  70:modules/algorithm/crc16.c **** }
  71:modules/algorithm/crc16.c **** 
  72:modules/algorithm/crc16.c **** /*
  73:modules/algorithm/crc16.c ****  * static void init_crc16_tab( void );
  74:modules/algorithm/crc16.c ****  *
  75:modules/algorithm/crc16.c ****  *为了获得最佳性能，使用CRC16例程查找带有值的表
  76:modules/algorithm/crc16.c ****  *可以直接在异或算法中使用的算法。
  77:modules/algorithm/crc16.c ****  *查找表首次由init_crc16_tab()例程计算
  78:modules/algorithm/crc16.c ****  *调用循环冗余校验函数。
  79:modules/algorithm/crc16.c ****  */
  80:modules/algorithm/crc16.c **** void init_crc16_tab(void)
  81:modules/algorithm/crc16.c **** {
  28              		.loc 1 81 1 view -0
  29              		.cfi_startproc
  30              		@ args = 0, pretend = 0, frame = 0
  31              		@ frame_needed = 0, uses_anonymous_args = 0
  32              		@ link register save eliminated.
  82:modules/algorithm/crc16.c ****     uint16_t i;
  33              		.loc 1 82 5 view .LVU1
ARM GAS  C:\Users\ADMINI~1\AppData\Local\Temp\ccRa7fa2.s 			page 3


  83:modules/algorithm/crc16.c ****     uint16_t j;
  34              		.loc 1 83 5 view .LVU2
  84:modules/algorithm/crc16.c ****     uint16_t crc;
  35              		.loc 1 84 5 view .LVU3
  85:modules/algorithm/crc16.c ****     uint16_t c;
  36              		.loc 1 85 5 view .LVU4
  86:modules/algorithm/crc16.c ****     for (i = 0; i < 256; i++)
  37              		.loc 1 86 5 view .LVU5
  38              	.LVL0:
  39              		.loc 1 86 12 is_stmt 0 view .LVU6
  40 0000 4FF0000C 		mov	ip, #0
  41              		.loc 1 86 5 view .LVU7
  42 0004 17E0     		b	.L2
  43              	.LVL1:
  44              	.L3:
  87:modules/algorithm/crc16.c ****     {
  88:modules/algorithm/crc16.c ****         crc = 0;
  89:modules/algorithm/crc16.c ****         c = i;
  90:modules/algorithm/crc16.c ****         for (j = 0; j < 8; j++)
  91:modules/algorithm/crc16.c ****         {
  92:modules/algorithm/crc16.c ****             if ((crc ^ c) & 0x0001)
  93:modules/algorithm/crc16.c ****                 crc = (crc >> 1) ^ CRC_POLY_16;
  94:modules/algorithm/crc16.c ****             else
  95:modules/algorithm/crc16.c ****                 crc = crc >> 1;
  45              		.loc 1 95 17 is_stmt 1 view .LVU8
  46              		.loc 1 95 21 is_stmt 0 view .LVU9
  47 0006 5208     		lsrs	r2, r2, #1
  48              	.LVL2:
  49              	.L4:
  96:modules/algorithm/crc16.c ****             c = c >> 1;
  50              		.loc 1 96 13 is_stmt 1 view .LVU10
  51              		.loc 1 96 15 is_stmt 0 view .LVU11
  52 0008 C1F34F01 		ubfx	r1, r1, #1, #16
  53              	.LVL3:
  90:modules/algorithm/crc16.c ****         {
  54              		.loc 1 90 29 is_stmt 1 discriminator 2 view .LVU12
  55 000c 0133     		adds	r3, r3, #1
  56              	.LVL4:
  90:modules/algorithm/crc16.c ****         {
  57              		.loc 1 90 29 is_stmt 0 discriminator 2 view .LVU13
  58 000e 9BB2     		uxth	r3, r3
  59              	.LVL5:
  60              	.L6:
  90:modules/algorithm/crc16.c ****         {
  61              		.loc 1 90 23 is_stmt 1 discriminator 1 view .LVU14
  62 0010 072B     		cmp	r3, #7
  63 0012 09D8     		bhi	.L8
  92:modules/algorithm/crc16.c ****                 crc = (crc >> 1) ^ CRC_POLY_16;
  64              		.loc 1 92 13 view .LVU15
  92:modules/algorithm/crc16.c ****                 crc = (crc >> 1) ^ CRC_POLY_16;
  65              		.loc 1 92 27 is_stmt 0 view .LVU16
  66 0014 82EA0100 		eor	r0, r2, r1
  92:modules/algorithm/crc16.c ****                 crc = (crc >> 1) ^ CRC_POLY_16;
  67              		.loc 1 92 16 view .LVU17
  68 0018 10F0010F 		tst	r0, #1
  69 001c F3D0     		beq	.L3
  93:modules/algorithm/crc16.c ****             else
ARM GAS  C:\Users\ADMINI~1\AppData\Local\Temp\ccRa7fa2.s 			page 4


  70              		.loc 1 93 17 is_stmt 1 view .LVU18
  93:modules/algorithm/crc16.c ****             else
  71              		.loc 1 93 21 is_stmt 0 view .LVU19
  72 001e 4AF20100 		movw	r0, #40961
  73 0022 80EA5202 		eor	r2, r0, r2, lsr #1
  74              	.LVL6:
  93:modules/algorithm/crc16.c ****             else
  75              		.loc 1 93 21 view .LVU20
  76 0026 EFE7     		b	.L4
  77              	.L8:
  97:modules/algorithm/crc16.c ****         }
  98:modules/algorithm/crc16.c ****         crc_tab16[i] = crc;
  78              		.loc 1 98 9 is_stmt 1 view .LVU21
  79              		.loc 1 98 22 is_stmt 0 view .LVU22
  80 0028 084B     		ldr	r3, .L10
  81              	.LVL7:
  82              		.loc 1 98 22 view .LVU23
  83 002a 23F81C20 		strh	r2, [r3, ip, lsl #1]	@ movhi
  86:modules/algorithm/crc16.c ****     {
  84              		.loc 1 86 27 is_stmt 1 discriminator 2 view .LVU24
  85 002e 0CF1010C 		add	ip, ip, #1
  86              	.LVL8:
  86:modules/algorithm/crc16.c ****     {
  87              		.loc 1 86 27 is_stmt 0 discriminator 2 view .LVU25
  88 0032 1FFA8CFC 		uxth	ip, ip
  89              	.LVL9:
  90              	.L2:
  86:modules/algorithm/crc16.c ****     {
  91              		.loc 1 86 19 is_stmt 1 discriminator 1 view .LVU26
  92 0036 BCF1FF0F 		cmp	ip, #255
  93 003a 03D8     		bhi	.L9
  89:modules/algorithm/crc16.c ****         for (j = 0; j < 8; j++)
  94              		.loc 1 89 11 is_stmt 0 view .LVU27
  95 003c 6146     		mov	r1, ip
  88:modules/algorithm/crc16.c ****         c = i;
  96              		.loc 1 88 13 view .LVU28
  97 003e 0022     		movs	r2, #0
  90:modules/algorithm/crc16.c ****         {
  98              		.loc 1 90 16 view .LVU29
  99 0040 1346     		mov	r3, r2
 100 0042 E5E7     		b	.L6
 101              	.L9:
  99:modules/algorithm/crc16.c ****     }
 100:modules/algorithm/crc16.c ****     crc_tab16_init = 1;
 102              		.loc 1 100 5 is_stmt 1 view .LVU30
 103              		.loc 1 100 20 is_stmt 0 view .LVU31
 104 0044 024B     		ldr	r3, .L10+4
 105 0046 0122     		movs	r2, #1
 106 0048 1A70     		strb	r2, [r3]
 101:modules/algorithm/crc16.c **** }
 107              		.loc 1 101 1 view .LVU32
 108 004a 7047     		bx	lr
 109              	.L11:
 110              		.align	2
 111              	.L10:
 112 004c 00000000 		.word	crc_tab16
 113 0050 00000000 		.word	crc_tab16_init
ARM GAS  C:\Users\ADMINI~1\AppData\Local\Temp\ccRa7fa2.s 			page 5


 114              		.cfi_endproc
 115              	.LFE353:
 117              		.section	.text.crc_16,"ax",%progbits
 118              		.align	1
 119              		.global	crc_16
 120              		.syntax unified
 121              		.thumb
 122              		.thumb_func
 124              	crc_16:
 125              	.LVL10:
 126              	.LFB350:
  15:modules/algorithm/crc16.c ****     uint16_t crc;
 127              		.loc 1 15 1 is_stmt 1 view -0
 128              		.cfi_startproc
 129              		@ args = 0, pretend = 0, frame = 0
 130              		@ frame_needed = 0, uses_anonymous_args = 0
  15:modules/algorithm/crc16.c ****     uint16_t crc;
 131              		.loc 1 15 1 is_stmt 0 view .LVU34
 132 0000 38B5     		push	{r3, r4, r5, lr}
 133              	.LCFI0:
 134              		.cfi_def_cfa_offset 16
 135              		.cfi_offset 3, -16
 136              		.cfi_offset 4, -12
 137              		.cfi_offset 5, -8
 138              		.cfi_offset 14, -4
 139 0002 0446     		mov	r4, r0
 140 0004 0D46     		mov	r5, r1
  16:modules/algorithm/crc16.c ****     const uint8_t *ptr;
 141              		.loc 1 16 5 is_stmt 1 view .LVU35
  17:modules/algorithm/crc16.c ****     uint16_t a;
 142              		.loc 1 17 5 view .LVU36
  18:modules/algorithm/crc16.c ****     if (!crc_tab16_init)
 143              		.loc 1 18 5 view .LVU37
  19:modules/algorithm/crc16.c ****         init_crc16_tab();
 144              		.loc 1 19 5 view .LVU38
  19:modules/algorithm/crc16.c ****         init_crc16_tab();
 145              		.loc 1 19 9 is_stmt 0 view .LVU39
 146 0006 104B     		ldr	r3, .L21
 147 0008 1B78     		ldrb	r3, [r3]	@ zero_extendqisi2
  19:modules/algorithm/crc16.c ****         init_crc16_tab();
 148              		.loc 1 19 8 view .LVU40
 149 000a 2BB1     		cbz	r3, .L19
 150              	.LVL11:
 151              	.L13:
  21:modules/algorithm/crc16.c ****     ptr = input_str;
 152              		.loc 1 21 5 is_stmt 1 view .LVU41
  22:modules/algorithm/crc16.c ****     if (ptr != NULL)
 153              		.loc 1 22 5 view .LVU42
  23:modules/algorithm/crc16.c ****         for (a = 0; a < num_bytes; a++)
 154              		.loc 1 23 5 view .LVU43
  23:modules/algorithm/crc16.c ****         for (a = 0; a < num_bytes; a++)
 155              		.loc 1 23 8 is_stmt 0 view .LVU44
 156 000c 3CB1     		cbz	r4, .L20
  24:modules/algorithm/crc16.c ****         {
 157              		.loc 1 24 16 view .LVU45
 158 000e 4FF0000C 		mov	ip, #0
  21:modules/algorithm/crc16.c ****     ptr = input_str;
ARM GAS  C:\Users\ADMINI~1\AppData\Local\Temp\ccRa7fa2.s 			page 6


 159              		.loc 1 21 9 view .LVU46
 160 0012 4FF6FF70 		movw	r0, #65535
 161 0016 14E0     		b	.L14
 162              	.LVL12:
 163              	.L19:
  20:modules/algorithm/crc16.c ****     crc = CRC_START_16;
 164              		.loc 1 20 9 is_stmt 1 view .LVU47
 165 0018 FFF7FEFF 		bl	init_crc16_tab
 166              	.LVL13:
  20:modules/algorithm/crc16.c ****     crc = CRC_START_16;
 167              		.loc 1 20 9 is_stmt 0 view .LVU48
 168 001c F6E7     		b	.L13
 169              	.LVL14:
 170              	.L20:
  21:modules/algorithm/crc16.c ****     ptr = input_str;
 171              		.loc 1 21 9 view .LVU49
 172 001e 4FF6FF70 		movw	r0, #65535
 173 0022 10E0     		b	.L15
 174              	.LVL15:
 175              	.L16:
  26:modules/algorithm/crc16.c ****         }
 176              		.loc 1 26 13 is_stmt 1 view .LVU50
  26:modules/algorithm/crc16.c ****         }
 177              		.loc 1 26 63 is_stmt 0 view .LVU51
 178 0024 2346     		mov	r3, r4
 179              	.LVL16:
  26:modules/algorithm/crc16.c ****         }
 180              		.loc 1 26 59 view .LVU52
 181 0026 13F8012B 		ldrb	r2, [r3], #1	@ zero_extendqisi2
 182              	.LVL17:
  26:modules/algorithm/crc16.c ****         }
 183              		.loc 1 26 47 view .LVU53
 184 002a 4240     		eors	r2, r2, r0
  26:modules/algorithm/crc16.c ****         }
 185              		.loc 1 26 67 view .LVU54
 186 002c D2B2     		uxtb	r2, r2
  26:modules/algorithm/crc16.c ****         }
 187              		.loc 1 26 41 view .LVU55
 188 002e 0749     		ldr	r1, .L21+4
 189 0030 31F81220 		ldrh	r2, [r1, r2, lsl #1]
  26:modules/algorithm/crc16.c ****         }
 190              		.loc 1 26 17 view .LVU56
 191 0034 82EA1020 		eor	r0, r2, r0, lsr #8
 192              	.LVL18:
  24:modules/algorithm/crc16.c ****         {
 193              		.loc 1 24 37 is_stmt 1 discriminator 3 view .LVU57
 194 0038 0CF1010C 		add	ip, ip, #1
 195              	.LVL19:
  24:modules/algorithm/crc16.c ****         {
 196              		.loc 1 24 37 is_stmt 0 discriminator 3 view .LVU58
 197 003c 1FFA8CFC 		uxth	ip, ip
 198              	.LVL20:
  26:modules/algorithm/crc16.c ****         }
 199              		.loc 1 26 63 view .LVU59
 200 0040 1C46     		mov	r4, r3
 201              	.LVL21:
 202              	.L14:
ARM GAS  C:\Users\ADMINI~1\AppData\Local\Temp\ccRa7fa2.s 			page 7


  24:modules/algorithm/crc16.c ****         {
 203              		.loc 1 24 23 is_stmt 1 discriminator 1 view .LVU60
 204 0042 AC45     		cmp	ip, r5
 205 0044 EED3     		bcc	.L16
 206              	.LVL22:
 207              	.L15:
  28:modules/algorithm/crc16.c **** }
 208              		.loc 1 28 5 view .LVU61
  29:modules/algorithm/crc16.c **** 
 209              		.loc 1 29 1 is_stmt 0 view .LVU62
 210 0046 38BD     		pop	{r3, r4, r5, pc}
 211              	.LVL23:
 212              	.L22:
  29:modules/algorithm/crc16.c **** 
 213              		.loc 1 29 1 view .LVU63
 214              		.align	2
 215              	.L21:
 216 0048 00000000 		.word	crc_tab16_init
 217 004c 00000000 		.word	crc_tab16
 218              		.cfi_endproc
 219              	.LFE350:
 221              		.section	.text.crc_modbus,"ax",%progbits
 222              		.align	1
 223              		.global	crc_modbus
 224              		.syntax unified
 225              		.thumb
 226              		.thumb_func
 228              	crc_modbus:
 229              	.LVL24:
 230              	.LFB351:
  40:modules/algorithm/crc16.c ****     uint16_t crc;
 231              		.loc 1 40 1 is_stmt 1 view -0
 232              		.cfi_startproc
 233              		@ args = 0, pretend = 0, frame = 0
 234              		@ frame_needed = 0, uses_anonymous_args = 0
  40:modules/algorithm/crc16.c ****     uint16_t crc;
 235              		.loc 1 40 1 is_stmt 0 view .LVU65
 236 0000 38B5     		push	{r3, r4, r5, lr}
 237              	.LCFI1:
 238              		.cfi_def_cfa_offset 16
 239              		.cfi_offset 3, -16
 240              		.cfi_offset 4, -12
 241              		.cfi_offset 5, -8
 242              		.cfi_offset 14, -4
 243 0002 0446     		mov	r4, r0
 244 0004 0D46     		mov	r5, r1
  41:modules/algorithm/crc16.c ****     const uint8_t *ptr;
 245              		.loc 1 41 5 is_stmt 1 view .LVU66
  42:modules/algorithm/crc16.c ****     uint16_t a;
 246              		.loc 1 42 5 view .LVU67
  43:modules/algorithm/crc16.c **** 
 247              		.loc 1 43 5 view .LVU68
  45:modules/algorithm/crc16.c ****         init_crc16_tab();
 248              		.loc 1 45 5 view .LVU69
  45:modules/algorithm/crc16.c ****         init_crc16_tab();
 249              		.loc 1 45 9 is_stmt 0 view .LVU70
 250 0006 104B     		ldr	r3, .L32
ARM GAS  C:\Users\ADMINI~1\AppData\Local\Temp\ccRa7fa2.s 			page 8


 251 0008 1B78     		ldrb	r3, [r3]	@ zero_extendqisi2
  45:modules/algorithm/crc16.c ****         init_crc16_tab();
 252              		.loc 1 45 8 view .LVU71
 253 000a 2BB1     		cbz	r3, .L30
 254              	.LVL25:
 255              	.L24:
  48:modules/algorithm/crc16.c ****     ptr = input_str;
 256              		.loc 1 48 5 is_stmt 1 view .LVU72
  49:modules/algorithm/crc16.c ****     if (ptr != NULL)
 257              		.loc 1 49 5 view .LVU73
  50:modules/algorithm/crc16.c ****         for (a = 0; a < num_bytes; a++)
 258              		.loc 1 50 5 view .LVU74
  50:modules/algorithm/crc16.c ****         for (a = 0; a < num_bytes; a++)
 259              		.loc 1 50 8 is_stmt 0 view .LVU75
 260 000c 3CB1     		cbz	r4, .L31
  51:modules/algorithm/crc16.c ****         {
 261              		.loc 1 51 16 view .LVU76
 262 000e 4FF0000C 		mov	ip, #0
  48:modules/algorithm/crc16.c ****     ptr = input_str;
 263              		.loc 1 48 9 view .LVU77
 264 0012 4FF6FF70 		movw	r0, #65535
 265 0016 14E0     		b	.L25
 266              	.LVL26:
 267              	.L30:
  46:modules/algorithm/crc16.c **** 
 268              		.loc 1 46 9 is_stmt 1 view .LVU78
 269 0018 FFF7FEFF 		bl	init_crc16_tab
 270              	.LVL27:
  46:modules/algorithm/crc16.c **** 
 271              		.loc 1 46 9 is_stmt 0 view .LVU79
 272 001c F6E7     		b	.L24
 273              	.LVL28:
 274              	.L31:
  48:modules/algorithm/crc16.c ****     ptr = input_str;
 275              		.loc 1 48 9 view .LVU80
 276 001e 4FF6FF70 		movw	r0, #65535
 277 0022 10E0     		b	.L26
 278              	.LVL29:
 279              	.L27:
  54:modules/algorithm/crc16.c ****         }
 280              		.loc 1 54 13 is_stmt 1 view .LVU81
  54:modules/algorithm/crc16.c ****         }
 281              		.loc 1 54 63 is_stmt 0 view .LVU82
 282 0024 2346     		mov	r3, r4
 283              	.LVL30:
  54:modules/algorithm/crc16.c ****         }
 284              		.loc 1 54 59 view .LVU83
 285 0026 13F8012B 		ldrb	r2, [r3], #1	@ zero_extendqisi2
 286              	.LVL31:
  54:modules/algorithm/crc16.c ****         }
 287              		.loc 1 54 47 view .LVU84
 288 002a 4240     		eors	r2, r2, r0
  54:modules/algorithm/crc16.c ****         }
 289              		.loc 1 54 67 view .LVU85
 290 002c D2B2     		uxtb	r2, r2
  54:modules/algorithm/crc16.c ****         }
 291              		.loc 1 54 41 view .LVU86
ARM GAS  C:\Users\ADMINI~1\AppData\Local\Temp\ccRa7fa2.s 			page 9


 292 002e 0749     		ldr	r1, .L32+4
 293 0030 31F81220 		ldrh	r2, [r1, r2, lsl #1]
  54:modules/algorithm/crc16.c ****         }
 294              		.loc 1 54 17 view .LVU87
 295 0034 82EA1020 		eor	r0, r2, r0, lsr #8
 296              	.LVL32:
  51:modules/algorithm/crc16.c ****         {
 297              		.loc 1 51 37 is_stmt 1 discriminator 3 view .LVU88
 298 0038 0CF1010C 		add	ip, ip, #1
 299              	.LVL33:
  51:modules/algorithm/crc16.c ****         {
 300              		.loc 1 51 37 is_stmt 0 discriminator 3 view .LVU89
 301 003c 1FFA8CFC 		uxth	ip, ip
 302              	.LVL34:
  54:modules/algorithm/crc16.c ****         }
 303              		.loc 1 54 63 view .LVU90
 304 0040 1C46     		mov	r4, r3
 305              	.LVL35:
 306              	.L25:
  51:modules/algorithm/crc16.c ****         {
 307              		.loc 1 51 23 is_stmt 1 discriminator 1 view .LVU91
 308 0042 AC45     		cmp	ip, r5
 309 0044 EED3     		bcc	.L27
 310              	.LVL36:
 311              	.L26:
  56:modules/algorithm/crc16.c **** }
 312              		.loc 1 56 5 view .LVU92
  57:modules/algorithm/crc16.c **** 
 313              		.loc 1 57 1 is_stmt 0 view .LVU93
 314 0046 38BD     		pop	{r3, r4, r5, pc}
 315              	.LVL37:
 316              	.L33:
  57:modules/algorithm/crc16.c **** 
 317              		.loc 1 57 1 view .LVU94
 318              		.align	2
 319              	.L32:
 320 0048 00000000 		.word	crc_tab16_init
 321 004c 00000000 		.word	crc_tab16
 322              		.cfi_endproc
 323              	.LFE351:
 325              		.section	.text.update_crc_16,"ax",%progbits
 326              		.align	1
 327              		.global	update_crc_16
 328              		.syntax unified
 329              		.thumb
 330              		.thumb_func
 332              	update_crc_16:
 333              	.LVL38:
 334              	.LFB352:
  66:modules/algorithm/crc16.c ****     if (!crc_tab16_init)
 335              		.loc 1 66 1 is_stmt 1 view -0
 336              		.cfi_startproc
 337              		@ args = 0, pretend = 0, frame = 0
 338              		@ frame_needed = 0, uses_anonymous_args = 0
  66:modules/algorithm/crc16.c ****     if (!crc_tab16_init)
 339              		.loc 1 66 1 is_stmt 0 view .LVU96
 340 0000 38B5     		push	{r3, r4, r5, lr}
ARM GAS  C:\Users\ADMINI~1\AppData\Local\Temp\ccRa7fa2.s 			page 10


 341              	.LCFI2:
 342              		.cfi_def_cfa_offset 16
 343              		.cfi_offset 3, -16
 344              		.cfi_offset 4, -12
 345              		.cfi_offset 5, -8
 346              		.cfi_offset 14, -4
 347 0002 0446     		mov	r4, r0
 348 0004 0D46     		mov	r5, r1
  67:modules/algorithm/crc16.c ****         init_crc16_tab();
 349              		.loc 1 67 5 is_stmt 1 view .LVU97
  67:modules/algorithm/crc16.c ****         init_crc16_tab();
 350              		.loc 1 67 9 is_stmt 0 view .LVU98
 351 0006 074B     		ldr	r3, .L38
 352 0008 1B78     		ldrb	r3, [r3]	@ zero_extendqisi2
  67:modules/algorithm/crc16.c ****         init_crc16_tab();
 353              		.loc 1 67 8 view .LVU99
 354 000a 43B1     		cbz	r3, .L37
 355              	.LVL39:
 356              	.L35:
  69:modules/algorithm/crc16.c **** }
 357              		.loc 1 69 5 is_stmt 1 view .LVU100
  69:modules/algorithm/crc16.c **** }
 358              		.loc 1 69 40 is_stmt 0 view .LVU101
 359 000c 2946     		mov	r1, r5
 360 000e 6140     		eors	r1, r1, r4
  69:modules/algorithm/crc16.c **** }
 361              		.loc 1 69 55 view .LVU102
 362 0010 C9B2     		uxtb	r1, r1
  69:modules/algorithm/crc16.c **** }
 363              		.loc 1 69 34 view .LVU103
 364 0012 054B     		ldr	r3, .L38+4
 365 0014 33F81100 		ldrh	r0, [r3, r1, lsl #1]
  70:modules/algorithm/crc16.c **** 
 366              		.loc 1 70 1 view .LVU104
 367 0018 80EA1420 		eor	r0, r0, r4, lsr #8
 368 001c 38BD     		pop	{r3, r4, r5, pc}
 369              	.LVL40:
 370              	.L37:
  68:modules/algorithm/crc16.c ****     return (crc >> 8) ^ crc_tab16[(crc ^ (uint16_t)c) & 0x00FF];
 371              		.loc 1 68 9 is_stmt 1 view .LVU105
 372 001e FFF7FEFF 		bl	init_crc16_tab
 373              	.LVL41:
  68:modules/algorithm/crc16.c ****     return (crc >> 8) ^ crc_tab16[(crc ^ (uint16_t)c) & 0x00FF];
 374              		.loc 1 68 9 is_stmt 0 view .LVU106
 375 0022 F3E7     		b	.L35
 376              	.L39:
 377              		.align	2
 378              	.L38:
 379 0024 00000000 		.word	crc_tab16_init
 380 0028 00000000 		.word	crc_tab16
 381              		.cfi_endproc
 382              	.LFE352:
 384              		.section	.bss.crc_tab16,"aw",%nobits
 385              		.align	2
 388              	crc_tab16:
 389 0000 00000000 		.space	512
 389      00000000 
ARM GAS  C:\Users\ADMINI~1\AppData\Local\Temp\ccRa7fa2.s 			page 11


 389      00000000 
 389      00000000 
 389      00000000 
 390              		.section	.bss.crc_tab16_init,"aw",%nobits
 393              	crc_tab16_init:
 394 0000 00       		.space	1
 395              		.text
 396              	.Letext0:
 397              		.file 2 "D:/14.3 rel1/arm-none-eabi/include/machine/_default_types.h"
 398              		.file 3 "D:/14.3 rel1/arm-none-eabi/include/sys/_stdint.h"
ARM GAS  C:\Users\ADMINI~1\AppData\Local\Temp\ccRa7fa2.s 			page 12


DEFINED SYMBOLS
                            *ABS*:00000000 crc16.c
C:\Users\ADMINI~1\AppData\Local\Temp\ccRa7fa2.s:20     .text.init_crc16_tab:00000000 $t
C:\Users\ADMINI~1\AppData\Local\Temp\ccRa7fa2.s:26     .text.init_crc16_tab:00000000 init_crc16_tab
C:\Users\ADMINI~1\AppData\Local\Temp\ccRa7fa2.s:112    .text.init_crc16_tab:0000004c $d
C:\Users\ADMINI~1\AppData\Local\Temp\ccRa7fa2.s:388    .bss.crc_tab16:00000000 crc_tab16
C:\Users\ADMINI~1\AppData\Local\Temp\ccRa7fa2.s:393    .bss.crc_tab16_init:00000000 crc_tab16_init
C:\Users\ADMINI~1\AppData\Local\Temp\ccRa7fa2.s:118    .text.crc_16:00000000 $t
C:\Users\ADMINI~1\AppData\Local\Temp\ccRa7fa2.s:124    .text.crc_16:00000000 crc_16
C:\Users\ADMINI~1\AppData\Local\Temp\ccRa7fa2.s:216    .text.crc_16:00000048 $d
C:\Users\ADMINI~1\AppData\Local\Temp\ccRa7fa2.s:222    .text.crc_modbus:00000000 $t
C:\Users\ADMINI~1\AppData\Local\Temp\ccRa7fa2.s:228    .text.crc_modbus:00000000 crc_modbus
C:\Users\ADMINI~1\AppData\Local\Temp\ccRa7fa2.s:320    .text.crc_modbus:00000048 $d
C:\Users\ADMINI~1\AppData\Local\Temp\ccRa7fa2.s:326    .text.update_crc_16:00000000 $t
C:\Users\ADMINI~1\AppData\Local\Temp\ccRa7fa2.s:332    .text.update_crc_16:00000000 update_crc_16
C:\Users\ADMINI~1\AppData\Local\Temp\ccRa7fa2.s:379    .text.update_crc_16:00000024 $d
C:\Users\ADMINI~1\AppData\Local\Temp\ccRa7fa2.s:385    .bss.crc_tab16:00000000 $d
C:\Users\ADMINI~1\AppData\Local\Temp\ccRa7fa2.s:394    .bss.crc_tab16_init:00000000 $d

NO UNDEFINED SYMBOLS
