ARM GAS  C:\Users\ADMINI~1\AppData\Local\Temp\ccdwnYIu.s 			page 1


   1              		.cpu cortex-m7
   2              		.arch armv7e-m
   3              		.fpu fpv5-d16
   4              		.eabi_attribute 28, 1
   5              		.eabi_attribute 20, 1
   6              		.eabi_attribute 21, 1
   7              		.eabi_attribute 23, 3
   8              		.eabi_attribute 24, 1
   9              		.eabi_attribute 25, 1
  10              		.eabi_attribute 26, 1
  11              		.eabi_attribute 30, 1
  12              		.eabi_attribute 34, 1
  13              		.eabi_attribute 18, 4
  14              		.file	"gimbal.c"
  15              		.text
  16              	.Ltext0:
  17              		.cfi_sections	.debug_frame
  18              		.file 1 "application/gimbal/gimbal.c"
  19              		.section	.rodata.GimbalInit.str1.4,"aMS",%progbits,1
  20              		.align	2
  21              	.LC0:
  22 0000 67696D62 		.ascii	"gimbal_feed\000"
  22      616C5F66 
  22      65656400 
  23              		.align	2
  24              	.LC1:
  25 000c 67696D62 		.ascii	"gimbal_cmd\000"
  25      616C5F63 
  25      6D6400
  26              		.section	.text.GimbalInit,"ax",%progbits
  27              		.align	1
  28              		.global	GimbalInit
  29              		.syntax unified
  30              		.thumb
  31              		.thumb_func
  33              	GimbalInit:
  34              	.LFB394:
   1:application/gimbal/gimbal.c **** #include "gimbal.h"
   2:application/gimbal/gimbal.c **** #include "robot_def.h"
   3:application/gimbal/gimbal.c **** #include "dji_motor.h"
   4:application/gimbal/gimbal.c **** #include "dmmotor.h"
   5:application/gimbal/gimbal.c **** #include "ins_task.h"
   6:application/gimbal/gimbal.c **** #include "message_center.h"
   7:application/gimbal/gimbal.c **** #include "general_def.h"
   8:application/gimbal/gimbal.c **** #include "bmi088.h"
   9:application/gimbal/gimbal.c **** #include "vofa.h"
  10:application/gimbal/gimbal.c **** #include "param_config.h"
  11:application/gimbal/gimbal.c **** 
  12:application/gimbal/gimbal.c **** static attitude_t *gimba_IMU_data; // дЇСеП∞IMUжХ∞жНЃ
  13:application/gimbal/gimbal.c **** 
  14:application/gimbal/gimbal.c **** static Publisher_t *gimbal_pub;                   // дЇСеП∞еЇФзФ®жґИжБѓеПСеЄГиАЕ(дЇСеП∞еПНй¶ИзїЩcmd
  15:application/gimbal/gimbal.c **** static Subscriber_t *gimbal_sub;                  // cmdжОІеИґжґИжБѓиЃҐйШЕиАЕ
  16:application/gimbal/gimbal.c **** static Gimbal_Upload_Data_s gimbal_feedback_data; // еЫЮдЉ†зїЩcmdзЪДдЇСеП∞зКґжАБдњ°жБѓ
  17:application/gimbal/gimbal.c **** static Gimbal_Ctrl_Cmd_s gimbal_cmd_recv;         // жЭ•иЗ™cmdзЪДжОІеИґдњ°жБѓ
  18:application/gimbal/gimbal.c **** 
  19:application/gimbal/gimbal.c **** static DJIMotorInstance *yaw_motor;  // дЇСеП∞yawзФµжЬЇеЃЮдЊЛ
  20:application/gimbal/gimbal.c **** static DMMotorInstance *pitch_motor; // дЇСеП∞pitchзФµжЬЇеЃЮдЊЛ
ARM GAS  C:\Users\ADMINI~1\AppData\Local\Temp\ccdwnYIu.s 			page 2


  21:application/gimbal/gimbal.c **** 
  22:application/gimbal/gimbal.c **** static float yaw_speed_feedforward = 0.0f; // yawзФµжЬЇзЪДйАЯеЇ¶еЙНй¶И
  23:application/gimbal/gimbal.c **** static float yaw_current_feedforward_abs = PARAM_YAW_CURRENT_FEEDFORWARD_ABS;
  24:application/gimbal/gimbal.c **** static float yaw_current_feedforward = 0.0f; // yawзФµжЬЇзЪДзФµжµБеЙНй¶И
  25:application/gimbal/gimbal.c **** 
  26:application/gimbal/gimbal.c **** static float yaw_last_ref = 0.0f; // дЄКдЄАжђ°yawзФµжЬЇзЪДиЃЊеЃЪеАЉ,зФ®дЇОиЃ°зЃЧеЙНй¶И
  27:application/gimbal/gimbal.c **** 
  28:application/gimbal/gimbal.c **** void GimbalInit()//дЇСеП∞еИЭеІЛеМЦ
  29:application/gimbal/gimbal.c **** {
  35              		.loc 1 29 1 view -0
  36              		.cfi_startproc
  37              		@ args = 0, pretend = 0, frame = 360
  38              		@ frame_needed = 0, uses_anonymous_args = 0
  39 0000 2DE9F04F 		push	{r4, r5, r6, r7, r8, r9, r10, fp, lr}
  40              	.LCFI0:
  41              		.cfi_def_cfa_offset 36
  42              		.cfi_offset 4, -36
  43              		.cfi_offset 5, -32
  44              		.cfi_offset 6, -28
  45              		.cfi_offset 7, -24
  46              		.cfi_offset 8, -20
  47              		.cfi_offset 9, -16
  48              		.cfi_offset 10, -12
  49              		.cfi_offset 11, -8
  50              		.cfi_offset 14, -4
  51 0004 2DED028B 		vpush.64	{d8}
  52              	.LCFI1:
  53              		.cfi_def_cfa_offset 44
  54              		.cfi_offset 80, -44
  55              		.cfi_offset 81, -40
  56 0008 DBB0     		sub	sp, sp, #364
  57              	.LCFI2:
  58              		.cfi_def_cfa_offset 408
  30:application/gimbal/gimbal.c **** #ifdef POWER_24V_1_GPIO_Port
  31:application/gimbal/gimbal.c ****     HAL_GPIO_WritePin(POWER_24V_1_GPIO_Port, POWER_24V_1_Pin, GPIO_PIN_SET);
  32:application/gimbal/gimbal.c **** #endif
  33:application/gimbal/gimbal.c ****     gimba_IMU_data = INS_Init(); // IMUеЕИеИЭеІЛеМЦ,иОЈеПЦеІњжАБжХ∞жНЃжМЗйТИиµЛзїЩyawзФµжЬЇзЪДеЕґдї
  59              		.loc 1 33 5 view .LVU1
  60              		.loc 1 33 22 is_stmt 0 view .LVU2
  61 000a FFF7FEFF 		bl	INS_Init
  62              	.LVL0:
  63              		.loc 1 33 20 discriminator 1 view .LVU3
  64 000e 474F     		ldr	r7, .L3
  65 0010 3860     		str	r0, [r7]
  34:application/gimbal/gimbal.c **** #ifdef POWER_24V_1_GPIO_Port
  35:application/gimbal/gimbal.c ****     HAL_GPIO_WritePin(POWER_24V_1_GPIO_Port, POWER_24V_1_Pin, GPIO_PIN_RESET);
  36:application/gimbal/gimbal.c **** #endif
  37:application/gimbal/gimbal.c ****     gimbal_pub = PubRegister("gimbal_feed", sizeof(Gimbal_Upload_Data_s));
  66              		.loc 1 37 5 is_stmt 1 view .LVU4
  67              		.loc 1 37 18 is_stmt 0 view .LVU5
  68 0012 2B21     		movs	r1, #43
  69 0014 4648     		ldr	r0, .L3+4
  70 0016 FFF7FEFF 		bl	PubRegister
  71              	.LVL1:
  72              		.loc 1 37 16 discriminator 1 view .LVU6
  73 001a 464B     		ldr	r3, .L3+8
  74 001c 1860     		str	r0, [r3]
ARM GAS  C:\Users\ADMINI~1\AppData\Local\Temp\ccdwnYIu.s 			page 3


  38:application/gimbal/gimbal.c ****     gimbal_sub = SubRegister("gimbal_cmd", sizeof(Gimbal_Ctrl_Cmd_s));
  75              		.loc 1 38 5 is_stmt 1 view .LVU7
  76              		.loc 1 38 18 is_stmt 0 view .LVU8
  77 001e 0D21     		movs	r1, #13
  78 0020 4548     		ldr	r0, .L3+12
  79 0022 FFF7FEFF 		bl	SubRegister
  80              	.LVL2:
  81              		.loc 1 38 16 discriminator 1 view .LVU9
  82 0026 454B     		ldr	r3, .L3+16
  83 0028 1860     		str	r0, [r3]
  39:application/gimbal/gimbal.c **** 
  40:application/gimbal/gimbal.c ****     // еИЭеІЛеМЦyawзФµжЬЇ
  41:application/gimbal/gimbal.c ****     Motor_Init_Config_s yaw_motor_config = {
  84              		.loc 1 41 5 is_stmt 1 view .LVU10
  85              		.loc 1 41 25 is_stmt 0 view .LVU11
  86 002a 2DAC     		add	r4, sp, #180
  87 002c 4FF0B409 		mov	r9, #180
  88 0030 4A46     		mov	r2, r9
  89 0032 0021     		movs	r1, #0
  90 0034 2046     		mov	r0, r4
  91 0036 FFF7FEFF 		bl	memset
  92              	.LVL3:
  42:application/gimbal/gimbal.c ****         .can_init_config.can_handle = &hcan1,
  43:application/gimbal/gimbal.c ****         .can_init_config.tx_id = 0x01,
  44:application/gimbal/gimbal.c ****         .controller_param_init_config = {
  45:application/gimbal/gimbal.c ****             .angle_PID = {
  46:application/gimbal/gimbal.c ****                 .Kp = PARAM_YAW_ANGLE_KP,
  47:application/gimbal/gimbal.c ****                 .Ki = PARAM_YAW_ANGLE_KI,
  48:application/gimbal/gimbal.c ****                 .Kd = PARAM_YAW_ANGLE_KD,
  49:application/gimbal/gimbal.c ****                 .IntegralLimit = PARAM_YAW_ANGLE_INT_LIMIT,
  50:application/gimbal/gimbal.c ****                 .CoefA = 15.0f,
  51:application/gimbal/gimbal.c ****                 .CoefB = 1.0f,
  52:application/gimbal/gimbal.c ****                 .Improve = PID_Trapezoid_Intergral | PID_Integral_Limit | PID_Derivative_On_Measure
  53:application/gimbal/gimbal.c ****                 .MaxOut = PARAM_YAW_ANGLE_MAX_OUT,
  54:application/gimbal/gimbal.c ****             },
  55:application/gimbal/gimbal.c ****             .speed_PID = {
  56:application/gimbal/gimbal.c ****                 .Kp = PARAM_YAW_SPEED_KP,
  57:application/gimbal/gimbal.c ****                 .Ki = PARAM_YAW_SPEED_KI,
  58:application/gimbal/gimbal.c ****                 .Kd = PARAM_YAW_SPEED_KD,
  59:application/gimbal/gimbal.c ****                 .IntegralLimit = PARAM_YAW_SPEED_INT_LIMIT,
  60:application/gimbal/gimbal.c ****                 .Output_LPF_RC = 0.001,
  61:application/gimbal/gimbal.c ****                 .Improve = PID_Trapezoid_Intergral | PID_Integral_Limit | PID_Derivative_On_Measure
  62:application/gimbal/gimbal.c ****                 .MaxOut = PARAM_YAW_SPEED_MAX_OUT,
  63:application/gimbal/gimbal.c ****             },
  64:application/gimbal/gimbal.c ****             .other_angle_feedback_ptr = &gimba_IMU_data->YawTotalAngle,
  93              		.loc 1 64 56 view .LVU12
  94 003a 3B68     		ldr	r3, [r7]
  95              		.loc 1 64 41 view .LVU13
  96 003c 03F12402 		add	r2, r3, #36
  41:application/gimbal/gimbal.c ****         .can_init_config.can_handle = &hcan1,
  97              		.loc 1 41 25 view .LVU14
  98 0040 2D92     		str	r2, [sp, #180]
  65:application/gimbal/gimbal.c ****             .other_speed_feedback_ptr = &gimba_IMU_data->Gyro[2],
  99              		.loc 1 65 41 view .LVU15
 100 0042 0833     		adds	r3, r3, #8
  41:application/gimbal/gimbal.c ****         .can_init_config.can_handle = &hcan1,
 101              		.loc 1 41 25 view .LVU16
ARM GAS  C:\Users\ADMINI~1\AppData\Local\Temp\ccdwnYIu.s 			page 4


 102 0044 2E93     		str	r3, [sp, #184]
 103 0046 3E4B     		ldr	r3, .L3+20
 104 0048 2F93     		str	r3, [sp, #188]
 105 004a 3E4B     		ldr	r3, .L3+24
 106 004c 3C93     		str	r3, [sp, #240]	@ float
 107 004e 3E4B     		ldr	r3, .L3+28
 108 0050 3E93     		str	r3, [sp, #248]	@ float
 109 0052 3E4B     		ldr	r3, .L3+32
 110 0054 3F93     		str	r3, [sp, #252]	@ float
 111 0056 1722     		movs	r2, #23
 112 0058 8DF80421 		strb	r2, [sp, #260]
 113 005c 4293     		str	r3, [sp, #264]	@ float
 114 005e 3C4B     		ldr	r3, .L3+36
 115 0060 4593     		str	r3, [sp, #276]	@ float
 116 0062 3C4B     		ldr	r3, .L3+40
 117 0064 4793     		str	r3, [sp, #284]	@ float
 118 0066 DFED3C8A 		vldr.32	s17, .L3+44
 119 006a CDED488A 		vstr.32	s17, [sp, #288]
 120 006e 9FED3B8A 		vldr.32	s16, .L3+48
 121 0072 8DED498A 		vstr.32	s16, [sp, #292]
 122 0076 3A4B     		ldr	r3, .L3+52
 123 0078 4A93     		str	r3, [sp, #296]	@ float
 124 007a 2722     		movs	r2, #39
 125 007c 8DF83021 		strb	r2, [sp, #304]
 126 0080 4D93     		str	r3, [sp, #308]	@ float
 127 0082 384B     		ldr	r3, .L3+56
 128 0084 4E93     		str	r3, [sp, #312]	@ float
 129 0086 4FF07E5B 		mov	fp, #1065353216
 130 008a CDF83CB1 		str	fp, [sp, #316]	@ float
 131 008e 4FF0040A 		mov	r10, #4
 132 0092 8DF848A1 		strb	r10, [sp, #328]
 133 0096 0626     		movs	r6, #6
 134 0098 8DF84961 		strb	r6, [sp, #329]
 135 009c 0125     		movs	r5, #1
 136 009e 8DF84C51 		strb	r5, [sp, #332]
 137 00a2 8DF84D51 		strb	r5, [sp, #333]
 138 00a6 0323     		movs	r3, #3
 139 00a8 8DF84E31 		strb	r3, [sp, #334]
 140 00ac 8DF85061 		strb	r6, [sp, #336]
 141 00b0 DFF8C480 		ldr	r8, .L3+76
 142 00b4 CDF85481 		str	r8, [sp, #340]
 143 00b8 5695     		str	r5, [sp, #344]
  66:application/gimbal/gimbal.c ****             .speed_feedforward_ptr = &yaw_speed_feedforward, // йАЯеЇ¶еЙНй¶ИжМЗйТИ
  67:application/gimbal/gimbal.c **** 
  68:application/gimbal/gimbal.c ****         },
  69:application/gimbal/gimbal.c ****         .controller_setting_init_config = {
  70:application/gimbal/gimbal.c ****             .angle_feedback_source = OTHER_FEED, .speed_feedback_source = OTHER_FEED,
  71:application/gimbal/gimbal.c ****             .outer_loop_type = ANGLE_LOOP,              // иЃЊзљЃдЄЇеЉАзОѓпЉМзФµжЬЇиЃЊеЃЪеАЉзФ±дЄЛй
  72:application/gimbal/gimbal.c ****             .close_loop_type = SPEED_LOOP | ANGLE_LOOP, // иІТеЇ¶зОѓеТМйАЯеЇ¶зОѓ
  73:application/gimbal/gimbal.c ****             .motor_reverse_flag = MOTOR_DIRECTION_NORMAL,
  74:application/gimbal/gimbal.c ****             .feedforward_flag = SPEED_FEEDFORWARD | CURRENT_FEEDFORWARD, // еЉАеРѓйАЯеЇ¶еЙНй¶И
  75:application/gimbal/gimbal.c ****         },
  76:application/gimbal/gimbal.c ****         .motor_type = GM6020_NEW,
  77:application/gimbal/gimbal.c ****     };
  78:application/gimbal/gimbal.c ****     yaw_motor = DJIMotorInit(&yaw_motor_config);
 144              		.loc 1 78 5 is_stmt 1 view .LVU17
 145              		.loc 1 78 17 is_stmt 0 view .LVU18
ARM GAS  C:\Users\ADMINI~1\AppData\Local\Temp\ccdwnYIu.s 			page 5


 146 00ba 2046     		mov	r0, r4
 147 00bc FFF7FEFF 		bl	DJIMotorInit
 148              	.LVL4:
 149              		.loc 1 78 15 discriminator 1 view .LVU19
 150 00c0 294B     		ldr	r3, .L3+60
 151 00c2 1860     		str	r0, [r3]
  79:application/gimbal/gimbal.c ****     // еИЭеІЛеМЦPITCHзФµжЬЇ
  80:application/gimbal/gimbal.c ****     Motor_Init_Config_s pitch_config = {
 152              		.loc 1 80 5 is_stmt 1 view .LVU20
 153              		.loc 1 80 25 is_stmt 0 view .LVU21
 154 00c4 4A46     		mov	r2, r9
 155 00c6 0021     		movs	r1, #0
 156 00c8 6846     		mov	r0, sp
 157 00ca FFF7FEFF 		bl	memset
 158              	.LVL5:
  81:application/gimbal/gimbal.c ****         .can_init_config = {
  82:application/gimbal/gimbal.c ****             .can_handle = &hcan1,
  83:application/gimbal/gimbal.c ****             .tx_id = 0x06,
  84:application/gimbal/gimbal.c ****             .rx_id = 0x16,
  85:application/gimbal/gimbal.c ****         },
  86:application/gimbal/gimbal.c ****         .controller_param_init_config = {
  87:application/gimbal/gimbal.c ****             .angle_PID = {
  88:application/gimbal/gimbal.c ****                 .Kp = PARAM_PITCH_ANGLE_KP,
  89:application/gimbal/gimbal.c ****                 .Ki = PARAM_PITCH_ANGLE_KI,
  90:application/gimbal/gimbal.c ****                 .Kd = PARAM_PITCH_ANGLE_KD,
  91:application/gimbal/gimbal.c ****                 .Improve = PID_Trapezoid_Intergral | PID_Integral_Limit | PID_Derivative_On_Measure
  92:application/gimbal/gimbal.c ****                 .IntegralLimit = PARAM_PITCH_ANGLE_INT_LIMIT,
  93:application/gimbal/gimbal.c ****                 .MaxOut = PARAM_PITCH_ANGLE_MAX_OUT,
  94:application/gimbal/gimbal.c ****             },
  95:application/gimbal/gimbal.c ****             .speed_PID = {
  96:application/gimbal/gimbal.c ****                 .Kp = PARAM_PITCH_SPEED_KP,
  97:application/gimbal/gimbal.c ****                 .Ki = PARAM_PITCH_SPEED_KI,
  98:application/gimbal/gimbal.c ****                 .Kd = PARAM_PITCH_SPEED_KD,
  99:application/gimbal/gimbal.c ****                 .Improve = PID_Trapezoid_Intergral | PID_Integral_Limit | PID_Derivative_On_Measure
 100:application/gimbal/gimbal.c ****                 .IntegralLimit = PARAM_PITCH_SPEED_INT_LIMIT,
 101:application/gimbal/gimbal.c ****                 .MaxOut = PARAM_PITCH_SPEED_MAX_OUT,
 102:application/gimbal/gimbal.c ****             },
 103:application/gimbal/gimbal.c ****             .other_angle_feedback_ptr = &gimba_IMU_data->Pitch,
 159              		.loc 1 103 56 view .LVU22
 160 00ce 3B68     		ldr	r3, [r7]
 161              		.loc 1 103 41 view .LVU23
 162 00d0 03F11C02 		add	r2, r3, #28
  80:application/gimbal/gimbal.c ****         .can_init_config = {
 163              		.loc 1 80 25 view .LVU24
 164 00d4 0092     		str	r2, [sp]
 165 00d6 0193     		str	r3, [sp, #4]
 166 00d8 CDED0F8A 		vstr.32	s17, [sp, #60]
 167 00dc CDF848B0 		str	fp, [sp, #72]	@ float
 168 00e0 0723     		movs	r3, #7
 169 00e2 8DF85030 		strb	r3, [sp, #80]
 170 00e6 214B     		ldr	r3, .L3+64
 171 00e8 1593     		str	r3, [sp, #84]	@ float
 172 00ea CDF868B0 		str	fp, [sp, #104]	@ float
 173 00ee 8DED1C8A 		vstr.32	s16, [sp, #112]
 174 00f2 1F4B     		ldr	r3, .L3+68
 175 00f4 1D93     		str	r3, [sp, #116]	@ float
 176 00f6 5722     		movs	r2, #87
ARM GAS  C:\Users\ADMINI~1\AppData\Local\Temp\ccdwnYIu.s 			page 6


 177 00f8 8DF87C20 		strb	r2, [sp, #124]
 178 00fc 2093     		str	r3, [sp, #128]	@ float
 179 00fe 8DF894A0 		strb	r10, [sp, #148]
 180 0102 8DF89560 		strb	r6, [sp, #149]
 181 0106 8DF89850 		strb	r5, [sp, #152]
 182 010a 8DF89950 		strb	r5, [sp, #153]
 183 010e CDF8A080 		str	r8, [sp, #160]
 184 0112 2996     		str	r6, [sp, #164]
 185 0114 1623     		movs	r3, #22
 186 0116 2A93     		str	r3, [sp, #168]
 104:application/gimbal/gimbal.c ****             // ињШйЬАи¶БеҐЮеК†иІТйАЯеЇ¶йҐЭе§ЦеПНй¶ИжМЗйТИ,ж≥®жДПжЦєеРС,ins_task.mdдЄ≠жЬЙcжЭњзЪДbody
 105:application/gimbal/gimbal.c ****             .other_speed_feedback_ptr = (&gimba_IMU_data->Gyro[0]),
 106:application/gimbal/gimbal.c ****         },
 107:application/gimbal/gimbal.c ****         .controller_setting_init_config = {
 108:application/gimbal/gimbal.c ****             .angle_feedback_source = OTHER_FEED,
 109:application/gimbal/gimbal.c ****             .speed_feedback_source = OTHER_FEED,
 110:application/gimbal/gimbal.c ****             .outer_loop_type = ANGLE_LOOP,
 111:application/gimbal/gimbal.c ****             .close_loop_type = SPEED_LOOP | ANGLE_LOOP,
 112:application/gimbal/gimbal.c ****             .feedback_reverse_flag = FEEDBACK_DIRECTION_NORMAL,
 113:application/gimbal/gimbal.c ****             .motor_reverse_flag = MOTOR_DIRECTION_NORMAL,
 114:application/gimbal/gimbal.c ****         },
 115:application/gimbal/gimbal.c ****     };
 116:application/gimbal/gimbal.c ****     pitch_motor = DMMotorInit(&pitch_config);
 187              		.loc 1 116 5 is_stmt 1 view .LVU25
 188              		.loc 1 116 19 is_stmt 0 view .LVU26
 189 0118 6846     		mov	r0, sp
 190 011a FFF7FEFF 		bl	DMMotorInit
 191              	.LVL6:
 192              		.loc 1 116 17 discriminator 1 view .LVU27
 193 011e 154B     		ldr	r3, .L3+72
 194 0120 1860     		str	r0, [r3]
 117:application/gimbal/gimbal.c **** }
 195              		.loc 1 117 1 view .LVU28
 196 0122 5BB0     		add	sp, sp, #364
 197              	.LCFI3:
 198              		.cfi_def_cfa_offset 44
 199              		@ sp needed
 200 0124 BDEC028B 		vldm	sp!, {d8}
 201              	.LCFI4:
 202              		.cfi_restore 80
 203              		.cfi_restore 81
 204              		.cfi_def_cfa_offset 36
 205 0128 BDE8F08F 		pop	{r4, r5, r6, r7, r8, r9, r10, fp, pc}
 206              	.L4:
 207              		.align	2
 208              	.L3:
 209 012c 00000000 		.word	gimba_IMU_data
 210 0130 00000000 		.word	.LC0
 211 0134 00000000 		.word	gimbal_pub
 212 0138 0C000000 		.word	.LC1
 213 013c 00000000 		.word	gimbal_sub
 214 0140 00000000 		.word	yaw_speed_feedforward
 215 0144 00009644 		.word	1150681088
 216 0148 00004040 		.word	1077936128
 217 014c 00007A46 		.word	1182400512
 218 0150 6F12833A 		.word	981668463
 219 0154 9A99993E 		.word	1050253722
ARM GAS  C:\Users\ADMINI~1\AppData\Local\Temp\ccdwnYIu.s 			page 7


 220 0158 CDCC4C3F 		.word	1061997773
 221 015c 0AD7A33B 		.word	1000593162
 222 0160 0000A041 		.word	1101004800
 223 0164 00007041 		.word	1097859072
 224 0168 00000000 		.word	yaw_motor
 225 016c CDCCCC3D 		.word	1036831949
 226 0170 00002041 		.word	1092616192
 227 0174 00000000 		.word	pitch_motor
 228 0178 00000000 		.word	hfdcan1
 229              		.cfi_endproc
 230              	.LFE394:
 232              		.section	.text.GimbalTask,"ax",%progbits
 233              		.align	1
 234              		.global	GimbalTask
 235              		.syntax unified
 236              		.thumb
 237              		.thumb_func
 239              	GimbalTask:
 240              	.LFB395:
 118:application/gimbal/gimbal.c **** 
 119:application/gimbal/gimbal.c **** /* жЬЇеЩ®дЇЇдЇСеП∞жОІеИґж†ЄењГдїїеК°,еРОзї≠иАГиЩСеП™дњЭзХЩIMUжОІеИґ,дЄНеЖНйЬАи¶БзФµжЬЇзЪДеПНй¶И */
 120:application/gimbal/gimbal.c **** void GimbalTask()
 121:application/gimbal/gimbal.c **** {
 241              		.loc 1 121 1 is_stmt 1 view -0
 242              		.cfi_startproc
 243              		@ args = 0, pretend = 0, frame = 0
 244              		@ frame_needed = 0, uses_anonymous_args = 0
 245 0000 10B5     		push	{r4, lr}
 246              	.LCFI5:
 247              		.cfi_def_cfa_offset 8
 248              		.cfi_offset 4, -8
 249              		.cfi_offset 14, -4
 122:application/gimbal/gimbal.c ****     // иОЈеПЦдЇСеП∞жОІеИґжХ∞жНЃ
 123:application/gimbal/gimbal.c ****     // еРОзї≠еҐЮеК†жЬ™жФґеИ∞жХ∞жНЃзЪДе§ДзРЖ
 124:application/gimbal/gimbal.c ****     SubGetMessage(gimbal_sub, &gimbal_cmd_recv);
 250              		.loc 1 124 5 view .LVU30
 251 0002 484C     		ldr	r4, .L22
 252 0004 2146     		mov	r1, r4
 253 0006 484B     		ldr	r3, .L22+4
 254 0008 1868     		ldr	r0, [r3]
 255 000a FFF7FEFF 		bl	SubGetMessage
 256              	.LVL7:
 125:application/gimbal/gimbal.c **** 
 126:application/gimbal/gimbal.c ****     switch (gimbal_cmd_recv.gimbal_mode)
 257              		.loc 1 126 5 view .LVU31
 258              		.loc 1 126 28 is_stmt 0 view .LVU32
 259 000e 237B     		ldrb	r3, [r4, #12]	@ zero_extendqisi2
 260              		.loc 1 126 5 view .LVU33
 261 0010 6BB3     		cbz	r3, .L6
 262 0012 022B     		cmp	r3, #2
 263 0014 38D1     		bne	.L8
 127:application/gimbal/gimbal.c ****     {
 128:application/gimbal/gimbal.c ****     // еБЬж≠Ґ
 129:application/gimbal/gimbal.c ****     case GIMBAL_ZERO_FORCE:
 130:application/gimbal/gimbal.c ****         DJIMotorStop(yaw_motor);
 131:application/gimbal/gimbal.c ****         DMMotorStop(pitch_motor);
 132:application/gimbal/gimbal.c **** 
ARM GAS  C:\Users\ADMINI~1\AppData\Local\Temp\ccdwnYIu.s 			page 8


 133:application/gimbal/gimbal.c ****         yaw_speed_feedforward = 0.0f; // еБЬж≠ҐжЧґжЄЕйЫґеЙНй¶И
 134:application/gimbal/gimbal.c ****         yaw_last_ref = 0.0f;          // еБЬж≠ҐжЧґжЄЕйЫґдЄКдЄАжђ°еПВиАГеАЉ
 135:application/gimbal/gimbal.c ****         break;
 136:application/gimbal/gimbal.c ****     // дљњзФ®йЩАиЮЇдї™зЪДеПНй¶И,еЇХзЫШж†єжНЃyawзФµжЬЇзЪДoffsetиЈЯйЪПдЇСеП∞жИЦиІЖиІЙж®°еЉПйЗЗзФ®
 137:application/gimbal/gimbal.c ****     case GIMBAL_GYRO_MODE: // еРОзї≠еП™дњЭзХЩж≠§ж®°еЉП
 138:application/gimbal/gimbal.c ****         DJIMotorEnable(yaw_motor);
 264              		.loc 1 138 9 is_stmt 1 view .LVU34
 265 0016 454B     		ldr	r3, .L22+8
 266 0018 1868     		ldr	r0, [r3]
 267 001a FFF7FEFF 		bl	DJIMotorEnable
 268              	.LVL8:
 139:application/gimbal/gimbal.c ****         DMMotorEnable(pitch_motor);
 269              		.loc 1 139 9 view .LVU35
 270 001e 444B     		ldr	r3, .L22+12
 271 0020 1868     		ldr	r0, [r3]
 272 0022 FFF7FEFF 		bl	DMMotorEnable
 273              	.LVL9:
 140:application/gimbal/gimbal.c **** 
 141:application/gimbal/gimbal.c ****         yaw_speed_feedforward = DEGREE_2_RAD * (gimbal_cmd_recv.yaw - yaw_last_ref) * PARAM_YAW_SPE
 274              		.loc 1 141 9 view .LVU36
 275              		.loc 1 141 64 is_stmt 0 view .LVU37
 276 0026 3F4B     		ldr	r3, .L22
 277 0028 93ED000A 		vldr.32	s0, [r3]
 278              		.loc 1 141 69 view .LVU38
 279 002c 414B     		ldr	r3, .L22+16
 280 002e D3ED007A 		vldr.32	s15, [r3]
 281 0032 70EE677A 		vsub.f32	s15, s0, s15
 282              		.loc 1 141 46 view .LVU39
 283 0036 9FED407A 		vldr.32	s14, .L22+20
 284 003a 67EE877A 		vmul.f32	s15, s15, s14
 285              		.loc 1 141 85 view .LVU40
 286 003e 9FED3F7A 		vldr.32	s14, .L22+24
 287 0042 67EE877A 		vmul.f32	s15, s15, s14
 288              		.loc 1 141 31 view .LVU41
 289 0046 3E4B     		ldr	r3, .L22+28
 290 0048 C3ED007A 		vstr.32	s15, [r3]
 142:application/gimbal/gimbal.c ****         LIMIT_MIN_MAX(yaw_speed_feedforward, -PARAM_YAW_SPEED_FEEDFORWARD_LIMIT, PARAM_YAW_SPEED_FE
 291              		.loc 1 142 9 is_stmt 1 view .LVU42
 292 004c BAEE047A 		vmov.f32	s14, #-1.0e+1
 293 0050 F4EEC77A 		vcmpe.f32	s15, s14
 294 0054 F1EE10FA 		vmrs	APSR_nzcv, FPSCR
 295 0058 2DD9     		bls	.L15
 296              		.loc 1 142 9 is_stmt 0 discriminator 2 view .LVU43
 297 005a B2EE047A 		vmov.f32	s14, #1.0e+1
 298 005e F4EEC77A 		vcmpe.f32	s15, s14
 299 0062 F1EE10FA 		vmrs	APSR_nzcv, FPSCR
 300 0066 28DB     		blt	.L9
 301              		.loc 1 142 9 discriminator 4 view .LVU44
 302 0068 F0EE477A 		vmov.f32	s15, s14
 303 006c 25E0     		b	.L9
 304              	.L6:
 130:application/gimbal/gimbal.c ****         DMMotorStop(pitch_motor);
 305              		.loc 1 130 9 is_stmt 1 view .LVU45
 306 006e 2F4B     		ldr	r3, .L22+8
 307 0070 1868     		ldr	r0, [r3]
 308 0072 FFF7FEFF 		bl	DJIMotorStop
 309              	.LVL10:
ARM GAS  C:\Users\ADMINI~1\AppData\Local\Temp\ccdwnYIu.s 			page 9


 131:application/gimbal/gimbal.c **** 
 310              		.loc 1 131 9 view .LVU46
 311 0076 2E4B     		ldr	r3, .L22+12
 312 0078 1868     		ldr	r0, [r3]
 313 007a FFF7FEFF 		bl	DMMotorStop
 314              	.LVL11:
 133:application/gimbal/gimbal.c ****         yaw_last_ref = 0.0f;          // еБЬж≠ҐжЧґжЄЕйЫґдЄКдЄАжђ°еПВиАГеАЉ
 315              		.loc 1 133 9 view .LVU47
 133:application/gimbal/gimbal.c ****         yaw_last_ref = 0.0f;          // еБЬж≠ҐжЧґжЄЕйЫґдЄКдЄАжђ°еПВиАГеАЉ
 316              		.loc 1 133 31 is_stmt 0 view .LVU48
 317 007e 0023     		movs	r3, #0
 318 0080 2F4A     		ldr	r2, .L22+28
 319 0082 1360     		str	r3, [r2]	@ float
 134:application/gimbal/gimbal.c ****         break;
 320              		.loc 1 134 9 is_stmt 1 view .LVU49
 134:application/gimbal/gimbal.c ****         break;
 321              		.loc 1 134 22 is_stmt 0 view .LVU50
 322 0084 2B4A     		ldr	r2, .L22+16
 323 0086 1360     		str	r3, [r2]	@ float
 135:application/gimbal/gimbal.c ****     // дљњзФ®йЩАиЮЇдї™зЪДеПНй¶И,еЇХзЫШж†єжНЃyawзФµжЬЇзЪДoffsetиЈЯйЪПдЇСеП∞жИЦиІЖиІЙж®°еЉПйЗЗзФ®
 324              		.loc 1 135 9 is_stmt 1 view .LVU51
 325              	.L8:
 143:application/gimbal/gimbal.c ****         yaw_last_ref = gimbal_cmd_recv.yaw;                  // жЫіжЦ∞дЄКдЄАжђ°зЪДеПВиАГеАЉ
 144:application/gimbal/gimbal.c ****         DJIMotorSetRef(yaw_motor, gimbal_cmd_recv.yaw);      // yawеТМpitchдЉЪеЬ®robot_cmdдЄ≠е§ДзРЖ
 145:application/gimbal/gimbal.c ****         DMMotorSetRef(pitch_motor, gimbal_cmd_recv.pitch);
 146:application/gimbal/gimbal.c ****         if (yaw_motor->motor_controller.speed_PID.Ref >= 0.5f)
 147:application/gimbal/gimbal.c ****         {
 148:application/gimbal/gimbal.c ****             yaw_current_feedforward = PARAM_YAW_CURRENT_FEEDFORWARD_ABS; // еЙНй¶ИзФµжµБ
 149:application/gimbal/gimbal.c ****         }
 150:application/gimbal/gimbal.c ****         else if (yaw_motor->motor_controller.speed_PID.Ref <= -0.5f)
 151:application/gimbal/gimbal.c ****         {
 152:application/gimbal/gimbal.c ****             yaw_current_feedforward = -PARAM_YAW_CURRENT_FEEDFORWARD_ABS; // еЙНй¶ИзФµжµБ
 153:application/gimbal/gimbal.c ****         }
 154:application/gimbal/gimbal.c ****         else
 155:application/gimbal/gimbal.c ****         {
 156:application/gimbal/gimbal.c ****             yaw_current_feedforward = yaw_current_feedforward_abs * yaw_motor->motor_controller.spe
 157:application/gimbal/gimbal.c ****         }
 158:application/gimbal/gimbal.c **** 
 159:application/gimbal/gimbal.c ****         break;
 160:application/gimbal/gimbal.c ****     default:
 161:application/gimbal/gimbal.c ****         break;
 162:application/gimbal/gimbal.c ****     }
 163:application/gimbal/gimbal.c **** 
 164:application/gimbal/gimbal.c ****     // иЃЊзљЃеПНй¶ИжХ∞жНЃ,дЄїи¶БжШѓimuеТМyawзЪДecd
 165:application/gimbal/gimbal.c ****     gimbal_feedback_data.gimbal_imu_data = *gimba_IMU_data;
 326              		.loc 1 165 5 view .LVU52
 327              		.loc 1 165 42 is_stmt 0 view .LVU53
 328 0088 2E4C     		ldr	r4, .L22+32
 329 008a A446     		mov	ip, r4
 330 008c 2E4B     		ldr	r3, .L22+36
 331 008e D3F800E0 		ldr	lr, [r3]
 332 0092 BEE80F00 		ldmia	lr!, {r0, r1, r2, r3}
 333 0096 ACE80F00 		stmia	ip!, {r0, r1, r2, r3}
 334 009a BEE80F00 		ldmia	lr!, {r0, r1, r2, r3}
 335 009e ACE80F00 		stmia	ip!, {r0, r1, r2, r3}
 336 00a2 9EE80300 		ldm	lr, {r0, r1}
 337 00a6 8CE80300 		stm	ip, {r0, r1}
ARM GAS  C:\Users\ADMINI~1\AppData\Local\Temp\ccdwnYIu.s 			page 10


 166:application/gimbal/gimbal.c **** 
 167:application/gimbal/gimbal.c ****     // жО®йАБжґИжБѓ
 168:application/gimbal/gimbal.c ****     PubPushMessage(gimbal_pub, (void *)&gimbal_feedback_data);
 338              		.loc 1 168 5 is_stmt 1 view .LVU54
 339 00aa 2146     		mov	r1, r4
 340 00ac 274B     		ldr	r3, .L22+40
 341 00ae 1868     		ldr	r0, [r3]
 342 00b0 FFF7FEFF 		bl	PubPushMessage
 343              	.LVL12:
 169:application/gimbal/gimbal.c **** }...
 344              		.loc 1 169 1 is_stmt 0 view .LVU55
 345 00b4 10BD     		pop	{r4, pc}
 346              	.L15:
 142:application/gimbal/gimbal.c ****         LIMIT_MIN_MAX(yaw_speed_feedforward, -PARAM_YAW_SPEED_FEEDFORWARD_LIMIT, PARAM_YAW_SPEED_FE
 347              		.loc 1 142 9 discriminator 1 view .LVU56
 348 00b6 FAEE047A 		vmov.f32	s15, #-1.0e+1
 349              	.L9:
 142:application/gimbal/gimbal.c ****         LIMIT_MIN_MAX(yaw_speed_feedforward, -PARAM_YAW_SPEED_FEEDFORWARD_LIMIT, PARAM_YAW_SPEED_FE
 350              		.loc 1 142 9 discriminator 7 view .LVU57
 351 00ba 214B     		ldr	r3, .L22+28
 352 00bc C3ED007A 		vstr.32	s15, [r3]
 143:application/gimbal/gimbal.c ****         yaw_last_ref = gimbal_cmd_recv.yaw;                  // жЫіжЦ∞дЄКдЄАжђ°зЪДеПВиАГеАЉ
 353              		.loc 1 143 9 is_stmt 1 view .LVU58
 143:application/gimbal/gimbal.c ****         yaw_last_ref = gimbal_cmd_recv.yaw;                  // жЫіжЦ∞дЄКдЄАжђ°зЪДеПВиАГеАЉ
 354              		.loc 1 143 22 is_stmt 0 view .LVU59
 355 00c0 1C4B     		ldr	r3, .L22+16
 356 00c2 83ED000A 		vstr.32	s0, [r3]
 144:application/gimbal/gimbal.c ****         DJIMotorSetRef(yaw_motor, gimbal_cmd_recv.yaw);      // yawеТМpitchдЉЪеЬ®robot_cmdдЄ≠е§ДзРЖ
 357              		.loc 1 144 9 is_stmt 1 view .LVU60
 358 00c6 194C     		ldr	r4, .L22+8
 359 00c8 2068     		ldr	r0, [r4]
 360 00ca FFF7FEFF 		bl	DJIMotorSetRef
 361              	.LVL13:
 145:application/gimbal/gimbal.c ****         DMMotorSetRef(pitch_motor, gimbal_cmd_recv.pitch);
 362              		.loc 1 145 9 view .LVU61
 363 00ce 154B     		ldr	r3, .L22
 364 00d0 93ED010A 		vldr.32	s0, [r3, #4]
 365 00d4 164B     		ldr	r3, .L22+12
 366 00d6 1868     		ldr	r0, [r3]
 367 00d8 FFF7FEFF 		bl	DMMotorSetRef
 368              	.LVL14:
 146:application/gimbal/gimbal.c ****         if (yaw_motor->motor_controller.speed_PID.Ref >= 0.5f)
 369              		.loc 1 146 9 view .LVU62
 146:application/gimbal/gimbal.c ****         if (yaw_motor->motor_controller.speed_PID.Ref >= 0.5f)
 370              		.loc 1 146 22 is_stmt 0 view .LVU63
 371 00dc 2368     		ldr	r3, [r4]
 146:application/gimbal/gimbal.c ****         if (yaw_motor->motor_controller.speed_PID.Ref >= 0.5f)
 372              		.loc 1 146 50 view .LVU64
 373 00de D3ED417A 		vldr.32	s15, [r3, #260]
 146:application/gimbal/gimbal.c ****         if (yaw_motor->motor_controller.speed_PID.Ref >= 0.5f)
 374              		.loc 1 146 12 view .LVU65
 375 00e2 B6EE007A 		vmov.f32	s14, #5.0e-1
 376 00e6 F4EEC77A 		vcmpe.f32	s15, s14
 377 00ea F1EE10FA 		vmrs	APSR_nzcv, FPSCR
 378 00ee 03DB     		blt	.L19
 148:application/gimbal/gimbal.c ****             yaw_current_feedforward = PARAM_YAW_CURRENT_FEEDFORWARD_ABS; // еЙНй¶ИзФµжµБ
 379              		.loc 1 148 13 is_stmt 1 view .LVU66
ARM GAS  C:\Users\ADMINI~1\AppData\Local\Temp\ccdwnYIu.s 			page 11


 148:application/gimbal/gimbal.c ****             yaw_current_feedforward = PARAM_YAW_CURRENT_FEEDFORWARD_ABS; // еЙНй¶ИзФµжµБ
 380              		.loc 1 148 37 is_stmt 0 view .LVU67
 381 00f0 174B     		ldr	r3, .L22+44
 382 00f2 184A     		ldr	r2, .L22+48
 383 00f4 1A60     		str	r2, [r3]	@ float
 384 00f6 C7E7     		b	.L8
 385              	.L19:
 150:application/gimbal/gimbal.c ****         else if (yaw_motor->motor_controller.speed_PID.Ref <= -0.5f)
 386              		.loc 1 150 14 is_stmt 1 view .LVU68
 150:application/gimbal/gimbal.c ****         else if (yaw_motor->motor_controller.speed_PID.Ref <= -0.5f)
 387              		.loc 1 150 17 is_stmt 0 view .LVU69
 388 00f8 BEEE007A 		vmov.f32	s14, #-5.0e-1
 389 00fc F4EEC77A 		vcmpe.f32	s15, s14
 390 0100 F1EE10FA 		vmrs	APSR_nzcv, FPSCR
 391 0104 03D8     		bhi	.L20
 152:application/gimbal/gimbal.c ****             yaw_current_feedforward = -PARAM_YAW_CURRENT_FEEDFORWARD_ABS; // еЙНй¶ИзФµжµБ
 392              		.loc 1 152 13 is_stmt 1 view .LVU70
 152:application/gimbal/gimbal.c ****             yaw_current_feedforward = -PARAM_YAW_CURRENT_FEEDFORWARD_ABS; // еЙНй¶ИзФµжµБ
 393              		.loc 1 152 37 is_stmt 0 view .LVU71
 394 0106 124B     		ldr	r3, .L22+44
 395 0108 134A     		ldr	r2, .L22+52
 396 010a 1A60     		str	r2, [r3]	@ float
 397 010c BCE7     		b	.L8
 398              	.L20:
 156:application/gimbal/gimbal.c ****             yaw_current_feedforward = yaw_current_feedforward_abs * yaw_motor->motor_controller.spe
 399              		.loc 1 156 13 is_stmt 1 view .LVU72
 156:application/gimbal/gimbal.c ****             yaw_current_feedforward = yaw_current_feedforward_abs * yaw_motor->motor_controller.spe
 400              		.loc 1 156 67 is_stmt 0 view .LVU73
 401 010e 9FED0B7A 		vldr.32	s14, .L22+24
 402 0112 67EE877A 		vmul.f32	s15, s15, s14
 156:application/gimbal/gimbal.c ****             yaw_current_feedforward = yaw_current_feedforward_abs * yaw_motor->motor_controller.spe
 403              		.loc 1 156 111 view .LVU74
 404 0116 77EEA77A 		vadd.f32	s15, s15, s15
 156:application/gimbal/gimbal.c ****             yaw_current_feedforward = yaw_current_feedforward_abs * yaw_motor->motor_controller.spe
 405              		.loc 1 156 37 view .LVU75
 406 011a 0D4B     		ldr	r3, .L22+44
 407 011c C3ED007A 		vstr.32	s15, [r3]
 408 0120 B2E7     		b	.L8
 409              	.L23:
 410 0122 00BF     		.align	2
 411              	.L22:
 412 0124 00000000 		.word	gimbal_cmd_recv
 413 0128 00000000 		.word	gimbal_sub
 414 012c 00000000 		.word	yaw_motor
 415 0130 00000000 		.word	pitch_motor
 416 0134 00000000 		.word	yaw_last_ref
 417 0138 35FA8E3C 		.word	1016003125
 418 013c 0000FA43 		.word	1140457472
 419 0140 00000000 		.word	yaw_speed_feedforward
 420 0144 00000000 		.word	gimbal_feedback_data
 421 0148 00000000 		.word	gimba_IMU_data
 422 014c 00000000 		.word	gimbal_pub
 423 0150 00000000 		.word	yaw_current_feedforward
 424 0154 0000FA43 		.word	1140457472
 425 0158 0000FAC3 		.word	-1007026176
 426              		.cfi_endproc
 427              	.LFE395:
ARM GAS  C:\Users\ADMINI~1\AppData\Local\Temp\ccdwnYIu.s 			page 12


 429              		.section	.bss.yaw_last_ref,"aw",%nobits
 430              		.align	2
 433              	yaw_last_ref:
 434 0000 00000000 		.space	4
 435              		.section	.bss.yaw_current_feedforward,"aw",%nobits
 436              		.align	2
 439              	yaw_current_feedforward:
 440 0000 00000000 		.space	4
 441              		.section	.bss.yaw_speed_feedforward,"aw",%nobits
 442              		.align	2
 445              	yaw_speed_feedforward:
 446 0000 00000000 		.space	4
 447              		.section	.bss.pitch_motor,"aw",%nobits
 448              		.align	2
 451              	pitch_motor:
 452 0000 00000000 		.space	4
 453              		.section	.bss.yaw_motor,"aw",%nobits
 454              		.align	2
 457              	yaw_motor:
 458 0000 00000000 		.space	4
 459              		.section	.bss.gimbal_cmd_recv,"aw",%nobits
 460              		.align	2
 463              	gimbal_cmd_recv:
 464 0000 00000000 		.space	13
 464      00000000 
 464      00000000 
 464      00
 465              		.section	.bss.gimbal_feedback_data,"aw",%nobits
 466              		.align	2
 469              	gimbal_feedback_data:
 470 0000 00000000 		.space	43
 470      00000000 
 470      00000000 
 470      00000000 
 470      00000000 
 471              		.section	.bss.gimbal_sub,"aw",%nobits
 472              		.align	2
 475              	gimbal_sub:
 476 0000 00000000 		.space	4
 477              		.section	.bss.gimbal_pub,"aw",%nobits
 478              		.align	2
 481              	gimbal_pub:
 482 0000 00000000 		.space	4
 483              		.section	.bss.gimba_IMU_data,"aw",%nobits
 484              		.align	2
 487              	gimba_IMU_data:
 488 0000 00000000 		.space	4
 489              		.text
 490              	.Letext0:
 491              		.file 2 "D:/14.3 rel1/arm-none-eabi/include/machine/_default_types.h"
 492              		.file 3 "D:/14.3 rel1/arm-none-eabi/include/sys/_stdint.h"
 493              		.file 4 "Drivers/CMSIS/Device/ST/STM32H7xx/Include/stm32h723xx.h"
 494              		.file 5 "Drivers/CMSIS/Device/ST/STM32H7xx/Include/stm32h7xx.h"
 495              		.file 6 "Drivers/STM32H7xx_HAL_Driver/Inc/stm32h7xx_hal_def.h"
 496              		.file 7 "Drivers/STM32H7xx_HAL_Driver/Inc/stm32h7xx_hal_fdcan.h"
 497              		.file 8 "modules/imu/ins_task.h"
 498              		.file 9 "application/robot_def.h"
ARM GAS  C:\Users\ADMINI~1\AppData\Local\Temp\ccdwnYIu.s 			page 13


 499              		.file 10 "bsp/can/bsp_can.h"
 500              		.file 11 "modules/algorithm/controller.h"
 501              		.file 12 "modules/motor/motor_def.h"
 502              		.file 13 "modules/daemon/daemon.h"
 503              		.file 14 "modules/motor/DJImotor/dji_motor.h"
 504              		.file 15 "modules/motor/DMmotor/dmmotor.h"
 505              		.file 16 "modules/message_center/message_center.h"
 506              		.file 17 "<built-in>"
ARM GAS  C:\Users\ADMINI~1\AppData\Local\Temp\ccdwnYIu.s 			page 14


DEFINED SYMBOLS
                            *ABS*:00000000 gimbal.c
C:\Users\ADMINI~1\AppData\Local\Temp\ccdwnYIu.s:20     .rodata.GimbalInit.str1.4:00000000 $d
C:\Users\ADMINI~1\AppData\Local\Temp\ccdwnYIu.s:27     .text.GimbalInit:00000000 $t
C:\Users\ADMINI~1\AppData\Local\Temp\ccdwnYIu.s:33     .text.GimbalInit:00000000 GimbalInit
C:\Users\ADMINI~1\AppData\Local\Temp\ccdwnYIu.s:209    .text.GimbalInit:0000012c $d
C:\Users\ADMINI~1\AppData\Local\Temp\ccdwnYIu.s:487    .bss.gimba_IMU_data:00000000 gimba_IMU_data
C:\Users\ADMINI~1\AppData\Local\Temp\ccdwnYIu.s:481    .bss.gimbal_pub:00000000 gimbal_pub
C:\Users\ADMINI~1\AppData\Local\Temp\ccdwnYIu.s:475    .bss.gimbal_sub:00000000 gimbal_sub
C:\Users\ADMINI~1\AppData\Local\Temp\ccdwnYIu.s:445    .bss.yaw_speed_feedforward:00000000 yaw_speed_feedforward
C:\Users\ADMINI~1\AppData\Local\Temp\ccdwnYIu.s:457    .bss.yaw_motor:00000000 yaw_motor
C:\Users\ADMINI~1\AppData\Local\Temp\ccdwnYIu.s:451    .bss.pitch_motor:00000000 pitch_motor
C:\Users\ADMINI~1\AppData\Local\Temp\ccdwnYIu.s:233    .text.GimbalTask:00000000 $t
C:\Users\ADMINI~1\AppData\Local\Temp\ccdwnYIu.s:239    .text.GimbalTask:00000000 GimbalTask
C:\Users\ADMINI~1\AppData\Local\Temp\ccdwnYIu.s:412    .text.GimbalTask:00000124 $d
C:\Users\ADMINI~1\AppData\Local\Temp\ccdwnYIu.s:463    .bss.gimbal_cmd_recv:00000000 gimbal_cmd_recv
C:\Users\ADMINI~1\AppData\Local\Temp\ccdwnYIu.s:433    .bss.yaw_last_ref:00000000 yaw_last_ref
C:\Users\ADMINI~1\AppData\Local\Temp\ccdwnYIu.s:469    .bss.gimbal_feedback_data:00000000 gimbal_feedback_data
C:\Users\ADMINI~1\AppData\Local\Temp\ccdwnYIu.s:439    .bss.yaw_current_feedforward:00000000 yaw_current_feedforward
C:\Users\ADMINI~1\AppData\Local\Temp\ccdwnYIu.s:430    .bss.yaw_last_ref:00000000 $d
C:\Users\ADMINI~1\AppData\Local\Temp\ccdwnYIu.s:436    .bss.yaw_current_feedforward:00000000 $d
C:\Users\ADMINI~1\AppData\Local\Temp\ccdwnYIu.s:442    .bss.yaw_speed_feedforward:00000000 $d
C:\Users\ADMINI~1\AppData\Local\Temp\ccdwnYIu.s:448    .bss.pitch_motor:00000000 $d
C:\Users\ADMINI~1\AppData\Local\Temp\ccdwnYIu.s:454    .bss.yaw_motor:00000000 $d
C:\Users\ADMINI~1\AppData\Local\Temp\ccdwnYIu.s:460    .bss.gimbal_cmd_recv:00000000 $d
C:\Users\ADMINI~1\AppData\Local\Temp\ccdwnYIu.s:466    .bss.gimbal_feedback_data:00000000 $d
C:\Users\ADMINI~1\AppData\Local\Temp\ccdwnYIu.s:472    .bss.gimbal_sub:00000000 $d
C:\Users\ADMINI~1\AppData\Local\Temp\ccdwnYIu.s:478    .bss.gimbal_pub:00000000 $d
C:\Users\ADMINI~1\AppData\Local\Temp\ccdwnYIu.s:484    .bss.gimba_IMU_data:00000000 $d

UNDEFINED SYMBOLS
INS_Init
PubRegister
SubRegister
memset
DJIMotorInit
DMMotorInit
hfdcan1
SubGetMessage
DJIMotorEnable
DMMotorEnable
DJIMotorStop
DMMotorStop
PubPushMessage
DJIMotorSetRef
DMMotorSetRef
