ARM GAS  C:\Users\ADMINI~1\AppData\Local\Temp\ccjZZaOi.s 			page 1


   1              		.cpu cortex-m7
   2              		.arch armv7e-m
   3              		.fpu fpv5-d16
   4              		.eabi_attribute 28, 1
   5              		.eabi_attribute 20, 1
   6              		.eabi_attribute 21, 1
   7              		.eabi_attribute 23, 3
   8              		.eabi_attribute 24, 1
   9              		.eabi_attribute 25, 1
  10              		.eabi_attribute 26, 1
  11              		.eabi_attribute 30, 1
  12              		.eabi_attribute 34, 1
  13              		.eabi_attribute 18, 4
  14              		.file	"gpio.c"
  15              		.text
  16              	.Ltext0:
  17              		.cfi_sections	.debug_frame
  18              		.file 1 "Core/Src/gpio.c"
  19              		.section	.text.MX_GPIO_Init,"ax",%progbits
  20              		.align	1
  21              		.global	MX_GPIO_Init
  22              		.syntax unified
  23              		.thumb
  24              		.thumb_func
  26              	MX_GPIO_Init:
  27              	.LFB350:
   1:Core/Src/gpio.c **** /* USER CODE BEGIN Header */
   2:Core/Src/gpio.c **** /**
   3:Core/Src/gpio.c ****   ******************************************************************************
   4:Core/Src/gpio.c ****   * @file    gpio.c
   5:Core/Src/gpio.c ****   * @brief   This file provides code for the configuration
   6:Core/Src/gpio.c ****   *          of all used GPIO pins.
   7:Core/Src/gpio.c ****   ******************************************************************************
   8:Core/Src/gpio.c ****   * @attention
   9:Core/Src/gpio.c ****   *
  10:Core/Src/gpio.c ****   * Copyright (c) 2026 STMicroelectronics.
  11:Core/Src/gpio.c ****   * All rights reserved.
  12:Core/Src/gpio.c ****   *
  13:Core/Src/gpio.c ****   * This software is licensed under terms that can be found in the LICENSE file
  14:Core/Src/gpio.c ****   * in the root directory of this software component.
  15:Core/Src/gpio.c ****   * If no LICENSE file comes with this software, it is provided AS-IS.
  16:Core/Src/gpio.c ****   *
  17:Core/Src/gpio.c ****   ******************************************************************************
  18:Core/Src/gpio.c ****   */
  19:Core/Src/gpio.c **** /* USER CODE END Header */
  20:Core/Src/gpio.c **** 
  21:Core/Src/gpio.c **** /* Includes ------------------------------------------------------------------*/
  22:Core/Src/gpio.c **** #include "gpio.h"
  23:Core/Src/gpio.c **** 
  24:Core/Src/gpio.c **** /* USER CODE BEGIN 0 */
  25:Core/Src/gpio.c **** 
  26:Core/Src/gpio.c **** /* USER CODE END 0 */
  27:Core/Src/gpio.c **** 
  28:Core/Src/gpio.c **** /*----------------------------------------------------------------------------*/
  29:Core/Src/gpio.c **** /* Configure GPIO                                                             */
  30:Core/Src/gpio.c **** /*----------------------------------------------------------------------------*/
  31:Core/Src/gpio.c **** /* USER CODE BEGIN 1 */
ARM GAS  C:\Users\ADMINI~1\AppData\Local\Temp\ccjZZaOi.s 			page 2


  32:Core/Src/gpio.c **** 
  33:Core/Src/gpio.c **** /* USER CODE END 1 */
  34:Core/Src/gpio.c **** 
  35:Core/Src/gpio.c **** /** Configure pins as
  36:Core/Src/gpio.c ****         * Analog
  37:Core/Src/gpio.c ****         * Input
  38:Core/Src/gpio.c ****         * Output
  39:Core/Src/gpio.c ****         * EVENT_OUT
  40:Core/Src/gpio.c ****         * EXTI
  41:Core/Src/gpio.c ****      PA8   ------> RCC_MCO_1
  42:Core/Src/gpio.c **** */
  43:Core/Src/gpio.c **** void MX_GPIO_Init(void)
  44:Core/Src/gpio.c **** {
  28              		.loc 1 44 1 view -0
  29              		.cfi_startproc
  30              		@ args = 0, pretend = 0, frame = 48
  31              		@ frame_needed = 0, uses_anonymous_args = 0
  32 0000 2DE9F04F 		push	{r4, r5, r6, r7, r8, r9, r10, fp, lr}
  33              	.LCFI0:
  34              		.cfi_def_cfa_offset 36
  35              		.cfi_offset 4, -36
  36              		.cfi_offset 5, -32
  37              		.cfi_offset 6, -28
  38              		.cfi_offset 7, -24
  39              		.cfi_offset 8, -20
  40              		.cfi_offset 9, -16
  41              		.cfi_offset 10, -12
  42              		.cfi_offset 11, -8
  43              		.cfi_offset 14, -4
  44 0004 8DB0     		sub	sp, sp, #52
  45              	.LCFI1:
  46              		.cfi_def_cfa_offset 88
  45:Core/Src/gpio.c **** 
  46:Core/Src/gpio.c ****   GPIO_InitTypeDef GPIO_InitStruct = {0};
  47              		.loc 1 46 3 view .LVU1
  48              		.loc 1 46 20 is_stmt 0 view .LVU2
  49 0006 07AD     		add	r5, sp, #28
  50 0008 0024     		movs	r4, #0
  51 000a 0794     		str	r4, [sp, #28]
  52 000c 0894     		str	r4, [sp, #32]
  53 000e 0994     		str	r4, [sp, #36]
  54 0010 0A94     		str	r4, [sp, #40]
  55 0012 0B94     		str	r4, [sp, #44]
  47:Core/Src/gpio.c **** 
  48:Core/Src/gpio.c ****   /* GPIO Ports Clock Enable */
  49:Core/Src/gpio.c ****   __HAL_RCC_GPIOE_CLK_ENABLE();
  56              		.loc 1 49 3 is_stmt 1 view .LVU3
  57              	.LBB2:
  58              		.loc 1 49 3 view .LVU4
  59              		.loc 1 49 3 view .LVU5
  60 0014 604B     		ldr	r3, .L3
  61 0016 D3F8E020 		ldr	r2, [r3, #224]
  62 001a 42F01002 		orr	r2, r2, #16
  63 001e C3F8E020 		str	r2, [r3, #224]
  64              		.loc 1 49 3 view .LVU6
  65 0022 D3F8E020 		ldr	r2, [r3, #224]
  66 0026 02F01002 		and	r2, r2, #16
ARM GAS  C:\Users\ADMINI~1\AppData\Local\Temp\ccjZZaOi.s 			page 3


  67 002a 0192     		str	r2, [sp, #4]
  68              		.loc 1 49 3 view .LVU7
  69 002c 019A     		ldr	r2, [sp, #4]
  70              	.LBE2:
  71              		.loc 1 49 3 view .LVU8
  50:Core/Src/gpio.c ****   __HAL_RCC_GPIOH_CLK_ENABLE();
  72              		.loc 1 50 3 view .LVU9
  73              	.LBB3:
  74              		.loc 1 50 3 view .LVU10
  75              		.loc 1 50 3 view .LVU11
  76 002e D3F8E020 		ldr	r2, [r3, #224]
  77 0032 42F08002 		orr	r2, r2, #128
  78 0036 C3F8E020 		str	r2, [r3, #224]
  79              		.loc 1 50 3 view .LVU12
  80 003a D3F8E020 		ldr	r2, [r3, #224]
  81 003e 02F08002 		and	r2, r2, #128
  82 0042 0292     		str	r2, [sp, #8]
  83              		.loc 1 50 3 view .LVU13
  84 0044 029A     		ldr	r2, [sp, #8]
  85              	.LBE3:
  86              		.loc 1 50 3 view .LVU14
  51:Core/Src/gpio.c ****   __HAL_RCC_GPIOA_CLK_ENABLE();
  87              		.loc 1 51 3 view .LVU15
  88              	.LBB4:
  89              		.loc 1 51 3 view .LVU16
  90              		.loc 1 51 3 view .LVU17
  91 0046 D3F8E020 		ldr	r2, [r3, #224]
  92 004a 42F00102 		orr	r2, r2, #1
  93 004e C3F8E020 		str	r2, [r3, #224]
  94              		.loc 1 51 3 view .LVU18
  95 0052 D3F8E020 		ldr	r2, [r3, #224]
  96 0056 02F00102 		and	r2, r2, #1
  97 005a 0392     		str	r2, [sp, #12]
  98              		.loc 1 51 3 view .LVU19
  99 005c 039A     		ldr	r2, [sp, #12]
 100              	.LBE4:
 101              		.loc 1 51 3 view .LVU20
  52:Core/Src/gpio.c ****   __HAL_RCC_GPIOC_CLK_ENABLE();
 102              		.loc 1 52 3 view .LVU21
 103              	.LBB5:
 104              		.loc 1 52 3 view .LVU22
 105              		.loc 1 52 3 view .LVU23
 106 005e D3F8E020 		ldr	r2, [r3, #224]
 107 0062 42F00402 		orr	r2, r2, #4
 108 0066 C3F8E020 		str	r2, [r3, #224]
 109              		.loc 1 52 3 view .LVU24
 110 006a D3F8E020 		ldr	r2, [r3, #224]
 111 006e 02F00402 		and	r2, r2, #4
 112 0072 0492     		str	r2, [sp, #16]
 113              		.loc 1 52 3 view .LVU25
 114 0074 049A     		ldr	r2, [sp, #16]
 115              	.LBE5:
 116              		.loc 1 52 3 view .LVU26
  53:Core/Src/gpio.c ****   __HAL_RCC_GPIOB_CLK_ENABLE();
 117              		.loc 1 53 3 view .LVU27
 118              	.LBB6:
 119              		.loc 1 53 3 view .LVU28
ARM GAS  C:\Users\ADMINI~1\AppData\Local\Temp\ccjZZaOi.s 			page 4


 120              		.loc 1 53 3 view .LVU29
 121 0076 D3F8E020 		ldr	r2, [r3, #224]
 122 007a 42F00202 		orr	r2, r2, #2
 123 007e C3F8E020 		str	r2, [r3, #224]
 124              		.loc 1 53 3 view .LVU30
 125 0082 D3F8E020 		ldr	r2, [r3, #224]
 126 0086 02F00202 		and	r2, r2, #2
 127 008a 0592     		str	r2, [sp, #20]
 128              		.loc 1 53 3 view .LVU31
 129 008c 059A     		ldr	r2, [sp, #20]
 130              	.LBE6:
 131              		.loc 1 53 3 view .LVU32
  54:Core/Src/gpio.c ****   __HAL_RCC_GPIOD_CLK_ENABLE();
 132              		.loc 1 54 3 view .LVU33
 133              	.LBB7:
 134              		.loc 1 54 3 view .LVU34
 135              		.loc 1 54 3 view .LVU35
 136 008e D3F8E020 		ldr	r2, [r3, #224]
 137 0092 42F00802 		orr	r2, r2, #8
 138 0096 C3F8E020 		str	r2, [r3, #224]
 139              		.loc 1 54 3 view .LVU36
 140 009a D3F8E030 		ldr	r3, [r3, #224]
 141 009e 03F00803 		and	r3, r3, #8
 142 00a2 0693     		str	r3, [sp, #24]
 143              		.loc 1 54 3 view .LVU37
 144 00a4 069B     		ldr	r3, [sp, #24]
 145              	.LBE7:
 146              		.loc 1 54 3 view .LVU38
  55:Core/Src/gpio.c **** 
  56:Core/Src/gpio.c ****   /*Configure GPIO pin Output Level */
  57:Core/Src/gpio.c ****   HAL_GPIO_WritePin(GPIOE, GALVO_CHX_Pin|GALVO_CLK_Pin|GALVO_SYN_Pin|GALVO_CHY_Pin, GPIO_PIN_RESET)
 147              		.loc 1 57 3 view .LVU39
 148 00a6 DFF8F8B0 		ldr	fp, .L3+8
 149 00aa 2246     		mov	r2, r4
 150 00ac 3C21     		movs	r1, #60
 151 00ae 5846     		mov	r0, fp
 152 00b0 FFF7FEFF 		bl	HAL_GPIO_WritePin
 153              	.LVL0:
  58:Core/Src/gpio.c **** 
  59:Core/Src/gpio.c ****   /*Configure GPIO pin Output Level */
  60:Core/Src/gpio.c ****   HAL_GPIO_WritePin(GPIOC, CS1_ACCEL_Pin|CS1_GYRO_Pin, GPIO_PIN_SET);
 154              		.loc 1 60 3 view .LVU40
 155 00b4 DFF8EC80 		ldr	r8, .L3+12
 156 00b8 0122     		movs	r2, #1
 157 00ba 3021     		movs	r1, #48
 158 00bc 4046     		mov	r0, r8
 159 00be FFF7FEFF 		bl	HAL_GPIO_WritePin
 160              	.LVL1:
  61:Core/Src/gpio.c **** 
  62:Core/Src/gpio.c ****   /*Configure GPIO pin Output Level */
  63:Core/Src/gpio.c ****   HAL_GPIO_WritePin(GPIOD, LASER_IP0_Pin|LASER_IP1_Pin|LASER_IP2_Pin|LASER_IP3_Pin
 161              		.loc 1 63 3 view .LVU41
 162 00c2 DFF8E4A0 		ldr	r10, .L3+16
 163 00c6 2246     		mov	r2, r4
 164 00c8 FF21     		movs	r1, #255
 165 00ca 5046     		mov	r0, r10
 166 00cc FFF7FEFF 		bl	HAL_GPIO_WritePin
ARM GAS  C:\Users\ADMINI~1\AppData\Local\Temp\ccjZZaOi.s 			page 5


 167              	.LVL2:
  64:Core/Src/gpio.c ****                           |LASER_IP4_Pin|LASER_IP5_Pin|LASER_IP6_Pin|LASER_IP7_Pin, GPIO_PIN_RESET)
  65:Core/Src/gpio.c **** 
  66:Core/Src/gpio.c ****   /*Configure GPIO pin Output Level */
  67:Core/Src/gpio.c ****   HAL_GPIO_WritePin(GPIOB, LASER_MO_Pin|LASER_PA_Pin|LASER_LATCH_Pin|LASER_RED_Pin
 168              		.loc 1 67 3 view .LVU42
 169 00d0 DFF8D890 		ldr	r9, .L3+20
 170 00d4 2246     		mov	r2, r4
 171 00d6 4FF46C71 		mov	r1, #944
 172 00da 4846     		mov	r0, r9
 173 00dc FFF7FEFF 		bl	HAL_GPIO_WritePin
 174              	.LVL3:
  68:Core/Src/gpio.c ****                           |LASER_ESTOP_Pin, GPIO_PIN_RESET);
  69:Core/Src/gpio.c **** 
  70:Core/Src/gpio.c ****   /*Configure GPIO pins : GALVO_CHX_Pin GALVO_CLK_Pin GALVO_SYN_Pin GALVO_CHY_Pin */
  71:Core/Src/gpio.c ****   GPIO_InitStruct.Pin = GALVO_CHX_Pin|GALVO_CLK_Pin|GALVO_SYN_Pin|GALVO_CHY_Pin;
 175              		.loc 1 71 3 view .LVU43
 176              		.loc 1 71 23 is_stmt 0 view .LVU44
 177 00e0 3C23     		movs	r3, #60
 178 00e2 0793     		str	r3, [sp, #28]
  72:Core/Src/gpio.c ****   GPIO_InitStruct.Mode = GPIO_MODE_OUTPUT_PP;
 179              		.loc 1 72 3 is_stmt 1 view .LVU45
 180              		.loc 1 72 24 is_stmt 0 view .LVU46
 181 00e4 0126     		movs	r6, #1
 182 00e6 0896     		str	r6, [sp, #32]
  73:Core/Src/gpio.c ****   GPIO_InitStruct.Pull = GPIO_NOPULL;
 183              		.loc 1 73 3 is_stmt 1 view .LVU47
 184              		.loc 1 73 24 is_stmt 0 view .LVU48
 185 00e8 0994     		str	r4, [sp, #36]
  74:Core/Src/gpio.c ****   GPIO_InitStruct.Speed = GPIO_SPEED_FREQ_VERY_HIGH;
 186              		.loc 1 74 3 is_stmt 1 view .LVU49
 187              		.loc 1 74 25 is_stmt 0 view .LVU50
 188 00ea 0327     		movs	r7, #3
 189 00ec 0A97     		str	r7, [sp, #40]
  75:Core/Src/gpio.c ****   HAL_GPIO_Init(GPIOE, &GPIO_InitStruct);
 190              		.loc 1 75 3 is_stmt 1 view .LVU51
 191 00ee 2946     		mov	r1, r5
 192 00f0 5846     		mov	r0, fp
 193 00f2 FFF7FEFF 		bl	HAL_GPIO_Init
 194              	.LVL4:
  76:Core/Src/gpio.c **** 
  77:Core/Src/gpio.c ****   /*Configure GPIO pins : CS1_ACCEL_Pin CS1_GYRO_Pin */
  78:Core/Src/gpio.c ****   GPIO_InitStruct.Pin = CS1_ACCEL_Pin|CS1_GYRO_Pin;
 195              		.loc 1 78 3 view .LVU52
 196              		.loc 1 78 23 is_stmt 0 view .LVU53
 197 00f6 3023     		movs	r3, #48
 198 00f8 0793     		str	r3, [sp, #28]
  79:Core/Src/gpio.c ****   GPIO_InitStruct.Mode = GPIO_MODE_OUTPUT_PP;
 199              		.loc 1 79 3 is_stmt 1 view .LVU54
 200              		.loc 1 79 24 is_stmt 0 view .LVU55
 201 00fa 0896     		str	r6, [sp, #32]
  80:Core/Src/gpio.c ****   GPIO_InitStruct.Pull = GPIO_NOPULL;
 202              		.loc 1 80 3 is_stmt 1 view .LVU56
 203              		.loc 1 80 24 is_stmt 0 view .LVU57
 204 00fc 0994     		str	r4, [sp, #36]
  81:Core/Src/gpio.c ****   GPIO_InitStruct.Speed = GPIO_SPEED_FREQ_VERY_HIGH;
 205              		.loc 1 81 3 is_stmt 1 view .LVU58
ARM GAS  C:\Users\ADMINI~1\AppData\Local\Temp\ccjZZaOi.s 			page 6


 206              		.loc 1 81 25 is_stmt 0 view .LVU59
 207 00fe 0A97     		str	r7, [sp, #40]
  82:Core/Src/gpio.c ****   HAL_GPIO_Init(GPIOC, &GPIO_InitStruct);
 208              		.loc 1 82 3 is_stmt 1 view .LVU60
 209 0100 2946     		mov	r1, r5
 210 0102 4046     		mov	r0, r8
 211 0104 FFF7FEFF 		bl	HAL_GPIO_Init
 212              	.LVL5:
  83:Core/Src/gpio.c **** 
  84:Core/Src/gpio.c ****   /*Configure GPIO pins : INT1_ACCEL_Pin INT1_GYRO_Pin */
  85:Core/Src/gpio.c ****   GPIO_InitStruct.Pin = INT1_ACCEL_Pin|INT1_GYRO_Pin;
 213              		.loc 1 85 3 view .LVU61
 214              		.loc 1 85 23 is_stmt 0 view .LVU62
 215 0108 0797     		str	r7, [sp, #28]
  86:Core/Src/gpio.c ****   GPIO_InitStruct.Mode = GPIO_MODE_IT_RISING;
 216              		.loc 1 86 3 is_stmt 1 view .LVU63
 217              		.loc 1 86 24 is_stmt 0 view .LVU64
 218 010a 4FF4881B 		mov	fp, #1114112
 219 010e CDF820B0 		str	fp, [sp, #32]
  87:Core/Src/gpio.c ****   GPIO_InitStruct.Pull = GPIO_NOPULL;
 220              		.loc 1 87 3 is_stmt 1 view .LVU65
 221              		.loc 1 87 24 is_stmt 0 view .LVU66
 222 0112 0994     		str	r4, [sp, #36]
  88:Core/Src/gpio.c ****   HAL_GPIO_Init(GPIOB, &GPIO_InitStruct);
 223              		.loc 1 88 3 is_stmt 1 view .LVU67
 224 0114 2946     		mov	r1, r5
 225 0116 4846     		mov	r0, r9
 226 0118 FFF7FEFF 		bl	HAL_GPIO_Init
 227              	.LVL6:
  89:Core/Src/gpio.c **** 
  90:Core/Src/gpio.c ****   /*Configure GPIO pin : PA8 */
  91:Core/Src/gpio.c ****   GPIO_InitStruct.Pin = GPIO_PIN_8;
 228              		.loc 1 91 3 view .LVU68
 229              		.loc 1 91 23 is_stmt 0 view .LVU69
 230 011c 4FF48073 		mov	r3, #256
 231 0120 0793     		str	r3, [sp, #28]
  92:Core/Src/gpio.c ****   GPIO_InitStruct.Mode = GPIO_MODE_AF_PP;
 232              		.loc 1 92 3 is_stmt 1 view .LVU70
 233              		.loc 1 92 24 is_stmt 0 view .LVU71
 234 0122 0223     		movs	r3, #2
 235 0124 0893     		str	r3, [sp, #32]
  93:Core/Src/gpio.c ****   GPIO_InitStruct.Pull = GPIO_NOPULL;
 236              		.loc 1 93 3 is_stmt 1 view .LVU72
 237              		.loc 1 93 24 is_stmt 0 view .LVU73
 238 0126 0994     		str	r4, [sp, #36]
  94:Core/Src/gpio.c ****   GPIO_InitStruct.Speed = GPIO_SPEED_FREQ_LOW;
 239              		.loc 1 94 3 is_stmt 1 view .LVU74
 240              		.loc 1 94 25 is_stmt 0 view .LVU75
 241 0128 0A94     		str	r4, [sp, #40]
  95:Core/Src/gpio.c ****   GPIO_InitStruct.Alternate = GPIO_AF0_MCO;
 242              		.loc 1 95 3 is_stmt 1 view .LVU76
 243              		.loc 1 95 29 is_stmt 0 view .LVU77
 244 012a 0B94     		str	r4, [sp, #44]
  96:Core/Src/gpio.c ****   HAL_GPIO_Init(GPIOA, &GPIO_InitStruct);
 245              		.loc 1 96 3 is_stmt 1 view .LVU78
 246 012c 2946     		mov	r1, r5
 247 012e 1B48     		ldr	r0, .L3+4
ARM GAS  C:\Users\ADMINI~1\AppData\Local\Temp\ccjZZaOi.s 			page 7


 248 0130 FFF7FEFF 		bl	HAL_GPIO_Init
 249              	.LVL7:
  97:Core/Src/gpio.c **** 
  98:Core/Src/gpio.c ****   /*Configure GPIO pin : USER_KEY_Pin */
  99:Core/Src/gpio.c ****   GPIO_InitStruct.Pin = USER_KEY_Pin;
 250              		.loc 1 99 3 view .LVU79
 251              		.loc 1 99 23 is_stmt 0 view .LVU80
 252 0134 4FF40043 		mov	r3, #32768
 253 0138 0793     		str	r3, [sp, #28]
 100:Core/Src/gpio.c ****   GPIO_InitStruct.Mode = GPIO_MODE_INPUT;
 254              		.loc 1 100 3 is_stmt 1 view .LVU81
 255              		.loc 1 100 24 is_stmt 0 view .LVU82
 256 013a 0894     		str	r4, [sp, #32]
 101:Core/Src/gpio.c ****   GPIO_InitStruct.Pull = GPIO_NOPULL;
 257              		.loc 1 101 3 is_stmt 1 view .LVU83
 258              		.loc 1 101 24 is_stmt 0 view .LVU84
 259 013c 0994     		str	r4, [sp, #36]
 102:Core/Src/gpio.c ****   HAL_GPIO_Init(USER_KEY_GPIO_Port, &GPIO_InitStruct);
 260              		.loc 1 102 3 is_stmt 1 view .LVU85
 261 013e 2946     		mov	r1, r5
 262 0140 1648     		ldr	r0, .L3+4
 263 0142 FFF7FEFF 		bl	HAL_GPIO_Init
 264              	.LVL8:
 103:Core/Src/gpio.c **** 
 104:Core/Src/gpio.c ****   /*Configure GPIO pin : LASER_WARN_IN1_Pin */
 105:Core/Src/gpio.c ****   GPIO_InitStruct.Pin = LASER_WARN_IN1_Pin;
 265              		.loc 1 105 3 view .LVU86
 266              		.loc 1 105 23 is_stmt 0 view .LVU87
 267 0146 4FF48063 		mov	r3, #1024
 268 014a 0793     		str	r3, [sp, #28]
 106:Core/Src/gpio.c ****   GPIO_InitStruct.Mode = GPIO_MODE_INPUT;
 269              		.loc 1 106 3 is_stmt 1 view .LVU88
 270              		.loc 1 106 24 is_stmt 0 view .LVU89
 271 014c 0894     		str	r4, [sp, #32]
 107:Core/Src/gpio.c ****   GPIO_InitStruct.Pull = GPIO_PULLUP;
 272              		.loc 1 107 3 is_stmt 1 view .LVU90
 273              		.loc 1 107 24 is_stmt 0 view .LVU91
 274 014e 0996     		str	r6, [sp, #36]
 108:Core/Src/gpio.c ****   HAL_GPIO_Init(LASER_WARN_IN1_GPIO_Port, &GPIO_InitStruct);
 275              		.loc 1 108 3 is_stmt 1 view .LVU92
 276 0150 2946     		mov	r1, r5
 277 0152 4046     		mov	r0, r8
 278 0154 FFF7FEFF 		bl	HAL_GPIO_Init
 279              	.LVL9:
 109:Core/Src/gpio.c **** 
 110:Core/Src/gpio.c ****   /*Configure GPIO pin : LASER_WARN_IN2_Pin */
 111:Core/Src/gpio.c ****   GPIO_InitStruct.Pin = LASER_WARN_IN2_Pin;
 280              		.loc 1 111 3 view .LVU93
 281              		.loc 1 111 23 is_stmt 0 view .LVU94
 282 0158 4FF40063 		mov	r3, #2048
 283 015c 0793     		str	r3, [sp, #28]
 112:Core/Src/gpio.c ****   GPIO_InitStruct.Mode = GPIO_MODE_IT_RISING;
 284              		.loc 1 112 3 is_stmt 1 view .LVU95
 285              		.loc 1 112 24 is_stmt 0 view .LVU96
 286 015e CDF820B0 		str	fp, [sp, #32]
 113:Core/Src/gpio.c ****   GPIO_InitStruct.Pull = GPIO_PULLUP;
 287              		.loc 1 113 3 is_stmt 1 view .LVU97
ARM GAS  C:\Users\ADMINI~1\AppData\Local\Temp\ccjZZaOi.s 			page 8


 288              		.loc 1 113 24 is_stmt 0 view .LVU98
 289 0162 0996     		str	r6, [sp, #36]
 114:Core/Src/gpio.c ****   HAL_GPIO_Init(LASER_WARN_IN2_GPIO_Port, &GPIO_InitStruct);
 290              		.loc 1 114 3 is_stmt 1 view .LVU99
 291 0164 2946     		mov	r1, r5
 292 0166 4046     		mov	r0, r8
 293 0168 FFF7FEFF 		bl	HAL_GPIO_Init
 294              	.LVL10:
 115:Core/Src/gpio.c **** 
 116:Core/Src/gpio.c ****   /*Configure GPIO pins : LASER_IP0_Pin LASER_IP1_Pin LASER_IP2_Pin LASER_IP3_Pin
 117:Core/Src/gpio.c ****                            LASER_IP4_Pin LASER_IP5_Pin LASER_IP6_Pin LASER_IP7_Pin */
 118:Core/Src/gpio.c ****   GPIO_InitStruct.Pin = LASER_IP0_Pin|LASER_IP1_Pin|LASER_IP2_Pin|LASER_IP3_Pin
 295              		.loc 1 118 3 view .LVU100
 296              		.loc 1 118 23 is_stmt 0 view .LVU101
 297 016c FF23     		movs	r3, #255
 298 016e 0793     		str	r3, [sp, #28]
 119:Core/Src/gpio.c ****                           |LASER_IP4_Pin|LASER_IP5_Pin|LASER_IP6_Pin|LASER_IP7_Pin;
 120:Core/Src/gpio.c ****   GPIO_InitStruct.Mode = GPIO_MODE_OUTPUT_PP;
 299              		.loc 1 120 3 is_stmt 1 view .LVU102
 300              		.loc 1 120 24 is_stmt 0 view .LVU103
 301 0170 0896     		str	r6, [sp, #32]
 121:Core/Src/gpio.c ****   GPIO_InitStruct.Pull = GPIO_NOPULL;
 302              		.loc 1 121 3 is_stmt 1 view .LVU104
 303              		.loc 1 121 24 is_stmt 0 view .LVU105
 304 0172 0994     		str	r4, [sp, #36]
 122:Core/Src/gpio.c ****   GPIO_InitStruct.Speed = GPIO_SPEED_FREQ_VERY_HIGH;
 305              		.loc 1 122 3 is_stmt 1 view .LVU106
 306              		.loc 1 122 25 is_stmt 0 view .LVU107
 307 0174 0A97     		str	r7, [sp, #40]
 123:Core/Src/gpio.c ****   HAL_GPIO_Init(GPIOD, &GPIO_InitStruct);
 308              		.loc 1 123 3 is_stmt 1 view .LVU108
 309 0176 2946     		mov	r1, r5
 310 0178 5046     		mov	r0, r10
 311 017a FFF7FEFF 		bl	HAL_GPIO_Init
 312              	.LVL11:
 124:Core/Src/gpio.c **** 
 125:Core/Src/gpio.c ****   /*Configure GPIO pins : LASER_MO_Pin LASER_PA_Pin LASER_LATCH_Pin LASER_RED_Pin
 126:Core/Src/gpio.c ****                            LASER_ESTOP_Pin */
 127:Core/Src/gpio.c ****   GPIO_InitStruct.Pin = LASER_MO_Pin|LASER_PA_Pin|LASER_LATCH_Pin|LASER_RED_Pin
 313              		.loc 1 127 3 view .LVU109
 314              		.loc 1 127 23 is_stmt 0 view .LVU110
 315 017e 4FF46C73 		mov	r3, #944
 316 0182 0793     		str	r3, [sp, #28]
 128:Core/Src/gpio.c ****                           |LASER_ESTOP_Pin;
 129:Core/Src/gpio.c ****   GPIO_InitStruct.Mode = GPIO_MODE_OUTPUT_PP;
 317              		.loc 1 129 3 is_stmt 1 view .LVU111
 318              		.loc 1 129 24 is_stmt 0 view .LVU112
 319 0184 0896     		str	r6, [sp, #32]
 130:Core/Src/gpio.c ****   GPIO_InitStruct.Pull = GPIO_NOPULL;
 320              		.loc 1 130 3 is_stmt 1 view .LVU113
 321              		.loc 1 130 24 is_stmt 0 view .LVU114
 322 0186 0994     		str	r4, [sp, #36]
 131:Core/Src/gpio.c ****   GPIO_InitStruct.Speed = GPIO_SPEED_FREQ_VERY_HIGH;
 323              		.loc 1 131 3 is_stmt 1 view .LVU115
 324              		.loc 1 131 25 is_stmt 0 view .LVU116
 325 0188 0A97     		str	r7, [sp, #40]
 132:Core/Src/gpio.c ****   HAL_GPIO_Init(GPIOB, &GPIO_InitStruct);
ARM GAS  C:\Users\ADMINI~1\AppData\Local\Temp\ccjZZaOi.s 			page 9


 326              		.loc 1 132 3 is_stmt 1 view .LVU117
 327 018a 2946     		mov	r1, r5
 328 018c 4846     		mov	r0, r9
 329 018e FFF7FEFF 		bl	HAL_GPIO_Init
 330              	.LVL12:
 133:Core/Src/gpio.c **** 
 134:Core/Src/gpio.c **** }
 331              		.loc 1 134 1 is_stmt 0 view .LVU118
 332 0192 0DB0     		add	sp, sp, #52
 333              	.LCFI2:
 334              		.cfi_def_cfa_offset 36
 335              		@ sp needed
 336 0194 BDE8F08F 		pop	{r4, r5, r6, r7, r8, r9, r10, fp, pc}
 337              	.L4:
 338              		.align	2
 339              	.L3:
 340 0198 00440258 		.word	1476543488
 341 019c 00000258 		.word	1476526080
 342 01a0 00100258 		.word	1476530176
 343 01a4 00080258 		.word	1476528128
 344 01a8 000C0258 		.word	1476529152
 345 01ac 00040258 		.word	1476527104
 346              		.cfi_endproc
 347              	.LFE350:
 349              		.text
 350              	.Letext0:
 351              		.file 2 "D:/14.3 rel1/arm-none-eabi/include/machine/_default_types.h"
 352              		.file 3 "D:/14.3 rel1/arm-none-eabi/include/sys/_stdint.h"
 353              		.file 4 "Drivers/CMSIS/Device/ST/STM32H7xx/Include/stm32h723xx.h"
 354              		.file 5 "Drivers/STM32H7xx_HAL_Driver/Inc/stm32h7xx_hal_gpio.h"
ARM GAS  C:\Users\ADMINI~1\AppData\Local\Temp\ccjZZaOi.s 			page 10


DEFINED SYMBOLS
                            *ABS*:00000000 gpio.c
C:\Users\ADMINI~1\AppData\Local\Temp\ccjZZaOi.s:20     .text.MX_GPIO_Init:00000000 $t
C:\Users\ADMINI~1\AppData\Local\Temp\ccjZZaOi.s:26     .text.MX_GPIO_Init:00000000 MX_GPIO_Init
C:\Users\ADMINI~1\AppData\Local\Temp\ccjZZaOi.s:340    .text.MX_GPIO_Init:00000198 $d

UNDEFINED SYMBOLS
HAL_GPIO_WritePin
HAL_GPIO_Init
