ARM GAS  C:\Users\ADMINI~1\AppData\Local\Temp\ccnSmCAJ.s 			page 1


   1              		.cpu cortex-m7
   2              		.arch armv7e-m
   3              		.fpu fpv5-d16
   4              		.eabi_attribute 28, 1
   5              		.eabi_attribute 20, 1
   6              		.eabi_attribute 21, 1
   7              		.eabi_attribute 23, 3
   8              		.eabi_attribute 24, 1
   9              		.eabi_attribute 25, 1
  10              		.eabi_attribute 26, 1
  11              		.eabi_attribute 30, 1
  12              		.eabi_attribute 34, 1
  13              		.eabi_attribute 18, 4
  14              		.file	"laser_proto.c"
  15              		.text
  16              	.Ltext0:
  17              		.cfi_sections	.debug_frame
  18              		.file 1 "application/laser_ctrl/laser_proto.c"
  19              		.section	.text.LaserProto_ParsePointToken,"ax",%progbits
  20              		.align	1
  21              		.syntax unified
  22              		.thumb
  23              		.thumb_func
  25              	LaserProto_ParsePointToken:
  26              	.LVL0:
  27              	.LFB0:
   1:application/laser_ctrl/laser_proto.c **** #include "laser_proto.h"
   2:application/laser_ctrl/laser_proto.c **** 
   3:application/laser_ctrl/laser_proto.c **** #include <stdbool.h>
   4:application/laser_ctrl/laser_proto.c **** #include <stdlib.h>
   5:application/laser_ctrl/laser_proto.c **** #include <string.h>
   6:application/laser_ctrl/laser_proto.c **** 
   7:application/laser_ctrl/laser_proto.c **** #define LASER_PROTO_FRAME_MAX_LEN 192u
   8:application/laser_ctrl/laser_proto.c **** 
   9:application/laser_ctrl/laser_proto.c **** static LaserProtoStats_t g_stats;
  10:application/laser_ctrl/laser_proto.c **** static LaserProtoPointCallback_t g_point_cb = NULL;
  11:application/laser_ctrl/laser_proto.c **** 
  12:application/laser_ctrl/laser_proto.c **** static char g_frame_buf[LASER_PROTO_FRAME_MAX_LEN + 1u];
  13:application/laser_ctrl/laser_proto.c **** static uint16_t g_frame_len = 0u;
  14:application/laser_ctrl/laser_proto.c **** static bool g_frame_collecting = false;
  15:application/laser_ctrl/laser_proto.c **** 
  16:application/laser_ctrl/laser_proto.c **** static bool LaserProto_ParsePointToken(const char *token, LaserPointCmd_t *out_point)
  17:application/laser_ctrl/laser_proto.c **** {
  28              		.loc 1 17 1 view -0
  29              		.cfi_startproc
  30              		@ args = 0, pretend = 0, frame = 8
  31              		@ frame_needed = 0, uses_anonymous_args = 0
  32              		.loc 1 17 1 is_stmt 0 view .LVU1
  33 0000 70B5     		push	{r4, r5, r6, lr}
  34              	.LCFI0:
  35              		.cfi_def_cfa_offset 16
  36              		.cfi_offset 4, -16
  37              		.cfi_offset 5, -12
  38              		.cfi_offset 6, -8
  39              		.cfi_offset 14, -4
  40 0002 2DED028B 		vpush.64	{d8}
  41              	.LCFI1:
ARM GAS  C:\Users\ADMINI~1\AppData\Local\Temp\ccnSmCAJ.s 			page 2


  42              		.cfi_def_cfa_offset 24
  43              		.cfi_offset 80, -24
  44              		.cfi_offset 81, -20
  45 0006 82B0     		sub	sp, sp, #8
  46              	.LCFI2:
  47              		.cfi_def_cfa_offset 32
  48 0008 0446     		mov	r4, r0
  49 000a 0E46     		mov	r6, r1
  18:application/laser_ctrl/laser_proto.c ****     char *endptr = NULL;
  50              		.loc 1 18 5 is_stmt 1 view .LVU2
  51              		.loc 1 18 11 is_stmt 0 view .LVU3
  52 000c 0023     		movs	r3, #0
  53 000e 0193     		str	r3, [sp, #4]
  19:application/laser_ctrl/laser_proto.c ****     long board_id = strtol(token, &endptr, 10);
  54              		.loc 1 19 5 is_stmt 1 view .LVU4
  55              		.loc 1 19 21 is_stmt 0 view .LVU5
  56 0010 0A22     		movs	r2, #10
  57 0012 01A9     		add	r1, sp, #4
  58              	.LVL1:
  59              		.loc 1 19 21 view .LVU6
  60 0014 FFF7FEFF 		bl	strtol
  61              	.LVL2:
  20:application/laser_ctrl/laser_proto.c ****     if (endptr == token || *endptr != ',' || board_id < 0 || board_id > 3)
  62              		.loc 1 20 5 is_stmt 1 view .LVU7
  63              		.loc 1 20 16 is_stmt 0 view .LVU8
  64 0018 019B     		ldr	r3, [sp, #4]
  65              		.loc 1 20 8 view .LVU9
  66 001a A342     		cmp	r3, r4
  67 001c 45D0     		beq	.L3
  68 001e 0546     		mov	r5, r0
  69              		.loc 1 20 28 discriminator 1 view .LVU10
  70 0020 1A78     		ldrb	r2, [r3]	@ zero_extendqisi2
  71              		.loc 1 20 25 discriminator 1 view .LVU11
  72 0022 2C2A     		cmp	r2, #44
  73 0024 43D1     		bne	.L4
  74              		.loc 1 20 59 discriminator 2 view .LVU12
  75 0026 0328     		cmp	r0, #3
  76 0028 01D9     		bls	.L15
  21:application/laser_ctrl/laser_proto.c ****     {
  22:application/laser_ctrl/laser_proto.c ****         return false;
  77              		.loc 1 22 16 view .LVU13
  78 002a 0020     		movs	r0, #0
  79              	.LVL3:
  80              		.loc 1 22 16 view .LVU14
  81 002c 40E0     		b	.L2
  82              	.LVL4:
  83              	.L15:
  23:application/laser_ctrl/laser_proto.c ****     }
  24:application/laser_ctrl/laser_proto.c **** 
  25:application/laser_ctrl/laser_proto.c ****     char *x_start = endptr + 1;
  84              		.loc 1 25 5 is_stmt 1 view .LVU15
  85              		.loc 1 25 11 is_stmt 0 view .LVU16
  86 002e 0133     		adds	r3, r3, #1
  87 0030 1C46     		mov	r4, r3
  88              	.LVL5:
  26:application/laser_ctrl/laser_proto.c ****     float x_rel = strtof(x_start, &endptr);
  89              		.loc 1 26 5 is_stmt 1 view .LVU17
ARM GAS  C:\Users\ADMINI~1\AppData\Local\Temp\ccnSmCAJ.s 			page 3


  90              		.loc 1 26 19 is_stmt 0 view .LVU18
  91 0032 01A9     		add	r1, sp, #4
  92 0034 1846     		mov	r0, r3
  93              	.LVL6:
  94              		.loc 1 26 19 view .LVU19
  95 0036 FFF7FEFF 		bl	strtof
  96              	.LVL7:
  97              		.loc 1 26 19 view .LVU20
  98 003a B0EE408A 		vmov.f32	s16, s0
  99              	.LVL8:
  27:application/laser_ctrl/laser_proto.c ****     if (endptr == x_start || *endptr != ',')
 100              		.loc 1 27 5 is_stmt 1 view .LVU21
 101              		.loc 1 27 16 is_stmt 0 view .LVU22
 102 003e 0198     		ldr	r0, [sp, #4]
 103              		.loc 1 27 8 view .LVU23
 104 0040 A042     		cmp	r0, r4
 105 0042 39D0     		beq	.L6
 106              		.loc 1 27 30 discriminator 1 view .LVU24
 107 0044 0378     		ldrb	r3, [r0]	@ zero_extendqisi2
 108              		.loc 1 27 27 discriminator 1 view .LVU25
 109 0046 2C2B     		cmp	r3, #44
 110 0048 01D0     		beq	.L16
  28:application/laser_ctrl/laser_proto.c ****     {
  29:application/laser_ctrl/laser_proto.c ****         return false;
 111              		.loc 1 29 16 view .LVU26
 112 004a 0020     		movs	r0, #0
 113 004c 30E0     		b	.L2
 114              	.L16:
  30:application/laser_ctrl/laser_proto.c ****     }
  31:application/laser_ctrl/laser_proto.c **** 
  32:application/laser_ctrl/laser_proto.c ****     char *y_start = endptr + 1;
 115              		.loc 1 32 5 is_stmt 1 view .LVU27
 116              		.loc 1 32 11 is_stmt 0 view .LVU28
 117 004e 431C     		adds	r3, r0, #1
 118 0050 1C46     		mov	r4, r3
 119              	.LVL9:
  33:application/laser_ctrl/laser_proto.c ****     float y_rel = strtof(y_start, &endptr);
 120              		.loc 1 33 5 is_stmt 1 view .LVU29
 121              		.loc 1 33 19 is_stmt 0 view .LVU30
 122 0052 01A9     		add	r1, sp, #4
 123 0054 1846     		mov	r0, r3
 124 0056 FFF7FEFF 		bl	strtof
 125              	.LVL10:
  34:application/laser_ctrl/laser_proto.c ****     if (endptr == y_start || *endptr != '\0')
 126              		.loc 1 34 5 is_stmt 1 view .LVU31
 127              		.loc 1 34 16 is_stmt 0 view .LVU32
 128 005a 019B     		ldr	r3, [sp, #4]
 129              		.loc 1 34 8 view .LVU33
 130 005c A342     		cmp	r3, r4
 131 005e 2DD0     		beq	.L8
 132              		.loc 1 34 30 discriminator 1 view .LVU34
 133 0060 1B78     		ldrb	r3, [r3]	@ zero_extendqisi2
 134              		.loc 1 34 27 discriminator 1 view .LVU35
 135 0062 6BBB     		cbnz	r3, .L9
  35:application/laser_ctrl/laser_proto.c ****     {
  36:application/laser_ctrl/laser_proto.c ****         return false;
  37:application/laser_ctrl/laser_proto.c ****     }
ARM GAS  C:\Users\ADMINI~1\AppData\Local\Temp\ccnSmCAJ.s 			page 4


  38:application/laser_ctrl/laser_proto.c **** 
  39:application/laser_ctrl/laser_proto.c ****     if (x_rel < -1000.0f || x_rel > 1000.0f || y_rel < -1000.0f || y_rel > 1000.0f)
 136              		.loc 1 39 5 is_stmt 1 view .LVU36
 137              		.loc 1 39 8 is_stmt 0 view .LVU37
 138 0064 DFED1B7A 		vldr.32	s15, .L17
 139 0068 B4EEE78A 		vcmpe.f32	s16, s15
 140 006c F1EE10FA 		vmrs	APSR_nzcv, FPSCR
 141 0070 28D4     		bmi	.L10
 142              		.loc 1 39 26 discriminator 1 view .LVU38
 143 0072 DFED197A 		vldr.32	s15, .L17+4
 144 0076 B4EEE78A 		vcmpe.f32	s16, s15
 145 007a F1EE10FA 		vmrs	APSR_nzcv, FPSCR
 146 007e 23DC     		bgt	.L11
 147              		.loc 1 39 45 discriminator 2 view .LVU39
 148 0080 DFED147A 		vldr.32	s15, .L17
 149 0084 B4EEE70A 		vcmpe.f32	s0, s15
 150 0088 F1EE10FA 		vmrs	APSR_nzcv, FPSCR
 151 008c 1ED4     		bmi	.L12
 152              		.loc 1 39 65 discriminator 3 view .LVU40
 153 008e DFED127A 		vldr.32	s15, .L17+4
 154 0092 B4EEE70A 		vcmpe.f32	s0, s15
 155 0096 F1EE10FA 		vmrs	APSR_nzcv, FPSCR
 156 009a 19DC     		bgt	.L13
  40:application/laser_ctrl/laser_proto.c ****     {
  41:application/laser_ctrl/laser_proto.c ****         return false;
  42:application/laser_ctrl/laser_proto.c ****     }
  43:application/laser_ctrl/laser_proto.c **** 
  44:application/laser_ctrl/laser_proto.c ****     out_point->board_id = (uint8_t)board_id;
 157              		.loc 1 44 5 is_stmt 1 view .LVU41
 158              		.loc 1 44 25 is_stmt 0 view .LVU42
 159 009c 3570     		strb	r5, [r6]
  45:application/laser_ctrl/laser_proto.c ****     out_point->x_rel = x_rel;
 160              		.loc 1 45 5 is_stmt 1 view .LVU43
 161              		.loc 1 45 22 is_stmt 0 view .LVU44
 162 009e 86ED018A 		vstr.32	s16, [r6, #4]
  46:application/laser_ctrl/laser_proto.c ****     out_point->y_rel = y_rel;
 163              		.loc 1 46 5 is_stmt 1 view .LVU45
 164              		.loc 1 46 22 is_stmt 0 view .LVU46
 165 00a2 86ED020A 		vstr.32	s0, [r6, #8]
  47:application/laser_ctrl/laser_proto.c ****     return true;
 166              		.loc 1 47 5 is_stmt 1 view .LVU47
 167              		.loc 1 47 12 is_stmt 0 view .LVU48
 168 00a6 0120     		movs	r0, #1
 169 00a8 02E0     		b	.L2
 170              	.LVL11:
 171              	.L3:
  22:application/laser_ctrl/laser_proto.c ****     }
 172              		.loc 1 22 16 view .LVU49
 173 00aa 0020     		movs	r0, #0
 174              	.LVL12:
  22:application/laser_ctrl/laser_proto.c ****     }
 175              		.loc 1 22 16 view .LVU50
 176 00ac 00E0     		b	.L2
 177              	.LVL13:
 178              	.L4:
  22:application/laser_ctrl/laser_proto.c ****     }
 179              		.loc 1 22 16 view .LVU51
ARM GAS  C:\Users\ADMINI~1\AppData\Local\Temp\ccnSmCAJ.s 			page 5


 180 00ae 0020     		movs	r0, #0
 181              	.LVL14:
 182              	.L2:
  48:application/laser_ctrl/laser_proto.c **** }
 183              		.loc 1 48 1 view .LVU52
 184 00b0 02B0     		add	sp, sp, #8
 185              	.LCFI3:
 186              		.cfi_remember_state
 187              		.cfi_def_cfa_offset 24
 188              		@ sp needed
 189 00b2 BDEC028B 		vldm	sp!, {d8}
 190              	.LCFI4:
 191              		.cfi_restore 80
 192              		.cfi_restore 81
 193              		.cfi_def_cfa_offset 16
 194 00b6 70BD     		pop	{r4, r5, r6, pc}
 195              	.LVL15:
 196              	.L6:
 197              	.LCFI5:
 198              		.cfi_restore_state
  29:application/laser_ctrl/laser_proto.c ****     }
 199              		.loc 1 29 16 view .LVU53
 200 00b8 0020     		movs	r0, #0
 201 00ba F9E7     		b	.L2
 202              	.LVL16:
 203              	.L8:
  36:application/laser_ctrl/laser_proto.c ****     }
 204              		.loc 1 36 16 view .LVU54
 205 00bc 0020     		movs	r0, #0
 206 00be F7E7     		b	.L2
 207              	.L9:
 208 00c0 0020     		movs	r0, #0
 209 00c2 F5E7     		b	.L2
 210              	.L10:
  41:application/laser_ctrl/laser_proto.c ****     }
 211              		.loc 1 41 16 view .LVU55
 212 00c4 0020     		movs	r0, #0
 213 00c6 F3E7     		b	.L2
 214              	.L11:
 215 00c8 0020     		movs	r0, #0
 216 00ca F1E7     		b	.L2
 217              	.L12:
 218 00cc 0020     		movs	r0, #0
 219 00ce EFE7     		b	.L2
 220              	.L13:
 221 00d0 0020     		movs	r0, #0
 222 00d2 EDE7     		b	.L2
 223              	.L18:
 224              		.align	2
 225              	.L17:
 226 00d4 00007AC4 		.word	-998637568
 227 00d8 00007A44 		.word	1148846080
 228              		.cfi_endproc
 229              	.LFE0:
 231              		.section	.rodata.LaserProto_ProcessFrame.str1.4,"aMS",%progbits,1
 232              		.align	2
 233              	.LC0:
ARM GAS  C:\Users\ADMINI~1\AppData\Local\Temp\ccnSmCAJ.s 			page 6


 234 0000 3B00     		.ascii	";\000"
 235              		.section	.text.LaserProto_ProcessFrame,"ax",%progbits
 236              		.align	1
 237              		.syntax unified
 238              		.thumb
 239              		.thumb_func
 241              	LaserProto_ProcessFrame:
 242              	.LFB1:
  49:application/laser_ctrl/laser_proto.c **** 
  50:application/laser_ctrl/laser_proto.c **** static void LaserProto_ProcessFrame(void)
  51:application/laser_ctrl/laser_proto.c **** {
 243              		.loc 1 51 1 is_stmt 1 view -0
 244              		.cfi_startproc
 245              		@ args = 0, pretend = 0, frame = 16
 246              		@ frame_needed = 0, uses_anonymous_args = 0
  52:application/laser_ctrl/laser_proto.c ****     if (g_frame_len == 0u)
 247              		.loc 1 52 5 view .LVU57
 248              		.loc 1 52 21 is_stmt 0 view .LVU58
 249 0000 1D4B     		ldr	r3, .L33
 250 0002 1B88     		ldrh	r3, [r3]
 251              		.loc 1 52 8 view .LVU59
 252 0004 23B9     		cbnz	r3, .L20
  53:application/laser_ctrl/laser_proto.c ****     {
  54:application/laser_ctrl/laser_proto.c ****         g_stats.frame_bad++;
 253              		.loc 1 54 9 is_stmt 1 view .LVU60
 254              		.loc 1 54 16 is_stmt 0 view .LVU61
 255 0006 1D4A     		ldr	r2, .L33+4
 256 0008 9368     		ldr	r3, [r2, #8]
 257              		.loc 1 54 26 view .LVU62
 258 000a 0133     		adds	r3, r3, #1
 259 000c 9360     		str	r3, [r2, #8]
  55:application/laser_ctrl/laser_proto.c ****         return;
 260              		.loc 1 55 9 is_stmt 1 view .LVU63
 261 000e 7047     		bx	lr
 262              	.L20:
  51:application/laser_ctrl/laser_proto.c ****     if (g_frame_len == 0u)
 263              		.loc 1 51 1 is_stmt 0 view .LVU64
 264 0010 10B5     		push	{r4, lr}
 265              	.LCFI6:
 266              		.cfi_def_cfa_offset 8
 267              		.cfi_offset 4, -8
 268              		.cfi_offset 14, -4
 269 0012 84B0     		sub	sp, sp, #16
 270              	.LCFI7:
 271              		.cfi_def_cfa_offset 24
  56:application/laser_ctrl/laser_proto.c ****     }
  57:application/laser_ctrl/laser_proto.c **** 
  58:application/laser_ctrl/laser_proto.c ****     g_frame_buf[g_frame_len] = '\0';
 272              		.loc 1 58 5 is_stmt 1 view .LVU65
 273              		.loc 1 58 30 is_stmt 0 view .LVU66
 274 0014 1A48     		ldr	r0, .L33+8
 275 0016 4FF00002 		mov	r2, #0
 276 001a C254     		strb	r2, [r0, r3]
  59:application/laser_ctrl/laser_proto.c **** 
  60:application/laser_ctrl/laser_proto.c ****     bool frame_valid = true;
 277              		.loc 1 60 5 is_stmt 1 view .LVU67
 278              	.LVL17:
ARM GAS  C:\Users\ADMINI~1\AppData\Local\Temp\ccnSmCAJ.s 			page 7


  61:application/laser_ctrl/laser_proto.c ****     bool has_point = false;
 279              		.loc 1 61 5 view .LVU68
  62:application/laser_ctrl/laser_proto.c ****     char *save_ptr = NULL;
 280              		.loc 1 62 5 view .LVU69
 281              		.loc 1 62 11 is_stmt 0 view .LVU70
 282 001c 0023     		movs	r3, #0
 283 001e 0393     		str	r3, [sp, #12]
  63:application/laser_ctrl/laser_proto.c ****     char *token = strtok_r(g_frame_buf, ";", &save_ptr);
 284              		.loc 1 63 5 is_stmt 1 view .LVU71
 285              		.loc 1 63 19 is_stmt 0 view .LVU72
 286 0020 03AA     		add	r2, sp, #12
 287 0022 1849     		ldr	r1, .L33+12
 288 0024 FFF7FEFF 		bl	strtok_r
 289              	.LVL18:
  64:application/laser_ctrl/laser_proto.c **** 
  65:application/laser_ctrl/laser_proto.c ****     while (token != NULL)
 290              		.loc 1 65 5 is_stmt 1 view .LVU73
  61:application/laser_ctrl/laser_proto.c ****     char *save_ptr = NULL;
 291              		.loc 1 61 10 is_stmt 0 view .LVU74
 292 0028 0023     		movs	r3, #0
 293 002a 1C46     		mov	r4, r3
 294              		.loc 1 65 11 view .LVU75
 295 002c 06E0     		b	.L22
 296              	.LVL19:
 297              	.L32:
 298              	.LBB2:
  66:application/laser_ctrl/laser_proto.c ****     {
  67:application/laser_ctrl/laser_proto.c ****         if (*token == '\0')
  68:application/laser_ctrl/laser_proto.c ****         {
  69:application/laser_ctrl/laser_proto.c ****             frame_valid = false;
  70:application/laser_ctrl/laser_proto.c ****             break;
  71:application/laser_ctrl/laser_proto.c ****         }
  72:application/laser_ctrl/laser_proto.c **** 
  73:application/laser_ctrl/laser_proto.c ****         LaserPointCmd_t point;
  74:application/laser_ctrl/laser_proto.c ****         if (!LaserProto_ParsePointToken(token, &point))
  75:application/laser_ctrl/laser_proto.c ****         {
  76:application/laser_ctrl/laser_proto.c ****             frame_valid = false;
  77:application/laser_ctrl/laser_proto.c ****             break;
  78:application/laser_ctrl/laser_proto.c ****         }
  79:application/laser_ctrl/laser_proto.c **** 
  80:application/laser_ctrl/laser_proto.c ****         has_point = true;
  81:application/laser_ctrl/laser_proto.c ****         g_stats.point_ok++;
  82:application/laser_ctrl/laser_proto.c ****         if (g_point_cb != NULL)
  83:application/laser_ctrl/laser_proto.c ****         {
  84:application/laser_ctrl/laser_proto.c ****             g_point_cb(&point);
 299              		.loc 1 84 13 is_stmt 1 view .LVU76
 300 002e 6846     		mov	r0, sp
 301 0030 9847     		blx	r3
 302              	.LVL20:
 303              	.L24:
  85:application/laser_ctrl/laser_proto.c ****         }
  86:application/laser_ctrl/laser_proto.c **** 
  87:application/laser_ctrl/laser_proto.c ****         token = strtok_r(NULL, ";", &save_ptr);
 304              		.loc 1 87 9 view .LVU77
 305              		.loc 1 87 17 is_stmt 0 view .LVU78
 306 0032 03AA     		add	r2, sp, #12
 307 0034 1349     		ldr	r1, .L33+12
ARM GAS  C:\Users\ADMINI~1\AppData\Local\Temp\ccnSmCAJ.s 			page 8


 308 0036 0020     		movs	r0, #0
 309 0038 FFF7FEFF 		bl	strtok_r
 310              	.LVL21:
 311              	.L22:
 312              		.loc 1 87 17 view .LVU79
 313              	.LBE2:
  65:application/laser_ctrl/laser_proto.c ****     {
 314              		.loc 1 65 18 is_stmt 1 view .LVU80
 315 003c 78B1     		cbz	r0, .L31
 316              	.LBB3:
  67:application/laser_ctrl/laser_proto.c ****         {
 317              		.loc 1 67 9 view .LVU81
  67:application/laser_ctrl/laser_proto.c ****         {
 318              		.loc 1 67 13 is_stmt 0 view .LVU82
 319 003e 0378     		ldrb	r3, [r0]	@ zero_extendqisi2
  67:application/laser_ctrl/laser_proto.c ****         {
 320              		.loc 1 67 12 view .LVU83
 321 0040 9BB1     		cbz	r3, .L25
  73:application/laser_ctrl/laser_proto.c ****         if (!LaserProto_ParsePointToken(token, &point))
 322              		.loc 1 73 9 is_stmt 1 view .LVU84
  74:application/laser_ctrl/laser_proto.c ****         {
 323              		.loc 1 74 9 view .LVU85
  74:application/laser_ctrl/laser_proto.c ****         {
 324              		.loc 1 74 14 is_stmt 0 view .LVU86
 325 0042 6946     		mov	r1, sp
 326 0044 FFF7FEFF 		bl	LaserProto_ParsePointToken
 327              	.LVL22:
  74:application/laser_ctrl/laser_proto.c ****         {
 328              		.loc 1 74 12 discriminator 1 view .LVU87
 329 0048 0446     		mov	r4, r0
 330              	.LVL23:
  74:application/laser_ctrl/laser_proto.c ****         {
 331              		.loc 1 74 12 discriminator 1 view .LVU88
 332 004a 70B1     		cbz	r0, .L25
  80:application/laser_ctrl/laser_proto.c ****         g_stats.point_ok++;
 333              		.loc 1 80 9 is_stmt 1 view .LVU89
 334              	.LVL24:
  81:application/laser_ctrl/laser_proto.c ****         if (g_point_cb != NULL)
 335              		.loc 1 81 9 view .LVU90
  81:application/laser_ctrl/laser_proto.c ****         if (g_point_cb != NULL)
 336              		.loc 1 81 16 is_stmt 0 view .LVU91
 337 004c 0B4A     		ldr	r2, .L33+4
 338 004e D368     		ldr	r3, [r2, #12]
  81:application/laser_ctrl/laser_proto.c ****         if (g_point_cb != NULL)
 339              		.loc 1 81 25 view .LVU92
 340 0050 0133     		adds	r3, r3, #1
 341 0052 D360     		str	r3, [r2, #12]
  82:application/laser_ctrl/laser_proto.c ****         {
 342              		.loc 1 82 9 is_stmt 1 view .LVU93
  82:application/laser_ctrl/laser_proto.c ****         {
 343              		.loc 1 82 24 is_stmt 0 view .LVU94
 344 0054 0C4B     		ldr	r3, .L33+16
 345 0056 1B68     		ldr	r3, [r3]
  82:application/laser_ctrl/laser_proto.c ****         {
 346              		.loc 1 82 12 view .LVU95
 347 0058 002B     		cmp	r3, #0
 348 005a E8D1     		bne	.L32
ARM GAS  C:\Users\ADMINI~1\AppData\Local\Temp\ccnSmCAJ.s 			page 9


 349 005c E9E7     		b	.L24
 350              	.LVL25:
 351              	.L31:
  82:application/laser_ctrl/laser_proto.c ****         {
 352              		.loc 1 82 12 view .LVU96
 353              	.LBE3:
  88:application/laser_ctrl/laser_proto.c ****     }
  89:application/laser_ctrl/laser_proto.c **** 
  90:application/laser_ctrl/laser_proto.c ****     if (frame_valid && has_point)
 354              		.loc 1 90 5 is_stmt 1 view .LVU97
 355              		.loc 1 90 8 is_stmt 0 view .LVU98
 356 005e 24B1     		cbz	r4, .L25
  91:application/laser_ctrl/laser_proto.c ****     {
  92:application/laser_ctrl/laser_proto.c ****         g_stats.frame_ok++;
 357              		.loc 1 92 9 is_stmt 1 view .LVU99
 358              		.loc 1 92 16 is_stmt 0 view .LVU100
 359 0060 064A     		ldr	r2, .L33+4
 360 0062 5368     		ldr	r3, [r2, #4]
 361              		.loc 1 92 25 view .LVU101
 362 0064 0133     		adds	r3, r3, #1
 363 0066 5360     		str	r3, [r2, #4]
 364 0068 03E0     		b	.L19
 365              	.LVL26:
 366              	.L25:
  93:application/laser_ctrl/laser_proto.c ****     }
  94:application/laser_ctrl/laser_proto.c ****     else
  95:application/laser_ctrl/laser_proto.c ****     {
  96:application/laser_ctrl/laser_proto.c ****         g_stats.frame_bad++;
 367              		.loc 1 96 9 is_stmt 1 view .LVU102
 368              		.loc 1 96 16 is_stmt 0 view .LVU103
 369 006a 044A     		ldr	r2, .L33+4
 370 006c 9368     		ldr	r3, [r2, #8]
 371              		.loc 1 96 26 view .LVU104
 372 006e 0133     		adds	r3, r3, #1
 373 0070 9360     		str	r3, [r2, #8]
 374              	.L19:
  97:application/laser_ctrl/laser_proto.c ****     }
  98:application/laser_ctrl/laser_proto.c **** }
 375              		.loc 1 98 1 view .LVU105
 376 0072 04B0     		add	sp, sp, #16
 377              	.LCFI8:
 378              		.cfi_def_cfa_offset 8
 379              		@ sp needed
 380 0074 10BD     		pop	{r4, pc}
 381              	.L34:
 382 0076 00BF     		.align	2
 383              	.L33:
 384 0078 00000000 		.word	g_frame_len
 385 007c 00000000 		.word	g_stats
 386 0080 00000000 		.word	g_frame_buf
 387 0084 00000000 		.word	.LC0
 388 0088 00000000 		.word	g_point_cb
 389              		.cfi_endproc
 390              	.LFE1:
 392              		.section	.text.LaserProto_Init,"ax",%progbits
 393              		.align	1
 394              		.global	LaserProto_Init
ARM GAS  C:\Users\ADMINI~1\AppData\Local\Temp\ccnSmCAJ.s 			page 10


 395              		.syntax unified
 396              		.thumb
 397              		.thumb_func
 399              	LaserProto_Init:
 400              	.LFB2:
  99:application/laser_ctrl/laser_proto.c **** 
 100:application/laser_ctrl/laser_proto.c **** void LaserProto_Init(void)
 101:application/laser_ctrl/laser_proto.c **** {
 401              		.loc 1 101 1 is_stmt 1 view -0
 402              		.cfi_startproc
 403              		@ args = 0, pretend = 0, frame = 0
 404              		@ frame_needed = 0, uses_anonymous_args = 0
 405              		@ link register save eliminated.
 102:application/laser_ctrl/laser_proto.c ****     memset(&g_stats, 0, sizeof(g_stats));
 406              		.loc 1 102 5 view .LVU107
 407 0000 074A     		ldr	r2, .L36
 408 0002 0023     		movs	r3, #0
 409 0004 1360     		str	r3, [r2]
 410 0006 5360     		str	r3, [r2, #4]
 411 0008 9360     		str	r3, [r2, #8]
 412 000a D360     		str	r3, [r2, #12]
 413 000c 1361     		str	r3, [r2, #16]
 103:application/laser_ctrl/laser_proto.c ****     g_point_cb = NULL;
 414              		.loc 1 103 5 view .LVU108
 415              		.loc 1 103 16 is_stmt 0 view .LVU109
 416 000e 054A     		ldr	r2, .L36+4
 417 0010 1360     		str	r3, [r2]
 104:application/laser_ctrl/laser_proto.c ****     g_frame_len = 0u;
 418              		.loc 1 104 5 is_stmt 1 view .LVU110
 419              		.loc 1 104 17 is_stmt 0 view .LVU111
 420 0012 054A     		ldr	r2, .L36+8
 421 0014 1380     		strh	r3, [r2]	@ movhi
 105:application/laser_ctrl/laser_proto.c ****     g_frame_collecting = false;
 422              		.loc 1 105 5 is_stmt 1 view .LVU112
 423              		.loc 1 105 24 is_stmt 0 view .LVU113
 424 0016 4FF00002 		mov	r2, #0	@ movhi
 425 001a 044B     		ldr	r3, .L36+12
 426 001c 1A70     		strb	r2, [r3]
 106:application/laser_ctrl/laser_proto.c **** }
 427              		.loc 1 106 1 view .LVU114
 428 001e 7047     		bx	lr
 429              	.L37:
 430              		.align	2
 431              	.L36:
 432 0020 00000000 		.word	g_stats
 433 0024 00000000 		.word	g_point_cb
 434 0028 00000000 		.word	g_frame_len
 435 002c 00000000 		.word	g_frame_collecting
 436              		.cfi_endproc
 437              	.LFE2:
 439              		.section	.text.LaserProto_OnUsbRx,"ax",%progbits
 440              		.align	1
 441              		.global	LaserProto_OnUsbRx
 442              		.syntax unified
 443              		.thumb
 444              		.thumb_func
 446              	LaserProto_OnUsbRx:
ARM GAS  C:\Users\ADMINI~1\AppData\Local\Temp\ccnSmCAJ.s 			page 11


 447              	.LVL27:
 448              	.LFB3:
 107:application/laser_ctrl/laser_proto.c **** 
 108:application/laser_ctrl/laser_proto.c **** void LaserProto_OnUsbRx(const uint8_t *data, uint16_t len)
 109:application/laser_ctrl/laser_proto.c **** {
 449              		.loc 1 109 1 is_stmt 1 view -0
 450              		.cfi_startproc
 451              		@ args = 0, pretend = 0, frame = 0
 452              		@ frame_needed = 0, uses_anonymous_args = 0
 110:application/laser_ctrl/laser_proto.c ****     if (data == NULL || len == 0u)
 453              		.loc 1 110 5 view .LVU116
 454              		.loc 1 110 8 is_stmt 0 view .LVU117
 455 0000 0029     		cmp	r1, #0
 456 0002 18BF     		it	ne
 457 0004 0028     		cmpne	r0, #0
 458 0006 38D0     		beq	.L47
 109:application/laser_ctrl/laser_proto.c ****     if (data == NULL || len == 0u)
 459              		.loc 1 109 1 view .LVU118
 460 0008 70B5     		push	{r4, r5, r6, lr}
 461              	.LCFI9:
 462              		.cfi_def_cfa_offset 16
 463              		.cfi_offset 4, -16
 464              		.cfi_offset 5, -12
 465              		.cfi_offset 6, -8
 466              		.cfi_offset 14, -4
 467 000a 0646     		mov	r6, r0
 468 000c 0D46     		mov	r5, r1
 111:application/laser_ctrl/laser_proto.c ****     {
 112:application/laser_ctrl/laser_proto.c ****         return;
 113:application/laser_ctrl/laser_proto.c ****     }
 114:application/laser_ctrl/laser_proto.c **** 
 115:application/laser_ctrl/laser_proto.c ****     g_stats.rx_bytes += (uint32_t)len;
 469              		.loc 1 115 5 is_stmt 1 view .LVU119
 470              		.loc 1 115 12 is_stmt 0 view .LVU120
 471 000e 1B4A     		ldr	r2, .L53
 472 0010 1368     		ldr	r3, [r2]
 473              		.loc 1 115 22 view .LVU121
 474 0012 0B44     		add	r3, r3, r1
 475 0014 1360     		str	r3, [r2]
 116:application/laser_ctrl/laser_proto.c **** 
 117:application/laser_ctrl/laser_proto.c ****     for (uint16_t i = 0u; i < len; i++)
 476              		.loc 1 117 5 is_stmt 1 view .LVU122
 477              	.LBB4:
 478              		.loc 1 117 10 view .LVU123
 479              	.LVL28:
 480              		.loc 1 117 19 is_stmt 0 view .LVU124
 481 0016 0024     		movs	r4, #0
 482              		.loc 1 117 5 view .LVU125
 483 0018 15E0     		b	.L40
 484              	.LVL29:
 485              	.L51:
 486              	.LBB5:
 118:application/laser_ctrl/laser_proto.c ****     {
 119:application/laser_ctrl/laser_proto.c ****         char ch = (char)data[i];
 120:application/laser_ctrl/laser_proto.c **** 
 121:application/laser_ctrl/laser_proto.c ****         if (ch == '<')
 122:application/laser_ctrl/laser_proto.c ****         {
ARM GAS  C:\Users\ADMINI~1\AppData\Local\Temp\ccnSmCAJ.s 			page 12


 123:application/laser_ctrl/laser_proto.c ****             g_frame_collecting = true;
 487              		.loc 1 123 13 is_stmt 1 view .LVU126
 488              		.loc 1 123 32 is_stmt 0 view .LVU127
 489 001a 194B     		ldr	r3, .L53+4
 490              	.LVL30:
 491              		.loc 1 123 32 view .LVU128
 492 001c 0122     		movs	r2, #1
 493 001e 1A70     		strb	r2, [r3]
 124:application/laser_ctrl/laser_proto.c ****             g_frame_len = 0u;
 494              		.loc 1 124 13 is_stmt 1 view .LVU129
 495              		.loc 1 124 25 is_stmt 0 view .LVU130
 496 0020 184B     		ldr	r3, .L53+8
 497 0022 0022     		movs	r2, #0
 498 0024 1A80     		strh	r2, [r3]	@ movhi
 125:application/laser_ctrl/laser_proto.c ****             continue;
 499              		.loc 1 125 13 is_stmt 1 view .LVU131
 500 0026 0CE0     		b	.L42
 501              	.LVL31:
 502              	.L52:
 126:application/laser_ctrl/laser_proto.c ****         }
 127:application/laser_ctrl/laser_proto.c **** 
 128:application/laser_ctrl/laser_proto.c ****         if (!g_frame_collecting)
 129:application/laser_ctrl/laser_proto.c ****         {
 130:application/laser_ctrl/laser_proto.c ****             continue;
 131:application/laser_ctrl/laser_proto.c ****         }
 132:application/laser_ctrl/laser_proto.c **** 
 133:application/laser_ctrl/laser_proto.c ****         if (ch == '>')
 134:application/laser_ctrl/laser_proto.c ****         {
 135:application/laser_ctrl/laser_proto.c ****             LaserProto_ProcessFrame();
 503              		.loc 1 135 13 view .LVU132
 504 0028 FFF7FEFF 		bl	LaserProto_ProcessFrame
 505              	.LVL32:
 136:application/laser_ctrl/laser_proto.c ****             g_frame_collecting = false;
 506              		.loc 1 136 13 view .LVU133
 507              		.loc 1 136 32 is_stmt 0 view .LVU134
 508 002c 0023     		movs	r3, #0
 509 002e 144A     		ldr	r2, .L53+4
 510 0030 1370     		strb	r3, [r2]
 137:application/laser_ctrl/laser_proto.c ****             g_frame_len = 0u;
 511              		.loc 1 137 13 is_stmt 1 view .LVU135
 512              		.loc 1 137 25 is_stmt 0 view .LVU136
 513 0032 144A     		ldr	r2, .L53+8
 514 0034 1380     		strh	r3, [r2]	@ movhi
 138:application/laser_ctrl/laser_proto.c ****             continue;
 515              		.loc 1 138 13 is_stmt 1 view .LVU137
 516 0036 04E0     		b	.L42
 517              	.LVL33:
 518              	.L44:
 139:application/laser_ctrl/laser_proto.c ****         }
 140:application/laser_ctrl/laser_proto.c **** 
 141:application/laser_ctrl/laser_proto.c ****         if (g_frame_len >= LASER_PROTO_FRAME_MAX_LEN)
 142:application/laser_ctrl/laser_proto.c ****         {
 143:application/laser_ctrl/laser_proto.c ****             g_stats.overflow_bytes++;
 144:application/laser_ctrl/laser_proto.c ****             g_frame_collecting = false;
 145:application/laser_ctrl/laser_proto.c ****             g_frame_len = 0u;
 146:application/laser_ctrl/laser_proto.c ****             continue;
 147:application/laser_ctrl/laser_proto.c ****         }
ARM GAS  C:\Users\ADMINI~1\AppData\Local\Temp\ccnSmCAJ.s 			page 13


 148:application/laser_ctrl/laser_proto.c **** 
 149:application/laser_ctrl/laser_proto.c ****         g_frame_buf[g_frame_len++] = ch;
 519              		.loc 1 149 9 view .LVU138
 520              		.loc 1 149 32 is_stmt 0 view .LVU139
 521 0038 501C     		adds	r0, r2, #1
 522 003a 1249     		ldr	r1, .L53+8
 523 003c 0880     		strh	r0, [r1]	@ movhi
 524              		.loc 1 149 36 view .LVU140
 525 003e 1249     		ldr	r1, .L53+12
 526 0040 8B54     		strb	r3, [r1, r2]
 527              	.LVL34:
 528              	.L42:
 529              		.loc 1 149 36 view .LVU141
 530              	.LBE5:
 117:application/laser_ctrl/laser_proto.c ****     {
 531              		.loc 1 117 37 is_stmt 1 discriminator 2 view .LVU142
 532 0042 0134     		adds	r4, r4, #1
 533              	.LVL35:
 117:application/laser_ctrl/laser_proto.c ****     {
 534              		.loc 1 117 37 is_stmt 0 discriminator 2 view .LVU143
 535 0044 A4B2     		uxth	r4, r4
 536              	.LVL36:
 537              	.L40:
 117:application/laser_ctrl/laser_proto.c ****     {
 538              		.loc 1 117 29 is_stmt 1 discriminator 1 view .LVU144
 539 0046 AC42     		cmp	r4, r5
 540 0048 16D2     		bcs	.L50
 541              	.LBB6:
 119:application/laser_ctrl/laser_proto.c **** 
 542              		.loc 1 119 9 view .LVU145
 119:application/laser_ctrl/laser_proto.c **** 
 543              		.loc 1 119 14 is_stmt 0 view .LVU146
 544 004a 335D     		ldrb	r3, [r6, r4]	@ zero_extendqisi2
 545              	.LVL37:
 121:application/laser_ctrl/laser_proto.c ****         {
 546              		.loc 1 121 9 is_stmt 1 view .LVU147
 121:application/laser_ctrl/laser_proto.c ****         {
 547              		.loc 1 121 12 is_stmt 0 view .LVU148
 548 004c 3C2B     		cmp	r3, #60
 549 004e E4D0     		beq	.L51
 128:application/laser_ctrl/laser_proto.c ****         {
 550              		.loc 1 128 9 is_stmt 1 view .LVU149
 128:application/laser_ctrl/laser_proto.c ****         {
 551              		.loc 1 128 13 is_stmt 0 view .LVU150
 552 0050 0B4A     		ldr	r2, .L53+4
 553 0052 1278     		ldrb	r2, [r2]	@ zero_extendqisi2
 128:application/laser_ctrl/laser_proto.c ****         {
 554              		.loc 1 128 12 view .LVU151
 555 0054 002A     		cmp	r2, #0
 556 0056 F4D0     		beq	.L42
 133:application/laser_ctrl/laser_proto.c ****         {
 557              		.loc 1 133 9 is_stmt 1 view .LVU152
 133:application/laser_ctrl/laser_proto.c ****         {
 558              		.loc 1 133 12 is_stmt 0 view .LVU153
 559 0058 3E2B     		cmp	r3, #62
 560 005a E5D0     		beq	.L52
 141:application/laser_ctrl/laser_proto.c ****         {
ARM GAS  C:\Users\ADMINI~1\AppData\Local\Temp\ccnSmCAJ.s 			page 14


 561              		.loc 1 141 9 is_stmt 1 view .LVU154
 141:application/laser_ctrl/laser_proto.c ****         {
 562              		.loc 1 141 25 is_stmt 0 view .LVU155
 563 005c 094A     		ldr	r2, .L53+8
 564 005e 1288     		ldrh	r2, [r2]
 141:application/laser_ctrl/laser_proto.c ****         {
 565              		.loc 1 141 12 view .LVU156
 566 0060 BF2A     		cmp	r2, #191
 567 0062 E9D9     		bls	.L44
 143:application/laser_ctrl/laser_proto.c ****             g_frame_collecting = false;
 568              		.loc 1 143 13 is_stmt 1 view .LVU157
 143:application/laser_ctrl/laser_proto.c ****             g_frame_collecting = false;
 569              		.loc 1 143 20 is_stmt 0 view .LVU158
 570 0064 054A     		ldr	r2, .L53
 571 0066 1369     		ldr	r3, [r2, #16]
 572              	.LVL38:
 143:application/laser_ctrl/laser_proto.c ****             g_frame_collecting = false;
 573              		.loc 1 143 35 view .LVU159
 574 0068 0133     		adds	r3, r3, #1
 575 006a 1361     		str	r3, [r2, #16]
 576              	.LVL39:
 144:application/laser_ctrl/laser_proto.c ****             g_frame_len = 0u;
 577              		.loc 1 144 13 is_stmt 1 view .LVU160
 144:application/laser_ctrl/laser_proto.c ****             g_frame_len = 0u;
 578              		.loc 1 144 32 is_stmt 0 view .LVU161
 579 006c 0023     		movs	r3, #0
 580 006e 044A     		ldr	r2, .L53+4
 581 0070 1370     		strb	r3, [r2]
 145:application/laser_ctrl/laser_proto.c ****             continue;
 582              		.loc 1 145 13 is_stmt 1 view .LVU162
 145:application/laser_ctrl/laser_proto.c ****             continue;
 583              		.loc 1 145 25 is_stmt 0 view .LVU163
 584 0072 044A     		ldr	r2, .L53+8
 585 0074 1380     		strh	r3, [r2]	@ movhi
 146:application/laser_ctrl/laser_proto.c ****         }
 586              		.loc 1 146 13 is_stmt 1 view .LVU164
 587 0076 E4E7     		b	.L42
 588              	.LVL40:
 589              	.L50:
 146:application/laser_ctrl/laser_proto.c ****         }
 590              		.loc 1 146 13 is_stmt 0 view .LVU165
 591              	.LBE6:
 592              	.LBE4:
 150:application/laser_ctrl/laser_proto.c ****     }
 151:application/laser_ctrl/laser_proto.c **** }
 593              		.loc 1 151 1 view .LVU166
 594 0078 70BD     		pop	{r4, r5, r6, pc}
 595              	.LVL41:
 596              	.L47:
 597              	.LCFI10:
 598              		.cfi_def_cfa_offset 0
 599              		.cfi_restore 4
 600              		.cfi_restore 5
 601              		.cfi_restore 6
 602              		.cfi_restore 14
 603              		.loc 1 151 1 view .LVU167
 604 007a 7047     		bx	lr
ARM GAS  C:\Users\ADMINI~1\AppData\Local\Temp\ccnSmCAJ.s 			page 15


 605              	.L54:
 606              		.align	2
 607              	.L53:
 608 007c 00000000 		.word	g_stats
 609 0080 00000000 		.word	g_frame_collecting
 610 0084 00000000 		.word	g_frame_len
 611 0088 00000000 		.word	g_frame_buf
 612              		.cfi_endproc
 613              	.LFE3:
 615              		.section	.text.LaserProto_SetPointCallback,"ax",%progbits
 616              		.align	1
 617              		.global	LaserProto_SetPointCallback
 618              		.syntax unified
 619              		.thumb
 620              		.thumb_func
 622              	LaserProto_SetPointCallback:
 623              	.LVL42:
 624              	.LFB4:
 152:application/laser_ctrl/laser_proto.c **** 
 153:application/laser_ctrl/laser_proto.c **** void LaserProto_SetPointCallback(LaserProtoPointCallback_t cb)
 154:application/laser_ctrl/laser_proto.c **** {
 625              		.loc 1 154 1 is_stmt 1 view -0
 626              		.cfi_startproc
 627              		@ args = 0, pretend = 0, frame = 0
 628              		@ frame_needed = 0, uses_anonymous_args = 0
 629              		@ link register save eliminated.
 155:application/laser_ctrl/laser_proto.c ****     g_point_cb = cb;
 630              		.loc 1 155 5 view .LVU169
 631              		.loc 1 155 16 is_stmt 0 view .LVU170
 632 0000 014B     		ldr	r3, .L56
 633 0002 1860     		str	r0, [r3]
 156:application/laser_ctrl/laser_proto.c **** }
 634              		.loc 1 156 1 view .LVU171
 635 0004 7047     		bx	lr
 636              	.L57:
 637 0006 00BF     		.align	2
 638              	.L56:
 639 0008 00000000 		.word	g_point_cb
 640              		.cfi_endproc
 641              	.LFE4:
 643              		.section	.text.LaserProto_GetStats,"ax",%progbits
 644              		.align	1
 645              		.global	LaserProto_GetStats
 646              		.syntax unified
 647              		.thumb
 648              		.thumb_func
 650              	LaserProto_GetStats:
 651              	.LVL43:
 652              	.LFB5:
 157:application/laser_ctrl/laser_proto.c **** 
 158:application/laser_ctrl/laser_proto.c **** LaserProtoStats_t LaserProto_GetStats(void)
 159:application/laser_ctrl/laser_proto.c **** {
 653              		.loc 1 159 1 is_stmt 1 view -0
 654              		.cfi_startproc
 655              		@ args = 0, pretend = 0, frame = 0
 656              		@ frame_needed = 0, uses_anonymous_args = 0
 657              		.loc 1 159 1 is_stmt 0 view .LVU173
ARM GAS  C:\Users\ADMINI~1\AppData\Local\Temp\ccnSmCAJ.s 			page 16


 658 0000 10B5     		push	{r4, lr}
 659              	.LCFI11:
 660              		.cfi_def_cfa_offset 8
 661              		.cfi_offset 4, -8
 662              		.cfi_offset 14, -4
 663 0002 0446     		mov	r4, r0
 160:application/laser_ctrl/laser_proto.c ****     return g_stats;
 664              		.loc 1 160 5 is_stmt 1 view .LVU174
 665              		.loc 1 160 12 is_stmt 0 view .LVU175
 666 0004 8446     		mov	ip, r0
 667 0006 DFF818E0 		ldr	lr, .L60
 668 000a BEE80F00 		ldmia	lr!, {r0, r1, r2, r3}
 669              	.LVL44:
 670              		.loc 1 160 12 view .LVU176
 671 000e ACE80F00 		stmia	ip!, {r0, r1, r2, r3}
 672 0012 DEF80030 		ldr	r3, [lr]
 673 0016 CCF80030 		str	r3, [ip]
 161:application/laser_ctrl/laser_proto.c **** }
 674              		.loc 1 161 1 view .LVU177
 675 001a 2046     		mov	r0, r4
 676 001c 10BD     		pop	{r4, pc}
 677              	.LVL45:
 678              	.L61:
 679              		.loc 1 161 1 view .LVU178
 680 001e 00BF     		.align	2
 681              	.L60:
 682 0020 00000000 		.word	g_stats
 683              		.cfi_endproc
 684              	.LFE5:
 686              		.section	.bss.g_frame_collecting,"aw",%nobits
 689              	g_frame_collecting:
 690 0000 00       		.space	1
 691              		.section	.bss.g_frame_len,"aw",%nobits
 692              		.align	1
 695              	g_frame_len:
 696 0000 0000     		.space	2
 697              		.section	.bss.g_frame_buf,"aw",%nobits
 698              		.align	2
 701              	g_frame_buf:
 702 0000 00000000 		.space	193
 702      00000000 
 702      00000000 
 702      00000000 
 702      00000000 
 703              		.section	.bss.g_point_cb,"aw",%nobits
 704              		.align	2
 707              	g_point_cb:
 708 0000 00000000 		.space	4
 709              		.section	.bss.g_stats,"aw",%nobits
 710              		.align	2
 713              	g_stats:
 714 0000 00000000 		.space	20
 714      00000000 
 714      00000000 
 714      00000000 
 714      00000000 
 715              		.text
ARM GAS  C:\Users\ADMINI~1\AppData\Local\Temp\ccnSmCAJ.s 			page 17


 716              	.Letext0:
 717              		.file 2 "D:/14.3 rel1/arm-none-eabi/include/machine/_default_types.h"
 718              		.file 3 "D:/14.3 rel1/arm-none-eabi/include/sys/_stdint.h"
 719              		.file 4 "application/laser_ctrl/laser_proto.h"
 720              		.file 5 "D:/14.3 rel1/arm-none-eabi/include/stdlib.h"
 721              		.file 6 "D:/14.3 rel1/arm-none-eabi/include/string.h"
ARM GAS  C:\Users\ADMINI~1\AppData\Local\Temp\ccnSmCAJ.s 			page 18


DEFINED SYMBOLS
                            *ABS*:00000000 laser_proto.c
C:\Users\ADMINI~1\AppData\Local\Temp\ccnSmCAJ.s:20     .text.LaserProto_ParsePointToken:00000000 $t
C:\Users\ADMINI~1\AppData\Local\Temp\ccnSmCAJ.s:25     .text.LaserProto_ParsePointToken:00000000 LaserProto_ParsePointToken
C:\Users\ADMINI~1\AppData\Local\Temp\ccnSmCAJ.s:226    .text.LaserProto_ParsePointToken:000000d4 $d
C:\Users\ADMINI~1\AppData\Local\Temp\ccnSmCAJ.s:232    .rodata.LaserProto_ProcessFrame.str1.4:00000000 $d
C:\Users\ADMINI~1\AppData\Local\Temp\ccnSmCAJ.s:236    .text.LaserProto_ProcessFrame:00000000 $t
C:\Users\ADMINI~1\AppData\Local\Temp\ccnSmCAJ.s:241    .text.LaserProto_ProcessFrame:00000000 LaserProto_ProcessFrame
C:\Users\ADMINI~1\AppData\Local\Temp\ccnSmCAJ.s:384    .text.LaserProto_ProcessFrame:00000078 $d
C:\Users\ADMINI~1\AppData\Local\Temp\ccnSmCAJ.s:695    .bss.g_frame_len:00000000 g_frame_len
C:\Users\ADMINI~1\AppData\Local\Temp\ccnSmCAJ.s:713    .bss.g_stats:00000000 g_stats
C:\Users\ADMINI~1\AppData\Local\Temp\ccnSmCAJ.s:701    .bss.g_frame_buf:00000000 g_frame_buf
C:\Users\ADMINI~1\AppData\Local\Temp\ccnSmCAJ.s:707    .bss.g_point_cb:00000000 g_point_cb
C:\Users\ADMINI~1\AppData\Local\Temp\ccnSmCAJ.s:393    .text.LaserProto_Init:00000000 $t
C:\Users\ADMINI~1\AppData\Local\Temp\ccnSmCAJ.s:399    .text.LaserProto_Init:00000000 LaserProto_Init
C:\Users\ADMINI~1\AppData\Local\Temp\ccnSmCAJ.s:432    .text.LaserProto_Init:00000020 $d
C:\Users\ADMINI~1\AppData\Local\Temp\ccnSmCAJ.s:689    .bss.g_frame_collecting:00000000 g_frame_collecting
C:\Users\ADMINI~1\AppData\Local\Temp\ccnSmCAJ.s:440    .text.LaserProto_OnUsbRx:00000000 $t
C:\Users\ADMINI~1\AppData\Local\Temp\ccnSmCAJ.s:446    .text.LaserProto_OnUsbRx:00000000 LaserProto_OnUsbRx
C:\Users\ADMINI~1\AppData\Local\Temp\ccnSmCAJ.s:608    .text.LaserProto_OnUsbRx:0000007c $d
C:\Users\ADMINI~1\AppData\Local\Temp\ccnSmCAJ.s:616    .text.LaserProto_SetPointCallback:00000000 $t
C:\Users\ADMINI~1\AppData\Local\Temp\ccnSmCAJ.s:622    .text.LaserProto_SetPointCallback:00000000 LaserProto_SetPointCallback
C:\Users\ADMINI~1\AppData\Local\Temp\ccnSmCAJ.s:639    .text.LaserProto_SetPointCallback:00000008 $d
C:\Users\ADMINI~1\AppData\Local\Temp\ccnSmCAJ.s:644    .text.LaserProto_GetStats:00000000 $t
C:\Users\ADMINI~1\AppData\Local\Temp\ccnSmCAJ.s:650    .text.LaserProto_GetStats:00000000 LaserProto_GetStats
C:\Users\ADMINI~1\AppData\Local\Temp\ccnSmCAJ.s:682    .text.LaserProto_GetStats:00000020 $d
C:\Users\ADMINI~1\AppData\Local\Temp\ccnSmCAJ.s:690    .bss.g_frame_collecting:00000000 $d
C:\Users\ADMINI~1\AppData\Local\Temp\ccnSmCAJ.s:692    .bss.g_frame_len:00000000 $d
C:\Users\ADMINI~1\AppData\Local\Temp\ccnSmCAJ.s:698    .bss.g_frame_buf:00000000 $d
C:\Users\ADMINI~1\AppData\Local\Temp\ccnSmCAJ.s:704    .bss.g_point_cb:00000000 $d
C:\Users\ADMINI~1\AppData\Local\Temp\ccnSmCAJ.s:710    .bss.g_stats:00000000 $d

UNDEFINED SYMBOLS
strtol
strtof
strtok_r
