ARM GAS  C:\Users\ADMINI~1\AppData\Local\Temp\cco9zu3H.s 			page 1


   1              		.cpu cortex-m7
   2              		.arch armv7e-m
   3              		.fpu fpv5-d16
   4              		.eabi_attribute 28, 1
   5              		.eabi_attribute 20, 1
   6              		.eabi_attribute 21, 1
   7              		.eabi_attribute 23, 3
   8              		.eabi_attribute 24, 1
   9              		.eabi_attribute 25, 1
  10              		.eabi_attribute 26, 1
  11              		.eabi_attribute 30, 1
  12              		.eabi_attribute 34, 1
  13              		.eabi_attribute 18, 4
  14              		.file	"motor_task.c"
  15              		.text
  16              	.Ltext0:
  17              		.cfi_sections	.debug_frame
  18              		.file 1 "modules/motor/motor_task.c"
  19              		.section	.text.MotorControlTask,"ax",%progbits
  20              		.align	1
  21              		.global	MotorControlTask
  22              		.syntax unified
  23              		.thumb
  24              		.thumb_func
  26              	MotorControlTask:
  27              	.LFB394:
   1:modules/motor/motor_task.c **** #include "motor_task.h"
   2:modules/motor/motor_task.c **** #include "dji_motor.h"
   3:modules/motor/motor_task.c **** 
   4:modules/motor/motor_task.c **** void MotorControlTask()
   5:modules/motor/motor_task.c **** {
  28              		.loc 1 5 1 view -0
  29              		.cfi_startproc
  30              		@ args = 0, pretend = 0, frame = 0
  31              		@ frame_needed = 0, uses_anonymous_args = 0
  32 0000 08B5     		push	{r3, lr}
  33              	.LCFI0:
  34              		.cfi_def_cfa_offset 8
  35              		.cfi_offset 3, -8
  36              		.cfi_offset 14, -4
   6:modules/motor/motor_task.c ****     // static uint8_t cnt = 0; и®ҫе®ҡдёҚеҗҢз”өжңәзҡ„д»»еҠЎйў‘зҺҮ
   7:modules/motor/motor_task.c ****     // if(cnt%5==0) //200hz
   8:modules/motor/motor_task.c ****     // if(cnt%10==0) //100hz
   9:modules/motor/motor_task.c ****     DJIMotorControl();
  37              		.loc 1 9 5 view .LVU1
  38 0002 FFF7FEFF 		bl	DJIMotorControl
  39              	.LVL0:
  10:modules/motor/motor_task.c **** 
  11:modules/motor/motor_task.c ****     /* еҰӮжһңжңүеҜ№еә”зҡ„з”өжңәеҲҷеҸ–ж¶ҲжіЁйҮҠ,еҸҜд»ҘеҠ е…ҘжқЎд»¶зј–иҜ‘жҲ–иҖ…registerеҜ№еә”зҡ„idxеҲ
  12:modules/motor/motor_task.c ****  
  13:modules/motor/motor_task.c **** }
  40              		.loc 1 13 1 is_stmt 0 view .LVU2
  41 0006 08BD     		pop	{r3, pc}
  42              		.cfi_endproc
  43              	.LFE394:
  45              		.text
  46              	.Letext0:
ARM GAS  C:\Users\ADMINI~1\AppData\Local\Temp\cco9zu3H.s 			page 2


  47              		.file 2 "modules/motor/DJImotor/dji_motor.h"
ARM GAS  C:\Users\ADMINI~1\AppData\Local\Temp\cco9zu3H.s 			page 3


DEFINED SYMBOLS
                            *ABS*:00000000 motor_task.c
C:\Users\ADMINI~1\AppData\Local\Temp\cco9zu3H.s:20     .text.MotorControlTask:00000000 $t
C:\Users\ADMINI~1\AppData\Local\Temp\cco9zu3H.s:26     .text.MotorControlTask:00000000 MotorControlTask

UNDEFINED SYMBOLS
DJIMotorControl
