ARM GAS  C:\Users\ADMINI~1\AppData\Local\Temp\ccV1enhc.s 			page 1


   1              		.cpu cortex-m7
   2              		.arch armv7e-m
   3              		.fpu fpv5-d16
   4              		.eabi_attribute 28, 1
   5              		.eabi_attribute 20, 1
   6              		.eabi_attribute 21, 1
   7              		.eabi_attribute 23, 3
   8              		.eabi_attribute 24, 1
   9              		.eabi_attribute 25, 1
  10              		.eabi_attribute 26, 1
  11              		.eabi_attribute 30, 1
  12              		.eabi_attribute 34, 1
  13              		.eabi_attribute 18, 4
  14              		.file	"usart.c"
  15              		.text
  16              	.Ltext0:
  17              		.cfi_sections	.debug_frame
  18              		.file 1 "Core/Src/usart.c"
  19              		.section	.text.MX_USART1_UART_Init,"ax",%progbits
  20              		.align	1
  21              		.global	MX_USART1_UART_Init
  22              		.syntax unified
  23              		.thumb
  24              		.thumb_func
  26              	MX_USART1_UART_Init:
  27              	.LFB350:
   1:Core/Src/usart.c **** /* USER CODE BEGIN Header */
   2:Core/Src/usart.c **** /**
   3:Core/Src/usart.c ****   ******************************************************************************
   4:Core/Src/usart.c ****   * @file    usart.c
   5:Core/Src/usart.c ****   * @brief   This file provides code for the configuration
   6:Core/Src/usart.c ****   *          of the USART instances.
   7:Core/Src/usart.c ****   ******************************************************************************
   8:Core/Src/usart.c ****   * @attention
   9:Core/Src/usart.c ****   *
  10:Core/Src/usart.c ****   * Copyright (c) 2026 STMicroelectronics.
  11:Core/Src/usart.c ****   * All rights reserved.
  12:Core/Src/usart.c ****   *
  13:Core/Src/usart.c ****   * This software is licensed under terms that can be found in the LICENSE file
  14:Core/Src/usart.c ****   * in the root directory of this software component.
  15:Core/Src/usart.c ****   * If no LICENSE file comes with this software, it is provided AS-IS.
  16:Core/Src/usart.c ****   *
  17:Core/Src/usart.c ****   ******************************************************************************
  18:Core/Src/usart.c ****   */
  19:Core/Src/usart.c **** /* USER CODE END Header */
  20:Core/Src/usart.c **** /* Includes ------------------------------------------------------------------*/
  21:Core/Src/usart.c **** #include "usart.h"
  22:Core/Src/usart.c **** 
  23:Core/Src/usart.c **** /* USER CODE BEGIN 0 */
  24:Core/Src/usart.c **** 
  25:Core/Src/usart.c **** /* USER CODE END 0 */
  26:Core/Src/usart.c **** 
  27:Core/Src/usart.c **** UART_HandleTypeDef huart1;
  28:Core/Src/usart.c **** DMA_HandleTypeDef hdma_usart1_rx;
  29:Core/Src/usart.c **** DMA_HandleTypeDef hdma_usart1_tx;
  30:Core/Src/usart.c **** 
  31:Core/Src/usart.c **** /* USART1 init function */
ARM GAS  C:\Users\ADMINI~1\AppData\Local\Temp\ccV1enhc.s 			page 2


  32:Core/Src/usart.c **** 
  33:Core/Src/usart.c **** void MX_USART1_UART_Init(void)
  34:Core/Src/usart.c **** {
  28              		.loc 1 34 1 view -0
  29              		.cfi_startproc
  30              		@ args = 0, pretend = 0, frame = 0
  31              		@ frame_needed = 0, uses_anonymous_args = 0
  32 0000 08B5     		push	{r3, lr}
  33              	.LCFI0:
  34              		.cfi_def_cfa_offset 8
  35              		.cfi_offset 3, -8
  36              		.cfi_offset 14, -4
  35:Core/Src/usart.c **** 
  36:Core/Src/usart.c ****   /* USER CODE BEGIN USART1_Init 0 */
  37:Core/Src/usart.c **** 
  38:Core/Src/usart.c ****   /* USER CODE END USART1_Init 0 */
  39:Core/Src/usart.c **** 
  40:Core/Src/usart.c ****   /* USER CODE BEGIN USART1_Init 1 */
  41:Core/Src/usart.c **** 
  42:Core/Src/usart.c ****   /* USER CODE END USART1_Init 1 */
  43:Core/Src/usart.c ****   huart1.Instance = USART1;
  37              		.loc 1 43 3 view .LVU1
  38              		.loc 1 43 19 is_stmt 0 view .LVU2
  39 0002 1748     		ldr	r0, .L11
  40 0004 174B     		ldr	r3, .L11+4
  41 0006 0360     		str	r3, [r0]
  44:Core/Src/usart.c ****   huart1.Init.BaudRate = 115200;
  42              		.loc 1 44 3 is_stmt 1 view .LVU3
  43              		.loc 1 44 24 is_stmt 0 view .LVU4
  44 0008 4FF4E133 		mov	r3, #115200
  45 000c 4360     		str	r3, [r0, #4]
  45:Core/Src/usart.c ****   huart1.Init.WordLength = UART_WORDLENGTH_8B;
  46              		.loc 1 45 3 is_stmt 1 view .LVU5
  47              		.loc 1 45 26 is_stmt 0 view .LVU6
  48 000e 0023     		movs	r3, #0
  49 0010 8360     		str	r3, [r0, #8]
  46:Core/Src/usart.c ****   huart1.Init.StopBits = UART_STOPBITS_1;
  50              		.loc 1 46 3 is_stmt 1 view .LVU7
  51              		.loc 1 46 24 is_stmt 0 view .LVU8
  52 0012 C360     		str	r3, [r0, #12]
  47:Core/Src/usart.c ****   huart1.Init.Parity = UART_PARITY_NONE;
  53              		.loc 1 47 3 is_stmt 1 view .LVU9
  54              		.loc 1 47 22 is_stmt 0 view .LVU10
  55 0014 0361     		str	r3, [r0, #16]
  48:Core/Src/usart.c ****   huart1.Init.Mode = UART_MODE_TX_RX;
  56              		.loc 1 48 3 is_stmt 1 view .LVU11
  57              		.loc 1 48 20 is_stmt 0 view .LVU12
  58 0016 0C22     		movs	r2, #12
  59 0018 4261     		str	r2, [r0, #20]
  49:Core/Src/usart.c ****   huart1.Init.HwFlowCtl = UART_HWCONTROL_NONE;
  60              		.loc 1 49 3 is_stmt 1 view .LVU13
  61              		.loc 1 49 25 is_stmt 0 view .LVU14
  62 001a 8361     		str	r3, [r0, #24]
  50:Core/Src/usart.c ****   huart1.Init.OverSampling = UART_OVERSAMPLING_16;
  63              		.loc 1 50 3 is_stmt 1 view .LVU15
  64              		.loc 1 50 28 is_stmt 0 view .LVU16
  65 001c C361     		str	r3, [r0, #28]
ARM GAS  C:\Users\ADMINI~1\AppData\Local\Temp\ccV1enhc.s 			page 3


  51:Core/Src/usart.c ****   huart1.Init.OneBitSampling = UART_ONE_BIT_SAMPLE_DISABLE;
  66              		.loc 1 51 3 is_stmt 1 view .LVU17
  67              		.loc 1 51 30 is_stmt 0 view .LVU18
  68 001e 0362     		str	r3, [r0, #32]
  52:Core/Src/usart.c ****   huart1.Init.ClockPrescaler = UART_PRESCALER_DIV1;
  69              		.loc 1 52 3 is_stmt 1 view .LVU19
  70              		.loc 1 52 30 is_stmt 0 view .LVU20
  71 0020 4362     		str	r3, [r0, #36]
  53:Core/Src/usart.c ****   huart1.AdvancedInit.AdvFeatureInit = UART_ADVFEATURE_NO_INIT;
  72              		.loc 1 53 3 is_stmt 1 view .LVU21
  73              		.loc 1 53 38 is_stmt 0 view .LVU22
  74 0022 8362     		str	r3, [r0, #40]
  54:Core/Src/usart.c ****   if (HAL_UART_Init(&huart1) != HAL_OK)
  75              		.loc 1 54 3 is_stmt 1 view .LVU23
  76              		.loc 1 54 7 is_stmt 0 view .LVU24
  77 0024 FFF7FEFF 		bl	HAL_UART_Init
  78              	.LVL0:
  79              		.loc 1 54 6 discriminator 1 view .LVU25
  80 0028 70B9     		cbnz	r0, .L7
  81              	.L2:
  55:Core/Src/usart.c ****   {
  56:Core/Src/usart.c ****     Error_Handler();
  57:Core/Src/usart.c ****   }
  58:Core/Src/usart.c ****   if (HAL_UARTEx_SetTxFifoThreshold(&huart1, UART_TXFIFO_THRESHOLD_1_8) != HAL_OK)
  82              		.loc 1 58 3 is_stmt 1 view .LVU26
  83              		.loc 1 58 7 is_stmt 0 view .LVU27
  84 002a 0021     		movs	r1, #0
  85 002c 0C48     		ldr	r0, .L11
  86 002e FFF7FEFF 		bl	HAL_UARTEx_SetTxFifoThreshold
  87              	.LVL1:
  88              		.loc 1 58 6 discriminator 1 view .LVU28
  89 0032 60B9     		cbnz	r0, .L8
  90              	.L3:
  59:Core/Src/usart.c ****   {
  60:Core/Src/usart.c ****     Error_Handler();
  61:Core/Src/usart.c ****   }
  62:Core/Src/usart.c ****   if (HAL_UARTEx_SetRxFifoThreshold(&huart1, UART_RXFIFO_THRESHOLD_1_8) != HAL_OK)
  91              		.loc 1 62 3 is_stmt 1 view .LVU29
  92              		.loc 1 62 7 is_stmt 0 view .LVU30
  93 0034 0021     		movs	r1, #0
  94 0036 0A48     		ldr	r0, .L11
  95 0038 FFF7FEFF 		bl	HAL_UARTEx_SetRxFifoThreshold
  96              	.LVL2:
  97              		.loc 1 62 6 discriminator 1 view .LVU31
  98 003c 50B9     		cbnz	r0, .L9
  99              	.L4:
  63:Core/Src/usart.c ****   {
  64:Core/Src/usart.c ****     Error_Handler();
  65:Core/Src/usart.c ****   }
  66:Core/Src/usart.c ****   if (HAL_UARTEx_DisableFifoMode(&huart1) != HAL_OK)
 100              		.loc 1 66 3 is_stmt 1 view .LVU32
 101              		.loc 1 66 7 is_stmt 0 view .LVU33
 102 003e 0848     		ldr	r0, .L11
 103 0040 FFF7FEFF 		bl	HAL_UARTEx_DisableFifoMode
 104              	.LVL3:
 105              		.loc 1 66 6 discriminator 1 view .LVU34
 106 0044 48B9     		cbnz	r0, .L10
ARM GAS  C:\Users\ADMINI~1\AppData\Local\Temp\ccV1enhc.s 			page 4


 107              	.L1:
  67:Core/Src/usart.c ****   {
  68:Core/Src/usart.c ****     Error_Handler();
  69:Core/Src/usart.c ****   }
  70:Core/Src/usart.c ****   /* USER CODE BEGIN USART1_Init 2 */
  71:Core/Src/usart.c **** 
  72:Core/Src/usart.c ****   /* USER CODE END USART1_Init 2 */
  73:Core/Src/usart.c **** 
  74:Core/Src/usart.c **** }
 108              		.loc 1 74 1 view .LVU35
 109 0046 08BD     		pop	{r3, pc}
 110              	.L7:
  56:Core/Src/usart.c ****   }
 111              		.loc 1 56 5 is_stmt 1 view .LVU36
 112 0048 FFF7FEFF 		bl	Error_Handler
 113              	.LVL4:
 114 004c EDE7     		b	.L2
 115              	.L8:
  60:Core/Src/usart.c ****   }
 116              		.loc 1 60 5 view .LVU37
 117 004e FFF7FEFF 		bl	Error_Handler
 118              	.LVL5:
 119 0052 EFE7     		b	.L3
 120              	.L9:
  64:Core/Src/usart.c ****   }
 121              		.loc 1 64 5 view .LVU38
 122 0054 FFF7FEFF 		bl	Error_Handler
 123              	.LVL6:
 124 0058 F1E7     		b	.L4
 125              	.L10:
  68:Core/Src/usart.c ****   }
 126              		.loc 1 68 5 view .LVU39
 127 005a FFF7FEFF 		bl	Error_Handler
 128              	.LVL7:
 129              		.loc 1 74 1 is_stmt 0 view .LVU40
 130 005e F2E7     		b	.L1
 131              	.L12:
 132              		.align	2
 133              	.L11:
 134 0060 00000000 		.word	huart1
 135 0064 00100140 		.word	1073811456
 136              		.cfi_endproc
 137              	.LFE350:
 139              		.section	.text.HAL_UART_MspInit,"ax",%progbits
 140              		.align	1
 141              		.global	HAL_UART_MspInit
 142              		.syntax unified
 143              		.thumb
 144              		.thumb_func
 146              	HAL_UART_MspInit:
 147              	.LVL8:
 148              	.LFB351:
  75:Core/Src/usart.c **** 
  76:Core/Src/usart.c **** void HAL_UART_MspInit(UART_HandleTypeDef* uartHandle)
  77:Core/Src/usart.c **** {
 149              		.loc 1 77 1 is_stmt 1 view -0
 150              		.cfi_startproc
ARM GAS  C:\Users\ADMINI~1\AppData\Local\Temp\ccV1enhc.s 			page 5


 151              		@ args = 0, pretend = 0, frame = 216
 152              		@ frame_needed = 0, uses_anonymous_args = 0
 153              		.loc 1 77 1 is_stmt 0 view .LVU42
 154 0000 30B5     		push	{r4, r5, lr}
 155              	.LCFI1:
 156              		.cfi_def_cfa_offset 12
 157              		.cfi_offset 4, -12
 158              		.cfi_offset 5, -8
 159              		.cfi_offset 14, -4
 160 0002 B7B0     		sub	sp, sp, #220
 161              	.LCFI2:
 162              		.cfi_def_cfa_offset 232
 163 0004 0446     		mov	r4, r0
  78:Core/Src/usart.c **** 
  79:Core/Src/usart.c ****   GPIO_InitTypeDef GPIO_InitStruct = {0};
 164              		.loc 1 79 3 is_stmt 1 view .LVU43
 165              		.loc 1 79 20 is_stmt 0 view .LVU44
 166 0006 0021     		movs	r1, #0
 167 0008 3191     		str	r1, [sp, #196]
 168 000a 3291     		str	r1, [sp, #200]
 169 000c 3391     		str	r1, [sp, #204]
 170 000e 3491     		str	r1, [sp, #208]
 171 0010 3591     		str	r1, [sp, #212]
  80:Core/Src/usart.c ****   RCC_PeriphCLKInitTypeDef PeriphClkInitStruct = {0};
 172              		.loc 1 80 3 is_stmt 1 view .LVU45
 173              		.loc 1 80 28 is_stmt 0 view .LVU46
 174 0012 B822     		movs	r2, #184
 175 0014 02A8     		add	r0, sp, #8
 176              	.LVL9:
 177              		.loc 1 80 28 view .LVU47
 178 0016 FFF7FEFF 		bl	memset
 179              	.LVL10:
  81:Core/Src/usart.c ****   if(uartHandle->Instance==USART1)
 180              		.loc 1 81 3 is_stmt 1 view .LVU48
 181              		.loc 1 81 16 is_stmt 0 view .LVU49
 182 001a 2268     		ldr	r2, [r4]
 183              		.loc 1 81 5 view .LVU50
 184 001c 394B     		ldr	r3, .L23
 185 001e 9A42     		cmp	r2, r3
 186 0020 01D0     		beq	.L19
 187              	.L13:
  82:Core/Src/usart.c ****   {
  83:Core/Src/usart.c ****   /* USER CODE BEGIN USART1_MspInit 0 */
  84:Core/Src/usart.c **** 
  85:Core/Src/usart.c ****   /* USER CODE END USART1_MspInit 0 */
  86:Core/Src/usart.c **** 
  87:Core/Src/usart.c ****   /** Initializes the peripherals clock
  88:Core/Src/usart.c ****   */
  89:Core/Src/usart.c ****     PeriphClkInitStruct.PeriphClockSelection = RCC_PERIPHCLK_USART1;
  90:Core/Src/usart.c ****     PeriphClkInitStruct.Usart16ClockSelection = RCC_USART16910CLKSOURCE_D2PCLK2;
  91:Core/Src/usart.c ****     if (HAL_RCCEx_PeriphCLKConfig(&PeriphClkInitStruct) != HAL_OK)
  92:Core/Src/usart.c ****     {
  93:Core/Src/usart.c ****       Error_Handler();
  94:Core/Src/usart.c ****     }
  95:Core/Src/usart.c **** 
  96:Core/Src/usart.c ****     /* USART1 clock enable */
  97:Core/Src/usart.c ****     __HAL_RCC_USART1_CLK_ENABLE();
ARM GAS  C:\Users\ADMINI~1\AppData\Local\Temp\ccV1enhc.s 			page 6


  98:Core/Src/usart.c **** 
  99:Core/Src/usart.c ****     __HAL_RCC_GPIOA_CLK_ENABLE();
 100:Core/Src/usart.c ****     /**USART1 GPIO Configuration
 101:Core/Src/usart.c ****     PA9     ------> USART1_TX
 102:Core/Src/usart.c ****     PA10     ------> USART1_RX
 103:Core/Src/usart.c ****     */
 104:Core/Src/usart.c ****     GPIO_InitStruct.Pin = GPIO_PIN_9|GPIO_PIN_10;
 105:Core/Src/usart.c ****     GPIO_InitStruct.Mode = GPIO_MODE_AF_PP;
 106:Core/Src/usart.c ****     GPIO_InitStruct.Pull = GPIO_NOPULL;
 107:Core/Src/usart.c ****     GPIO_InitStruct.Speed = GPIO_SPEED_FREQ_LOW;
 108:Core/Src/usart.c ****     GPIO_InitStruct.Alternate = GPIO_AF7_USART1;
 109:Core/Src/usart.c ****     HAL_GPIO_Init(GPIOA, &GPIO_InitStruct);
 110:Core/Src/usart.c **** 
 111:Core/Src/usart.c ****     /* USART1 DMA Init */
 112:Core/Src/usart.c ****     /* USART1_RX Init */
 113:Core/Src/usart.c ****     hdma_usart1_rx.Instance = DMA1_Stream2;
 114:Core/Src/usart.c ****     hdma_usart1_rx.Init.Request = DMA_REQUEST_USART1_RX;
 115:Core/Src/usart.c ****     hdma_usart1_rx.Init.Direction = DMA_PERIPH_TO_MEMORY;
 116:Core/Src/usart.c ****     hdma_usart1_rx.Init.PeriphInc = DMA_PINC_DISABLE;
 117:Core/Src/usart.c ****     hdma_usart1_rx.Init.MemInc = DMA_MINC_ENABLE;
 118:Core/Src/usart.c ****     hdma_usart1_rx.Init.PeriphDataAlignment = DMA_PDATAALIGN_BYTE;
 119:Core/Src/usart.c ****     hdma_usart1_rx.Init.MemDataAlignment = DMA_MDATAALIGN_BYTE;
 120:Core/Src/usart.c ****     hdma_usart1_rx.Init.Mode = DMA_NORMAL;
 121:Core/Src/usart.c ****     hdma_usart1_rx.Init.Priority = DMA_PRIORITY_LOW;
 122:Core/Src/usart.c ****     hdma_usart1_rx.Init.FIFOMode = DMA_FIFOMODE_DISABLE;
 123:Core/Src/usart.c ****     if (HAL_DMA_Init(&hdma_usart1_rx) != HAL_OK)
 124:Core/Src/usart.c ****     {
 125:Core/Src/usart.c ****       Error_Handler();
 126:Core/Src/usart.c ****     }
 127:Core/Src/usart.c **** 
 128:Core/Src/usart.c ****     __HAL_LINKDMA(uartHandle,hdmarx,hdma_usart1_rx);
 129:Core/Src/usart.c **** 
 130:Core/Src/usart.c ****     /* USART1_TX Init */
 131:Core/Src/usart.c ****     hdma_usart1_tx.Instance = DMA1_Stream3;
 132:Core/Src/usart.c ****     hdma_usart1_tx.Init.Request = DMA_REQUEST_USART1_TX;
 133:Core/Src/usart.c ****     hdma_usart1_tx.Init.Direction = DMA_MEMORY_TO_PERIPH;
 134:Core/Src/usart.c ****     hdma_usart1_tx.Init.PeriphInc = DMA_PINC_DISABLE;
 135:Core/Src/usart.c ****     hdma_usart1_tx.Init.MemInc = DMA_MINC_ENABLE;
 136:Core/Src/usart.c ****     hdma_usart1_tx.Init.PeriphDataAlignment = DMA_PDATAALIGN_BYTE;
 137:Core/Src/usart.c ****     hdma_usart1_tx.Init.MemDataAlignment = DMA_MDATAALIGN_BYTE;
 138:Core/Src/usart.c ****     hdma_usart1_tx.Init.Mode = DMA_NORMAL;
 139:Core/Src/usart.c ****     hdma_usart1_tx.Init.Priority = DMA_PRIORITY_LOW;
 140:Core/Src/usart.c ****     hdma_usart1_tx.Init.FIFOMode = DMA_FIFOMODE_DISABLE;
 141:Core/Src/usart.c ****     if (HAL_DMA_Init(&hdma_usart1_tx) != HAL_OK)
 142:Core/Src/usart.c ****     {
 143:Core/Src/usart.c ****       Error_Handler();
 144:Core/Src/usart.c ****     }
 145:Core/Src/usart.c **** 
 146:Core/Src/usart.c ****     __HAL_LINKDMA(uartHandle,hdmatx,hdma_usart1_tx);
 147:Core/Src/usart.c **** 
 148:Core/Src/usart.c ****     /* USART1 interrupt Init */
 149:Core/Src/usart.c ****     HAL_NVIC_SetPriority(USART1_IRQn, 5, 0);
 150:Core/Src/usart.c ****     HAL_NVIC_EnableIRQ(USART1_IRQn);
 151:Core/Src/usart.c ****   /* USER CODE BEGIN USART1_MspInit 1 */
 152:Core/Src/usart.c **** 
 153:Core/Src/usart.c ****   /* USER CODE END USART1_MspInit 1 */
 154:Core/Src/usart.c ****   }
ARM GAS  C:\Users\ADMINI~1\AppData\Local\Temp\ccV1enhc.s 			page 7


 155:Core/Src/usart.c **** }
 188              		.loc 1 155 1 view .LVU51
 189 0022 37B0     		add	sp, sp, #220
 190              	.LCFI3:
 191              		.cfi_remember_state
 192              		.cfi_def_cfa_offset 12
 193              		@ sp needed
 194 0024 30BD     		pop	{r4, r5, pc}
 195              	.LVL11:
 196              	.L19:
 197              	.LCFI4:
 198              		.cfi_restore_state
  89:Core/Src/usart.c ****     PeriphClkInitStruct.Usart16ClockSelection = RCC_USART16910CLKSOURCE_D2PCLK2;
 199              		.loc 1 89 5 is_stmt 1 view .LVU52
  89:Core/Src/usart.c ****     PeriphClkInitStruct.Usart16ClockSelection = RCC_USART16910CLKSOURCE_D2PCLK2;
 200              		.loc 1 89 46 is_stmt 0 view .LVU53
 201 0026 0122     		movs	r2, #1
 202 0028 0023     		movs	r3, #0
 203 002a CDE90223 		strd	r2, [sp, #8]
  90:Core/Src/usart.c ****     if (HAL_RCCEx_PeriphCLKConfig(&PeriphClkInitStruct) != HAL_OK)
 204              		.loc 1 90 5 is_stmt 1 view .LVU54
  91:Core/Src/usart.c ****     {
 205              		.loc 1 91 5 view .LVU55
  91:Core/Src/usart.c ****     {
 206              		.loc 1 91 9 is_stmt 0 view .LVU56
 207 002e 02A8     		add	r0, sp, #8
 208 0030 FFF7FEFF 		bl	HAL_RCCEx_PeriphCLKConfig
 209              	.LVL12:
  91:Core/Src/usart.c ****     {
 210              		.loc 1 91 8 discriminator 1 view .LVU57
 211 0034 0028     		cmp	r0, #0
 212 0036 5CD1     		bne	.L20
 213              	.L15:
  97:Core/Src/usart.c **** 
 214              		.loc 1 97 5 is_stmt 1 view .LVU58
 215              	.LBB2:
  97:Core/Src/usart.c **** 
 216              		.loc 1 97 5 view .LVU59
  97:Core/Src/usart.c **** 
 217              		.loc 1 97 5 view .LVU60
 218 0038 334B     		ldr	r3, .L23+4
 219 003a D3F8F020 		ldr	r2, [r3, #240]
 220 003e 42F01002 		orr	r2, r2, #16
 221 0042 C3F8F020 		str	r2, [r3, #240]
  97:Core/Src/usart.c **** 
 222              		.loc 1 97 5 view .LVU61
 223 0046 D3F8F020 		ldr	r2, [r3, #240]
 224 004a 02F01002 		and	r2, r2, #16
 225 004e 0092     		str	r2, [sp]
  97:Core/Src/usart.c **** 
 226              		.loc 1 97 5 view .LVU62
 227 0050 009A     		ldr	r2, [sp]
 228              	.LBE2:
  97:Core/Src/usart.c **** 
 229              		.loc 1 97 5 view .LVU63
  99:Core/Src/usart.c ****     /**USART1 GPIO Configuration
 230              		.loc 1 99 5 view .LVU64
ARM GAS  C:\Users\ADMINI~1\AppData\Local\Temp\ccV1enhc.s 			page 8


 231              	.LBB3:
  99:Core/Src/usart.c ****     /**USART1 GPIO Configuration
 232              		.loc 1 99 5 view .LVU65
  99:Core/Src/usart.c ****     /**USART1 GPIO Configuration
 233              		.loc 1 99 5 view .LVU66
 234 0052 D3F8E020 		ldr	r2, [r3, #224]
 235 0056 42F00102 		orr	r2, r2, #1
 236 005a C3F8E020 		str	r2, [r3, #224]
  99:Core/Src/usart.c ****     /**USART1 GPIO Configuration
 237              		.loc 1 99 5 view .LVU67
 238 005e D3F8E030 		ldr	r3, [r3, #224]
 239 0062 03F00103 		and	r3, r3, #1
 240 0066 0193     		str	r3, [sp, #4]
  99:Core/Src/usart.c ****     /**USART1 GPIO Configuration
 241              		.loc 1 99 5 view .LVU68
 242 0068 019B     		ldr	r3, [sp, #4]
 243              	.LBE3:
  99:Core/Src/usart.c ****     /**USART1 GPIO Configuration
 244              		.loc 1 99 5 view .LVU69
 104:Core/Src/usart.c ****     GPIO_InitStruct.Mode = GPIO_MODE_AF_PP;
 245              		.loc 1 104 5 view .LVU70
 104:Core/Src/usart.c ****     GPIO_InitStruct.Mode = GPIO_MODE_AF_PP;
 246              		.loc 1 104 25 is_stmt 0 view .LVU71
 247 006a 4FF4C063 		mov	r3, #1536
 248 006e 3193     		str	r3, [sp, #196]
 105:Core/Src/usart.c ****     GPIO_InitStruct.Pull = GPIO_NOPULL;
 249              		.loc 1 105 5 is_stmt 1 view .LVU72
 105:Core/Src/usart.c ****     GPIO_InitStruct.Pull = GPIO_NOPULL;
 250              		.loc 1 105 26 is_stmt 0 view .LVU73
 251 0070 0223     		movs	r3, #2
 252 0072 3293     		str	r3, [sp, #200]
 106:Core/Src/usart.c ****     GPIO_InitStruct.Speed = GPIO_SPEED_FREQ_LOW;
 253              		.loc 1 106 5 is_stmt 1 view .LVU74
 106:Core/Src/usart.c ****     GPIO_InitStruct.Speed = GPIO_SPEED_FREQ_LOW;
 254              		.loc 1 106 26 is_stmt 0 view .LVU75
 255 0074 0025     		movs	r5, #0
 256 0076 3395     		str	r5, [sp, #204]
 107:Core/Src/usart.c ****     GPIO_InitStruct.Alternate = GPIO_AF7_USART1;
 257              		.loc 1 107 5 is_stmt 1 view .LVU76
 107:Core/Src/usart.c ****     GPIO_InitStruct.Alternate = GPIO_AF7_USART1;
 258              		.loc 1 107 27 is_stmt 0 view .LVU77
 259 0078 3495     		str	r5, [sp, #208]
 108:Core/Src/usart.c ****     HAL_GPIO_Init(GPIOA, &GPIO_InitStruct);
 260              		.loc 1 108 5 is_stmt 1 view .LVU78
 108:Core/Src/usart.c ****     HAL_GPIO_Init(GPIOA, &GPIO_InitStruct);
 261              		.loc 1 108 31 is_stmt 0 view .LVU79
 262 007a 0723     		movs	r3, #7
 263 007c 3593     		str	r3, [sp, #212]
 109:Core/Src/usart.c **** 
 264              		.loc 1 109 5 is_stmt 1 view .LVU80
 265 007e 31A9     		add	r1, sp, #196
 266 0080 2248     		ldr	r0, .L23+8
 267 0082 FFF7FEFF 		bl	HAL_GPIO_Init
 268              	.LVL13:
 113:Core/Src/usart.c ****     hdma_usart1_rx.Init.Request = DMA_REQUEST_USART1_RX;
 269              		.loc 1 113 5 view .LVU81
 113:Core/Src/usart.c ****     hdma_usart1_rx.Init.Request = DMA_REQUEST_USART1_RX;
ARM GAS  C:\Users\ADMINI~1\AppData\Local\Temp\ccV1enhc.s 			page 9


 270              		.loc 1 113 29 is_stmt 0 view .LVU82
 271 0086 2248     		ldr	r0, .L23+12
 272 0088 224B     		ldr	r3, .L23+16
 273 008a 0360     		str	r3, [r0]
 114:Core/Src/usart.c ****     hdma_usart1_rx.Init.Direction = DMA_PERIPH_TO_MEMORY;
 274              		.loc 1 114 5 is_stmt 1 view .LVU83
 114:Core/Src/usart.c ****     hdma_usart1_rx.Init.Direction = DMA_PERIPH_TO_MEMORY;
 275              		.loc 1 114 33 is_stmt 0 view .LVU84
 276 008c 2923     		movs	r3, #41
 277 008e 4360     		str	r3, [r0, #4]
 115:Core/Src/usart.c ****     hdma_usart1_rx.Init.PeriphInc = DMA_PINC_DISABLE;
 278              		.loc 1 115 5 is_stmt 1 view .LVU85
 115:Core/Src/usart.c ****     hdma_usart1_rx.Init.PeriphInc = DMA_PINC_DISABLE;
 279              		.loc 1 115 35 is_stmt 0 view .LVU86
 280 0090 8560     		str	r5, [r0, #8]
 116:Core/Src/usart.c ****     hdma_usart1_rx.Init.MemInc = DMA_MINC_ENABLE;
 281              		.loc 1 116 5 is_stmt 1 view .LVU87
 116:Core/Src/usart.c ****     hdma_usart1_rx.Init.MemInc = DMA_MINC_ENABLE;
 282              		.loc 1 116 35 is_stmt 0 view .LVU88
 283 0092 C560     		str	r5, [r0, #12]
 117:Core/Src/usart.c ****     hdma_usart1_rx.Init.PeriphDataAlignment = DMA_PDATAALIGN_BYTE;
 284              		.loc 1 117 5 is_stmt 1 view .LVU89
 117:Core/Src/usart.c ****     hdma_usart1_rx.Init.PeriphDataAlignment = DMA_PDATAALIGN_BYTE;
 285              		.loc 1 117 32 is_stmt 0 view .LVU90
 286 0094 4FF48063 		mov	r3, #1024
 287 0098 0361     		str	r3, [r0, #16]
 118:Core/Src/usart.c ****     hdma_usart1_rx.Init.MemDataAlignment = DMA_MDATAALIGN_BYTE;
 288              		.loc 1 118 5 is_stmt 1 view .LVU91
 118:Core/Src/usart.c ****     hdma_usart1_rx.Init.MemDataAlignment = DMA_MDATAALIGN_BYTE;
 289              		.loc 1 118 45 is_stmt 0 view .LVU92
 290 009a 4561     		str	r5, [r0, #20]
 119:Core/Src/usart.c ****     hdma_usart1_rx.Init.Mode = DMA_NORMAL;
 291              		.loc 1 119 5 is_stmt 1 view .LVU93
 119:Core/Src/usart.c ****     hdma_usart1_rx.Init.Mode = DMA_NORMAL;
 292              		.loc 1 119 42 is_stmt 0 view .LVU94
 293 009c 8561     		str	r5, [r0, #24]
 120:Core/Src/usart.c ****     hdma_usart1_rx.Init.Priority = DMA_PRIORITY_LOW;
 294              		.loc 1 120 5 is_stmt 1 view .LVU95
 120:Core/Src/usart.c ****     hdma_usart1_rx.Init.Priority = DMA_PRIORITY_LOW;
 295              		.loc 1 120 30 is_stmt 0 view .LVU96
 296 009e C561     		str	r5, [r0, #28]
 121:Core/Src/usart.c ****     hdma_usart1_rx.Init.FIFOMode = DMA_FIFOMODE_DISABLE;
 297              		.loc 1 121 5 is_stmt 1 view .LVU97
 121:Core/Src/usart.c ****     hdma_usart1_rx.Init.FIFOMode = DMA_FIFOMODE_DISABLE;
 298              		.loc 1 121 34 is_stmt 0 view .LVU98
 299 00a0 0562     		str	r5, [r0, #32]
 122:Core/Src/usart.c ****     if (HAL_DMA_Init(&hdma_usart1_rx) != HAL_OK)
 300              		.loc 1 122 5 is_stmt 1 view .LVU99
 122:Core/Src/usart.c ****     if (HAL_DMA_Init(&hdma_usart1_rx) != HAL_OK)
 301              		.loc 1 122 34 is_stmt 0 view .LVU100
 302 00a2 4562     		str	r5, [r0, #36]
 123:Core/Src/usart.c ****     {
 303              		.loc 1 123 5 is_stmt 1 view .LVU101
 123:Core/Src/usart.c ****     {
 304              		.loc 1 123 9 is_stmt 0 view .LVU102
 305 00a4 FFF7FEFF 		bl	HAL_DMA_Init
 306              	.LVL14:
ARM GAS  C:\Users\ADMINI~1\AppData\Local\Temp\ccV1enhc.s 			page 10


 123:Core/Src/usart.c ****     {
 307              		.loc 1 123 8 discriminator 1 view .LVU103
 308 00a8 30BB     		cbnz	r0, .L21
 309              	.L16:
 128:Core/Src/usart.c **** 
 310              		.loc 1 128 5 is_stmt 1 view .LVU104
 128:Core/Src/usart.c **** 
 311              		.loc 1 128 5 view .LVU105
 312 00aa 194B     		ldr	r3, .L23+12
 313 00ac C4F88030 		str	r3, [r4, #128]
 128:Core/Src/usart.c **** 
 314              		.loc 1 128 5 view .LVU106
 315 00b0 9C63     		str	r4, [r3, #56]
 128:Core/Src/usart.c **** 
 316              		.loc 1 128 5 view .LVU107
 131:Core/Src/usart.c ****     hdma_usart1_tx.Init.Request = DMA_REQUEST_USART1_TX;
 317              		.loc 1 131 5 view .LVU108
 131:Core/Src/usart.c ****     hdma_usart1_tx.Init.Request = DMA_REQUEST_USART1_TX;
 318              		.loc 1 131 29 is_stmt 0 view .LVU109
 319 00b2 1948     		ldr	r0, .L23+20
 320 00b4 194B     		ldr	r3, .L23+24
 321 00b6 0360     		str	r3, [r0]
 132:Core/Src/usart.c ****     hdma_usart1_tx.Init.Direction = DMA_MEMORY_TO_PERIPH;
 322              		.loc 1 132 5 is_stmt 1 view .LVU110
 132:Core/Src/usart.c ****     hdma_usart1_tx.Init.Direction = DMA_MEMORY_TO_PERIPH;
 323              		.loc 1 132 33 is_stmt 0 view .LVU111
 324 00b8 2A23     		movs	r3, #42
 325 00ba 4360     		str	r3, [r0, #4]
 133:Core/Src/usart.c ****     hdma_usart1_tx.Init.PeriphInc = DMA_PINC_DISABLE;
 326              		.loc 1 133 5 is_stmt 1 view .LVU112
 133:Core/Src/usart.c ****     hdma_usart1_tx.Init.PeriphInc = DMA_PINC_DISABLE;
 327              		.loc 1 133 35 is_stmt 0 view .LVU113
 328 00bc 4023     		movs	r3, #64
 329 00be 8360     		str	r3, [r0, #8]
 134:Core/Src/usart.c ****     hdma_usart1_tx.Init.MemInc = DMA_MINC_ENABLE;
 330              		.loc 1 134 5 is_stmt 1 view .LVU114
 134:Core/Src/usart.c ****     hdma_usart1_tx.Init.MemInc = DMA_MINC_ENABLE;
 331              		.loc 1 134 35 is_stmt 0 view .LVU115
 332 00c0 0023     		movs	r3, #0
 333 00c2 C360     		str	r3, [r0, #12]
 135:Core/Src/usart.c ****     hdma_usart1_tx.Init.PeriphDataAlignment = DMA_PDATAALIGN_BYTE;
 334              		.loc 1 135 5 is_stmt 1 view .LVU116
 135:Core/Src/usart.c ****     hdma_usart1_tx.Init.PeriphDataAlignment = DMA_PDATAALIGN_BYTE;
 335              		.loc 1 135 32 is_stmt 0 view .LVU117
 336 00c4 4FF48062 		mov	r2, #1024
 337 00c8 0261     		str	r2, [r0, #16]
 136:Core/Src/usart.c ****     hdma_usart1_tx.Init.MemDataAlignment = DMA_MDATAALIGN_BYTE;
 338              		.loc 1 136 5 is_stmt 1 view .LVU118
 136:Core/Src/usart.c ****     hdma_usart1_tx.Init.MemDataAlignment = DMA_MDATAALIGN_BYTE;
 339              		.loc 1 136 45 is_stmt 0 view .LVU119
 340 00ca 4361     		str	r3, [r0, #20]
 137:Core/Src/usart.c ****     hdma_usart1_tx.Init.Mode = DMA_NORMAL;
 341              		.loc 1 137 5 is_stmt 1 view .LVU120
 137:Core/Src/usart.c ****     hdma_usart1_tx.Init.Mode = DMA_NORMAL;
 342              		.loc 1 137 42 is_stmt 0 view .LVU121
 343 00cc 8361     		str	r3, [r0, #24]
 138:Core/Src/usart.c ****     hdma_usart1_tx.Init.Priority = DMA_PRIORITY_LOW;
ARM GAS  C:\Users\ADMINI~1\AppData\Local\Temp\ccV1enhc.s 			page 11


 344              		.loc 1 138 5 is_stmt 1 view .LVU122
 138:Core/Src/usart.c ****     hdma_usart1_tx.Init.Priority = DMA_PRIORITY_LOW;
 345              		.loc 1 138 30 is_stmt 0 view .LVU123
 346 00ce C361     		str	r3, [r0, #28]
 139:Core/Src/usart.c ****     hdma_usart1_tx.Init.FIFOMode = DMA_FIFOMODE_DISABLE;
 347              		.loc 1 139 5 is_stmt 1 view .LVU124
 139:Core/Src/usart.c ****     hdma_usart1_tx.Init.FIFOMode = DMA_FIFOMODE_DISABLE;
 348              		.loc 1 139 34 is_stmt 0 view .LVU125
 349 00d0 0362     		str	r3, [r0, #32]
 140:Core/Src/usart.c ****     if (HAL_DMA_Init(&hdma_usart1_tx) != HAL_OK)
 350              		.loc 1 140 5 is_stmt 1 view .LVU126
 140:Core/Src/usart.c ****     if (HAL_DMA_Init(&hdma_usart1_tx) != HAL_OK)
 351              		.loc 1 140 34 is_stmt 0 view .LVU127
 352 00d2 4362     		str	r3, [r0, #36]
 141:Core/Src/usart.c ****     {
 353              		.loc 1 141 5 is_stmt 1 view .LVU128
 141:Core/Src/usart.c ****     {
 354              		.loc 1 141 9 is_stmt 0 view .LVU129
 355 00d4 FFF7FEFF 		bl	HAL_DMA_Init
 356              	.LVL15:
 141:Core/Src/usart.c ****     {
 357              		.loc 1 141 8 discriminator 1 view .LVU130
 358 00d8 88B9     		cbnz	r0, .L22
 359              	.L17:
 146:Core/Src/usart.c **** 
 360              		.loc 1 146 5 is_stmt 1 view .LVU131
 146:Core/Src/usart.c **** 
 361              		.loc 1 146 5 view .LVU132
 362 00da 0F4B     		ldr	r3, .L23+20
 363 00dc E367     		str	r3, [r4, #124]
 146:Core/Src/usart.c **** 
 364              		.loc 1 146 5 view .LVU133
 365 00de 9C63     		str	r4, [r3, #56]
 146:Core/Src/usart.c **** 
 366              		.loc 1 146 5 view .LVU134
 149:Core/Src/usart.c ****     HAL_NVIC_EnableIRQ(USART1_IRQn);
 367              		.loc 1 149 5 view .LVU135
 368 00e0 0022     		movs	r2, #0
 369 00e2 0521     		movs	r1, #5
 370 00e4 2520     		movs	r0, #37
 371 00e6 FFF7FEFF 		bl	HAL_NVIC_SetPriority
 372              	.LVL16:
 150:Core/Src/usart.c ****   /* USER CODE BEGIN USART1_MspInit 1 */
 373              		.loc 1 150 5 view .LVU136
 374 00ea 2520     		movs	r0, #37
 375 00ec FFF7FEFF 		bl	HAL_NVIC_EnableIRQ
 376              	.LVL17:
 377              		.loc 1 155 1 is_stmt 0 view .LVU137
 378 00f0 97E7     		b	.L13
 379              	.L20:
  93:Core/Src/usart.c ****     }
 380              		.loc 1 93 7 is_stmt 1 view .LVU138
 381 00f2 FFF7FEFF 		bl	Error_Handler
 382              	.LVL18:
 383 00f6 9FE7     		b	.L15
 384              	.L21:
 125:Core/Src/usart.c ****     }
ARM GAS  C:\Users\ADMINI~1\AppData\Local\Temp\ccV1enhc.s 			page 12


 385              		.loc 1 125 7 view .LVU139
 386 00f8 FFF7FEFF 		bl	Error_Handler
 387              	.LVL19:
 388 00fc D5E7     		b	.L16
 389              	.L22:
 143:Core/Src/usart.c ****     }
 390              		.loc 1 143 7 view .LVU140
 391 00fe FFF7FEFF 		bl	Error_Handler
 392              	.LVL20:
 393 0102 EAE7     		b	.L17
 394              	.L24:
 395              		.align	2
 396              	.L23:
 397 0104 00100140 		.word	1073811456
 398 0108 00440258 		.word	1476543488
 399 010c 00000258 		.word	1476526080
 400 0110 00000000 		.word	hdma_usart1_rx
 401 0114 40000240 		.word	1073872960
 402 0118 00000000 		.word	hdma_usart1_tx
 403 011c 58000240 		.word	1073872984
 404              		.cfi_endproc
 405              	.LFE351:
 407              		.section	.text.HAL_UART_MspDeInit,"ax",%progbits
 408              		.align	1
 409              		.global	HAL_UART_MspDeInit
 410              		.syntax unified
 411              		.thumb
 412              		.thumb_func
 414              	HAL_UART_MspDeInit:
 415              	.LVL21:
 416              	.LFB352:
 156:Core/Src/usart.c **** 
 157:Core/Src/usart.c **** void HAL_UART_MspDeInit(UART_HandleTypeDef* uartHandle)
 158:Core/Src/usart.c **** {
 417              		.loc 1 158 1 view -0
 418              		.cfi_startproc
 419              		@ args = 0, pretend = 0, frame = 0
 420              		@ frame_needed = 0, uses_anonymous_args = 0
 159:Core/Src/usart.c **** 
 160:Core/Src/usart.c ****   if(uartHandle->Instance==USART1)
 421              		.loc 1 160 3 view .LVU142
 422              		.loc 1 160 16 is_stmt 0 view .LVU143
 423 0000 0268     		ldr	r2, [r0]
 424              		.loc 1 160 5 view .LVU144
 425 0002 0E4B     		ldr	r3, .L32
 426 0004 9A42     		cmp	r2, r3
 427 0006 00D0     		beq	.L31
 428 0008 7047     		bx	lr
 429              	.L31:
 158:Core/Src/usart.c **** 
 430              		.loc 1 158 1 view .LVU145
 431 000a 10B5     		push	{r4, lr}
 432              	.LCFI5:
 433              		.cfi_def_cfa_offset 8
 434              		.cfi_offset 4, -8
 435              		.cfi_offset 14, -4
 436 000c 0446     		mov	r4, r0
ARM GAS  C:\Users\ADMINI~1\AppData\Local\Temp\ccV1enhc.s 			page 13


 161:Core/Src/usart.c ****   {
 162:Core/Src/usart.c ****   /* USER CODE BEGIN USART1_MspDeInit 0 */
 163:Core/Src/usart.c **** 
 164:Core/Src/usart.c ****   /* USER CODE END USART1_MspDeInit 0 */
 165:Core/Src/usart.c ****     /* Peripheral clock disable */
 166:Core/Src/usart.c ****     __HAL_RCC_USART1_CLK_DISABLE();
 437              		.loc 1 166 5 is_stmt 1 view .LVU146
 438 000e 0C4A     		ldr	r2, .L32+4
 439 0010 D2F8F030 		ldr	r3, [r2, #240]
 440 0014 23F01003 		bic	r3, r3, #16
 441 0018 C2F8F030 		str	r3, [r2, #240]
 167:Core/Src/usart.c **** 
 168:Core/Src/usart.c ****     /**USART1 GPIO Configuration
 169:Core/Src/usart.c ****     PA9     ------> USART1_TX
 170:Core/Src/usart.c ****     PA10     ------> USART1_RX
 171:Core/Src/usart.c ****     */
 172:Core/Src/usart.c ****     HAL_GPIO_DeInit(GPIOA, GPIO_PIN_9|GPIO_PIN_10);
 442              		.loc 1 172 5 view .LVU147
 443 001c 4FF4C061 		mov	r1, #1536
 444 0020 0848     		ldr	r0, .L32+8
 445              	.LVL22:
 446              		.loc 1 172 5 is_stmt 0 view .LVU148
 447 0022 FFF7FEFF 		bl	HAL_GPIO_DeInit
 448              	.LVL23:
 173:Core/Src/usart.c **** 
 174:Core/Src/usart.c ****     /* USART1 DMA DeInit */
 175:Core/Src/usart.c ****     HAL_DMA_DeInit(uartHandle->hdmarx);
 449              		.loc 1 175 5 is_stmt 1 view .LVU149
 450 0026 D4F88000 		ldr	r0, [r4, #128]
 451 002a FFF7FEFF 		bl	HAL_DMA_DeInit
 452              	.LVL24:
 176:Core/Src/usart.c ****     HAL_DMA_DeInit(uartHandle->hdmatx);
 453              		.loc 1 176 5 view .LVU150
 454 002e E06F     		ldr	r0, [r4, #124]
 455 0030 FFF7FEFF 		bl	HAL_DMA_DeInit
 456              	.LVL25:
 177:Core/Src/usart.c **** 
 178:Core/Src/usart.c ****     /* USART1 interrupt Deinit */
 179:Core/Src/usart.c ****     HAL_NVIC_DisableIRQ(USART1_IRQn);
 457              		.loc 1 179 5 view .LVU151
 458 0034 2520     		movs	r0, #37
 459 0036 FFF7FEFF 		bl	HAL_NVIC_DisableIRQ
 460              	.LVL26:
 180:Core/Src/usart.c ****   /* USER CODE BEGIN USART1_MspDeInit 1 */
 181:Core/Src/usart.c **** 
 182:Core/Src/usart.c ****   /* USER CODE END USART1_MspDeInit 1 */
 183:Core/Src/usart.c ****   }
 184:Core/Src/usart.c **** }
 461              		.loc 1 184 1 is_stmt 0 view .LVU152
 462 003a 10BD     		pop	{r4, pc}
 463              	.LVL27:
 464              	.L33:
 465              		.loc 1 184 1 view .LVU153
 466              		.align	2
 467              	.L32:
 468 003c 00100140 		.word	1073811456
 469 0040 00440258 		.word	1476543488
ARM GAS  C:\Users\ADMINI~1\AppData\Local\Temp\ccV1enhc.s 			page 14


 470 0044 00000258 		.word	1476526080
 471              		.cfi_endproc
 472              	.LFE352:
 474              		.global	hdma_usart1_tx
 475              		.section	.bss.hdma_usart1_tx,"aw",%nobits
 476              		.align	2
 479              	hdma_usart1_tx:
 480 0000 00000000 		.space	120
 480      00000000 
 480      00000000 
 480      00000000 
 480      00000000 
 481              		.global	hdma_usart1_rx
 482              		.section	.bss.hdma_usart1_rx,"aw",%nobits
 483              		.align	2
 486              	hdma_usart1_rx:
 487 0000 00000000 		.space	120
 487      00000000 
 487      00000000 
 487      00000000 
 487      00000000 
 488              		.global	huart1
 489              		.section	.bss.huart1,"aw",%nobits
 490              		.align	2
 493              	huart1:
 494 0000 00000000 		.space	148
 494      00000000 
 494      00000000 
 494      00000000 
 494      00000000 
 495              		.text
 496              	.Letext0:
 497              		.file 2 "Drivers/CMSIS/Device/ST/STM32H7xx/Include/stm32h723xx.h"
 498              		.file 3 "D:/14.3 rel1/arm-none-eabi/include/machine/_default_types.h"
 499              		.file 4 "D:/14.3 rel1/arm-none-eabi/include/sys/_stdint.h"
 500              		.file 5 "Drivers/STM32H7xx_HAL_Driver/Inc/stm32h7xx_hal_def.h"
 501              		.file 6 "Drivers/STM32H7xx_HAL_Driver/Inc/stm32h7xx_hal_rcc_ex.h"
 502              		.file 7 "Drivers/STM32H7xx_HAL_Driver/Inc/stm32h7xx_hal_gpio.h"
 503              		.file 8 "Drivers/STM32H7xx_HAL_Driver/Inc/stm32h7xx_hal_dma.h"
 504              		.file 9 "Drivers/STM32H7xx_HAL_Driver/Inc/stm32h7xx_hal_uart.h"
 505              		.file 10 "Core/Inc/usart.h"
 506              		.file 11 "Drivers/STM32H7xx_HAL_Driver/Inc/stm32h7xx_hal_cortex.h"
 507              		.file 12 "Drivers/STM32H7xx_HAL_Driver/Inc/stm32h7xx_hal_uart_ex.h"
 508              		.file 13 "Core/Inc/main.h"
 509              		.file 14 "<built-in>"
ARM GAS  C:\Users\ADMINI~1\AppData\Local\Temp\ccV1enhc.s 			page 15


DEFINED SYMBOLS
                            *ABS*:00000000 usart.c
C:\Users\ADMINI~1\AppData\Local\Temp\ccV1enhc.s:20     .text.MX_USART1_UART_Init:00000000 $t
C:\Users\ADMINI~1\AppData\Local\Temp\ccV1enhc.s:26     .text.MX_USART1_UART_Init:00000000 MX_USART1_UART_Init
C:\Users\ADMINI~1\AppData\Local\Temp\ccV1enhc.s:134    .text.MX_USART1_UART_Init:00000060 $d
C:\Users\ADMINI~1\AppData\Local\Temp\ccV1enhc.s:493    .bss.huart1:00000000 huart1
C:\Users\ADMINI~1\AppData\Local\Temp\ccV1enhc.s:140    .text.HAL_UART_MspInit:00000000 $t
C:\Users\ADMINI~1\AppData\Local\Temp\ccV1enhc.s:146    .text.HAL_UART_MspInit:00000000 HAL_UART_MspInit
C:\Users\ADMINI~1\AppData\Local\Temp\ccV1enhc.s:397    .text.HAL_UART_MspInit:00000104 $d
C:\Users\ADMINI~1\AppData\Local\Temp\ccV1enhc.s:486    .bss.hdma_usart1_rx:00000000 hdma_usart1_rx
C:\Users\ADMINI~1\AppData\Local\Temp\ccV1enhc.s:479    .bss.hdma_usart1_tx:00000000 hdma_usart1_tx
C:\Users\ADMINI~1\AppData\Local\Temp\ccV1enhc.s:408    .text.HAL_UART_MspDeInit:00000000 $t
C:\Users\ADMINI~1\AppData\Local\Temp\ccV1enhc.s:414    .text.HAL_UART_MspDeInit:00000000 HAL_UART_MspDeInit
C:\Users\ADMINI~1\AppData\Local\Temp\ccV1enhc.s:468    .text.HAL_UART_MspDeInit:0000003c $d
C:\Users\ADMINI~1\AppData\Local\Temp\ccV1enhc.s:476    .bss.hdma_usart1_tx:00000000 $d
C:\Users\ADMINI~1\AppData\Local\Temp\ccV1enhc.s:483    .bss.hdma_usart1_rx:00000000 $d
C:\Users\ADMINI~1\AppData\Local\Temp\ccV1enhc.s:490    .bss.huart1:00000000 $d

UNDEFINED SYMBOLS
HAL_UART_Init
HAL_UARTEx_SetTxFifoThreshold
HAL_UARTEx_SetRxFifoThreshold
HAL_UARTEx_DisableFifoMode
Error_Handler
memset
HAL_RCCEx_PeriphCLKConfig
HAL_GPIO_Init
HAL_DMA_Init
HAL_NVIC_SetPriority
HAL_NVIC_EnableIRQ
HAL_GPIO_DeInit
HAL_DMA_DeInit
HAL_NVIC_DisableIRQ
