ARM GAS  C:\Users\ADMINI~1\AppData\Local\Temp\cc84lg3t.s 			page 1


   1              		.cpu cortex-m7
   2              		.arch armv7e-m
   3              		.fpu fpv5-d16
   4              		.eabi_attribute 28, 1
   5              		.eabi_attribute 20, 1
   6              		.eabi_attribute 21, 1
   7              		.eabi_attribute 23, 3
   8              		.eabi_attribute 24, 1
   9              		.eabi_attribute 25, 1
  10              		.eabi_attribute 26, 1
  11              		.eabi_attribute 30, 1
  12              		.eabi_attribute 34, 1
  13              		.eabi_attribute 18, 4
  14              		.file	"user_lib.c"
  15              		.text
  16              	.Ltext0:
  17              		.cfi_sections	.debug_frame
  18              		.file 1 "modules/algorithm/user_lib.c"
  19              		.section	.text.zmalloc,"ax",%progbits
  20              		.align	1
  21              		.global	zmalloc
  22              		.syntax unified
  23              		.thumb
  24              		.thumb_func
  26              	zmalloc:
  27              	.LVL0:
  28              	.LFB395:
   1:modules/algorithm/user_lib.c **** /**
   2:modules/algorithm/user_lib.c ****  ******************************************************************************
   3:modules/algorithm/user_lib.c ****  * @file	 user_lib.c
   4:modules/algorithm/user_lib.c ****  * @author  Wang Hongxi
   5:modules/algorithm/user_lib.c ****  * @author  modified by neozng
   6:modules/algorithm/user_lib.c ****  * @version 0.2 beta
   7:modules/algorithm/user_lib.c ****  * @date    2021/2/18
   8:modules/algorithm/user_lib.c ****  * @brief
   9:modules/algorithm/user_lib.c ****  ******************************************************************************
  10:modules/algorithm/user_lib.c ****  * @attention
  11:modules/algorithm/user_lib.c ****  *
  12:modules/algorithm/user_lib.c ****  ******************************************************************************
  13:modules/algorithm/user_lib.c ****  */
  14:modules/algorithm/user_lib.c **** #include "stdlib.h"
  15:modules/algorithm/user_lib.c **** #include "memory.h"
  16:modules/algorithm/user_lib.c **** #include "user_lib.h"
  17:modules/algorithm/user_lib.c **** #include "math.h"
  18:modules/algorithm/user_lib.c **** #include "main.h"
  19:modules/algorithm/user_lib.c **** 
  20:modules/algorithm/user_lib.c **** #ifdef _CMSIS_OS_H
  21:modules/algorithm/user_lib.c **** #define user_malloc pvPortMalloc
  22:modules/algorithm/user_lib.c **** #else
  23:modules/algorithm/user_lib.c **** #define user_malloc malloc
  24:modules/algorithm/user_lib.c **** #endif
  25:modules/algorithm/user_lib.c **** 
  26:modules/algorithm/user_lib.c **** void *zmalloc(size_t size)
  27:modules/algorithm/user_lib.c **** {
  29              		.loc 1 27 1 view -0
  30              		.cfi_startproc
  31              		@ args = 0, pretend = 0, frame = 0
ARM GAS  C:\Users\ADMINI~1\AppData\Local\Temp\cc84lg3t.s 			page 2


  32              		@ frame_needed = 0, uses_anonymous_args = 0
  33              		.loc 1 27 1 is_stmt 0 view .LVU1
  34 0000 38B5     		push	{r3, r4, r5, lr}
  35              	.LCFI0:
  36              		.cfi_def_cfa_offset 16
  37              		.cfi_offset 3, -16
  38              		.cfi_offset 4, -12
  39              		.cfi_offset 5, -8
  40              		.cfi_offset 14, -4
  41 0002 0546     		mov	r5, r0
  28:modules/algorithm/user_lib.c ****     void *ptr = malloc(size);
  42              		.loc 1 28 5 is_stmt 1 view .LVU2
  43              		.loc 1 28 17 is_stmt 0 view .LVU3
  44 0004 FFF7FEFF 		bl	malloc
  45              	.LVL1:
  46              		.loc 1 28 17 view .LVU4
  47 0008 0446     		mov	r4, r0
  48              	.LVL2:
  29:modules/algorithm/user_lib.c ****     memset(ptr, 0, size);
  49              		.loc 1 29 5 is_stmt 1 view .LVU5
  50 000a 2A46     		mov	r2, r5
  51 000c 0021     		movs	r1, #0
  52 000e FFF7FEFF 		bl	memset
  53              	.LVL3:
  30:modules/algorithm/user_lib.c ****     return ptr;
  54              		.loc 1 30 5 view .LVU6
  31:modules/algorithm/user_lib.c **** }
  55              		.loc 1 31 1 is_stmt 0 view .LVU7
  56 0012 2046     		mov	r0, r4
  57 0014 38BD     		pop	{r3, r4, r5, pc}
  58              		.loc 1 31 1 view .LVU8
  59              		.cfi_endproc
  60              	.LFE395:
  62              		.section	.text.Sqrt,"ax",%progbits
  63              		.align	1
  64              		.global	Sqrt
  65              		.syntax unified
  66              		.thumb
  67              		.thumb_func
  69              	Sqrt:
  70              	.LVL4:
  71              	.LFB396:
  32:modules/algorithm/user_lib.c **** 
  33:modules/algorithm/user_lib.c **** // 快速开方
  34:modules/algorithm/user_lib.c **** float Sqrt(float x)
  35:modules/algorithm/user_lib.c **** {
  72              		.loc 1 35 1 is_stmt 1 view -0
  73              		.cfi_startproc
  74              		@ args = 0, pretend = 0, frame = 0
  75              		@ frame_needed = 0, uses_anonymous_args = 0
  76              		@ link register save eliminated.
  77              		.loc 1 35 1 is_stmt 0 view .LVU10
  78 0000 F0EE405A 		vmov.f32	s11, s0
  36:modules/algorithm/user_lib.c ****     float y;
  79              		.loc 1 36 5 is_stmt 1 view .LVU11
  37:modules/algorithm/user_lib.c ****     float delta;
  80              		.loc 1 37 5 view .LVU12
ARM GAS  C:\Users\ADMINI~1\AppData\Local\Temp\cc84lg3t.s 			page 3


  38:modules/algorithm/user_lib.c ****     float maxError;
  81              		.loc 1 38 5 view .LVU13
  39:modules/algorithm/user_lib.c **** 
  40:modules/algorithm/user_lib.c ****     if (x <= 0)
  82              		.loc 1 40 5 view .LVU14
  83              		.loc 1 40 8 is_stmt 0 view .LVU15
  84 0004 B5EEC00A 		vcmpe.f32	s0, #0
  85 0008 F1EE10FA 		vmrs	APSR_nzcv, FPSCR
  86 000c 1ED9     		bls	.L6
  41:modules/algorithm/user_lib.c ****     {
  42:modules/algorithm/user_lib.c ****         return 0;
  43:modules/algorithm/user_lib.c ****     }
  44:modules/algorithm/user_lib.c **** 
  45:modules/algorithm/user_lib.c ****     // initial guess
  46:modules/algorithm/user_lib.c ****     y = x / 2;
  87              		.loc 1 46 5 is_stmt 1 view .LVU16
  88              		.loc 1 46 7 is_stmt 0 view .LVU17
  89 000e F6EE007A 		vmov.f32	s15, #5.0e-1
  90 0012 20EE270A 		vmul.f32	s0, s0, s15
  91              	.LVL5:
  47:modules/algorithm/user_lib.c **** 
  48:modules/algorithm/user_lib.c ****     // refine
  49:modules/algorithm/user_lib.c ****     maxError = x * 0.001f;
  92              		.loc 1 49 5 is_stmt 1 view .LVU18
  93              		.loc 1 49 14 is_stmt 0 view .LVU19
  94 0016 9FED0F6A 		vldr.32	s12, .L7
  95 001a 25EE866A 		vmul.f32	s12, s11, s12
  96              	.LVL6:
  97              	.L5:
  50:modules/algorithm/user_lib.c **** 
  51:modules/algorithm/user_lib.c ****     do
  98              		.loc 1 51 5 is_stmt 1 view .LVU20
  52:modules/algorithm/user_lib.c ****     {
  53:modules/algorithm/user_lib.c ****         delta = (y * y) - x;
  99              		.loc 1 53 9 view .LVU21
 100              		.loc 1 53 20 is_stmt 0 view .LVU22
 101 001e 60EE007A 		vmul.f32	s15, s0, s0
 102              		.loc 1 53 15 view .LVU23
 103 0022 77EEE57A 		vsub.f32	s15, s15, s11
 104              	.LVL7:
  54:modules/algorithm/user_lib.c ****         y -= delta / (2 * y);
 105              		.loc 1 54 9 is_stmt 1 view .LVU24
 106              		.loc 1 54 25 is_stmt 0 view .LVU25
 107 0026 70EE006A 		vadd.f32	s13, s0, s0
 108              		.loc 1 54 20 view .LVU26
 109 002a 87EEA67A 		vdiv.f32	s14, s15, s13
 110              		.loc 1 54 11 view .LVU27
 111 002e 30EE470A 		vsub.f32	s0, s0, s14
 112              	.LVL8:
  55:modules/algorithm/user_lib.c ****     } while (delta > maxError || delta < -maxError);
 113              		.loc 1 55 31 is_stmt 1 discriminator 3 view .LVU28
 114 0032 B4EEE76A 		vcmpe.f32	s12, s15
 115 0036 F1EE10FA 		vmrs	APSR_nzcv, FPSCR
 116 003a F0D4     		bmi	.L5
 117              		.loc 1 55 42 is_stmt 0 discriminator 2 view .LVU29
 118 003c B1EE467A 		vneg.f32	s14, s12
 119              		.loc 1 55 31 discriminator 2 view .LVU30
ARM GAS  C:\Users\ADMINI~1\AppData\Local\Temp\cc84lg3t.s 			page 4


 120 0040 B4EEE77A 		vcmpe.f32	s14, s15
 121 0044 F1EE10FA 		vmrs	APSR_nzcv, FPSCR
 122 0048 E9DC     		bgt	.L5
 123 004a 7047     		bx	lr
 124              	.LVL9:
 125              	.L6:
  42:modules/algorithm/user_lib.c ****     }
 126              		.loc 1 42 16 view .LVU31
 127 004c 9FED020A 		vldr.32	s0, .L7+4
 128              	.LVL10:
  56:modules/algorithm/user_lib.c **** 
  57:modules/algorithm/user_lib.c ****     return y;
  58:modules/algorithm/user_lib.c **** }
 129              		.loc 1 58 1 view .LVU32
 130 0050 7047     		bx	lr
 131              	.L8:
 132 0052 00BF     		.align	2
 133              	.L7:
 134 0054 6F12833A 		.word	981668463
 135 0058 00000000 		.word	0
 136              		.cfi_endproc
 137              	.LFE396:
 139              		.section	.text.abs_limit,"ax",%progbits
 140              		.align	1
 141              		.global	abs_limit
 142              		.syntax unified
 143              		.thumb
 144              		.thumb_func
 146              	abs_limit:
 147              	.LVL11:
 148              	.LFB397:
  59:modules/algorithm/user_lib.c **** 
  60:modules/algorithm/user_lib.c **** // 绝对值限制
  61:modules/algorithm/user_lib.c **** float abs_limit(float num, float Limit)
  62:modules/algorithm/user_lib.c **** {
 149              		.loc 1 62 1 is_stmt 1 view -0
 150              		.cfi_startproc
 151              		@ args = 0, pretend = 0, frame = 0
 152              		@ frame_needed = 0, uses_anonymous_args = 0
 153              		@ link register save eliminated.
 154              		.loc 1 62 1 is_stmt 0 view .LVU34
 155 0000 F0EE407A 		vmov.f32	s15, s0
 156 0004 B0EE600A 		vmov.f32	s0, s1
 157              	.LVL12:
  63:modules/algorithm/user_lib.c ****     if (num > Limit)
 158              		.loc 1 63 5 is_stmt 1 view .LVU35
 159              		.loc 1 63 8 is_stmt 0 view .LVU36
 160 0008 F4EEE07A 		vcmpe.f32	s15, s1
 161 000c F1EE10FA 		vmrs	APSR_nzcv, FPSCR
 162 0010 08DC     		bgt	.L10
  64:modules/algorithm/user_lib.c ****     {
  65:modules/algorithm/user_lib.c ****         num = Limit;
  66:modules/algorithm/user_lib.c ****     }
  67:modules/algorithm/user_lib.c ****     else if (num < -Limit)
 163              		.loc 1 67 10 is_stmt 1 view .LVU37
 164              		.loc 1 67 20 is_stmt 0 view .LVU38
 165 0012 B1EE600A 		vneg.f32	s0, s1
ARM GAS  C:\Users\ADMINI~1\AppData\Local\Temp\cc84lg3t.s 			page 5


 166              		.loc 1 67 13 view .LVU39
 167 0016 B4EEE70A 		vcmpe.f32	s0, s15
 168 001a F1EE10FA 		vmrs	APSR_nzcv, FPSCR
 169 001e 01DC     		bgt	.L10
 170 0020 B0EE670A 		vmov.f32	s0, s15
 171              	.L10:
 172              	.LVL13:
  68:modules/algorithm/user_lib.c ****     {
  69:modules/algorithm/user_lib.c ****         num = -Limit;
  70:modules/algorithm/user_lib.c ****     }
  71:modules/algorithm/user_lib.c ****     return num;
 173              		.loc 1 71 5 is_stmt 1 view .LVU40
  72:modules/algorithm/user_lib.c **** }
 174              		.loc 1 72 1 is_stmt 0 view .LVU41
 175 0024 7047     		bx	lr
 176              		.cfi_endproc
 177              	.LFE397:
 179              		.section	.text.sign,"ax",%progbits
 180              		.align	1
 181              		.global	sign
 182              		.syntax unified
 183              		.thumb
 184              		.thumb_func
 186              	sign:
 187              	.LVL14:
 188              	.LFB398:
  73:modules/algorithm/user_lib.c **** 
  74:modules/algorithm/user_lib.c **** // 判断符号位
  75:modules/algorithm/user_lib.c **** float sign(float value)
  76:modules/algorithm/user_lib.c **** {
 189              		.loc 1 76 1 is_stmt 1 view -0
 190              		.cfi_startproc
 191              		@ args = 0, pretend = 0, frame = 0
 192              		@ frame_needed = 0, uses_anonymous_args = 0
 193              		@ link register save eliminated.
  77:modules/algorithm/user_lib.c ****     if (value >= 0.0f)
 194              		.loc 1 77 5 view .LVU43
 195              		.loc 1 77 8 is_stmt 0 view .LVU44
 196 0000 B5EEC00A 		vcmpe.f32	s0, #0
 197 0004 F1EE10FA 		vmrs	APSR_nzcv, FPSCR
 198 0008 02DB     		blt	.L16
  78:modules/algorithm/user_lib.c ****     {
  79:modules/algorithm/user_lib.c ****         return 1.0f;
 199              		.loc 1 79 16 view .LVU45
 200 000a B7EE000A 		vmov.f32	s0, #1.0e+0
 201              	.LVL15:
 202              		.loc 1 79 16 view .LVU46
 203 000e 7047     		bx	lr
 204              	.LVL16:
 205              	.L16:
  80:modules/algorithm/user_lib.c ****     }
  81:modules/algorithm/user_lib.c ****     else
  82:modules/algorithm/user_lib.c ****     {
  83:modules/algorithm/user_lib.c ****         return -1.0f;
 206              		.loc 1 83 16 view .LVU47
 207 0010 BFEE000A 		vmov.f32	s0, #-1.0e+0
 208              	.LVL17:
ARM GAS  C:\Users\ADMINI~1\AppData\Local\Temp\cc84lg3t.s 			page 6


  84:modules/algorithm/user_lib.c ****     }
  85:modules/algorithm/user_lib.c **** }
 209              		.loc 1 85 1 view .LVU48
 210 0014 7047     		bx	lr
 211              		.cfi_endproc
 212              	.LFE398:
 214              		.section	.text.float_deadband,"ax",%progbits
 215              		.align	1
 216              		.global	float_deadband
 217              		.syntax unified
 218              		.thumb
 219              		.thumb_func
 221              	float_deadband:
 222              	.LVL18:
 223              	.LFB399:
  86:modules/algorithm/user_lib.c **** 
  87:modules/algorithm/user_lib.c **** // 浮点死区
  88:modules/algorithm/user_lib.c **** float float_deadband(float Value, float minValue, float maxValue)
  89:modules/algorithm/user_lib.c **** {
 224              		.loc 1 89 1 is_stmt 1 view -0
 225              		.cfi_startproc
 226              		@ args = 0, pretend = 0, frame = 0
 227              		@ frame_needed = 0, uses_anonymous_args = 0
 228              		@ link register save eliminated.
  90:modules/algorithm/user_lib.c ****     if (Value < maxValue && Value > minValue)
 229              		.loc 1 90 5 view .LVU50
 230              		.loc 1 90 8 is_stmt 0 view .LVU51
 231 0000 B4EEC01A 		vcmpe.f32	s2, s0
 232 0004 F1EE10FA 		vmrs	APSR_nzcv, FPSCR
 233 0008 06DD     		ble	.L18
 234              		.loc 1 90 26 discriminator 1 view .LVU52
 235 000a B4EEE00A 		vcmpe.f32	s0, s1
 236 000e F1EE10FA 		vmrs	APSR_nzcv, FPSCR
 237 0012 01DD     		ble	.L18
  91:modules/algorithm/user_lib.c ****     {
  92:modules/algorithm/user_lib.c ****         Value = 0.0f;
 238              		.loc 1 92 15 view .LVU53
 239 0014 9FED010A 		vldr.32	s0, .L22
 240              	.LVL19:
 241              	.L18:
  93:modules/algorithm/user_lib.c ****     }
  94:modules/algorithm/user_lib.c ****     return Value;
 242              		.loc 1 94 5 is_stmt 1 view .LVU54
  95:modules/algorithm/user_lib.c **** }
 243              		.loc 1 95 1 is_stmt 0 view .LVU55
 244 0018 7047     		bx	lr
 245              	.L23:
 246 001a 00BF     		.align	2
 247              	.L22:
 248 001c 00000000 		.word	0
 249              		.cfi_endproc
 250              	.LFE399:
 252              		.section	.text.float_constrain,"ax",%progbits
 253              		.align	1
 254              		.global	float_constrain
 255              		.syntax unified
 256              		.thumb
ARM GAS  C:\Users\ADMINI~1\AppData\Local\Temp\cc84lg3t.s 			page 7


 257              		.thumb_func
 259              	float_constrain:
 260              	.LVL20:
 261              	.LFB400:
  96:modules/algorithm/user_lib.c **** 
  97:modules/algorithm/user_lib.c **** // 限幅函数
  98:modules/algorithm/user_lib.c **** float float_constrain(float Value, float minValue, float maxValue)
  99:modules/algorithm/user_lib.c **** {
 262              		.loc 1 99 1 is_stmt 1 view -0
 263              		.cfi_startproc
 264              		@ args = 0, pretend = 0, frame = 0
 265              		@ frame_needed = 0, uses_anonymous_args = 0
 266              		@ link register save eliminated.
 100:modules/algorithm/user_lib.c ****     if (Value < minValue)
 267              		.loc 1 100 5 view .LVU57
 268              		.loc 1 100 8 is_stmt 0 view .LVU58
 269 0000 B4EEE00A 		vcmpe.f32	s0, s1
 270 0004 F1EE10FA 		vmrs	APSR_nzcv, FPSCR
 271 0008 07D4     		bmi	.L27
 101:modules/algorithm/user_lib.c ****         return minValue;
 102:modules/algorithm/user_lib.c ****     else if (Value > maxValue)
 272              		.loc 1 102 10 is_stmt 1 view .LVU59
 273              		.loc 1 102 13 is_stmt 0 view .LVU60
 274 000a B4EEC10A 		vcmpe.f32	s0, s2
 275 000e F1EE10FA 		vmrs	APSR_nzcv, FPSCR
 276 0012 04DD     		ble	.L24
 103:modules/algorithm/user_lib.c ****         return maxValue;
 277              		.loc 1 103 16 view .LVU61
 278 0014 B0EE410A 		vmov.f32	s0, s2
 279              	.LVL21:
 280              		.loc 1 103 16 view .LVU62
 281 0018 7047     		bx	lr
 282              	.LVL22:
 283              	.L27:
 101:modules/algorithm/user_lib.c ****         return minValue;
 284              		.loc 1 101 16 view .LVU63
 285 001a B0EE600A 		vmov.f32	s0, s1
 286              	.LVL23:
 287              	.L24:
 104:modules/algorithm/user_lib.c ****     else
 105:modules/algorithm/user_lib.c ****         return Value;
 106:modules/algorithm/user_lib.c **** }
 288              		.loc 1 106 1 view .LVU64
 289 001e 7047     		bx	lr
 290              		.cfi_endproc
 291              	.LFE400:
 293              		.section	.text.int16_constrain,"ax",%progbits
 294              		.align	1
 295              		.global	int16_constrain
 296              		.syntax unified
 297              		.thumb
 298              		.thumb_func
 300              	int16_constrain:
 301              	.LVL24:
 302              	.LFB401:
 107:modules/algorithm/user_lib.c **** 
 108:modules/algorithm/user_lib.c **** // 限幅函数
ARM GAS  C:\Users\ADMINI~1\AppData\Local\Temp\cc84lg3t.s 			page 8


 109:modules/algorithm/user_lib.c **** int16_t int16_constrain(int16_t Value, int16_t minValue, int16_t maxValue)
 110:modules/algorithm/user_lib.c **** {
 303              		.loc 1 110 1 is_stmt 1 view -0
 304              		.cfi_startproc
 305              		@ args = 0, pretend = 0, frame = 0
 306              		@ frame_needed = 0, uses_anonymous_args = 0
 307              		@ link register save eliminated.
 111:modules/algorithm/user_lib.c ****     if (Value < minValue)
 308              		.loc 1 111 5 view .LVU66
 309              		.loc 1 111 8 is_stmt 0 view .LVU67
 310 0000 8842     		cmp	r0, r1
 311 0002 03DB     		blt	.L33
 112:modules/algorithm/user_lib.c ****         return minValue;
 113:modules/algorithm/user_lib.c ****     else if (Value > maxValue)
 312              		.loc 1 113 10 is_stmt 1 view .LVU68
 313              		.loc 1 113 13 is_stmt 0 view .LVU69
 314 0004 9042     		cmp	r0, r2
 315 0006 02DD     		ble	.L32
 114:modules/algorithm/user_lib.c ****         return maxValue;
 316              		.loc 1 114 16 view .LVU70
 317 0008 1046     		mov	r0, r2
 318              	.LVL25:
 319              		.loc 1 114 16 view .LVU71
 320 000a 7047     		bx	lr
 321              	.LVL26:
 322              	.L33:
 112:modules/algorithm/user_lib.c ****         return minValue;
 323              		.loc 1 112 16 view .LVU72
 324 000c 0846     		mov	r0, r1
 325              	.LVL27:
 326              	.L32:
 115:modules/algorithm/user_lib.c ****     else
 116:modules/algorithm/user_lib.c ****         return Value;
 117:modules/algorithm/user_lib.c **** }
 327              		.loc 1 117 1 view .LVU73
 328 000e 7047     		bx	lr
 329              		.cfi_endproc
 330              	.LFE401:
 332              		.section	.text.loop_float_constrain,"ax",%progbits
 333              		.align	1
 334              		.global	loop_float_constrain
 335              		.syntax unified
 336              		.thumb
 337              		.thumb_func
 339              	loop_float_constrain:
 340              	.LVL28:
 341              	.LFB402:
 118:modules/algorithm/user_lib.c **** 
 119:modules/algorithm/user_lib.c **** // 循环限幅函数
 120:modules/algorithm/user_lib.c **** float loop_float_constrain(float Input, float minValue, float maxValue)
 121:modules/algorithm/user_lib.c **** {
 342              		.loc 1 121 1 is_stmt 1 view -0
 343              		.cfi_startproc
 344              		@ args = 0, pretend = 0, frame = 0
 345              		@ frame_needed = 0, uses_anonymous_args = 0
 346              		@ link register save eliminated.
 122:modules/algorithm/user_lib.c ****     if (maxValue < minValue)
ARM GAS  C:\Users\ADMINI~1\AppData\Local\Temp\cc84lg3t.s 			page 9


 347              		.loc 1 122 5 view .LVU75
 348              		.loc 1 122 8 is_stmt 0 view .LVU76
 349 0000 B4EEE01A 		vcmpe.f32	s2, s1
 350 0004 F1EE10FA 		vmrs	APSR_nzcv, FPSCR
 351 0008 1ED4     		bmi	.L36
 123:modules/algorithm/user_lib.c ****     {
 124:modules/algorithm/user_lib.c ****         return Input;
 125:modules/algorithm/user_lib.c ****     }
 126:modules/algorithm/user_lib.c **** 
 127:modules/algorithm/user_lib.c ****     if (Input > maxValue)
 352              		.loc 1 127 5 is_stmt 1 view .LVU77
 353              		.loc 1 127 8 is_stmt 0 view .LVU78
 354 000a B4EEC01A 		vcmpe.f32	s2, s0
 355 000e F1EE10FA 		vmrs	APSR_nzcv, FPSCR
 356 0012 0AD5     		bpl	.L46
 357              	.LBB2:
 128:modules/algorithm/user_lib.c ****     {
 129:modules/algorithm/user_lib.c ****         float len = maxValue - minValue;
 358              		.loc 1 129 9 is_stmt 1 view .LVU79
 359              		.loc 1 129 15 is_stmt 0 view .LVU80
 360 0014 71EE600A 		vsub.f32	s1, s2, s1
 361              	.LVL29:
 130:modules/algorithm/user_lib.c ****         while (Input > maxValue)
 362              		.loc 1 130 9 is_stmt 1 view .LVU81
 363              		.loc 1 130 15 is_stmt 0 view .LVU82
 364 0018 01E0     		b	.L39
 365              	.L40:
 131:modules/algorithm/user_lib.c ****         {
 132:modules/algorithm/user_lib.c ****             Input -= len;
 366              		.loc 1 132 13 is_stmt 1 view .LVU83
 367              		.loc 1 132 19 is_stmt 0 view .LVU84
 368 001a 30EE600A 		vsub.f32	s0, s0, s1
 369              	.LVL30:
 370              	.L39:
 130:modules/algorithm/user_lib.c ****         while (Input > maxValue)
 371              		.loc 1 130 22 is_stmt 1 view .LVU85
 372 001e B4EEC10A 		vcmpe.f32	s0, s2
 373 0022 F1EE10FA 		vmrs	APSR_nzcv, FPSCR
 374 0026 F8DC     		bgt	.L40
 375 0028 7047     		bx	lr
 376              	.LVL31:
 377              	.L46:
 130:modules/algorithm/user_lib.c ****         while (Input > maxValue)
 378              		.loc 1 130 22 is_stmt 0 view .LVU86
 379              	.LBE2:
 133:modules/algorithm/user_lib.c ****         }
 134:modules/algorithm/user_lib.c ****     }
 135:modules/algorithm/user_lib.c ****     else if (Input < minValue)
 380              		.loc 1 135 10 is_stmt 1 view .LVU87
 381              		.loc 1 135 13 is_stmt 0 view .LVU88
 382 002a F4EEC00A 		vcmpe.f32	s1, s0
 383 002e F1EE10FA 		vmrs	APSR_nzcv, FPSCR
 384 0032 09DD     		ble	.L36
 385              	.LBB3:
 136:modules/algorithm/user_lib.c ****     {
 137:modules/algorithm/user_lib.c ****         float len = maxValue - minValue;
 386              		.loc 1 137 9 is_stmt 1 view .LVU89
ARM GAS  C:\Users\ADMINI~1\AppData\Local\Temp\cc84lg3t.s 			page 10


 387              		.loc 1 137 15 is_stmt 0 view .LVU90
 388 0034 31EE601A 		vsub.f32	s2, s2, s1
 389              	.LVL32:
 138:modules/algorithm/user_lib.c ****         while (Input < minValue)
 390              		.loc 1 138 9 is_stmt 1 view .LVU91
 391              		.loc 1 138 15 is_stmt 0 view .LVU92
 392 0038 01E0     		b	.L42
 393              	.L43:
 139:modules/algorithm/user_lib.c ****         {
 140:modules/algorithm/user_lib.c ****             Input += len;
 394              		.loc 1 140 13 is_stmt 1 view .LVU93
 395              		.loc 1 140 19 is_stmt 0 view .LVU94
 396 003a 30EE010A 		vadd.f32	s0, s0, s2
 397              	.LVL33:
 398              	.L42:
 138:modules/algorithm/user_lib.c ****         while (Input < minValue)
 399              		.loc 1 138 22 is_stmt 1 view .LVU95
 400 003e B4EEE00A 		vcmpe.f32	s0, s1
 401 0042 F1EE10FA 		vmrs	APSR_nzcv, FPSCR
 402 0046 F8D4     		bmi	.L43
 403              	.LVL34:
 404              	.L36:
 138:modules/algorithm/user_lib.c ****         while (Input < minValue)
 405              		.loc 1 138 22 is_stmt 0 view .LVU96
 406              	.LBE3:
 141:modules/algorithm/user_lib.c ****         }
 142:modules/algorithm/user_lib.c ****     }
 143:modules/algorithm/user_lib.c ****     return Input;
 144:modules/algorithm/user_lib.c **** }
 407              		.loc 1 144 1 view .LVU97
 408 0048 7047     		bx	lr
 409              		.cfi_endproc
 410              	.LFE402:
 412              		.section	.text.theta_format,"ax",%progbits
 413              		.align	1
 414              		.global	theta_format
 415              		.syntax unified
 416              		.thumb
 417              		.thumb_func
 419              	theta_format:
 420              	.LVL35:
 421              	.LFB403:
 145:modules/algorithm/user_lib.c **** 
 146:modules/algorithm/user_lib.c **** // 弧度格式化为-PI~PI
 147:modules/algorithm/user_lib.c **** 
 148:modules/algorithm/user_lib.c **** // 角度格式化为-180~180
 149:modules/algorithm/user_lib.c **** float theta_format(float Ang)
 150:modules/algorithm/user_lib.c **** {
 422              		.loc 1 150 1 is_stmt 1 view -0
 423              		.cfi_startproc
 424              		@ args = 0, pretend = 0, frame = 0
 425              		@ frame_needed = 0, uses_anonymous_args = 0
 426              		.loc 1 150 1 is_stmt 0 view .LVU99
 427 0000 08B5     		push	{r3, lr}
 428              	.LCFI1:
 429              		.cfi_def_cfa_offset 8
 430              		.cfi_offset 3, -8
ARM GAS  C:\Users\ADMINI~1\AppData\Local\Temp\cc84lg3t.s 			page 11


 431              		.cfi_offset 14, -4
 151:modules/algorithm/user_lib.c ****     return loop_float_constrain(Ang, -180.0f, 180.0f);
 432              		.loc 1 151 5 is_stmt 1 view .LVU100
 433              		.loc 1 151 12 is_stmt 0 view .LVU101
 434 0002 9FED031A 		vldr.32	s2, .L49
 435 0006 DFED030A 		vldr.32	s1, .L49+4
 436 000a FFF7FEFF 		bl	loop_float_constrain
 437              	.LVL36:
 152:modules/algorithm/user_lib.c **** }
 438              		.loc 1 152 1 view .LVU102
 439 000e 08BD     		pop	{r3, pc}
 440              	.L50:
 441              		.align	2
 442              	.L49:
 443 0010 00003443 		.word	1127481344
 444 0014 000034C3 		.word	-1020002304
 445              		.cfi_endproc
 446              	.LFE403:
 448              		.section	.text.float_rounding,"ax",%progbits
 449              		.align	1
 450              		.global	float_rounding
 451              		.syntax unified
 452              		.thumb
 453              		.thumb_func
 455              	float_rounding:
 456              	.LVL37:
 457              	.LFB404:
 153:modules/algorithm/user_lib.c **** 
 154:modules/algorithm/user_lib.c **** int float_rounding(float raw)
 155:modules/algorithm/user_lib.c **** {
 458              		.loc 1 155 1 is_stmt 1 view -0
 459              		.cfi_startproc
 460              		@ args = 0, pretend = 0, frame = 0
 461              		@ frame_needed = 0, uses_anonymous_args = 0
 462              		@ link register save eliminated.
 156:modules/algorithm/user_lib.c ****     static int integer;
 463              		.loc 1 156 5 view .LVU104
 157:modules/algorithm/user_lib.c ****     static float decimal;
 464              		.loc 1 157 5 view .LVU105
 158:modules/algorithm/user_lib.c ****     integer = (int)raw;
 465              		.loc 1 158 5 view .LVU106
 466              		.loc 1 158 15 is_stmt 0 view .LVU107
 467 0000 FDEEC07A 		vcvt.s32.f32	s15, s0
 468              		.loc 1 158 13 view .LVU108
 469 0004 0C4B     		ldr	r3, .L55
 470 0006 C3ED007A 		vstr.32	s15, [r3]	@ int
 159:modules/algorithm/user_lib.c ****     decimal = raw - integer;
 471              		.loc 1 159 5 is_stmt 1 view .LVU109
 472              		.loc 1 159 19 is_stmt 0 view .LVU110
 473 000a B8EEE77A 		vcvt.f32.s32	s14, s15
 474 000e 30EE470A 		vsub.f32	s0, s0, s14
 475              	.LVL38:
 476              		.loc 1 159 13 view .LVU111
 477 0012 0A4B     		ldr	r3, .L55+4
 478 0014 83ED000A 		vstr.32	s0, [r3]
 160:modules/algorithm/user_lib.c ****     if (decimal > 0.5f)
 479              		.loc 1 160 5 is_stmt 1 view .LVU112
ARM GAS  C:\Users\ADMINI~1\AppData\Local\Temp\cc84lg3t.s 			page 12


 480              		.loc 1 160 8 is_stmt 0 view .LVU113
 481 0018 B6EE007A 		vmov.f32	s14, #5.0e-1
 482 001c B4EEC70A 		vcmpe.f32	s0, s14
 483 0020 F1EE10FA 		vmrs	APSR_nzcv, FPSCR
 484 0024 04DD     		ble	.L52
 161:modules/algorithm/user_lib.c ****         integer++;
 485              		.loc 1 161 9 is_stmt 1 view .LVU114
 486              		.loc 1 161 16 is_stmt 0 view .LVU115
 487 0026 17EE903A 		vmov	r3, s15	@ int
 488 002a 0133     		adds	r3, r3, #1
 489 002c 024A     		ldr	r2, .L55
 490 002e 1360     		str	r3, [r2]
 491              	.L52:
 162:modules/algorithm/user_lib.c ****     return integer;
 492              		.loc 1 162 5 is_stmt 1 view .LVU116
 163:modules/algorithm/user_lib.c **** }
 493              		.loc 1 163 1 is_stmt 0 view .LVU117
 494 0030 014B     		ldr	r3, .L55
 495 0032 1868     		ldr	r0, [r3]
 496 0034 7047     		bx	lr
 497              	.L56:
 498 0036 00BF     		.align	2
 499              	.L55:
 500 0038 00000000 		.word	integer.1
 501 003c 00000000 		.word	decimal.0
 502              		.cfi_endproc
 503              	.LFE404:
 505              		.section	.text.Norm3d,"ax",%progbits
 506              		.align	1
 507              		.global	Norm3d
 508              		.syntax unified
 509              		.thumb
 510              		.thumb_func
 512              	Norm3d:
 513              	.LVL39:
 514              	.LFB405:
 164:modules/algorithm/user_lib.c **** 
 165:modules/algorithm/user_lib.c **** // 三维向量归一化
 166:modules/algorithm/user_lib.c **** float *Norm3d(float *v)
 167:modules/algorithm/user_lib.c **** {
 515              		.loc 1 167 1 is_stmt 1 view -0
 516              		.cfi_startproc
 517              		@ args = 0, pretend = 0, frame = 0
 518              		@ frame_needed = 0, uses_anonymous_args = 0
 519              		.loc 1 167 1 is_stmt 0 view .LVU119
 520 0000 10B5     		push	{r4, lr}
 521              	.LCFI2:
 522              		.cfi_def_cfa_offset 8
 523              		.cfi_offset 4, -8
 524              		.cfi_offset 14, -4
 525 0002 2DED048B 		vpush.64	{d8, d9}
 526              	.LCFI3:
 527              		.cfi_def_cfa_offset 24
 528              		.cfi_offset 80, -24
 529              		.cfi_offset 81, -20
 530              		.cfi_offset 82, -16
 531              		.cfi_offset 83, -12
ARM GAS  C:\Users\ADMINI~1\AppData\Local\Temp\cc84lg3t.s 			page 13


 532 0006 0446     		mov	r4, r0
 168:modules/algorithm/user_lib.c ****     float len = Sqrt(v[0] * v[0] + v[1] * v[1] + v[2] * v[2]);
 533              		.loc 1 168 5 is_stmt 1 view .LVU120
 534              		.loc 1 168 23 is_stmt 0 view .LVU121
 535 0008 90ED009A 		vldr.32	s18, [r0]
 536              		.loc 1 168 27 view .LVU122
 537 000c 69EE097A 		vmul.f32	s15, s18, s18
 538              		.loc 1 168 37 view .LVU123
 539 0010 D0ED018A 		vldr.32	s17, [r0, #4]
 540              		.loc 1 168 41 view .LVU124
 541 0014 28EEA87A 		vmul.f32	s14, s17, s17
 542              		.loc 1 168 34 view .LVU125
 543 0018 77EE877A 		vadd.f32	s15, s15, s14
 544              		.loc 1 168 51 view .LVU126
 545 001c 90ED028A 		vldr.32	s16, [r0, #8]
 546              		.loc 1 168 55 view .LVU127
 547 0020 28EE080A 		vmul.f32	s0, s16, s16
 548              		.loc 1 168 17 view .LVU128
 549 0024 37EE800A 		vadd.f32	s0, s15, s0
 550 0028 FFF7FEFF 		bl	Sqrt
 551              	.LVL40:
 169:modules/algorithm/user_lib.c ****     v[0] /= len;
 552              		.loc 1 169 5 is_stmt 1 view .LVU129
 553              		.loc 1 169 10 is_stmt 0 view .LVU130
 554 002c C9EE007A 		vdiv.f32	s15, s18, s0
 555 0030 C4ED007A 		vstr.32	s15, [r4]
 170:modules/algorithm/user_lib.c ****     v[1] /= len;
 556              		.loc 1 170 5 is_stmt 1 view .LVU131
 557              		.loc 1 170 10 is_stmt 0 view .LVU132
 558 0034 C8EE807A 		vdiv.f32	s15, s17, s0
 559 0038 C4ED017A 		vstr.32	s15, [r4, #4]
 171:modules/algorithm/user_lib.c ****     v[2] /= len;
 560              		.loc 1 171 5 is_stmt 1 view .LVU133
 561              		.loc 1 171 10 is_stmt 0 view .LVU134
 562 003c C8EE007A 		vdiv.f32	s15, s16, s0
 563 0040 C4ED027A 		vstr.32	s15, [r4, #8]
 172:modules/algorithm/user_lib.c ****     return v;
 564              		.loc 1 172 5 is_stmt 1 view .LVU135
 173:modules/algorithm/user_lib.c **** }
 565              		.loc 1 173 1 is_stmt 0 view .LVU136
 566 0044 2046     		mov	r0, r4
 567 0046 BDEC048B 		vldm	sp!, {d8-d9}
 568              	.LCFI4:
 569              		.cfi_restore 82
 570              		.cfi_restore 83
 571              		.cfi_restore 80
 572              		.cfi_restore 81
 573              		.cfi_def_cfa_offset 8
 574 004a 10BD     		pop	{r4, pc}
 575              		.loc 1 173 1 view .LVU137
 576              		.cfi_endproc
 577              	.LFE405:
 579              		.section	.text.NormOf3d,"ax",%progbits
 580              		.align	1
 581              		.global	NormOf3d
 582              		.syntax unified
 583              		.thumb
ARM GAS  C:\Users\ADMINI~1\AppData\Local\Temp\cc84lg3t.s 			page 14


 584              		.thumb_func
 586              	NormOf3d:
 587              	.LVL41:
 588              	.LFB406:
 174:modules/algorithm/user_lib.c **** 
 175:modules/algorithm/user_lib.c **** // 计算模长
 176:modules/algorithm/user_lib.c **** float NormOf3d(float *v)
 177:modules/algorithm/user_lib.c **** {
 589              		.loc 1 177 1 is_stmt 1 view -0
 590              		.cfi_startproc
 591              		@ args = 0, pretend = 0, frame = 0
 592              		@ frame_needed = 0, uses_anonymous_args = 0
 593              		.loc 1 177 1 is_stmt 0 view .LVU139
 594 0000 08B5     		push	{r3, lr}
 595              	.LCFI5:
 596              		.cfi_def_cfa_offset 8
 597              		.cfi_offset 3, -8
 598              		.cfi_offset 14, -4
 178:modules/algorithm/user_lib.c ****     return Sqrt(v[0] * v[0] + v[1] * v[1] + v[2] * v[2]);
 599              		.loc 1 178 5 is_stmt 1 view .LVU140
 600              		.loc 1 178 18 is_stmt 0 view .LVU141
 601 0002 90ED000A 		vldr.32	s0, [r0]
 602              		.loc 1 178 22 view .LVU142
 603 0006 20EE000A 		vmul.f32	s0, s0, s0
 604              		.loc 1 178 32 view .LVU143
 605 000a D0ED017A 		vldr.32	s15, [r0, #4]
 606              		.loc 1 178 36 view .LVU144
 607 000e 67EEA77A 		vmul.f32	s15, s15, s15
 608              		.loc 1 178 29 view .LVU145
 609 0012 70EE277A 		vadd.f32	s15, s0, s15
 610              		.loc 1 178 46 view .LVU146
 611 0016 90ED020A 		vldr.32	s0, [r0, #8]
 612              		.loc 1 178 50 view .LVU147
 613 001a 20EE000A 		vmul.f32	s0, s0, s0
 614              		.loc 1 178 12 view .LVU148
 615 001e 37EE800A 		vadd.f32	s0, s15, s0
 616 0022 FFF7FEFF 		bl	Sqrt
 617              	.LVL42:
 179:modules/algorithm/user_lib.c **** }
 618              		.loc 1 179 1 view .LVU149
 619 0026 08BD     		pop	{r3, pc}
 620              		.cfi_endproc
 621              	.LFE406:
 623              		.section	.text.Cross3d,"ax",%progbits
 624              		.align	1
 625              		.global	Cross3d
 626              		.syntax unified
 627              		.thumb
 628              		.thumb_func
 630              	Cross3d:
 631              	.LVL43:
 632              	.LFB407:
 180:modules/algorithm/user_lib.c **** 
 181:modules/algorithm/user_lib.c **** // 三维向量叉乘v1 x v2
 182:modules/algorithm/user_lib.c **** void Cross3d(float *v1, float *v2, float *res)
 183:modules/algorithm/user_lib.c **** {
 633              		.loc 1 183 1 is_stmt 1 view -0
ARM GAS  C:\Users\ADMINI~1\AppData\Local\Temp\cc84lg3t.s 			page 15


 634              		.cfi_startproc
 635              		@ args = 0, pretend = 0, frame = 0
 636              		@ frame_needed = 0, uses_anonymous_args = 0
 637              		@ link register save eliminated.
 184:modules/algorithm/user_lib.c ****     res[0] = v1[1] * v2[2] - v1[2] * v2[1];
 638              		.loc 1 184 5 view .LVU151
 639              		.loc 1 184 16 is_stmt 0 view .LVU152
 640 0000 D0ED017A 		vldr.32	s15, [r0, #4]
 641              		.loc 1 184 24 view .LVU153
 642 0004 91ED027A 		vldr.32	s14, [r1, #8]
 643              		.loc 1 184 20 view .LVU154
 644 0008 67EE877A 		vmul.f32	s15, s15, s14
 645              		.loc 1 184 32 view .LVU155
 646 000c 90ED027A 		vldr.32	s14, [r0, #8]
 647              		.loc 1 184 40 view .LVU156
 648 0010 D1ED016A 		vldr.32	s13, [r1, #4]
 649              		.loc 1 184 36 view .LVU157
 650 0014 27EE267A 		vmul.f32	s14, s14, s13
 651              		.loc 1 184 28 view .LVU158
 652 0018 77EEC77A 		vsub.f32	s15, s15, s14
 653              		.loc 1 184 12 view .LVU159
 654 001c C2ED007A 		vstr.32	s15, [r2]
 185:modules/algorithm/user_lib.c ****     res[1] = v1[2] * v2[0] - v1[0] * v2[2];
 655              		.loc 1 185 5 is_stmt 1 view .LVU160
 656              		.loc 1 185 16 is_stmt 0 view .LVU161
 657 0020 D0ED027A 		vldr.32	s15, [r0, #8]
 658              		.loc 1 185 24 view .LVU162
 659 0024 91ED007A 		vldr.32	s14, [r1]
 660              		.loc 1 185 20 view .LVU163
 661 0028 67EE877A 		vmul.f32	s15, s15, s14
 662              		.loc 1 185 32 view .LVU164
 663 002c 90ED007A 		vldr.32	s14, [r0]
 664              		.loc 1 185 40 view .LVU165
 665 0030 D1ED026A 		vldr.32	s13, [r1, #8]
 666              		.loc 1 185 36 view .LVU166
 667 0034 27EE267A 		vmul.f32	s14, s14, s13
 668              		.loc 1 185 28 view .LVU167
 669 0038 77EEC77A 		vsub.f32	s15, s15, s14
 670              		.loc 1 185 12 view .LVU168
 671 003c C2ED017A 		vstr.32	s15, [r2, #4]
 186:modules/algorithm/user_lib.c ****     res[2] = v1[0] * v2[1] - v1[1] * v2[0];
 672              		.loc 1 186 5 is_stmt 1 view .LVU169
 673              		.loc 1 186 16 is_stmt 0 view .LVU170
 674 0040 D0ED007A 		vldr.32	s15, [r0]
 675              		.loc 1 186 24 view .LVU171
 676 0044 91ED017A 		vldr.32	s14, [r1, #4]
 677              		.loc 1 186 20 view .LVU172
 678 0048 67EE877A 		vmul.f32	s15, s15, s14
 679              		.loc 1 186 32 view .LVU173
 680 004c 90ED017A 		vldr.32	s14, [r0, #4]
 681              		.loc 1 186 40 view .LVU174
 682 0050 D1ED006A 		vldr.32	s13, [r1]
 683              		.loc 1 186 36 view .LVU175
 684 0054 27EE267A 		vmul.f32	s14, s14, s13
 685              		.loc 1 186 28 view .LVU176
 686 0058 77EEC77A 		vsub.f32	s15, s15, s14
 687              		.loc 1 186 12 view .LVU177
ARM GAS  C:\Users\ADMINI~1\AppData\Local\Temp\cc84lg3t.s 			page 16


 688 005c C2ED027A 		vstr.32	s15, [r2, #8]
 187:modules/algorithm/user_lib.c **** }
 689              		.loc 1 187 1 view .LVU178
 690 0060 7047     		bx	lr
 691              		.cfi_endproc
 692              	.LFE407:
 694              		.section	.text.Dot3d,"ax",%progbits
 695              		.align	1
 696              		.global	Dot3d
 697              		.syntax unified
 698              		.thumb
 699              		.thumb_func
 701              	Dot3d:
 702              	.LVL44:
 703              	.LFB408:
 188:modules/algorithm/user_lib.c **** 
 189:modules/algorithm/user_lib.c **** // 三维向量点乘
 190:modules/algorithm/user_lib.c **** float Dot3d(float *v1, float *v2)
 191:modules/algorithm/user_lib.c **** {
 704              		.loc 1 191 1 is_stmt 1 view -0
 705              		.cfi_startproc
 706              		@ args = 0, pretend = 0, frame = 0
 707              		@ frame_needed = 0, uses_anonymous_args = 0
 708              		@ link register save eliminated.
 192:modules/algorithm/user_lib.c ****     return v1[0] * v2[0] + v1[1] * v2[1] + v1[2] * v2[2];
 709              		.loc 1 192 5 view .LVU180
 710              		.loc 1 192 14 is_stmt 0 view .LVU181
 711 0000 D0ED007A 		vldr.32	s15, [r0]
 712              		.loc 1 192 22 view .LVU182
 713 0004 91ED007A 		vldr.32	s14, [r1]
 714              		.loc 1 192 18 view .LVU183
 715 0008 67EE877A 		vmul.f32	s15, s15, s14
 716              		.loc 1 192 30 view .LVU184
 717 000c 90ED017A 		vldr.32	s14, [r0, #4]
 718              		.loc 1 192 38 view .LVU185
 719 0010 D1ED016A 		vldr.32	s13, [r1, #4]
 720              		.loc 1 192 34 view .LVU186
 721 0014 27EE267A 		vmul.f32	s14, s14, s13
 722              		.loc 1 192 26 view .LVU187
 723 0018 77EE877A 		vadd.f32	s15, s15, s14
 724              		.loc 1 192 46 view .LVU188
 725 001c 90ED020A 		vldr.32	s0, [r0, #8]
 726              		.loc 1 192 54 view .LVU189
 727 0020 91ED027A 		vldr.32	s14, [r1, #8]
 728              		.loc 1 192 50 view .LVU190
 729 0024 20EE070A 		vmul.f32	s0, s0, s14
 193:modules/algorithm/user_lib.c **** }
 730              		.loc 1 193 1 view .LVU191
 731 0028 37EE800A 		vadd.f32	s0, s15, s0
 732 002c 7047     		bx	lr
 733              		.cfi_endproc
 734              	.LFE408:
 736              		.section	.text.AverageFilter,"ax",%progbits
 737              		.align	1
 738              		.global	AverageFilter
 739              		.syntax unified
 740              		.thumb
ARM GAS  C:\Users\ADMINI~1\AppData\Local\Temp\cc84lg3t.s 			page 17


 741              		.thumb_func
 743              	AverageFilter:
 744              	.LVL45:
 745              	.LFB409:
 194:modules/algorithm/user_lib.c **** 
 195:modules/algorithm/user_lib.c **** // 均值滤波,删除buffer中的最后一个元素,填入新的元素并求平均值
 196:modules/algorithm/user_lib.c **** float AverageFilter(float new_data, float *buf, uint8_t len)
 197:modules/algorithm/user_lib.c **** {
 746              		.loc 1 197 1 is_stmt 1 view -0
 747              		.cfi_startproc
 748              		@ args = 0, pretend = 0, frame = 0
 749              		@ frame_needed = 0, uses_anonymous_args = 0
 750              		@ link register save eliminated.
 198:modules/algorithm/user_lib.c ****     float sum = 0;
 751              		.loc 1 198 5 view .LVU193
 199:modules/algorithm/user_lib.c ****     for (uint8_t i = 0; i < len - 1; i++)
 752              		.loc 1 199 5 view .LVU194
 753              	.LBB4:
 754              		.loc 1 199 10 view .LVU195
 755              		.loc 1 199 18 is_stmt 0 view .LVU196
 756 0000 0023     		movs	r3, #0
 757              	.LBE4:
 198:modules/algorithm/user_lib.c ****     float sum = 0;
 758              		.loc 1 198 11 view .LVU197
 759 0002 9FED117A 		vldr.32	s14, .L66
 760              	.LBB5:
 761              		.loc 1 199 5 view .LVU198
 762 0006 0BE0     		b	.L64
 763              	.LVL46:
 764              	.L65:
 200:modules/algorithm/user_lib.c ****     {
 201:modules/algorithm/user_lib.c ****         buf[i] = buf[i + 1];
 765              		.loc 1 201 9 is_stmt 1 view .LVU199
 766              		.loc 1 201 24 is_stmt 0 view .LVU200
 767 0008 5A1C     		adds	r2, r3, #1
 768              		.loc 1 201 12 view .LVU201
 769 000a 00EB8303 		add	r3, r0, r3, lsl #2
 770              	.LVL47:
 771              		.loc 1 201 21 view .LVU202
 772 000e 00EB820C 		add	ip, r0, r2, lsl #2
 773 0012 DCED007A 		vldr.32	s15, [ip]
 774              		.loc 1 201 16 view .LVU203
 775 0016 C3ED007A 		vstr.32	s15, [r3]
 202:modules/algorithm/user_lib.c ****         sum += buf[i];
 776              		.loc 1 202 9 is_stmt 1 view .LVU204
 777              		.loc 1 202 13 is_stmt 0 view .LVU205
 778 001a 37EE277A 		vadd.f32	s14, s14, s15
 779              	.LVL48:
 199:modules/algorithm/user_lib.c ****     for (uint8_t i = 0; i < len - 1; i++)
 780              		.loc 1 199 39 is_stmt 1 discriminator 3 view .LVU206
 781 001e D3B2     		uxtb	r3, r2
 782              	.LVL49:
 783              	.L64:
 199:modules/algorithm/user_lib.c ****     for (uint8_t i = 0; i < len - 1; i++)
 784              		.loc 1 199 27 discriminator 1 view .LVU207
 199:modules/algorithm/user_lib.c ****     for (uint8_t i = 0; i < len - 1; i++)
 785              		.loc 1 199 33 is_stmt 0 discriminator 1 view .LVU208
ARM GAS  C:\Users\ADMINI~1\AppData\Local\Temp\cc84lg3t.s 			page 18


 786 0020 4A1E     		subs	r2, r1, #1
 199:modules/algorithm/user_lib.c ****     for (uint8_t i = 0; i < len - 1; i++)
 787              		.loc 1 199 27 discriminator 1 view .LVU209
 788 0022 9342     		cmp	r3, r2
 789 0024 F0DB     		blt	.L65
 790              	.LBE5:
 203:modules/algorithm/user_lib.c ****     }
 204:modules/algorithm/user_lib.c ****     buf[len - 1] = new_data;
 791              		.loc 1 204 5 is_stmt 1 view .LVU210
 792              		.loc 1 204 13 is_stmt 0 view .LVU211
 793 0026 6FF04043 		mvn	r3, #-1073741824
 794              	.LVL50:
 795              		.loc 1 204 13 view .LVU212
 796 002a 0B44     		add	r3, r3, r1
 797              		.loc 1 204 8 view .LVU213
 798 002c 00EB8300 		add	r0, r0, r3, lsl #2
 799              	.LVL51:
 800              		.loc 1 204 18 view .LVU214
 801 0030 80ED000A 		vstr.32	s0, [r0]
 205:modules/algorithm/user_lib.c ****     sum += new_data;
 802              		.loc 1 205 5 is_stmt 1 view .LVU215
 803              		.loc 1 205 9 is_stmt 0 view .LVU216
 804 0034 37EE007A 		vadd.f32	s14, s14, s0
 805              	.LVL52:
 206:modules/algorithm/user_lib.c ****     return sum / len;
 806              		.loc 1 206 5 is_stmt 1 view .LVU217
 807              		.loc 1 206 16 is_stmt 0 view .LVU218
 808 0038 07EE901A 		vmov	s15, r1	@ int
 809 003c B8EEE70A 		vcvt.f32.s32	s0, s15
 810              	.LVL53:
 207:modules/algorithm/user_lib.c **** }
 811              		.loc 1 207 1 view .LVU219
 812 0040 87EE000A 		vdiv.f32	s0, s14, s0
 813 0044 7047     		bx	lr
 814              	.L67:
 815 0046 00BF     		.align	2
 816              	.L66:
 817 0048 00000000 		.word	0
 818              		.cfi_endproc
 819              	.LFE409:
 821              		.section	.text.MatInit,"ax",%progbits
 822              		.align	1
 823              		.global	MatInit
 824              		.syntax unified
 825              		.thumb
 826              		.thumb_func
 828              	MatInit:
 829              	.LVL54:
 830              	.LFB410:
 208:modules/algorithm/user_lib.c **** 
 209:modules/algorithm/user_lib.c **** void MatInit(mat *m, uint8_t row, uint8_t col)
 210:modules/algorithm/user_lib.c **** {
 831              		.loc 1 210 1 is_stmt 1 view -0
 832              		.cfi_startproc
 833              		@ args = 0, pretend = 0, frame = 0
 834              		@ frame_needed = 0, uses_anonymous_args = 0
 835              		.loc 1 210 1 is_stmt 0 view .LVU221
ARM GAS  C:\Users\ADMINI~1\AppData\Local\Temp\cc84lg3t.s 			page 19


 836 0000 10B5     		push	{r4, lr}
 837              	.LCFI6:
 838              		.cfi_def_cfa_offset 8
 839              		.cfi_offset 4, -8
 840              		.cfi_offset 14, -4
 841 0002 0446     		mov	r4, r0
 211:modules/algorithm/user_lib.c ****     m->numCols = col;
 842              		.loc 1 211 5 is_stmt 1 view .LVU222
 843              		.loc 1 211 16 is_stmt 0 view .LVU223
 844 0004 4280     		strh	r2, [r0, #2]	@ movhi
 212:modules/algorithm/user_lib.c ****     m->numRows = row;
 845              		.loc 1 212 5 is_stmt 1 view .LVU224
 846              		.loc 1 212 16 is_stmt 0 view .LVU225
 847 0006 0180     		strh	r1, [r0]	@ movhi
 213:modules/algorithm/user_lib.c ****     m->pData = (float *)zmalloc(row * col * sizeof(float));
 848              		.loc 1 213 5 is_stmt 1 view .LVU226
 849              		.loc 1 213 37 is_stmt 0 view .LVU227
 850 0008 02FB01F1 		mul	r1, r2, r1
 851              	.LVL55:
 852              		.loc 1 213 25 view .LVU228
 853 000c 8800     		lsls	r0, r1, #2
 854              	.LVL56:
 855              		.loc 1 213 25 view .LVU229
 856 000e FFF7FEFF 		bl	zmalloc
 857              	.LVL57:
 858              		.loc 1 213 14 discriminator 1 view .LVU230
 859 0012 6060     		str	r0, [r4, #4]
 214:modules/algorithm/user_lib.c **** }
 860              		.loc 1 214 1 view .LVU231
 861 0014 10BD     		pop	{r4, pc}
 862              		.loc 1 214 1 view .LVU232
 863              		.cfi_endproc
 864              	.LFE410:
 866              		.section	.bss.decimal.0,"aw",%nobits
 867              		.align	2
 870              	decimal.0:
 871 0000 00000000 		.space	4
 872              		.section	.bss.integer.1,"aw",%nobits
 873              		.align	2
 876              	integer.1:
 877 0000 00000000 		.space	4
 878              		.text
 879              	.Letext0:
 880              		.file 2 "D:/14.3 rel1/lib/gcc/arm-none-eabi/15.2.1/include/stddef.h"
 881              		.file 3 "D:/14.3 rel1/arm-none-eabi/include/machine/_default_types.h"
 882              		.file 4 "D:/14.3 rel1/arm-none-eabi/include/sys/_stdint.h"
 883              		.file 5 "Drivers/CMSIS/DSP/Include/arm_math.h"
 884              		.file 6 "D:/14.3 rel1/arm-none-eabi/include/string.h"
 885              		.file 7 "D:/14.3 rel1/arm-none-eabi/include/stdlib.h"
 886              		.file 8 "modules/algorithm/user_lib.h"
 887              		.file 9 "<built-in>"
ARM GAS  C:\Users\ADMINI~1\AppData\Local\Temp\cc84lg3t.s 			page 20


DEFINED SYMBOLS
                            *ABS*:00000000 user_lib.c
C:\Users\ADMINI~1\AppData\Local\Temp\cc84lg3t.s:20     .text.zmalloc:00000000 $t
C:\Users\ADMINI~1\AppData\Local\Temp\cc84lg3t.s:26     .text.zmalloc:00000000 zmalloc
C:\Users\ADMINI~1\AppData\Local\Temp\cc84lg3t.s:63     .text.Sqrt:00000000 $t
C:\Users\ADMINI~1\AppData\Local\Temp\cc84lg3t.s:69     .text.Sqrt:00000000 Sqrt
C:\Users\ADMINI~1\AppData\Local\Temp\cc84lg3t.s:134    .text.Sqrt:00000054 $d
C:\Users\ADMINI~1\AppData\Local\Temp\cc84lg3t.s:140    .text.abs_limit:00000000 $t
C:\Users\ADMINI~1\AppData\Local\Temp\cc84lg3t.s:146    .text.abs_limit:00000000 abs_limit
C:\Users\ADMINI~1\AppData\Local\Temp\cc84lg3t.s:180    .text.sign:00000000 $t
C:\Users\ADMINI~1\AppData\Local\Temp\cc84lg3t.s:186    .text.sign:00000000 sign
C:\Users\ADMINI~1\AppData\Local\Temp\cc84lg3t.s:215    .text.float_deadband:00000000 $t
C:\Users\ADMINI~1\AppData\Local\Temp\cc84lg3t.s:221    .text.float_deadband:00000000 float_deadband
C:\Users\ADMINI~1\AppData\Local\Temp\cc84lg3t.s:248    .text.float_deadband:0000001c $d
C:\Users\ADMINI~1\AppData\Local\Temp\cc84lg3t.s:253    .text.float_constrain:00000000 $t
C:\Users\ADMINI~1\AppData\Local\Temp\cc84lg3t.s:259    .text.float_constrain:00000000 float_constrain
C:\Users\ADMINI~1\AppData\Local\Temp\cc84lg3t.s:294    .text.int16_constrain:00000000 $t
C:\Users\ADMINI~1\AppData\Local\Temp\cc84lg3t.s:300    .text.int16_constrain:00000000 int16_constrain
C:\Users\ADMINI~1\AppData\Local\Temp\cc84lg3t.s:333    .text.loop_float_constrain:00000000 $t
C:\Users\ADMINI~1\AppData\Local\Temp\cc84lg3t.s:339    .text.loop_float_constrain:00000000 loop_float_constrain
C:\Users\ADMINI~1\AppData\Local\Temp\cc84lg3t.s:413    .text.theta_format:00000000 $t
C:\Users\ADMINI~1\AppData\Local\Temp\cc84lg3t.s:419    .text.theta_format:00000000 theta_format
C:\Users\ADMINI~1\AppData\Local\Temp\cc84lg3t.s:443    .text.theta_format:00000010 $d
C:\Users\ADMINI~1\AppData\Local\Temp\cc84lg3t.s:449    .text.float_rounding:00000000 $t
C:\Users\ADMINI~1\AppData\Local\Temp\cc84lg3t.s:455    .text.float_rounding:00000000 float_rounding
C:\Users\ADMINI~1\AppData\Local\Temp\cc84lg3t.s:500    .text.float_rounding:00000038 $d
C:\Users\ADMINI~1\AppData\Local\Temp\cc84lg3t.s:876    .bss.integer.1:00000000 integer.1
C:\Users\ADMINI~1\AppData\Local\Temp\cc84lg3t.s:870    .bss.decimal.0:00000000 decimal.0
C:\Users\ADMINI~1\AppData\Local\Temp\cc84lg3t.s:506    .text.Norm3d:00000000 $t
C:\Users\ADMINI~1\AppData\Local\Temp\cc84lg3t.s:512    .text.Norm3d:00000000 Norm3d
C:\Users\ADMINI~1\AppData\Local\Temp\cc84lg3t.s:580    .text.NormOf3d:00000000 $t
C:\Users\ADMINI~1\AppData\Local\Temp\cc84lg3t.s:586    .text.NormOf3d:00000000 NormOf3d
C:\Users\ADMINI~1\AppData\Local\Temp\cc84lg3t.s:624    .text.Cross3d:00000000 $t
C:\Users\ADMINI~1\AppData\Local\Temp\cc84lg3t.s:630    .text.Cross3d:00000000 Cross3d
C:\Users\ADMINI~1\AppData\Local\Temp\cc84lg3t.s:695    .text.Dot3d:00000000 $t
C:\Users\ADMINI~1\AppData\Local\Temp\cc84lg3t.s:701    .text.Dot3d:00000000 Dot3d
C:\Users\ADMINI~1\AppData\Local\Temp\cc84lg3t.s:737    .text.AverageFilter:00000000 $t
C:\Users\ADMINI~1\AppData\Local\Temp\cc84lg3t.s:743    .text.AverageFilter:00000000 AverageFilter
C:\Users\ADMINI~1\AppData\Local\Temp\cc84lg3t.s:817    .text.AverageFilter:00000048 $d
C:\Users\ADMINI~1\AppData\Local\Temp\cc84lg3t.s:822    .text.MatInit:00000000 $t
C:\Users\ADMINI~1\AppData\Local\Temp\cc84lg3t.s:828    .text.MatInit:00000000 MatInit
C:\Users\ADMINI~1\AppData\Local\Temp\cc84lg3t.s:867    .bss.decimal.0:00000000 $d
C:\Users\ADMINI~1\AppData\Local\Temp\cc84lg3t.s:873    .bss.integer.1:00000000 $d

UNDEFINED SYMBOLS
malloc
memset
